[2026-03-31 11:51:47,457] [INFO] ✓ Stage 1 completed successfully (0.0s)
[2026-03-31 11:51:47,457] [INFO] 
[2026-03-31 11:51:47,457] [INFO] [2/8] Environment Setup (25% complete)
[2026-03-31 11:51:47,457] [INFO]   Elapsed: 0s | ETA: 0s
[2026-03-31 11:51:47,457] [INFO] ━━━━━━━━━━━━━━━━━━━━━━━━━━━━━━━━━━━━━━━━━━━━━━
[2026-03-31 11:51:49,282] [INFO] ✓ Stage 2 completed successfully (1.8s)
[2026-03-31 11:51:49,282] [INFO] 
[2026-03-31 11:51:49,282] [INFO] [3/8] Project Tests (37% complete)
[2026-03-31 11:51:49,282] [INFO]   Elapsed: 1s | ETA: 3s
[2026-03-31 11:51:49,282] [INFO] ━━━━━━━━━━━━━━━━━━━━━━━━━━━━━━━━━━━━━━━━━━━━━━
[2026-03-31 11:52:09,362] [INFO] ✓ Stage 3 completed successfully (20.1s)
[2026-03-31 11:52:09,364] [INFO] 
[2026-03-31 11:52:09,364] [INFO] [4/8] Project Analysis (50% complete)
[2026-03-31 11:52:09,364] [INFO]   Elapsed: 21s | ETA: 21s
[2026-03-31 11:52:09,364] [INFO] ━━━━━━━━━━━━━━━━━━━━━━━━━━━━━━━━━━━━━━━━━━━━━━
[2026-03-31 11:52:13,762] [INFO] ✓ Stage 4 completed successfully (4.4s)
[2026-03-31 11:52:13,764] [INFO] 
[2026-03-31 11:52:13,765] [INFO] [5/8] PDF Rendering (62% complete)
[2026-03-31 11:52:13,765] [INFO]   Elapsed: 26s | ETA: 15s
[2026-03-31 11:52:13,765] [INFO] ━━━━━━━━━━━━━━━━━━━━━━━━━━━━━━━━━━━━━━━━━━━━━━
[2026-03-31 11:53:22,164] [INFO] ✓ Stage 5 completed successfully (68.4s)
[2026-03-31 11:53:22,165] [INFO] 
[2026-03-31 11:53:22,165] [INFO] [6/8] Output Validation (75% complete)
[2026-03-31 11:53:22,165] [INFO]   Elapsed: 1m 34s | ETA: 31s
[2026-03-31 11:53:22,165] [INFO] ━━━━━━━━━━━━━━━━━━━━━━━━━━━━━━━━━━━━━━━━━━━━━━
[2026-03-31 11:53:22,616] [INFO] ✓ Stage 6 completed successfully (0.5s)
[2026-03-31 11:53:22,617] [INFO] 
[2026-03-31 11:53:22,617] [INFO] [7/8] Copy Outputs (87% complete)
[2026-03-31 11:53:22,617] [INFO]   Elapsed: 1m 35s | ETA: 13s
[2026-03-31 11:53:22,617] [INFO] ━━━━━━━━━━━━━━━━━━━━━━━━━━━━━━━━━━━━━━━━━━━━━━
[2026-03-31 11:53:23,130] [INFO] ✓ Stage 7 completed successfully (0.5s)
