[2026-05-22 06:17:45,408] [INFO] ✓ Stage 1 completed successfully (0.0s)
[2026-05-22 06:17:45,411] [INFO] 
[2026-05-22 06:17:45,411] [INFO] [2/8] Environment Setup (25% complete)
[2026-05-22 06:17:45,411] [INFO]   Elapsed: 0s | ETA: 0s
[2026-05-22 06:17:45,411] [INFO] ━━━━━━━━━━━━━━━━━━━━━━━━━━━━━━━━━━━━━━━━━━━━━━
[2026-05-22 06:17:46,255] [INFO] ✓ Stage 2 completed successfully (0.8s)
[2026-05-22 06:17:46,258] [INFO] 
[2026-05-22 06:17:46,258] [INFO] [3/8] Project Tests (37% complete)
[2026-05-22 06:17:46,258] [INFO]   Elapsed: 0s | ETA: 1s
[2026-05-22 06:17:46,258] [INFO] ━━━━━━━━━━━━━━━━━━━━━━━━━━━━━━━━━━━━━━━━━━━━━━
[2026-05-22 06:17:53,982] [INFO] ✓ Stage 3 completed successfully (7.7s)
[2026-05-22 06:17:53,987] [INFO] 
[2026-05-22 06:17:53,987] [INFO] [4/8] Project Analysis (50% complete)
[2026-05-22 06:17:53,987] [INFO]   Elapsed: 8s | ETA: 8s
[2026-05-22 06:17:53,987] [INFO] ━━━━━━━━━━━━━━━━━━━━━━━━━━━━━━━━━━━━━━━━━━━━━━
[2026-05-22 06:17:57,518] [INFO] ✓ Stage 4 completed successfully (3.5s)
[2026-05-22 06:17:57,527] [INFO] 
[2026-05-22 06:17:57,527] [INFO] [5/8] PDF Rendering (62% complete)
[2026-05-22 06:17:57,527] [INFO]   Elapsed: 12s | ETA: 7s
[2026-05-22 06:17:57,527] [INFO] ━━━━━━━━━━━━━━━━━━━━━━━━━━━━━━━━━━━━━━━━━━━━━━
[2026-05-22 06:18:42,449] [INFO] ✓ Stage 5 completed successfully (44.9s)
[2026-05-22 06:18:42,475] [INFO] 
[2026-05-22 06:18:42,475] [INFO] [6/8] Output Validation (75% complete)
[2026-05-22 06:18:42,475] [INFO]   Elapsed: 57s | ETA: 19s
[2026-05-22 06:18:42,475] [INFO] ━━━━━━━━━━━━━━━━━━━━━━━━━━━━━━━━━━━━━━━━━━━━━━
[2026-05-22 06:18:43,158] [INFO] ✓ Stage 6 completed successfully (0.7s)
[2026-05-22 06:18:43,195] [INFO] 
[2026-05-22 06:18:43,196] [INFO] [7/8] Copy Outputs (87% complete)
[2026-05-22 06:18:43,196] [INFO]   Elapsed: 57s | ETA: 8s
[2026-05-22 06:18:43,196] [INFO] ━━━━━━━━━━━━━━━━━━━━━━━━━━━━━━━━━━━━━━━━━━━━━━
