[2026-03-22 15:23:12,202] [INFO] Recreated pipeline log file: /Users/4d/Documents/GitHub/template/projects/special_number_proximity/output/logs/pipeline.log
[2026-03-22 15:23:12,202] [INFO] ✓ Stage 1 completed successfully (0.0s)
[2026-03-22 15:23:12,202] [INFO] 
[2026-03-22 15:23:12,202] [INFO] [2/8] Environment Setup (25% complete)
[2026-03-22 15:23:12,203] [INFO]   Elapsed: 0s | ETA: 0s
[2026-03-22 15:23:12,203] [INFO] ━━━━━━━━━━━━━━━━━━━━━━━━━━━━━━━━━━━━━━━━━━━━━━
[2026-03-22 15:23:13,632] [INFO] ✓ Stage 2 completed successfully (1.4s)
[2026-03-22 15:23:13,633] [INFO] 
[2026-03-22 15:23:13,633] [INFO] [3/8] Project Tests (37% complete)
[2026-03-22 15:23:13,633] [INFO]   Elapsed: 1s | ETA: 2s
[2026-03-22 15:23:13,633] [INFO] ━━━━━━━━━━━━━━━━━━━━━━━━━━━━━━━━━━━━━━━━━━━━━━
[2026-03-22 15:23:21,623] [INFO] ✓ Stage 3 completed successfully (8.0s)
[2026-03-22 15:23:21,624] [INFO] 
[2026-03-22 15:23:21,624] [INFO] [4/8] Project Analysis (50% complete)
[2026-03-22 15:23:21,624] [INFO]   Elapsed: 9s | ETA: 9s
[2026-03-22 15:23:21,625] [INFO] ━━━━━━━━━━━━━━━━━━━━━━━━━━━━━━━━━━━━━━━━━━━━━━
[2026-03-22 15:23:26,061] [INFO] ✓ Stage 4 completed successfully (4.4s)
[2026-03-22 15:23:26,062] [INFO] 
[2026-03-22 15:23:26,062] [INFO] [5/8] PDF Rendering (62% complete)
[2026-03-22 15:23:26,062] [INFO]   Elapsed: 13s | ETA: 8s
[2026-03-22 15:23:26,062] [INFO] ━━━━━━━━━━━━━━━━━━━━━━━━━━━━━━━━━━━━━━━━━━━━━━
[2026-03-22 15:24:34,341] [INFO] ✓ Stage 5 completed successfully (68.3s)
[2026-03-22 15:24:34,343] [INFO] 
[2026-03-22 15:24:34,343] [INFO] [6/8] Output Validation (75% complete)
[2026-03-22 15:24:34,343] [INFO]   Elapsed: 1m 22s | ETA: 27s
[2026-03-22 15:24:34,343] [INFO] ━━━━━━━━━━━━━━━━━━━━━━━━━━━━━━━━━━━━━━━━━━━━━━
[2026-03-22 15:24:35,193] [INFO] ✓ Stage 6 completed successfully (0.8s)
[2026-03-22 15:24:35,194] [INFO] 
[2026-03-22 15:24:35,194] [INFO] [7/8] Copy Outputs (87% complete)
[2026-03-22 15:24:35,194] [INFO]   Elapsed: 1m 23s | ETA: 11s
[2026-03-22 15:24:35,194] [INFO] ━━━━━━━━━━━━━━━━━━━━━━━━━━━━━━━━━━━━━━━━━━━━━━
[2026-03-22 15:24:35,194] [INFO] Running output copying...
[2026-03-22 15:24:35,646] [INFO] ✓ Stage 7 completed successfully (0.5s)
