This is XeTeX, Version 3.141592653-2.6-0.999998 (TeX Live 2026) (preloaded format=xelatex)
 \write18 enabled.
entering extended mode
(./_combined_manuscript.tex
LaTeX2e <2025-11-01>
L3 programming layer <2026-01-19>
(/usr/local/texlive/2026/texmf-dist/tex/latex/base/article.cls
Document Class: article 2025/01/22 v1.4n Standard LaTeX document class
(/usr/local/texlive/2026/texmf-dist/tex/latex/base/size10.clo))
(/usr/local/texlive/2026/texmf-dist/tex/latex/xcolor/xcolor.sty
(/usr/local/texlive/2026/texmf-dist/tex/latex/graphics-cfg/color.cfg)
(/usr/local/texlive/2026/texmf-dist/tex/latex/graphics-def/xetex.def)
(/usr/local/texlive/2026/texmf-dist/tex/latex/graphics/mathcolor.ltx))
(/usr/local/texlive/2026/texmf-dist/tex/latex/amsmath/amsmath.sty
For additional information on amsmath, use the `?' option.
(/usr/local/texlive/2026/texmf-dist/tex/latex/amsmath/amstext.sty
(/usr/local/texlive/2026/texmf-dist/tex/latex/amsmath/amsgen.sty))
(/usr/local/texlive/2026/texmf-dist/tex/latex/amsmath/amsbsy.sty)
(/usr/local/texlive/2026/texmf-dist/tex/latex/amsmath/amsopn.sty))
(/usr/local/texlive/2026/texmf-dist/tex/latex/amsfonts/amssymb.sty
(/usr/local/texlive/2026/texmf-dist/tex/latex/amsfonts/amsfonts.sty))
(/usr/local/texlive/2026/texmf-dist/tex/generic/iftex/iftex.sty)
(/usr/local/texlive/2026/texmf-dist/tex/latex/unicode-math/unicode-math.sty
(/usr/local/texlive/2026/texmf-dist/tex/latex/l3kernel/expl3.sty
(/usr/local/texlive/2026/texmf-dist/tex/latex/l3backend/l3backend-xetex.def))
(/usr/local/texlive/2026/texmf-dist/tex/latex/unicode-math/unicode-math-xetex.s
ty (/usr/local/texlive/2026/texmf-dist/tex/latex/l3packages/xparse/xparse.sty)
(/usr/local/texlive/2026/texmf-dist/tex/latex/l3packages/l3keys2e/l3keys2e.sty)
 (/usr/local/texlive/2026/texmf-dist/tex/latex/fontspec/fontspec.sty
(/usr/local/texlive/2026/texmf-dist/tex/latex/fontspec/fontspec-xetex.sty
(/usr/local/texlive/2026/texmf-dist/tex/latex/base/fontenc.sty)
(/usr/local/texlive/2026/texmf-dist/tex/latex/fontspec/fontspec.cfg)))
(/usr/local/texlive/2026/texmf-dist/tex/latex/base/fix-cm.sty
(/usr/local/texlive/2026/texmf-dist/tex/latex/base/ts1enc.def))
(/usr/local/texlive/2026/texmf-dist/tex/latex/unicode-math/unicode-math-table.t
ex))) (/usr/local/texlive/2026/texmf-dist/tex/latex/upquote/upquote.sty
(/usr/local/texlive/2026/texmf-dist/tex/latex/base/textcomp.sty))
(/usr/local/texlive/2026/texmf-dist/tex/latex/microtype/microtype.sty
(/usr/local/texlive/2026/texmf-dist/tex/latex/graphics/keyval.sty)
(/usr/local/texlive/2026/texmf-dist/tex/latex/etoolbox/etoolbox.sty)
(/usr/local/texlive/2026/texmf-dist/tex/latex/microtype/microtype-xetex.def)
(/usr/local/texlive/2026/texmf-dist/tex/latex/microtype/microtype.cfg))
(/usr/local/texlive/2026/texmf-dist/tex/latex/parskip/parskip.sty
(/usr/local/texlive/2026/texmf-dist/tex/latex/kvoptions/kvoptions.sty
(/usr/local/texlive/2026/texmf-dist/tex/generic/ltxcmds/ltxcmds.sty)
(/usr/local/texlive/2026/texmf-dist/tex/latex/kvsetkeys/kvsetkeys.sty)))
(/usr/local/texlive/2026/texmf-dist/tex/latex/fancyvrb/fancyvrb.sty)
(/usr/local/texlive/2026/texmf-dist/tex/latex/tools/longtable.sty)
(/usr/local/texlive/2026/texmf-dist/tex/latex/booktabs/booktabs.sty)
(/usr/local/texlive/2026/texmf-dist/tex/latex/tools/array.sty)
(/usr/local/texlive/2026/texmf-dist/tex/latex/tools/calc.sty)
(/usr/local/texlive/2026/texmf-dist/tex/latex/footnotehyper/footnotehyper.sty)
(/usr/local/texlive/2026/texmf-dist/tex/latex/graphics/graphicx.sty
(/usr/local/texlive/2026/texmf-dist/tex/latex/graphics/graphics.sty
(/usr/local/texlive/2026/texmf-dist/tex/latex/graphics/trig.sty)
(/usr/local/texlive/2026/texmf-dist/tex/latex/graphics-cfg/graphics.cfg)))
(/usr/local/texlive/2026/texmf-dist/tex/latex/natbib/natbib.sty)
(/usr/local/texlive/2026/texmf-dist/tex/latex/bookmark/bookmark.sty
(/usr/local/texlive/2026/texmf-dist/tex/latex/hyperref/hyperref.sty
(/usr/local/texlive/2026/texmf-dist/tex/generic/kvdefinekeys/kvdefinekeys.sty)
(/usr/local/texlive/2026/texmf-dist/tex/generic/pdfescape/pdfescape.sty
(/usr/local/texlive/2026/texmf-dist/tex/generic/pdftexcmds/pdftexcmds.sty
(/usr/local/texlive/2026/texmf-dist/tex/generic/infwarerr/infwarerr.sty)))
(/usr/local/texlive/2026/texmf-dist/tex/latex/hycolor/hycolor.sty)
(/usr/local/texlive/2026/texmf-dist/tex/latex/hyperref/nameref.sty
(/usr/local/texlive/2026/texmf-dist/tex/latex/refcount/refcount.sty)
(/usr/local/texlive/2026/texmf-dist/tex/generic/gettitlestring/gettitlestring.s
ty)) (/usr/local/texlive/2026/texmf-dist/tex/generic/stringenc/stringenc.sty)
(/usr/local/texlive/2026/texmf-dist/tex/latex/hyperref/pd1enc.def)
(/usr/local/texlive/2026/texmf-dist/tex/generic/intcalc/intcalc.sty)
(/usr/local/texlive/2026/texmf-dist/tex/latex/hyperref/puenc.def)
(/usr/local/texlive/2026/texmf-dist/tex/latex/url/url.sty)
(/usr/local/texlive/2026/texmf-dist/tex/generic/bitset/bitset.sty
(/usr/local/texlive/2026/texmf-dist/tex/generic/bigintcalc/bigintcalc.sty)))
(/usr/local/texlive/2026/texmf-dist/tex/latex/hyperref/hxetex.def
(/usr/local/texlive/2026/texmf-dist/tex/latex/rerunfilecheck/rerunfilecheck.sty

(/usr/local/texlive/2026/texmf-dist/tex/generic/uniquecounter/uniquecounter.sty
))) (/usr/local/texlive/2026/texmf-dist/tex/latex/bookmark/bkm-dvipdfm.def))
(/usr/local/texlive/2026/texmf-dist/tex/latex/xurl/xurl.sty)
(/usr/local/texlive/2026/texmf-dist/tex/latex/geometry/geometry.sty
(/usr/local/texlive/2026/texmf-dist/tex/generic/iftex/ifvtex.sty))
(/usr/local/texlive/2026/texmf-dist/tex/latex/cleveref/cleveref.sty)
==> First Aid for cleveref.sty applied!
(./_combined_manuscript.aux)
(/usr/local/texlive/2026/texmf-dist/tex/latex/microtype/mt-LatinModernRoman.cfg
)

Package hyperref Warning: Rerun to get /PageLabels entry.

*geometry* driver: auto-detecting
*geometry* detected driver: xetex
(/usr/local/texlive/2026/texmf-dist/tex/latex/amsfonts/umsa.fd)
(/usr/local/texlive/2026/texmf-dist/tex/latex/microtype/mt-msa.cfg)
(/usr/local/texlive/2026/texmf-dist/tex/latex/amsfonts/umsb.fd)
(/usr/local/texlive/2026/texmf-dist/tex/latex/microtype/mt-msb.cfg)
(./_combined_manuscript.toc) [1]

Package natbib Warning: Citation `bowker2005' on page 2 undefined on input line
 150.


Package natbib Warning: Citation `template2026' on page 2 undefined on input li
ne 150.


Package natbib Warning: Citation `edwards2010' on page 2 undefined on input lin
e 165.


Package natbib Warning: Citation `gray2005' on page 2 undefined on input line 1
69.


Package natbib Warning: Citation `star1989' on page 2 undefined on input line 1
69.

[2]

Package natbib Warning: Citation `gray2005' on page 3 undefined on input line 1
97.


Package natbib Warning: Citation `bowker2005' on page 3 undefined on input line
 217.


Package natbib Warning: Citation `star1989' on page 3 undefined on input line 2
26.


Package natbib Warning: Citation `template2026' on page 3 undefined on input li
ne 234.

[3]
Underfull \hbox (badness 1552) in paragraph at lines 252--255
[]\TU/lmr/bx/n/10 Evidence \TU/lmr/m/n/10 — Atomic statements with \TU/lmtt/m/n
/10 theme\TU/lmr/m/n/10 , \TU/lmtt/m/n/10 weight \TU/lmr/m/n/10 in $[][][] [][]
$, \TU/lmtt/m/n/10 source_label\TU/lmr/m/n/10 , and
[4]
Overfull \hbox (62.92738pt too wide) in paragraph at lines 325--331
\TU/lmr/m/n/10 mental markdown, then glossary and references buckets per \TU/lm
tt/m/n/10 infrastructure.rendering.manuscript_discovery\TU/lmr/m/n/10 .
[5]
Underfull \hbox (badness 1371) in paragraph at lines 337--343
\TU/lmr/m/n/10 whose themes intersect the section’s \TU/lmtt/m/n/10 theme_ids\T
U/lmr/m/n/10 . The \TU/lmr/bx/n/10 coverage score \TU/lmr/m/n/10 is computed by


Overfull \hbox (9.23877pt too wide) in paragraph at lines 344--352
[]\TU/lmr/m/n/10 Sections whose score is \TU/lmr/bx/n/10 strictly below \TU/lmr
/m/n/10 the configured gap threshold (default \TU/lmtt/m/n/10 DEFAULT_GAP_THRES
HOLD

LaTeX Warning: Reference `fig:coverage' on page 6 undefined on input line 353.


LaTeX Warning: Reference `fig:bytheme' on page 6 undefined on input line 354.


LaTeX Warning: Reference `fig:gapstatus' on page 6 undefined on input line 355.


[6] [7] [8]
Overfull \hbox (10.19873pt too wide) in paragraph at lines 427--431
[]\TU/lmr/bx/n/10 Unique ids \TU/lmr/m/n/10 — Duplicate \TU/lmtt/m/n/10 themes[
].id \TU/lmr/m/n/10 or \TU/lmtt/m/n/10 evidence[].id \TU/lmr/m/n/10 values rais
e \TU/lmtt/m/n/10 CorpusValidationError\TU/lmr/m/n/10 . 

Underfull \hbox (badness 1983) in paragraph at lines 431--436
[]\TU/lmr/bx/n/10 Non-empty text fields \TU/lmr/m/n/10 — Theme \TU/lmtt/m/n/10 
label \TU/lmr/m/n/10 and \TU/lmtt/m/n/10 description\TU/lmr/m/n/10 , evidence \
TU/lmtt/m/n/10 statement\TU/lmr/m/n/10 ,

Package natbib Warning: Citation `template2026' on page 9 undefined on input li
ne 466.


Overfull \hbox (43.51738pt too wide) in paragraph at lines 460--467
\TU/lmtt/m/n/10 gap_count\TU/lmr/m/n/10 , and \TU/lmtt/m/n/10 themes_without_ev
idence\TU/lmr/m/n/10 . Oversight bodies can treat non-zero \TU/lmtt/m/n/10 them
es_without_evidence
[9]

Package natbib Warning: Citation `edwards2010' on page 10 undefined on input li
ne 501.

[10]

Package natbib Warning: Citation `gray2005' on page 11 undefined on input line 
536.

[11]

LaTeX Warning: Reference `fig:bytheme' on page 12 undefined on input line 564.


Package natbib Warning: Citation `bowker2005' on page 12 undefined on input lin
e 577.

[12]

Package natbib Warning: Citation `template2026' on page 13 undefined on input l
ine 614.

[13]

Package natbib Warning: Citation `edwards2010' on page 14 undefined on input li
ne 645.

[14]

Package natbib Warning: Citation `star1989' on page 15 undefined on input line 
682.

[15]

LaTeX Warning: Reference `fig:coverage' on page 16 undefined on input line 714.



LaTeX Warning: Reference `fig:gapstatus' on page 16 undefined on input line 716
.


Package natbib Warning: Citation `template2026' on page 16 undefined on input l
ine 723.

[16]

Package natbib Warning: Citation `bowker2005' on page 17 undefined on input lin
e 757.

[17]
Overfull \hbox (4.58937pt too wide) in paragraph at lines 786--793
\TU/lmr/m/n/10 review, run \TU/lmtt/m/n/10 uv run pytest projects/area_handbook
/tests/\TU/lmr/m/n/10 , and attach \TU/lmtt/m/n/10 handbook_report.json

Package natbib Warning: Citation `gray2005' on page 18 undefined on input line 
797.


Underfull \hbox (badness 1424) in paragraph at lines 794--798
[]\TU/lmr/bx/n/10 Release artifacts. \TU/lmr/m/n/10 Ship three bundles together
: the corpus file at a tagged version,

Underfull \hbox (badness 1331) in paragraph at lines 794--798
\TU/lmtt/m/n/10 handbook_report.json\TU/lmr/m/n/10 , and the combined PDF (or H
TML). Consumers can then verify

Package natbib Warning: Citation `template2026' on page 18 undefined on input l
ine 813.

[18]

Package natbib Warning: Citation `star1989' on page 19 undefined on input line 
823.


Overfull \hbox (2.8854pt too wide) in paragraph at lines 826--833
[]\TU/lmr/bx/n/10 Funders and oversight bodies \TU/lmr/m/n/10 can require a cor
pus version string and the \TU/lmtt/m/n/10 handbook_report.json

LaTeX Warning: Reference `fig:bytheme' on page 19 undefined on input line 848.


LaTeX Warning: Reference `fig:gapstatus' on page 19 undefined on input line 849
.


Package natbib Warning: Citation `gray2005' on page 19 undefined on input line 
855.

[19]

Package natbib Warning: Citation `template2026' on page 20 undefined on input l
ine 952.

[20] [21]
Overfull \hbox (8.43542pt too wide) in paragraph at lines 973--977
[]\TU/lmr/bx/n/10 Single corpus per build. \TU/lmr/m/n/10 The scripts load one 
fixture path (\TU/lmtt/m/n/10 data/fixtures/riverbend_area.yaml

Package natbib Warning: Citation `bowker2005' on page 22 undefined on input lin
e 985.

[22]

Package natbib Warning: Citation `gray2005' on page 23 undefined on input line 
1039.

[23] (./_combined_manuscript.bbl)

Package natbib Warning: There were undefined citations.

[24] (./_combined_manuscript.aux
! Extra }, or forgotten \endgroup.
l.113 25}
         
)

LaTeX Warning: There were undefined references.


LaTeX Warning: Label(s) may have changed. Rerun to get cross-references right.

 )
(see the transcript file for additional information)
Output written on _combined_manuscript.pdf (24 pages).
Transcript written on _combined_manuscript.log.
