2026-02-26 06:03:55,186 - INFO - Starting verification on /Users/4d/Documents/GitHub/template/projects/cognitive_integrity/cogsec_multiagent_1_theory/manuscript...
2026-02-26 06:03:55,186 - INFO - Checking file existence...
2026-02-26 06:03:55,186 - INFO - Verifying citations...
2026-02-26 06:03:55,186 - INFO - Found 86 bibliography entries.
2026-02-26 06:03:55,190 - INFO - Verifying definition labels and references...
2026-02-26 06:03:55,191 - INFO - Verifying images and links...
2026-02-26 06:03:55,192 - INFO - Checking style guidelines...
2026-02-26 06:03:55,236 - WARNING - Potential hyperbole 'perfect' in S02_eusocial_cogsec.md:116
2026-02-26 06:03:55,245 - INFO - ----------------------------------------
2026-02-26 06:03:55,245 - INFO - Verification Summary:
2026-02-26 06:03:55,245 - INFO - Files          : PASS
2026-02-26 06:03:55,245 - INFO - Citations      : PASS
2026-02-26 06:03:55,245 - INFO - Labels/Refs    : PASS
2026-02-26 06:03:55,245 - INFO - Images/Links   : PASS
2026-02-26 06:03:55,245 - INFO - Style          : PASS
2026-02-26 06:03:55,245 - INFO - ----------------------------------------
2026-02-26 06:03:55,245 - INFO - All checks passed successfully.
2026-02-26 06:05:34,768 - INFO - Starting verification on /Users/4d/Documents/GitHub/template/projects/cognitive_integrity/cogsec_multiagent_3_practical/manuscript...
2026-02-26 06:05:34,768 - INFO - Checking file existence...
2026-02-26 06:05:34,768 - INFO - Verifying citations...
2026-02-26 06:05:34,769 - INFO - Found 63 bibliography entries.
2026-02-26 06:05:34,771 - INFO - Verifying definition labels and references...
2026-02-26 06:05:34,771 - INFO - Verifying images and links...
2026-02-26 06:05:34,771 - INFO - Checking style guidelines...
2026-02-26 06:05:34,780 - INFO - ----------------------------------------
2026-02-26 06:05:34,780 - INFO - Verification Summary:
2026-02-26 06:05:34,780 - INFO - Files          : PASS
2026-02-26 06:05:34,780 - INFO - Citations      : PASS
2026-02-26 06:05:34,780 - INFO - Labels/Refs    : PASS
2026-02-26 06:05:34,780 - INFO - Images/Links   : PASS
2026-02-26 06:05:34,780 - INFO - Style          : PASS
2026-02-26 06:05:34,780 - INFO - ----------------------------------------
2026-02-26 06:05:34,780 - INFO - All checks passed successfully.
2026-02-26 06:48:40,551 - INFO - Starting verification on /Users/4d/Documents/GitHub/template/projects/cognitive_integrity/cogsec_multiagent_1_theory/manuscript...
2026-02-26 06:48:40,552 - INFO - Checking file existence...
2026-02-26 06:48:40,552 - INFO - Verifying citations...
2026-02-26 06:48:40,553 - INFO - Found 86 bibliography entries.
2026-02-26 06:48:40,556 - INFO - Verifying definition labels and references...
2026-02-26 06:48:40,557 - INFO - Verifying images and links...
2026-02-26 06:48:40,558 - INFO - Checking style guidelines...
2026-02-26 06:48:40,611 - WARNING - Potential hyperbole 'perfect' in S02_eusocial_cogsec.md:116
2026-02-26 06:48:40,630 - INFO - ----------------------------------------
2026-02-26 06:48:40,630 - INFO - Verification Summary:
2026-02-26 06:48:40,630 - INFO - Files          : PASS
2026-02-26 06:48:40,630 - INFO - Citations      : PASS
2026-02-26 06:48:40,630 - INFO - Labels/Refs    : PASS
2026-02-26 06:48:40,630 - INFO - Images/Links   : PASS
2026-02-26 06:48:40,630 - INFO - Style          : PASS
2026-02-26 06:48:40,630 - INFO - ----------------------------------------
2026-02-26 06:48:40,630 - INFO - All checks passed successfully.
2026-02-26 07:43:18,799 - INFO - Starting verification on /Users/4d/Documents/GitHub/template/projects/cognitive_integrity/cogsec_multiagent_1_theory/manuscript...
2026-02-26 07:43:18,799 - INFO - Checking file existence...
2026-02-26 07:43:18,799 - INFO - Verifying citations...
2026-02-26 07:43:18,800 - INFO - Found 86 bibliography entries.
2026-02-26 07:43:18,805 - INFO - Verifying definition labels and references...
2026-02-26 07:43:18,807 - INFO - Verifying images and links...
2026-02-26 07:43:18,808 - INFO - Checking style guidelines...
2026-02-26 07:43:18,877 - WARNING - Potential hyperbole 'perfect' in S02_eusocial_cogsec.md:116
2026-02-26 07:43:18,891 - INFO - ----------------------------------------
2026-02-26 07:43:18,891 - INFO - Verification Summary:
2026-02-26 07:43:18,891 - INFO - Files          : PASS
2026-02-26 07:43:18,891 - INFO - Citations      : PASS
2026-02-26 07:43:18,891 - INFO - Labels/Refs    : PASS
2026-02-26 07:43:18,891 - INFO - Images/Links   : PASS
2026-02-26 07:43:18,891 - INFO - Style          : PASS
2026-02-26 07:43:18,891 - INFO - ----------------------------------------
2026-02-26 07:43:18,891 - INFO - All checks passed successfully.
2026-02-26 07:47:46,156 - INFO - Starting verification on /Users/4d/Documents/GitHub/template/projects/cognitive_integrity/cogsec_multiagent_2_computational/manuscript...
2026-02-26 07:47:46,157 - INFO - Checking file existence...
2026-02-26 07:47:46,157 - INFO - Verifying citations...
2026-02-26 07:47:46,157 - INFO - Found 72 bibliography entries.
2026-02-26 07:47:46,163 - INFO - Verifying definition labels and references...
2026-02-26 07:47:46,164 - INFO - Verifying images and links...
2026-02-26 07:47:46,165 - INFO - Checking style guidelines...
2026-02-26 07:47:46,177 - WARNING - Potential hyperbole 'perfect' in 04_experimental_setup.md:49
2026-02-26 07:47:46,201 - INFO - Checking table formatting...
2026-02-26 07:47:46,203 - INFO - Checking for duplicate labels...
2026-02-26 07:47:46,204 - INFO - Checking figure accessibility...
2026-02-26 07:47:46,204 - INFO - ----------------------------------------
2026-02-26 07:47:46,204 - INFO - Verification Summary:
2026-02-26 07:47:46,204 - INFO - Files          : PASS
2026-02-26 07:47:46,204 - INFO - Citations      : PASS
2026-02-26 07:47:46,204 - INFO - Labels/Refs    : PASS
2026-02-26 07:47:46,204 - INFO - Images/Links   : PASS
2026-02-26 07:47:46,204 - INFO - Style          : PASS
2026-02-26 07:47:46,204 - INFO - Table Format   : PASS
2026-02-26 07:47:46,205 - INFO - Duplicate Labels: PASS
2026-02-26 07:47:46,205 - INFO - Fig Accessibility: PASS
2026-02-26 07:47:46,205 - INFO - ----------------------------------------
2026-02-26 07:47:46,205 - INFO - All checks passed successfully.
2026-02-26 07:48:01,431 - INFO - Starting verification on /Users/4d/Documents/GitHub/template/projects/cognitive_integrity/cogsec_multiagent_3_practical/manuscript...
2026-02-26 07:48:01,431 - INFO - Checking file existence...
2026-02-26 07:48:01,431 - INFO - Verifying citations...
2026-02-26 07:48:01,432 - INFO - Found 63 bibliography entries.
2026-02-26 07:48:01,434 - INFO - Verifying definition labels and references...
2026-02-26 07:48:01,435 - INFO - Verifying images and links...
2026-02-26 07:48:01,435 - INFO - Checking style guidelines...
2026-02-26 07:48:01,444 - INFO - ----------------------------------------
2026-02-26 07:48:01,444 - INFO - Verification Summary:
2026-02-26 07:48:01,444 - INFO - Files          : PASS
2026-02-26 07:48:01,444 - INFO - Citations      : PASS
2026-02-26 07:48:01,444 - INFO - Labels/Refs    : PASS
2026-02-26 07:48:01,444 - INFO - Images/Links   : PASS
2026-02-26 07:48:01,444 - INFO - Style          : PASS
2026-02-26 07:48:01,444 - INFO - ----------------------------------------
2026-02-26 07:48:01,444 - INFO - All checks passed successfully.
2026-02-26 09:37:12,269 - INFO - Starting verification on /Users/4d/Documents/GitHub/template/projects/cognitive_integrity/cogsec_multiagent_1_theory/manuscript...
2026-02-26 09:37:12,270 - INFO - Checking file existence...
2026-02-26 09:37:12,270 - INFO - Verifying citations...
2026-02-26 09:37:12,271 - INFO - Found 86 bibliography entries.
2026-02-26 09:37:12,276 - INFO - Verifying definition labels and references...
2026-02-26 09:37:12,279 - INFO - Verifying images and links...
2026-02-26 09:37:12,281 - INFO - Checking style guidelines...
2026-02-26 09:37:12,350 - WARNING - Potential hyperbole 'perfect' in S02_eusocial_cogsec.md:116
2026-02-26 09:37:12,359 - INFO - ----------------------------------------
2026-02-26 09:37:12,359 - INFO - Verification Summary:
2026-02-26 09:37:12,359 - INFO - Files          : PASS
2026-02-26 09:37:12,359 - INFO - Citations      : PASS
2026-02-26 09:37:12,359 - INFO - Labels/Refs    : PASS
2026-02-26 09:37:12,359 - INFO - Images/Links   : PASS
2026-02-26 09:37:12,359 - INFO - Style          : PASS
2026-02-26 09:37:12,359 - INFO - ----------------------------------------
2026-02-26 09:37:12,360 - INFO - All checks passed successfully.
2026-02-26 09:38:47,697 - INFO - Starting verification on /Users/4d/Documents/GitHub/template/projects/cognitive_integrity/cogsec_multiagent_3_practical/manuscript...
2026-02-26 09:38:47,697 - INFO - Checking file existence...
2026-02-26 09:38:47,697 - INFO - Verifying citations...
2026-02-26 09:38:47,698 - INFO - Found 63 bibliography entries.
2026-02-26 09:38:47,700 - INFO - Verifying definition labels and references...
2026-02-26 09:38:47,701 - INFO - Verifying images and links...
2026-02-26 09:38:47,701 - INFO - Checking style guidelines...
2026-02-26 09:38:47,710 - INFO - ----------------------------------------
2026-02-26 09:38:47,710 - INFO - Verification Summary:
2026-02-26 09:38:47,710 - INFO - Files          : PASS
2026-02-26 09:38:47,710 - INFO - Citations      : PASS
2026-02-26 09:38:47,710 - INFO - Labels/Refs    : PASS
2026-02-26 09:38:47,710 - INFO - Images/Links   : PASS
2026-02-26 09:38:47,710 - INFO - Style          : PASS
2026-02-26 09:38:47,710 - INFO - ----------------------------------------
2026-02-26 09:38:47,710 - INFO - All checks passed successfully.
2026-02-26 14:36:45,458 - INFO - Starting verification on /Users/4d/Documents/GitHub/template/projects/cognitive_integrity/cogsec_multiagent_1_theory/manuscript...
2026-02-26 14:36:45,459 - INFO - Checking file existence...
2026-02-26 14:36:45,459 - INFO - Verifying citations...
2026-02-26 14:36:45,459 - INFO - Found 86 bibliography entries.
2026-02-26 14:36:45,464 - INFO - Verifying definition labels and references...
2026-02-26 14:36:45,465 - INFO - Verifying images and links...
2026-02-26 14:36:45,466 - INFO - Checking style guidelines...
2026-02-26 14:36:45,515 - WARNING - Potential hyperbole 'perfect' in S02_eusocial_cogsec.md:116
2026-02-26 14:36:45,523 - INFO - ----------------------------------------
2026-02-26 14:36:45,523 - INFO - Verification Summary:
2026-02-26 14:36:45,523 - INFO - Files          : PASS
2026-02-26 14:36:45,523 - INFO - Citations      : PASS
2026-02-26 14:36:45,523 - INFO - Labels/Refs    : PASS
2026-02-26 14:36:45,523 - INFO - Images/Links   : PASS
2026-02-26 14:36:45,523 - INFO - Style          : PASS
2026-02-26 14:36:45,523 - INFO - ----------------------------------------
2026-02-26 14:36:45,523 - INFO - All checks passed successfully.
2026-02-26 14:41:03,261 - INFO - Starting verification on /Users/4d/Documents/GitHub/template/projects/cognitive_integrity/cogsec_multiagent_2_computational/manuscript...
2026-02-26 14:41:03,262 - INFO - Checking file existence...
2026-02-26 14:41:03,262 - INFO - Verifying citations...
2026-02-26 14:41:03,262 - INFO - Found 72 bibliography entries.
2026-02-26 14:41:03,267 - INFO - Verifying definition labels and references...
2026-02-26 14:41:03,269 - INFO - Verifying images and links...
2026-02-26 14:41:03,269 - INFO - Checking style guidelines...
2026-02-26 14:41:03,281 - WARNING - Potential hyperbole 'perfect' in 04_experimental_setup.md:49
2026-02-26 14:41:03,304 - INFO - Checking table formatting...
2026-02-26 14:41:03,305 - INFO - Checking for duplicate labels...
2026-02-26 14:41:03,306 - INFO - Checking figure accessibility...
2026-02-26 14:41:03,307 - INFO - ----------------------------------------
2026-02-26 14:41:03,307 - INFO - Verification Summary:
2026-02-26 14:41:03,307 - INFO - Files          : PASS
2026-02-26 14:41:03,307 - INFO - Citations      : PASS
2026-02-26 14:41:03,307 - INFO - Labels/Refs    : PASS
2026-02-26 14:41:03,307 - INFO - Images/Links   : PASS
2026-02-26 14:41:03,307 - INFO - Style          : PASS
2026-02-26 14:41:03,307 - INFO - Table Format   : PASS
2026-02-26 14:41:03,307 - INFO - Duplicate Labels: PASS
2026-02-26 14:41:03,307 - INFO - Fig Accessibility: PASS
2026-02-26 14:41:03,307 - INFO - ----------------------------------------
2026-02-26 14:41:03,307 - INFO - All checks passed successfully.
2026-02-26 14:41:17,837 - INFO - Starting verification on /Users/4d/Documents/GitHub/template/projects/cognitive_integrity/cogsec_multiagent_3_practical/manuscript...
2026-02-26 14:41:17,837 - INFO - Checking file existence...
2026-02-26 14:41:17,837 - INFO - Verifying citations...
2026-02-26 14:41:17,837 - INFO - Found 63 bibliography entries.
2026-02-26 14:41:17,840 - INFO - Verifying definition labels and references...
2026-02-26 14:41:17,841 - INFO - Verifying images and links...
2026-02-26 14:41:17,841 - INFO - Checking style guidelines...
2026-02-26 14:41:17,850 - INFO - ----------------------------------------
2026-02-26 14:41:17,850 - INFO - Verification Summary:
2026-02-26 14:41:17,850 - INFO - Files          : PASS
2026-02-26 14:41:17,850 - INFO - Citations      : PASS
2026-02-26 14:41:17,850 - INFO - Labels/Refs    : PASS
2026-02-26 14:41:17,850 - INFO - Images/Links   : PASS
2026-02-26 14:41:17,850 - INFO - Style          : PASS
2026-02-26 14:41:17,850 - INFO - ----------------------------------------
2026-02-26 14:41:17,850 - INFO - All checks passed successfully.
2026-02-26 14:53:17,293 - INFO - Starting verification on /Users/4d/Documents/GitHub/template/projects/cognitive_integrity/cogsec_multiagent_1_theory/manuscript...
2026-02-26 14:53:17,295 - INFO - Checking file existence...
2026-02-26 14:53:17,295 - INFO - Verifying citations...
2026-02-26 14:53:17,296 - INFO - Found 86 bibliography entries.
2026-02-26 14:53:17,300 - INFO - Verifying definition labels and references...
2026-02-26 14:53:17,301 - INFO - Verifying images and links...
2026-02-26 14:53:17,302 - INFO - Checking style guidelines...
2026-02-26 14:53:17,350 - WARNING - Potential hyperbole 'perfect' in S02_eusocial_cogsec.md:116
2026-02-26 14:53:17,362 - INFO - ----------------------------------------
2026-02-26 14:53:17,362 - INFO - Verification Summary:
2026-02-26 14:53:17,362 - INFO - Files          : PASS
2026-02-26 14:53:17,362 - INFO - Citations      : PASS
2026-02-26 14:53:17,362 - INFO - Labels/Refs    : PASS
2026-02-26 14:53:17,362 - INFO - Images/Links   : PASS
2026-02-26 14:53:17,362 - INFO - Style          : PASS
2026-02-26 14:53:17,362 - INFO - ----------------------------------------
2026-02-26 14:53:17,362 - INFO - All checks passed successfully.
2026-02-26 14:57:29,268 - INFO - Starting verification on /Users/4d/Documents/GitHub/template/projects/cognitive_integrity/cogsec_multiagent_2_computational/manuscript...
2026-02-26 14:57:29,269 - INFO - Checking file existence...
2026-02-26 14:57:29,269 - INFO - Verifying citations...
2026-02-26 14:57:29,269 - INFO - Found 72 bibliography entries.
2026-02-26 14:57:29,272 - INFO - Verifying definition labels and references...
2026-02-26 14:57:29,273 - INFO - Verifying images and links...
2026-02-26 14:57:29,274 - INFO - Checking style guidelines...
2026-02-26 14:57:29,286 - WARNING - Potential hyperbole 'perfect' in 04_experimental_setup.md:49
2026-02-26 14:57:29,309 - INFO - Checking table formatting...
2026-02-26 14:57:29,310 - INFO - Checking for duplicate labels...
2026-02-26 14:57:29,311 - INFO - Checking figure accessibility...
2026-02-26 14:57:29,311 - INFO - ----------------------------------------
2026-02-26 14:57:29,311 - INFO - Verification Summary:
2026-02-26 14:57:29,311 - INFO - Files          : PASS
2026-02-26 14:57:29,312 - INFO - Citations      : PASS
2026-02-26 14:57:29,312 - INFO - Labels/Refs    : PASS
2026-02-26 14:57:29,312 - INFO - Images/Links   : PASS
2026-02-26 14:57:29,312 - INFO - Style          : PASS
2026-02-26 14:57:29,312 - INFO - Table Format   : PASS
2026-02-26 14:57:29,312 - INFO - Duplicate Labels: PASS
2026-02-26 14:57:29,312 - INFO - Fig Accessibility: PASS
2026-02-26 14:57:29,312 - INFO - ----------------------------------------
2026-02-26 14:57:29,312 - INFO - All checks passed successfully.
2026-02-26 14:57:43,357 - INFO - Starting verification on /Users/4d/Documents/GitHub/template/projects/cognitive_integrity/cogsec_multiagent_3_practical/manuscript...
2026-02-26 14:57:43,358 - INFO - Checking file existence...
2026-02-26 14:57:43,358 - INFO - Verifying citations...
2026-02-26 14:57:43,358 - INFO - Found 63 bibliography entries.
2026-02-26 14:57:43,360 - INFO - Verifying definition labels and references...
2026-02-26 14:57:43,361 - INFO - Verifying images and links...
2026-02-26 14:57:43,361 - INFO - Checking style guidelines...
2026-02-26 14:57:43,370 - INFO - ----------------------------------------
2026-02-26 14:57:43,370 - INFO - Verification Summary:
2026-02-26 14:57:43,370 - INFO - Files          : PASS
2026-02-26 14:57:43,370 - INFO - Citations      : PASS
2026-02-26 14:57:43,370 - INFO - Labels/Refs    : PASS
2026-02-26 14:57:43,370 - INFO - Images/Links   : PASS
2026-02-26 14:57:43,370 - INFO - Style          : PASS
2026-02-26 14:57:43,370 - INFO - ----------------------------------------
2026-02-26 14:57:43,370 - INFO - All checks passed successfully.
2026-02-26 15:33:49,224 - INFO - Starting verification on /Users/4d/Documents/GitHub/template/projects/cognitive_integrity/cogsec_multiagent_2_computational/manuscript...
2026-02-26 15:33:49,225 - INFO - Checking file existence...
2026-02-26 15:33:49,225 - INFO - Verifying citations...
2026-02-26 15:33:49,225 - INFO - Found 72 bibliography entries.
2026-02-26 15:33:49,230 - INFO - Verifying definition labels and references...
2026-02-26 15:33:49,232 - INFO - Verifying images and links...
2026-02-26 15:33:49,232 - INFO - Checking style guidelines...
2026-02-26 15:33:49,244 - WARNING - Potential hyperbole 'perfect' in 04_experimental_setup.md:49
2026-02-26 15:33:49,268 - INFO - Checking table formatting...
2026-02-26 15:33:49,269 - INFO - Checking for duplicate labels...
2026-02-26 15:33:49,270 - INFO - Checking figure accessibility...
2026-02-26 15:33:49,271 - INFO - ----------------------------------------
2026-02-26 15:33:49,271 - INFO - Verification Summary:
2026-02-26 15:33:49,271 - INFO - Files          : PASS
2026-02-26 15:33:49,271 - INFO - Citations      : PASS
2026-02-26 15:33:49,271 - INFO - Labels/Refs    : PASS
2026-02-26 15:33:49,271 - INFO - Images/Links   : PASS
2026-02-26 15:33:49,271 - INFO - Style          : PASS
2026-02-26 15:33:49,271 - INFO - Table Format   : PASS
2026-02-26 15:33:49,271 - INFO - Duplicate Labels: PASS
2026-02-26 15:33:49,271 - INFO - Fig Accessibility: PASS
2026-02-26 15:33:49,271 - INFO - ----------------------------------------
2026-02-26 15:33:49,271 - INFO - All checks passed successfully.
2026-02-26 16:05:17,421 - INFO - Starting verification on /Users/4d/Documents/GitHub/template/projects/cognitive_integrity/cogsec_multiagent_1_theory/manuscript...
2026-02-26 16:05:17,422 - INFO - Checking file existence...
2026-02-26 16:05:17,423 - INFO - Verifying citations...
2026-02-26 16:05:17,424 - INFO - Found 86 bibliography entries.
2026-02-26 16:05:17,430 - INFO - Verifying definition labels and references...
2026-02-26 16:05:17,431 - INFO - Verifying images and links...
2026-02-26 16:05:17,432 - INFO - Checking style guidelines...
2026-02-26 16:05:17,490 - WARNING - Potential hyperbole 'perfect' in S02_eusocial_cogsec.md:116
2026-02-26 16:05:17,503 - INFO - ----------------------------------------
2026-02-26 16:05:17,503 - INFO - Verification Summary:
2026-02-26 16:05:17,503 - INFO - Files          : PASS
2026-02-26 16:05:17,503 - INFO - Citations      : PASS
2026-02-26 16:05:17,503 - INFO - Labels/Refs    : PASS
2026-02-26 16:05:17,503 - INFO - Images/Links   : PASS
2026-02-26 16:05:17,503 - INFO - Style          : PASS
2026-02-26 16:05:17,503 - INFO - ----------------------------------------
2026-02-26 16:05:17,503 - INFO - All checks passed successfully.
2026-02-26 16:29:41,439 - INFO - Starting verification on /Users/4d/Documents/GitHub/template/projects/cognitive_integrity/cogsec_multiagent_2_computational/manuscript...
2026-02-26 16:29:41,439 - INFO - Checking file existence...
2026-02-26 16:29:41,439 - INFO - Verifying citations...
2026-02-26 16:29:41,440 - INFO - Found 72 bibliography entries.
2026-02-26 16:29:41,448 - INFO - Verifying definition labels and references...
2026-02-26 16:29:41,450 - INFO - Verifying images and links...
2026-02-26 16:29:41,451 - INFO - Checking style guidelines...
2026-02-26 16:29:41,465 - WARNING - Potential hyperbole 'perfect' in 04_experimental_setup.md:49
2026-02-26 16:29:41,490 - INFO - Checking table formatting...
2026-02-26 16:29:41,492 - INFO - Checking for duplicate labels...
2026-02-26 16:29:41,493 - INFO - Checking figure accessibility...
2026-02-26 16:29:41,493 - INFO - ----------------------------------------
2026-02-26 16:29:41,493 - INFO - Verification Summary:
2026-02-26 16:29:41,493 - INFO - Files          : PASS
2026-02-26 16:29:41,493 - INFO - Citations      : PASS
2026-02-26 16:29:41,493 - INFO - Labels/Refs    : PASS
2026-02-26 16:29:41,493 - INFO - Images/Links   : PASS
2026-02-26 16:29:41,493 - INFO - Style          : PASS
2026-02-26 16:29:41,493 - INFO - Table Format   : PASS
2026-02-26 16:29:41,493 - INFO - Duplicate Labels: PASS
2026-02-26 16:29:41,493 - INFO - Fig Accessibility: PASS
2026-02-26 16:29:41,493 - INFO - ----------------------------------------
2026-02-26 16:29:41,493 - INFO - All checks passed successfully.
2026-02-26 16:31:03,632 - INFO - Starting verification on /Users/4d/Documents/GitHub/template/projects/cognitive_integrity/cogsec_multiagent_3_practical/manuscript...
2026-02-26 16:31:03,632 - INFO - Checking file existence...
2026-02-26 16:31:03,632 - INFO - Verifying citations...
2026-02-26 16:31:03,633 - INFO - Found 63 bibliography entries.
2026-02-26 16:31:03,636 - INFO - Verifying definition labels and references...
2026-02-26 16:31:03,636 - INFO - Verifying images and links...
2026-02-26 16:31:03,636 - INFO - Checking style guidelines...
2026-02-26 16:31:03,645 - INFO - ----------------------------------------
2026-02-26 16:31:03,645 - INFO - Verification Summary:
2026-02-26 16:31:03,645 - INFO - Files          : PASS
2026-02-26 16:31:03,645 - INFO - Citations      : PASS
2026-02-26 16:31:03,645 - INFO - Labels/Refs    : PASS
2026-02-26 16:31:03,645 - INFO - Images/Links   : PASS
2026-02-26 16:31:03,645 - INFO - Style          : PASS
2026-02-26 16:31:03,645 - INFO - ----------------------------------------
2026-02-26 16:31:03,645 - INFO - All checks passed successfully.
2026-02-26 18:39:11,083 - INFO - Starting verification on /Users/4d/Documents/GitHub/template/projects/cognitive_integrity/cogsec_multiagent_1_theory/manuscript...
2026-02-26 18:39:11,084 - INFO - Checking file existence...
2026-02-26 18:39:11,084 - INFO - Verifying citations...
2026-02-26 18:39:11,084 - INFO - Found 86 bibliography entries.
2026-02-26 18:39:11,088 - INFO - Verifying definition labels and references...
2026-02-26 18:39:11,090 - INFO - Verifying images and links...
2026-02-26 18:39:11,091 - INFO - Checking style guidelines...
2026-02-26 18:39:11,149 - WARNING - Potential hyperbole 'perfect' in S02_eusocial_cogsec.md:116
2026-02-26 18:39:11,161 - INFO - ----------------------------------------
2026-02-26 18:39:11,161 - INFO - Verification Summary:
2026-02-26 18:39:11,161 - INFO - Files          : PASS
2026-02-26 18:39:11,161 - INFO - Citations      : PASS
2026-02-26 18:39:11,161 - INFO - Labels/Refs    : PASS
2026-02-26 18:39:11,161 - INFO - Images/Links   : PASS
2026-02-26 18:39:11,161 - INFO - Style          : PASS
2026-02-26 18:39:11,161 - INFO - ----------------------------------------
2026-02-26 18:39:11,161 - INFO - All checks passed successfully.
2026-02-26 18:41:22,113 - INFO - Starting verification on /Users/4d/Documents/GitHub/template/projects/cognitive_integrity/cogsec_multiagent_3_practical/manuscript...
2026-02-26 18:41:22,113 - INFO - Checking file existence...
2026-02-26 18:41:22,113 - INFO - Verifying citations...
2026-02-26 18:41:22,114 - INFO - Found 63 bibliography entries.
2026-02-26 18:41:22,116 - INFO - Verifying definition labels and references...
2026-02-26 18:41:22,117 - INFO - Verifying images and links...
2026-02-26 18:41:22,117 - INFO - Checking style guidelines...
2026-02-26 18:41:22,129 - INFO - ----------------------------------------
2026-02-26 18:41:22,129 - INFO - Verification Summary:
2026-02-26 18:41:22,129 - INFO - Files          : PASS
2026-02-26 18:41:22,129 - INFO - Citations      : PASS
2026-02-26 18:41:22,129 - INFO - Labels/Refs    : PASS
2026-02-26 18:41:22,129 - INFO - Images/Links   : PASS
2026-02-26 18:41:22,129 - INFO - Style          : PASS
2026-02-26 18:41:22,129 - INFO - ----------------------------------------
2026-02-26 18:41:22,129 - INFO - All checks passed successfully.
2026-02-26 19:10:49,529 - INFO - Starting verification on /Users/4d/Documents/GitHub/template/projects/cognitive_integrity/cogsec_multiagent_1_theory/manuscript...
2026-02-26 19:10:49,529 - INFO - Checking file existence...
2026-02-26 19:10:49,529 - INFO - Verifying citations...
2026-02-26 19:10:49,530 - INFO - Found 86 bibliography entries.
2026-02-26 19:10:49,535 - INFO - Verifying definition labels and references...
2026-02-26 19:10:49,536 - INFO - Verifying images and links...
2026-02-26 19:10:49,537 - INFO - Checking style guidelines...
2026-02-26 19:10:49,608 - WARNING - Potential hyperbole 'perfect' in S02_eusocial_cogsec.md:116
2026-02-26 19:10:49,621 - INFO - ----------------------------------------
2026-02-26 19:10:49,621 - INFO - Verification Summary:
2026-02-26 19:10:49,621 - INFO - Files          : PASS
2026-02-26 19:10:49,622 - INFO - Citations      : PASS
2026-02-26 19:10:49,622 - INFO - Labels/Refs    : PASS
2026-02-26 19:10:49,622 - INFO - Images/Links   : PASS
2026-02-26 19:10:49,622 - INFO - Style          : PASS
2026-02-26 19:10:49,622 - INFO - ----------------------------------------
2026-02-26 19:10:49,622 - INFO - All checks passed successfully.
2026-02-26 19:13:00,779 - INFO - Starting verification on /Users/4d/Documents/GitHub/template/projects/cognitive_integrity/cogsec_multiagent_3_practical/manuscript...
2026-02-26 19:13:00,779 - INFO - Checking file existence...
2026-02-26 19:13:00,780 - INFO - Verifying citations...
2026-02-26 19:13:00,780 - INFO - Found 63 bibliography entries.
2026-02-26 19:13:00,782 - INFO - Verifying definition labels and references...
2026-02-26 19:13:00,783 - INFO - Verifying images and links...
2026-02-26 19:13:00,784 - INFO - Checking style guidelines...
2026-02-26 19:13:00,796 - INFO - ----------------------------------------
2026-02-26 19:13:00,796 - INFO - Verification Summary:
2026-02-26 19:13:00,796 - INFO - Files          : PASS
2026-02-26 19:13:00,796 - INFO - Citations      : PASS
2026-02-26 19:13:00,796 - INFO - Labels/Refs    : PASS
2026-02-26 19:13:00,796 - INFO - Images/Links   : PASS
2026-02-26 19:13:00,796 - INFO - Style          : PASS
2026-02-26 19:13:00,796 - INFO - ----------------------------------------
2026-02-26 19:13:00,796 - INFO - All checks passed successfully.
2026-02-26 21:20:28,802 - INFO - Starting verification on /Users/4d/Documents/GitHub/template/projects/cognitive_integrity/cogsec_multiagent_1_theory/manuscript...
2026-02-26 21:20:28,803 - INFO - Checking file existence...
2026-02-26 21:20:28,803 - INFO - Verifying citations...
2026-02-26 21:20:28,804 - INFO - Found 86 bibliography entries.
2026-02-26 21:20:28,808 - INFO - Verifying definition labels and references...
2026-02-26 21:20:28,809 - INFO - Verifying images and links...
2026-02-26 21:20:28,810 - INFO - Checking style guidelines...
2026-02-26 21:20:28,861 - WARNING - Potential hyperbole 'perfect' in S02_eusocial_cogsec.md:116
2026-02-26 21:20:28,869 - INFO - ----------------------------------------
2026-02-26 21:20:28,869 - INFO - Verification Summary:
2026-02-26 21:20:28,869 - INFO - Files          : PASS
2026-02-26 21:20:28,869 - INFO - Citations      : PASS
2026-02-26 21:20:28,869 - INFO - Labels/Refs    : PASS
2026-02-26 21:20:28,869 - INFO - Images/Links   : PASS
2026-02-26 21:20:28,869 - INFO - Style          : PASS
2026-02-26 21:20:28,869 - INFO - ----------------------------------------
2026-02-26 21:20:28,869 - INFO - All checks passed successfully.
2026-02-26 21:21:57,703 - INFO - Starting verification on /Users/4d/Documents/GitHub/template/projects/cognitive_integrity/cogsec_multiagent_2_computational/manuscript...
2026-02-26 21:21:57,704 - INFO - Checking file existence...
2026-02-26 21:21:57,704 - INFO - Verifying citations...
2026-02-26 21:21:57,704 - INFO - Found 72 bibliography entries.
2026-02-26 21:21:57,705 - INFO - Verifying definition labels and references...
2026-02-26 21:21:57,706 - WARNING - Undefined reference: '\cref{tab:arch-ci}' in 06_discussion.md
2026-02-26 21:21:57,706 - WARNING - Undefined reference: '\cref{sec:effect-sizes}' in S01_notation_reference.md
2026-02-26 21:21:57,706 - WARNING - Undefined reference: '\cref{sec:odds-ratios}' in S01_notation_reference.md
2026-02-26 21:21:57,706 - WARNING - Undefined reference: '\cref{sec:nnt}' in S01_notation_reference.md
2026-02-26 21:21:57,706 - INFO - Verifying images and links...
2026-02-26 21:21:57,707 - INFO - Checking style guidelines...
2026-02-26 21:21:57,719 - WARNING - Potential hyperbole 'perfect' in 04_experimental_setup.md:45
2026-02-26 21:21:57,719 - WARNING - Potential hyperbole 'perfect' in 04_experimental_setup.md:49
2026-02-26 21:21:57,720 - WARNING - Potential hyperbole 'perfect' in 04_experimental_setup.md:105
2026-02-26 21:21:57,721 - WARNING - Potential hyperbole 'perfect' in 05_results.md:94
2026-02-26 21:21:57,743 - INFO - Checking table formatting...
2026-02-26 21:21:57,745 - INFO - Checking for duplicate labels...
2026-02-26 21:21:57,746 - INFO - Checking figure accessibility...
2026-02-26 21:21:57,746 - INFO - ----------------------------------------
2026-02-26 21:21:57,746 - INFO - Verification Summary:
2026-02-26 21:21:57,746 - INFO - Files          : PASS
2026-02-26 21:21:57,746 - INFO - Citations      : PASS
2026-02-26 21:21:57,746 - INFO - Labels/Refs    : FAIL
2026-02-26 21:21:57,746 - INFO - Images/Links   : PASS
2026-02-26 21:21:57,746 - INFO - Style          : PASS
2026-02-26 21:21:57,746 - INFO - Table Format   : PASS
2026-02-26 21:21:57,746 - INFO - Duplicate Labels: PASS
2026-02-26 21:21:57,746 - INFO - Fig Accessibility: PASS
2026-02-26 21:21:57,746 - INFO - ----------------------------------------
2026-02-26 21:21:57,746 - ERROR - Verification failed. See logs for details.
2026-02-26 21:22:10,695 - INFO - Starting verification on /Users/4d/Documents/GitHub/template/projects/cognitive_integrity/cogsec_multiagent_3_practical/manuscript...
2026-02-26 21:22:10,695 - INFO - Checking file existence...
2026-02-26 21:22:10,695 - INFO - Verifying citations...
2026-02-26 21:22:10,695 - INFO - Found 63 bibliography entries.
2026-02-26 21:22:10,698 - INFO - Verifying definition labels and references...
2026-02-26 21:22:10,698 - INFO - Verifying images and links...
2026-02-26 21:22:10,698 - INFO - Checking style guidelines...
2026-02-26 21:22:10,707 - INFO - ----------------------------------------
2026-02-26 21:22:10,707 - INFO - Verification Summary:
2026-02-26 21:22:10,707 - INFO - Files          : PASS
2026-02-26 21:22:10,707 - INFO - Citations      : PASS
2026-02-26 21:22:10,707 - INFO - Labels/Refs    : PASS
2026-02-26 21:22:10,707 - INFO - Images/Links   : PASS
2026-02-26 21:22:10,707 - INFO - Style          : PASS
2026-02-26 21:22:10,707 - INFO - ----------------------------------------
2026-02-26 21:22:10,707 - INFO - All checks passed successfully.
2026-02-27 07:33:37,108 - INFO - Starting verification on /Users/4d/Documents/GitHub/template/projects/cognitive_integrity/cogsec_multiagent_2_computational/manuscript...
2026-02-27 07:33:37,109 - INFO - Checking file existence...
2026-02-27 07:33:37,109 - INFO - Verifying citations...
2026-02-27 07:33:37,109 - INFO - Found 72 bibliography entries.
2026-02-27 07:33:37,110 - INFO - Verifying definition labels and references...
2026-02-27 07:33:37,111 - WARNING - Undefined reference: '\cref{tab:arch-ci}' in 06_discussion.md
2026-02-27 07:33:37,111 - WARNING - Undefined reference: '\cref{sec:effect-sizes}' in S01_notation_reference.md
2026-02-27 07:33:37,111 - WARNING - Undefined reference: '\cref{sec:odds-ratios}' in S01_notation_reference.md
2026-02-27 07:33:37,111 - WARNING - Undefined reference: '\cref{sec:nnt}' in S01_notation_reference.md
2026-02-27 07:33:37,111 - INFO - Verifying images and links...
2026-02-27 07:33:37,111 - INFO - Checking style guidelines...
2026-02-27 07:33:37,122 - WARNING - Potential hyperbole 'perfect' in 04_experimental_setup.md:45
2026-02-27 07:33:37,122 - WARNING - Potential hyperbole 'perfect' in 04_experimental_setup.md:49
2026-02-27 07:33:37,123 - WARNING - Potential hyperbole 'perfect' in 04_experimental_setup.md:105
2026-02-27 07:33:37,124 - WARNING - Potential hyperbole 'perfect' in 05_results.md:94
2026-02-27 07:33:37,144 - INFO - Checking table formatting...
2026-02-27 07:33:37,145 - INFO - Checking for duplicate labels...
2026-02-27 07:33:37,146 - INFO - Checking figure accessibility...
2026-02-27 07:33:37,146 - INFO - ----------------------------------------
2026-02-27 07:33:37,147 - INFO - Verification Summary:
2026-02-27 07:33:37,147 - INFO - Files          : PASS
2026-02-27 07:33:37,147 - INFO - Citations      : PASS
2026-02-27 07:33:37,147 - INFO - Labels/Refs    : FAIL
2026-02-27 07:33:37,147 - INFO - Images/Links   : PASS
2026-02-27 07:33:37,147 - INFO - Style          : PASS
2026-02-27 07:33:37,147 - INFO - Table Format   : PASS
2026-02-27 07:33:37,147 - INFO - Duplicate Labels: PASS
2026-02-27 07:33:37,147 - INFO - Fig Accessibility: PASS
2026-02-27 07:33:37,147 - INFO - ----------------------------------------
2026-02-27 07:33:37,147 - ERROR - Verification failed. See logs for details.
2026-02-27 07:33:53,974 - INFO - Starting verification on /Users/4d/Documents/GitHub/template/projects/cognitive_integrity/cogsec_multiagent_2_computational/manuscript...
2026-02-27 07:33:53,974 - INFO - Checking file existence...
2026-02-27 07:33:53,974 - INFO - Verifying citations...
2026-02-27 07:33:53,974 - INFO - Found 72 bibliography entries.
2026-02-27 07:33:53,974 - INFO - Verifying definition labels and references...
2026-02-27 07:33:53,975 - WARNING - Undefined reference: '\cref{tab:arch-ci}' in 06_discussion.md
2026-02-27 07:33:53,975 - WARNING - Undefined reference: '\cref{sec:effect-sizes}' in S01_notation_reference.md
2026-02-27 07:33:53,975 - WARNING - Undefined reference: '\cref{sec:odds-ratios}' in S01_notation_reference.md
2026-02-27 07:33:53,975 - WARNING - Undefined reference: '\cref{sec:nnt}' in S01_notation_reference.md
2026-02-27 07:33:53,976 - INFO - Verifying images and links...
2026-02-27 07:33:53,976 - INFO - Checking style guidelines...
2026-02-27 07:33:53,988 - WARNING - Potential hyperbole 'perfect' in 04_experimental_setup.md:45
2026-02-27 07:33:53,988 - WARNING - Potential hyperbole 'perfect' in 04_experimental_setup.md:49
2026-02-27 07:33:53,989 - WARNING - Potential hyperbole 'perfect' in 04_experimental_setup.md:105
2026-02-27 07:33:53,990 - WARNING - Potential hyperbole 'perfect' in 05_results.md:94
2026-02-27 07:33:54,010 - INFO - Checking table formatting...
2026-02-27 07:33:54,012 - INFO - Checking for duplicate labels...
2026-02-27 07:33:54,012 - INFO - Checking figure accessibility...
2026-02-27 07:33:54,013 - INFO - ----------------------------------------
2026-02-27 07:33:54,013 - INFO - Verification Summary:
2026-02-27 07:33:54,013 - INFO - Files          : PASS
2026-02-27 07:33:54,013 - INFO - Citations      : PASS
2026-02-27 07:33:54,013 - INFO - Labels/Refs    : FAIL
2026-02-27 07:33:54,013 - INFO - Images/Links   : PASS
2026-02-27 07:33:54,013 - INFO - Style          : PASS
2026-02-27 07:33:54,013 - INFO - Table Format   : PASS
2026-02-27 07:33:54,013 - INFO - Duplicate Labels: PASS
2026-02-27 07:33:54,013 - INFO - Fig Accessibility: PASS
2026-02-27 07:33:54,013 - INFO - ----------------------------------------
2026-02-27 07:33:54,013 - ERROR - Verification failed. See logs for details.
2026-02-27 07:38:23,663 - INFO - Starting verification on /Users/4d/Documents/GitHub/template/projects/cognitive_integrity/cogsec_multiagent_2_computational/manuscript...
2026-02-27 07:38:23,663 - INFO - Checking file existence...
2026-02-27 07:38:23,663 - INFO - Verifying citations...
2026-02-27 07:38:23,664 - INFO - Found 72 bibliography entries.
2026-02-27 07:38:23,666 - INFO - Verifying definition labels and references...
2026-02-27 07:38:23,667 - INFO - Verifying images and links...
2026-02-27 07:38:23,668 - INFO - Checking style guidelines...
2026-02-27 07:38:23,680 - WARNING - Potential hyperbole 'perfect' in 04_experimental_setup.md:45
2026-02-27 07:38:23,680 - WARNING - Potential hyperbole 'perfect' in 04_experimental_setup.md:49
2026-02-27 07:38:23,681 - WARNING - Potential hyperbole 'perfect' in 04_experimental_setup.md:105
2026-02-27 07:38:23,682 - WARNING - Potential hyperbole 'perfect' in 05_results.md:94
2026-02-27 07:38:23,702 - INFO - Checking table formatting...
2026-02-27 07:38:23,704 - INFO - Checking for duplicate labels...
2026-02-27 07:38:23,704 - INFO - Checking figure accessibility...
2026-02-27 07:38:23,705 - INFO - ----------------------------------------
2026-02-27 07:38:23,705 - INFO - Verification Summary:
2026-02-27 07:38:23,705 - INFO - Files          : PASS
2026-02-27 07:38:23,705 - INFO - Citations      : PASS
2026-02-27 07:38:23,705 - INFO - Labels/Refs    : PASS
2026-02-27 07:38:23,705 - INFO - Images/Links   : PASS
2026-02-27 07:38:23,705 - INFO - Style          : PASS
2026-02-27 07:38:23,705 - INFO - Table Format   : PASS
2026-02-27 07:38:23,705 - INFO - Duplicate Labels: PASS
2026-02-27 07:38:23,705 - INFO - Fig Accessibility: PASS
2026-02-27 07:38:23,705 - INFO - ----------------------------------------
2026-02-27 07:38:23,705 - INFO - All checks passed successfully.
2026-02-27 07:38:48,340 - INFO - Starting verification on /Users/4d/Documents/GitHub/template/projects/cognitive_integrity/cogsec_multiagent_2_computational/manuscript...
2026-02-27 07:38:48,341 - INFO - Checking file existence...
2026-02-27 07:38:48,341 - INFO - Verifying citations...
2026-02-27 07:38:48,341 - INFO - Found 72 bibliography entries.
2026-02-27 07:38:48,341 - INFO - Verifying definition labels and references...
2026-02-27 07:38:48,342 - INFO - Verifying images and links...
2026-02-27 07:38:48,343 - INFO - Checking style guidelines...
2026-02-27 07:38:48,354 - WARNING - Potential hyperbole 'perfect' in 04_experimental_setup.md:45
2026-02-27 07:38:48,354 - WARNING - Potential hyperbole 'perfect' in 04_experimental_setup.md:49
2026-02-27 07:38:48,355 - WARNING - Potential hyperbole 'perfect' in 04_experimental_setup.md:105
2026-02-27 07:38:48,357 - WARNING - Potential hyperbole 'perfect' in 05_results.md:94
2026-02-27 07:38:48,377 - INFO - Checking table formatting...
2026-02-27 07:38:48,378 - INFO - Checking for duplicate labels...
2026-02-27 07:38:48,379 - INFO - Checking figure accessibility...
2026-02-27 07:38:48,379 - INFO - ----------------------------------------
2026-02-27 07:38:48,379 - INFO - Verification Summary:
2026-02-27 07:38:48,379 - INFO - Files          : PASS
2026-02-27 07:38:48,379 - INFO - Citations      : PASS
2026-02-27 07:38:48,379 - INFO - Labels/Refs    : PASS
2026-02-27 07:38:48,379 - INFO - Images/Links   : PASS
2026-02-27 07:38:48,379 - INFO - Style          : PASS
2026-02-27 07:38:48,379 - INFO - Table Format   : PASS
2026-02-27 07:38:48,379 - INFO - Duplicate Labels: PASS
2026-02-27 07:38:48,379 - INFO - Fig Accessibility: PASS
2026-02-27 07:38:48,379 - INFO - ----------------------------------------
2026-02-27 07:38:48,379 - INFO - All checks passed successfully.
2026-02-27 08:54:58,877 - INFO - Starting verification on /Users/4d/Documents/GitHub/template/projects/cognitive_integrity/cogsec_multiagent_1_theory/manuscript...
2026-02-27 08:54:58,878 - INFO - Checking file existence...
2026-02-27 08:54:58,878 - INFO - Verifying citations...
2026-02-27 08:54:58,878 - INFO - Found 86 bibliography entries.
2026-02-27 08:54:58,882 - INFO - Verifying definition labels and references...
2026-02-27 08:54:58,884 - INFO - Verifying images and links...
2026-02-27 08:54:58,886 - INFO - Checking style guidelines...
2026-02-27 08:54:58,940 - WARNING - Potential hyperbole 'perfect' in S02_eusocial_cogsec.md:116
2026-02-27 08:54:58,948 - INFO - ----------------------------------------
2026-02-27 08:54:58,948 - INFO - Verification Summary:
2026-02-27 08:54:58,948 - INFO - Files          : PASS
2026-02-27 08:54:58,948 - INFO - Citations      : PASS
2026-02-27 08:54:58,948 - INFO - Labels/Refs    : PASS
2026-02-27 08:54:58,948 - INFO - Images/Links   : PASS
2026-02-27 08:54:58,949 - INFO - Style          : PASS
2026-02-27 08:54:58,949 - INFO - ----------------------------------------
2026-02-27 08:54:58,949 - INFO - All checks passed successfully.
2026-02-27 08:56:24,404 - INFO - Starting verification on /Users/4d/Documents/GitHub/template/projects/cognitive_integrity/cogsec_multiagent_2_computational/manuscript...
2026-02-27 08:56:24,404 - INFO - Checking file existence...
2026-02-27 08:56:24,404 - INFO - Verifying citations...
2026-02-27 08:56:24,405 - INFO - Found 72 bibliography entries.
2026-02-27 08:56:24,405 - INFO - Verifying definition labels and references...
2026-02-27 08:56:24,406 - INFO - Verifying images and links...
2026-02-27 08:56:24,407 - INFO - Checking style guidelines...
2026-02-27 08:56:24,418 - WARNING - Potential hyperbole 'perfect' in 04_experimental_setup.md:45
2026-02-27 08:56:24,418 - WARNING - Potential hyperbole 'perfect' in 04_experimental_setup.md:49
2026-02-27 08:56:24,419 - WARNING - Potential hyperbole 'perfect' in 04_experimental_setup.md:105
2026-02-27 08:56:24,420 - WARNING - Potential hyperbole 'perfect' in 05_results.md:94
2026-02-27 08:56:24,441 - INFO - Checking table formatting...
2026-02-27 08:56:24,442 - INFO - Checking for duplicate labels...
2026-02-27 08:56:24,443 - INFO - Checking figure accessibility...
2026-02-27 08:56:24,443 - INFO - ----------------------------------------
2026-02-27 08:56:24,443 - INFO - Verification Summary:
2026-02-27 08:56:24,443 - INFO - Files          : PASS
2026-02-27 08:56:24,443 - INFO - Citations      : PASS
2026-02-27 08:56:24,443 - INFO - Labels/Refs    : PASS
2026-02-27 08:56:24,444 - INFO - Images/Links   : PASS
2026-02-27 08:56:24,444 - INFO - Style          : PASS
2026-02-27 08:56:24,444 - INFO - Table Format   : PASS
2026-02-27 08:56:24,444 - INFO - Duplicate Labels: PASS
2026-02-27 08:56:24,444 - INFO - Fig Accessibility: PASS
2026-02-27 08:56:24,444 - INFO - ----------------------------------------
2026-02-27 08:56:24,444 - INFO - All checks passed successfully.
2026-02-27 08:57:38,899 - INFO - Starting verification on /Users/4d/Documents/GitHub/template/projects/cognitive_integrity/cogsec_multiagent_3_practical/manuscript...
2026-02-27 08:57:38,899 - INFO - Checking file existence...
2026-02-27 08:57:38,899 - INFO - Verifying citations...
2026-02-27 08:57:38,900 - INFO - Found 63 bibliography entries.
2026-02-27 08:57:38,902 - INFO - Verifying definition labels and references...
2026-02-27 08:57:38,903 - INFO - Verifying images and links...
2026-02-27 08:57:38,903 - INFO - Checking style guidelines...
2026-02-27 08:57:38,911 - INFO - ----------------------------------------
2026-02-27 08:57:38,911 - INFO - Verification Summary:
2026-02-27 08:57:38,911 - INFO - Files          : PASS
2026-02-27 08:57:38,911 - INFO - Citations      : PASS
2026-02-27 08:57:38,911 - INFO - Labels/Refs    : PASS
2026-02-27 08:57:38,911 - INFO - Images/Links   : PASS
2026-02-27 08:57:38,911 - INFO - Style          : PASS
2026-02-27 08:57:38,911 - INFO - ----------------------------------------
2026-02-27 08:57:38,911 - INFO - All checks passed successfully.
