[2026-04-03 08:39:43,246] [INFO] ✓ Stage 1 completed successfully (0.0s)
[2026-04-03 08:39:43,246] [INFO] 
[2026-04-03 08:39:43,246] [INFO] [2/8] Environment Setup (25% complete)
[2026-04-03 08:39:43,246] [INFO]   Elapsed: 0s | ETA: 0s
[2026-04-03 08:39:43,246] [INFO] ━━━━━━━━━━━━━━━━━━━━━━━━━━━━━━━━━━━━━━━━━━━━━━
[2026-04-03 08:39:45,156] [INFO] ✓ Stage 2 completed successfully (1.9s)
[2026-04-03 08:39:45,157] [INFO] 
[2026-04-03 08:39:45,157] [INFO] [3/8] Project Tests (37% complete)
[2026-04-03 08:39:45,157] [INFO]   Elapsed: 1s | ETA: 3s
[2026-04-03 08:39:45,157] [INFO] ━━━━━━━━━━━━━━━━━━━━━━━━━━━━━━━━━━━━━━━━━━━━━━
[2026-04-03 08:39:53,492] [INFO] ✓ Stage 3 completed successfully (8.3s)
[2026-04-03 08:39:53,493] [INFO] 
[2026-04-03 08:39:53,493] [INFO] [4/8] Project Analysis (50% complete)
[2026-04-03 08:39:53,493] [INFO]   Elapsed: 10s | ETA: 10s
[2026-04-03 08:39:53,493] [INFO] ━━━━━━━━━━━━━━━━━━━━━━━━━━━━━━━━━━━━━━━━━━━━━━
[2026-04-03 08:40:00,852] [INFO] ✓ Stage 4 completed successfully (7.4s)
[2026-04-03 08:40:00,853] [INFO] 
[2026-04-03 08:40:00,853] [INFO] [5/8] PDF Rendering (62% complete)
[2026-04-03 08:40:00,853] [INFO]   Elapsed: 17s | ETA: 10s
[2026-04-03 08:40:00,853] [INFO] ━━━━━━━━━━━━━━━━━━━━━━━━━━━━━━━━━━━━━━━━━━━━━━
[2026-04-03 08:40:48,738] [INFO] ✓ Stage 5 completed successfully (47.9s)
[2026-04-03 08:40:48,739] [INFO] 
[2026-04-03 08:40:48,739] [INFO] [6/8] Output Validation (75% complete)
[2026-04-03 08:40:48,739] [INFO]   Elapsed: 1m 5s | ETA: 21s
[2026-04-03 08:40:48,739] [INFO] ━━━━━━━━━━━━━━━━━━━━━━━━━━━━━━━━━━━━━━━━━━━━━━
[2026-04-03 08:40:49,195] [INFO] ✓ Stage 6 completed successfully (0.5s)
[2026-04-03 08:40:49,196] [INFO] 
[2026-04-03 08:40:49,196] [INFO] [7/8] Copy Outputs (87% complete)
[2026-04-03 08:40:49,196] [INFO]   Elapsed: 1m 5s | ETA: 9s
[2026-04-03 08:40:49,196] [INFO] ━━━━━━━━━━━━━━━━━━━━━━━━━━━━━━━━━━━━━━━━━━━━━━
