[2026-03-23 05:27:08,345] [INFO] Recreated pipeline log file: /Users/4d/Documents/GitHub/template/projects/traditional_newspaper/output/logs/pipeline.log
[2026-03-23 05:27:08,345] [INFO] ✓ Stage 1 completed successfully (0.0s)
[2026-03-23 05:27:08,345] [INFO] 
[2026-03-23 05:27:08,345] [INFO] [2/8] Environment Setup (25% complete)
[2026-03-23 05:27:08,345] [INFO]   Elapsed: 0s | ETA: 0s
[2026-03-23 05:27:08,345] [INFO] ━━━━━━━━━━━━━━━━━━━━━━━━━━━━━━━━━━━━━━━━━━━━━━
[2026-03-23 05:27:09,651] [INFO] ✓ Stage 2 completed successfully (1.3s)
[2026-03-23 05:27:09,652] [INFO] 
[2026-03-23 05:27:09,652] [INFO] [3/8] Project Tests (37% complete)
[2026-03-23 05:27:09,652] [INFO]   Elapsed: 1s | ETA: 2s
[2026-03-23 05:27:09,652] [INFO] ━━━━━━━━━━━━━━━━━━━━━━━━━━━━━━━━━━━━━━━━━━━━━━
[2026-03-23 05:27:22,748] [INFO] ✓ Stage 3 completed successfully (13.1s)
[2026-03-23 05:27:22,748] [INFO] 
[2026-03-23 05:27:22,748] [INFO] [4/8] Project Analysis (50% complete)
[2026-03-23 05:27:22,748] [INFO]   Elapsed: 14s | ETA: 14s
[2026-03-23 05:27:22,748] [INFO] ━━━━━━━━━━━━━━━━━━━━━━━━━━━━━━━━━━━━━━━━━━━━━━
[2026-03-23 05:27:27,018] [INFO] ✓ Stage 4 completed successfully (4.3s)
[2026-03-23 05:27:27,018] [INFO] 
[2026-03-23 05:27:27,018] [INFO] [5/8] PDF Rendering (62% complete)
[2026-03-23 05:27:27,018] [INFO]   Elapsed: 18s | ETA: 11s
[2026-03-23 05:27:27,018] [INFO] ━━━━━━━━━━━━━━━━━━━━━━━━━━━━━━━━━━━━━━━━━━━━━━
[2026-03-23 05:28:45,817] [INFO] ✓ Stage 5 completed successfully (78.8s)
[2026-03-23 05:28:45,818] [INFO] 
[2026-03-23 05:28:45,818] [INFO] [6/8] Output Validation (75% complete)
[2026-03-23 05:28:45,818] [INFO]   Elapsed: 1m 37s | ETA: 32s
[2026-03-23 05:28:45,818] [INFO] ━━━━━━━━━━━━━━━━━━━━━━━━━━━━━━━━━━━━━━━━━━━━━━
[2026-03-23 05:28:46,243] [INFO] ✓ Stage 6 completed successfully (0.4s)
[2026-03-23 05:28:46,243] [INFO] 
[2026-03-23 05:28:46,243] [INFO] [7/8] Copy Outputs (87% complete)
[2026-03-23 05:28:46,243] [INFO]   Elapsed: 1m 37s | ETA: 13s
[2026-03-23 05:28:46,243] [INFO] ━━━━━━━━━━━━━━━━━━━━━━━━━━━━━━━━━━━━━━━━━━━━━━
[2026-03-23 05:28:46,243] [INFO] Running output copying...
