This is XeTeX, Version 3.141592653-2.6-0.999998 (TeX Live 2026) (preloaded format=xelatex)
 \write18 enabled.
entering extended mode
(./_combined_manuscript.tex
LaTeX2e <2025-11-01>
L3 programming layer <2026-01-19>
(/usr/local/texlive/2026/texmf-dist/tex/latex/base/article.cls
Document Class: article 2025/01/22 v1.4n Standard LaTeX document class
(/usr/local/texlive/2026/texmf-dist/tex/latex/base/size10.clo))
(/usr/local/texlive/2026/texmf-dist/tex/latex/xcolor/xcolor.sty
(/usr/local/texlive/2026/texmf-dist/tex/latex/graphics-cfg/color.cfg)
(/usr/local/texlive/2026/texmf-dist/tex/latex/graphics-def/xetex.def)
(/usr/local/texlive/2026/texmf-dist/tex/latex/graphics/mathcolor.ltx))
(/usr/local/texlive/2026/texmf-dist/tex/latex/amsmath/amsmath.sty
For additional information on amsmath, use the `?' option.
(/usr/local/texlive/2026/texmf-dist/tex/latex/amsmath/amstext.sty
(/usr/local/texlive/2026/texmf-dist/tex/latex/amsmath/amsgen.sty))
(/usr/local/texlive/2026/texmf-dist/tex/latex/amsmath/amsbsy.sty)
(/usr/local/texlive/2026/texmf-dist/tex/latex/amsmath/amsopn.sty))
(/usr/local/texlive/2026/texmf-dist/tex/latex/amsfonts/amssymb.sty
(/usr/local/texlive/2026/texmf-dist/tex/latex/amsfonts/amsfonts.sty))
(/usr/local/texlive/2026/texmf-dist/tex/generic/iftex/iftex.sty)
(/usr/local/texlive/2026/texmf-dist/tex/latex/unicode-math/unicode-math.sty
(/usr/local/texlive/2026/texmf-dist/tex/latex/l3kernel/expl3.sty
(/usr/local/texlive/2026/texmf-dist/tex/latex/l3backend/l3backend-xetex.def))
(/usr/local/texlive/2026/texmf-dist/tex/latex/unicode-math/unicode-math-xetex.s
ty (/usr/local/texlive/2026/texmf-dist/tex/latex/l3packages/xparse/xparse.sty)
(/usr/local/texlive/2026/texmf-dist/tex/latex/l3packages/l3keys2e/l3keys2e.sty)
 (/usr/local/texlive/2026/texmf-dist/tex/latex/fontspec/fontspec.sty
(/usr/local/texlive/2026/texmf-dist/tex/latex/fontspec/fontspec-xetex.sty
(/usr/local/texlive/2026/texmf-dist/tex/latex/base/fontenc.sty)
(/usr/local/texlive/2026/texmf-dist/tex/latex/fontspec/fontspec.cfg)))
(/usr/local/texlive/2026/texmf-dist/tex/latex/base/fix-cm.sty
(/usr/local/texlive/2026/texmf-dist/tex/latex/base/ts1enc.def))
(/usr/local/texlive/2026/texmf-dist/tex/latex/unicode-math/unicode-math-table.t
ex))) (/usr/local/texlive/2026/texmf-dist/tex/latex/upquote/upquote.sty
(/usr/local/texlive/2026/texmf-dist/tex/latex/base/textcomp.sty))
(/usr/local/texlive/2026/texmf-dist/tex/latex/microtype/microtype.sty
(/usr/local/texlive/2026/texmf-dist/tex/latex/graphics/keyval.sty)
(/usr/local/texlive/2026/texmf-dist/tex/latex/etoolbox/etoolbox.sty)
(/usr/local/texlive/2026/texmf-dist/tex/latex/microtype/microtype-xetex.def)
(/usr/local/texlive/2026/texmf-dist/tex/latex/microtype/microtype.cfg))
(/usr/local/texlive/2026/texmf-dist/tex/latex/parskip/parskip.sty
(/usr/local/texlive/2026/texmf-dist/tex/latex/kvoptions/kvoptions.sty
(/usr/local/texlive/2026/texmf-dist/tex/generic/ltxcmds/ltxcmds.sty)
(/usr/local/texlive/2026/texmf-dist/tex/latex/kvsetkeys/kvsetkeys.sty)))
(/usr/local/texlive/2026/texmf-dist/tex/latex/tools/longtable.sty)
(/usr/local/texlive/2026/texmf-dist/tex/latex/booktabs/booktabs.sty)
(/usr/local/texlive/2026/texmf-dist/tex/latex/tools/array.sty)
(/usr/local/texlive/2026/texmf-dist/tex/latex/tools/calc.sty)
(/usr/local/texlive/2026/texmf-dist/tex/latex/footnotehyper/footnotehyper.sty)
(/usr/local/texlive/2026/texmf-dist/tex/latex/natbib/natbib.sty)
(/usr/local/texlive/2026/texmf-dist/tex/latex/bookmark/bookmark.sty
(/usr/local/texlive/2026/texmf-dist/tex/latex/hyperref/hyperref.sty
(/usr/local/texlive/2026/texmf-dist/tex/generic/kvdefinekeys/kvdefinekeys.sty)
(/usr/local/texlive/2026/texmf-dist/tex/generic/pdfescape/pdfescape.sty
(/usr/local/texlive/2026/texmf-dist/tex/generic/pdftexcmds/pdftexcmds.sty
(/usr/local/texlive/2026/texmf-dist/tex/generic/infwarerr/infwarerr.sty)))
(/usr/local/texlive/2026/texmf-dist/tex/latex/hycolor/hycolor.sty)
(/usr/local/texlive/2026/texmf-dist/tex/latex/hyperref/nameref.sty
(/usr/local/texlive/2026/texmf-dist/tex/latex/refcount/refcount.sty)
(/usr/local/texlive/2026/texmf-dist/tex/generic/gettitlestring/gettitlestring.s
ty)) (/usr/local/texlive/2026/texmf-dist/tex/generic/stringenc/stringenc.sty)
(/usr/local/texlive/2026/texmf-dist/tex/latex/hyperref/pd1enc.def)
(/usr/local/texlive/2026/texmf-dist/tex/generic/intcalc/intcalc.sty)
(/usr/local/texlive/2026/texmf-dist/tex/latex/hyperref/puenc.def)
(/usr/local/texlive/2026/texmf-dist/tex/latex/url/url.sty)
(/usr/local/texlive/2026/texmf-dist/tex/generic/bitset/bitset.sty
(/usr/local/texlive/2026/texmf-dist/tex/generic/bigintcalc/bigintcalc.sty)))
(/usr/local/texlive/2026/texmf-dist/tex/latex/hyperref/hxetex.def
(/usr/local/texlive/2026/texmf-dist/tex/latex/rerunfilecheck/rerunfilecheck.sty

(/usr/local/texlive/2026/texmf-dist/tex/generic/uniquecounter/uniquecounter.sty
))) (/usr/local/texlive/2026/texmf-dist/tex/latex/bookmark/bkm-dvipdfm.def))
(/usr/local/texlive/2026/texmf-dist/tex/latex/xurl/xurl.sty)
(/usr/local/texlive/2026/texmf-dist/tex/latex/geometry/geometry.sty
(/usr/local/texlive/2026/texmf-dist/tex/generic/iftex/ifvtex.sty))
(/usr/local/texlive/2026/texmf-dist/tex/latex/graphics/graphicx.sty
(/usr/local/texlive/2026/texmf-dist/tex/latex/graphics/graphics.sty
(/usr/local/texlive/2026/texmf-dist/tex/latex/graphics/trig.sty)
(/usr/local/texlive/2026/texmf-dist/tex/latex/graphics-cfg/graphics.cfg)))
(/usr/local/texlive/2026/texmf-dist/tex/latex/tools/multicol.sty)
(./_combined_manuscript.aux)
(/usr/local/texlive/2026/texmf-dist/tex/latex/microtype/mt-LatinModernRoman.cfg
)
*geometry* driver: auto-detecting
*geometry* detected driver: xetex
(/usr/local/texlive/2026/texmf-dist/tex/latex/amsfonts/umsa.fd)
(/usr/local/texlive/2026/texmf-dist/tex/latex/microtype/mt-msa.cfg)
(/usr/local/texlive/2026/texmf-dist/tex/latex/amsfonts/umsb.fd)
(/usr/local/texlive/2026/texmf-dist/tex/latex/microtype/mt-msb.cfg)
(./_combined_manuscript.toc) [1]
Underfull \hbox (badness 10000) in paragraph at lines 139--143
[]\TU/lmr/bx/n/10 Production. \TU/lmr/m/n/10 Rebuild figures with
[2] [3] [4] [5] [6] [7] [8] [9] [10] [11] [12] [13] [14] [15] [16] [17]
Overfull \hbox (15.05052pt too wide) in paragraph at lines 684--697
\TU/lmr/m/n/10 under \TU/lmtt/m/n/10 projects/traditional_newspaper/manuscript/


Overfull \hbox (216.81052pt too wide) in paragraph at lines 684--697
\TU/lmr/m/n/10 are discovered by \TU/lmtt/m/n/10 infrastructure.rendering.manus
cript_discovery.discover_manuscript_files\TU/lmr/m/n/10 ,

Overfull \hbox (51.82051pt too wide) in paragraph at lines 684--697
\TU/lmr/m/n/10 inside \TU/lmtt/m/n/10 infrastructure.rendering.pdf_renderer.PDF
Renderer

Underfull \hbox (badness 6094) in paragraph at lines 684--697
\TU/lmr/m/n/10 from \TU/lmtt/m/n/10 manuscript/preamble.md\TU/lmr/m/n/10 ; colu
mn separa-

Underfull \hbox (badness 10000) in paragraph at lines 684--697
\TU/lmr/m/n/10 tion matches \TU/lmtt/m/n/10 src/newspaper/layout_spec.py

Underfull \hbox (badness 10000) in paragraph at lines 698--707
[]\TU/lmr/m/n/10 The masthead PNG is produced by

Underfull \hbox (badness 10000) in paragraph at lines 698--707
\TU/lmtt/m/n/10 scripts/generate_masthead.py \TU/lmr/m/n/10 calling

Underfull \hbox (badness 10000) in paragraph at lines 698--707
\TU/lmtt/m/n/10 newspaper.masthead.render_masthead_png \TU/lmr/m/n/10 dur-

Underfull \hbox (badness 10000) in paragraph at lines 698--707
\TU/lmr/m/n/10 override banner text without editing Python.

Underfull \hbox (badness 7116) in paragraph at lines 698--707
\TU/lmr/m/n/10 ure~[][]1[][]. A companion schematic ships from

Underfull \hbox (badness 10000) in paragraph at lines 698--707
\TU/lmtt/m/n/10 scripts/generate_layout_schematic.py \TU/lmr/m/n/10 via

Overfull \hbox (21.06055pt too wide) in paragraph at lines 708--716
[]\TU/lmr/bx/n/10 Stage ordering (core pipeline). \TU/lmtt/m/n/10 execute_pipel
ine.py

Underfull \hbox (badness 10000) in paragraph at lines 708--716
\TU/lmr/m/n/10 into \TU/lmtt/m/n/10 projects/traditional_newspaper/output/\TU/l
mr/m/n/10 ;

Underfull \hbox (badness 10000) in paragraph at lines 708--716
\TU/lmr/m/n/10 copy stages mirror selected artifacts into

Overfull \hbox (15.74387pt too wide) in paragraph at lines 725--731
[]\TU/lmr/bx/n/10 Word counts. \TU/lmtt/m/n/10 scripts/report_manuscript_stats.
py

Underfull \hbox (badness 10000) in paragraph at lines 752--758
\TU/lmtt/m/n/10 docs/operational/config/checkpoint-resume.md

Underfull \hbox (badness 10000) in paragraph at lines 771--775
[]\TU/lmr/bx/n/10 BibTeX keys. \TU/lmtt/m/n/10 template2026gazette \TU/lmr/m/n/
10 in

Overfull \hbox (93.00722pt too wide) in paragraph at lines 776--783
[]\TU/lmr/bx/n/10 Figure path normalization. \TU/lmtt/m/n/10 _pdf_tex_transform
s.fix_figure_paths

Underfull \hbox (badness 7576) in paragraph at lines 776--783
\TU/lmr/m/n/10 rewrites \TU/lmtt/m/n/10 ../figures/ \TU/lmr/m/n/10 to \TU/lmtt/
m/n/10 ../figures/ \TU/lmr/m/n/10 relative

Underfull \hbox (badness 10000) in paragraph at lines 776--783
\TU/lmr/m/n/10 If you add figures, place PNGs under

Underfull \hbox (badness 10000) in paragraph at lines 776--783
\TU/lmtt/m/n/10 projects/traditional_newspaper/../figures/

Overfull \hbox (74.37251pt too wide) in paragraph at lines 776--783
\TU/lmr/m/n/10 before copy, or under final \TU/lmtt/m/n/10 output/traditional_n
ewspaper/figures/

Underfull \hbox (badness 10000) in paragraph at lines 794--802
[]\TU/lmr/bx/n/10 Handover checklist (extended). \TU/lmr/m/n/10 Before

Underfull \hbox (badness 6284) in paragraph at lines 794--802
\TU/lmr/m/n/10 merging a layout change, capture: (1) \TU/lmtt/m/n/10 git

Underfull \hbox (badness 10000) in paragraph at lines 794--802
\TU/lmtt/m/n/10 diff \TU/lmr/m/n/10 on \TU/lmtt/m/n/10 preamble.md \TU/lmr/m/n/
10 and \TU/lmtt/m/n/10 layout_spec.py\TU/lmr/m/n/10 ,

Underfull \hbox (badness 10000) in paragraph at lines 794--802
\TU/lmr/m/n/10 (2) regenerated \TU/lmtt/m/n/10 layout_schematic.png \TU/lmr/m/n
/10 if con-
[18] [19]
Underfull \hbox (badness 10000) in paragraph at lines 846--850
\TU/lmr/m/n/10 specific hyphenation tables. Set \TU/lmtt/m/n/10 babel \TU/lmr/m
/n/10 or

Overfull \hbox (76.6739pt too wide) in paragraph at lines 856--861
[]\TU/lmr/bx/n/10 Small caps and section rails. \TU/lmtt/m/n/10 newspaper.snipp
ets.section_label
[20]
Underfull \hbox (badness 10000) in paragraph at lines 974--979
[]\TU/lmr/bx/n/10 Markdown validation. \TU/lmr/m/n/10 Run \TU/lmtt/m/n/10 pytho
n3 -m

Underfull \hbox (badness 10000) in paragraph at lines 974--979
\TU/lmtt/m/n/10 infrastructure.validation.cli markdown

Underfull \hbox (badness 10000) in paragraph at lines 974--979
\TU/lmtt/m/n/10 projects/traditional_newspaper/manuscript/

Underfull \hbox (badness 10000) in paragraph at lines 980--985
[]\TU/lmr/bx/n/10 PDF validation. \TU/lmr/m/n/10 After render, \TU/lmtt/m/n/10 
python3

Underfull \hbox (badness 10000) in paragraph at lines 980--985
\TU/lmtt/m/n/10 -m infrastructure.validation.cli pdf

Overfull \hbox (113.57051pt too wide) in paragraph at lines 986--992
\TU/lmr/m/n/10 ten lands at \TU/lmtt/m/n/10 output/traditional_newspaper/pdf/_c
ombined_manuscript.md

Underfull \hbox (badness 10000) in paragraph at lines 986--992
\TU/lmr/m/n/10 during debugging; the compiled PDF is

Underfull \hbox (badness 10000) in paragraph at lines 986--992
\TU/lmtt/m/n/10 traditional_newspaper_combined.pdf \TU/lmr/m/n/10 (exact

Underfull \hbox (badness 10000) in paragraph at lines 999--1003
[]\TU/lmr/bx/n/10 Slides. \TU/lmr/m/n/10 Beamer slides per stem land in

Overfull \hbox (55.87941pt too wide) in paragraph at lines 1004--1008
\TU/lmr/m/n/10 reads that JSON and writes \TU/lmtt/m/n/10 ../figures/wordcount_
bars_bw.png
[21]
Underfull \hbox (badness 10000) in paragraph at lines 1076--1081
\TU/lmr/m/n/10 lease: all tests green, markdown validation
[22]
Overfull \hbox (33.35754pt too wide) in paragraph at lines 1160--1160
[]|\TU/lmr/bx/n/10 MANUSCRIPT_OPTIONAL_FILENAMES|  
[23] (./_combined_manuscript.bbl) [24] (./_combined_manuscript.aux) )
(see the transcript file for additional information)
Output written on _combined_manuscript.pdf (24 pages).
Transcript written on _combined_manuscript.log.
