[2026-05-21 17:49:05,932] [INFO] ✓ Stage 1 completed successfully (0.0s)
[2026-05-21 17:49:05,939] [INFO] 
[2026-05-21 17:49:05,939] [INFO] [2/10] Environment Setup (20% complete)
[2026-05-21 17:49:05,939] [INFO]   Elapsed: 0s | ETA: 0s
[2026-05-21 17:49:05,939] [INFO] ━━━━━━━━━━━━━━━━━━━━━━━━━━━━━━━━━━━━━━━━━━━━━━
[2026-05-21 17:49:07,543] [INFO] ✓ Stage 2 completed successfully (1.6s)
[2026-05-21 17:49:07,546] [INFO] 
[2026-05-21 17:49:07,546] [INFO] [3/10] Project Tests (30% complete)
[2026-05-21 17:49:07,546] [INFO]   Elapsed: 1s | ETA: 3s
[2026-05-21 17:49:07,546] [INFO] ━━━━━━━━━━━━━━━━━━━━━━━━━━━━━━━━━━━━━━━━━━━━━━
[2026-05-21 17:49:17,754] [INFO] ✓ Stage 3 completed successfully (10.2s)
[2026-05-21 17:49:17,758] [INFO] 
[2026-05-21 17:49:17,758] [INFO] [4/10] Project Analysis (40% complete)
[2026-05-21 17:49:17,758] [INFO]   Elapsed: 11s | ETA: 17s
[2026-05-21 17:49:17,758] [INFO] ━━━━━━━━━━━━━━━━━━━━━━━━━━━━━━━━━━━━━━━━━━━━━━
[2026-05-21 17:49:20,110] [INFO] ✓ Stage 4 completed successfully (2.4s)
[2026-05-21 17:49:20,121] [INFO] 
[2026-05-21 17:49:20,121] [INFO] [5/10] PDF Rendering (50% complete)
[2026-05-21 17:49:20,121] [INFO]   Elapsed: 14s | ETA: 14s
[2026-05-21 17:49:20,121] [INFO] ━━━━━━━━━━━━━━━━━━━━━━━━━━━━━━━━━━━━━━━━━━━━━━
[2026-05-21 17:50:24,736] [INFO] ✓ Stage 5 completed successfully (64.6s)
[2026-05-21 17:50:24,772] [INFO] 
[2026-05-21 17:50:24,772] [INFO] [6/10] Output Validation (60% complete)
[2026-05-21 17:50:24,772] [INFO]   Elapsed: 1m 18s | ETA: 52s
[2026-05-21 17:50:24,772] [INFO] ━━━━━━━━━━━━━━━━━━━━━━━━━━━━━━━━━━━━━━━━━━━━━━
[2026-05-21 17:50:25,884] [INFO] ✓ Stage 6 completed successfully (1.1s)
[2026-05-21 17:50:25,916] [INFO] 
[2026-05-21 17:50:25,916] [INFO] [7/10] Copy Outputs (70% complete)
[2026-05-21 17:50:25,916] [INFO]   Elapsed: 1m 20s | ETA: 34s
[2026-05-21 17:50:25,916] [INFO] ━━━━━━━━━━━━━━━━━━━━━━━━━━━━━━━━━━━━━━━━━━━━━━
