This is XeTeX, Version 3.141592653-2.6-0.999998 (TeX Live 2026) (preloaded format=xelatex)
 \write18 enabled.
entering extended mode
(./_combined_manuscript.tex
LaTeX2e <2025-11-01>
L3 programming layer <2026-01-19>
(/usr/local/texlive/2026/texmf-dist/tex/latex/base/article.cls
Document Class: article 2025/01/22 v1.4n Standard LaTeX document class
(/usr/local/texlive/2026/texmf-dist/tex/latex/base/size10.clo))
(/usr/local/texlive/2026/texmf-dist/tex/latex/xcolor/xcolor.sty
(/usr/local/texlive/2026/texmf-dist/tex/latex/graphics-cfg/color.cfg)
(/usr/local/texlive/2026/texmf-dist/tex/latex/graphics-def/xetex.def)
(/usr/local/texlive/2026/texmf-dist/tex/latex/graphics/mathcolor.ltx))
(/usr/local/texlive/2026/texmf-dist/tex/latex/amsmath/amsmath.sty
For additional information on amsmath, use the `?' option.
(/usr/local/texlive/2026/texmf-dist/tex/latex/amsmath/amstext.sty
(/usr/local/texlive/2026/texmf-dist/tex/latex/amsmath/amsgen.sty))
(/usr/local/texlive/2026/texmf-dist/tex/latex/amsmath/amsbsy.sty)
(/usr/local/texlive/2026/texmf-dist/tex/latex/amsmath/amsopn.sty))
(/usr/local/texlive/2026/texmf-dist/tex/latex/amsfonts/amssymb.sty
(/usr/local/texlive/2026/texmf-dist/tex/latex/amsfonts/amsfonts.sty))
(/usr/local/texlive/2026/texmf-dist/tex/generic/iftex/iftex.sty)
(/usr/local/texlive/2026/texmf-dist/tex/latex/unicode-math/unicode-math.sty
(/usr/local/texlive/2026/texmf-dist/tex/latex/l3kernel/expl3.sty
(/usr/local/texlive/2026/texmf-dist/tex/latex/l3backend/l3backend-xetex.def))
(/usr/local/texlive/2026/texmf-dist/tex/latex/unicode-math/unicode-math-xetex.s
ty (/usr/local/texlive/2026/texmf-dist/tex/latex/l3packages/xparse/xparse.sty)
(/usr/local/texlive/2026/texmf-dist/tex/latex/l3packages/l3keys2e/l3keys2e.sty)
 (/usr/local/texlive/2026/texmf-dist/tex/latex/fontspec/fontspec.sty
(/usr/local/texlive/2026/texmf-dist/tex/latex/fontspec/fontspec-xetex.sty
(/usr/local/texlive/2026/texmf-dist/tex/latex/base/fontenc.sty)
(/usr/local/texlive/2026/texmf-dist/tex/latex/fontspec/fontspec.cfg)))
(/usr/local/texlive/2026/texmf-dist/tex/latex/base/fix-cm.sty
(/usr/local/texlive/2026/texmf-dist/tex/latex/base/ts1enc.def))
(/usr/local/texlive/2026/texmf-dist/tex/latex/unicode-math/unicode-math-table.t
ex))) (/usr/local/texlive/2026/texmf-dist/tex/latex/upquote/upquote.sty
(/usr/local/texlive/2026/texmf-dist/tex/latex/base/textcomp.sty))
(/usr/local/texlive/2026/texmf-dist/tex/latex/microtype/microtype.sty
(/usr/local/texlive/2026/texmf-dist/tex/latex/graphics/keyval.sty)
(/usr/local/texlive/2026/texmf-dist/tex/latex/etoolbox/etoolbox.sty)
(/usr/local/texlive/2026/texmf-dist/tex/latex/microtype/microtype-xetex.def)
(/usr/local/texlive/2026/texmf-dist/tex/latex/microtype/microtype.cfg))
(/usr/local/texlive/2026/texmf-dist/tex/latex/parskip/parskip.sty
(/usr/local/texlive/2026/texmf-dist/tex/latex/kvoptions/kvoptions.sty
(/usr/local/texlive/2026/texmf-dist/tex/generic/ltxcmds/ltxcmds.sty)
(/usr/local/texlive/2026/texmf-dist/tex/latex/kvsetkeys/kvsetkeys.sty)))
(/usr/local/texlive/2026/texmf-dist/tex/latex/fancyvrb/fancyvrb.sty)
(/usr/local/texlive/2026/texmf-dist/tex/latex/tools/longtable.sty)
(/usr/local/texlive/2026/texmf-dist/tex/latex/booktabs/booktabs.sty)
(/usr/local/texlive/2026/texmf-dist/tex/latex/tools/array.sty)
(/usr/local/texlive/2026/texmf-dist/tex/latex/tools/calc.sty)
(/usr/local/texlive/2026/texmf-dist/tex/latex/footnotehyper/footnotehyper.sty)
(/usr/local/texlive/2026/texmf-dist/tex/latex/graphics/graphicx.sty
(/usr/local/texlive/2026/texmf-dist/tex/latex/graphics/graphics.sty
(/usr/local/texlive/2026/texmf-dist/tex/latex/graphics/trig.sty)
(/usr/local/texlive/2026/texmf-dist/tex/latex/graphics-cfg/graphics.cfg)))
(/usr/local/texlive/2026/texmf-dist/tex/latex/natbib/natbib.sty)
(/usr/local/texlive/2026/texmf-dist/tex/latex/caption/subcaption.sty
(/usr/local/texlive/2026/texmf-dist/tex/latex/caption/caption.sty
(/usr/local/texlive/2026/texmf-dist/tex/latex/caption/caption3.sty)
(/usr/local/texlive/2026/texmf-dist/tex/latex/caption/ltcaption.sty)))
(/usr/local/texlive/2026/texmf-dist/tex/latex/float/float.sty)
(/usr/local/texlive/2026/texmf-dist/tex/latex/bookmark/bookmark.sty
(/usr/local/texlive/2026/texmf-dist/tex/latex/hyperref/hyperref.sty
(/usr/local/texlive/2026/texmf-dist/tex/generic/kvdefinekeys/kvdefinekeys.sty)
(/usr/local/texlive/2026/texmf-dist/tex/generic/pdfescape/pdfescape.sty
(/usr/local/texlive/2026/texmf-dist/tex/generic/pdftexcmds/pdftexcmds.sty
(/usr/local/texlive/2026/texmf-dist/tex/generic/infwarerr/infwarerr.sty)))
(/usr/local/texlive/2026/texmf-dist/tex/latex/hycolor/hycolor.sty)
(/usr/local/texlive/2026/texmf-dist/tex/latex/hyperref/nameref.sty
(/usr/local/texlive/2026/texmf-dist/tex/latex/refcount/refcount.sty)
(/usr/local/texlive/2026/texmf-dist/tex/generic/gettitlestring/gettitlestring.s
ty)) (/usr/local/texlive/2026/texmf-dist/tex/generic/stringenc/stringenc.sty)
(/usr/local/texlive/2026/texmf-dist/tex/latex/hyperref/pd1enc.def)
(/usr/local/texlive/2026/texmf-dist/tex/generic/intcalc/intcalc.sty)
(/usr/local/texlive/2026/texmf-dist/tex/latex/hyperref/puenc.def)
(/usr/local/texlive/2026/texmf-dist/tex/latex/url/url.sty)
(/usr/local/texlive/2026/texmf-dist/tex/generic/bitset/bitset.sty
(/usr/local/texlive/2026/texmf-dist/tex/generic/bigintcalc/bigintcalc.sty)))
(/usr/local/texlive/2026/texmf-dist/tex/latex/hyperref/hxetex.def
(/usr/local/texlive/2026/texmf-dist/tex/latex/rerunfilecheck/rerunfilecheck.sty

(/usr/local/texlive/2026/texmf-dist/tex/generic/uniquecounter/uniquecounter.sty
))) (/usr/local/texlive/2026/texmf-dist/tex/latex/bookmark/bkm-dvipdfm.def))
(/usr/local/texlive/2026/texmf-dist/tex/latex/xurl/xurl.sty)
(/usr/local/texlive/2026/texmf-dist/tex/latex/seqsplit/seqsplit.sty)
(/usr/local/texlive/2026/texmf-dist/tex/latex/amscls/amsthm.sty)
(/usr/local/texlive/2026/texmf-dist/tex/latex/geometry/geometry.sty
(/usr/local/texlive/2026/texmf-dist/tex/generic/iftex/ifvtex.sty))
(/usr/local/texlive/2026/texmf-dist/tex/latex/cleveref/cleveref.sty)
==> First Aid for cleveref.sty applied!
(./_combined_manuscript.aux)
(/usr/local/texlive/2026/texmf-dist/tex/latex/microtype/mt-LatinModernRoman.cfg
)
*geometry* driver: auto-detecting
*geometry* detected driver: xetex
[1] (./_combined_manuscript.toc
(/usr/local/texlive/2026/texmf-dist/tex/latex/amsfonts/umsa.fd)
(/usr/local/texlive/2026/texmf-dist/tex/latex/microtype/mt-msa.cfg)
(/usr/local/texlive/2026/texmf-dist/tex/latex/amsfonts/umsb.fd)
(/usr/local/texlive/2026/texmf-dist/tex/latex/microtype/mt-msb.cfg) [1])
[2] [3] [4] [5] [6]
Overfull \hbox (20.66037pt too wide) in paragraph at lines 711--711
[]|\TU/lmr/m/n/10 manuscript/config.yaml|

Overfull \hbox (4.56999pt too wide) in paragraph at lines 712--712
[]|\TU/lmr/m/n/10 GoldRefinementConfig|

Overfull \hbox (16.34036pt too wide) in paragraph at lines 713--713
[]|\TU/lmr/m/n/10 GoldRefinementConfig|

Overfull \hbox (16.34036pt too wide) in paragraph at lines 715--715
[]|\TU/lmr/m/n/10 GoldRefinementConfig|

Overfull \hbox (15.76036pt too wide) in paragraph at lines 723--724
[]|\TU/lmr/m/n/10 tests/test_integrity.py|

Overfull \hbox (32.19037pt too wide) in paragraph at lines 724--725
\TU/lmr/m/n/10 manuscript_variables.json|

Overfull \hbox (0.67036pt too wide) in paragraph at lines 727--727
[]|\TU/lmr/m/n/10 output/manuscript|
[7]
Overfull \hbox (34.92613pt too wide) in paragraph at lines 810--811
[]|\TU/lmr/m/n/10 tests/test_manuscript_variables.py|

Overfull \hbox (73.61613pt too wide) in paragraph at lines 814--815
[]|\TU/lmr/m/n/10 output/reports/claim_support_registry.json|

Overfull \hbox (17.40613pt too wide) in paragraph at lines 816--817
[]|\TU/lmr/m/n/10 tests/test_registry_integrity.py|

Overfull \hbox (15.92613pt too wide) in paragraph at lines 818--819
[]|\TU/lmr/m/n/10 infrastructure.reference.citation
[8] [9]
Overfull \hbox (59.84734pt too wide) in paragraph at lines 1012--1012
[]|\TU/lmr/m/n/10 AUTHORING_BOUNDARY_TERM_1|

Overfull \hbox (206.94052pt too wide) in paragraph at lines 1014--1015
[]|\TU/lmr/m/n/10 manuscript/config.yaml#gold_refinement.lexicon.boundary_terms
[1]|

Overfull \hbox (59.84734pt too wide) in paragraph at lines 1015--1015
[]|\TU/lmr/m/n/10 AUTHORING_BOUNDARY_TERM_2|

Overfull \hbox (206.94052pt too wide) in paragraph at lines 1017--1018
[]|\TU/lmr/m/n/10 manuscript/config.yaml#gold_refinement.lexicon.boundary_terms
[4]|

Overfull \hbox (57.84734pt too wide) in paragraph at lines 1018--1018
[]|\TU/lmr/m/n/10 DISCUSSION_BOUNDARY_TERM_1|

Overfull \hbox (206.94052pt too wide) in paragraph at lines 1020--1021
[]|\TU/lmr/m/n/10 manuscript/config.yaml#gold_refinement.lexicon.boundary_terms
[2]|

Overfull \hbox (57.84734pt too wide) in paragraph at lines 1021--1021
[]|\TU/lmr/m/n/10 DISCUSSION_BOUNDARY_TERM_2|

Overfull \hbox (206.94052pt too wide) in paragraph at lines 1023--1024
[]|\TU/lmr/m/n/10 manuscript/config.yaml#gold_refinement.lexicon.boundary_terms
[3]|

Overfull \hbox (54.10733pt too wide) in paragraph at lines 1024--1024
[]|\TU/lmr/m/n/10 DISCUSSION_REFINEMENT_VERB|

Overfull \hbox (209.4205pt too wide) in paragraph at lines 1026--1027
[]|\TU/lmr/m/n/10 manuscript/config.yaml#gold_refinement.lexicon.refinement_ver
bs[3]|

Overfull \hbox (33.33733pt too wide) in paragraph at lines 1027--1027
[]|\TU/lmr/m/n/10 EVALUATION_GATE_TERM_1|

Overfull \hbox (183.5505pt too wide) in paragraph at lines 1028--1029
[]|\TU/lmr/m/n/10 manuscript/config.yaml#gold_refinement.lexicon.gate_terms[0]|


Overfull \hbox (33.33733pt too wide) in paragraph at lines 1029--1029
[]|\TU/lmr/m/n/10 EVALUATION_GATE_TERM_2|

Overfull \hbox (183.5505pt too wide) in paragraph at lines 1031--1032
[]|\TU/lmr/m/n/10 manuscript/config.yaml#gold_refinement.lexicon.gate_terms[3]|


Overfull \hbox (29.42732pt too wide) in paragraph at lines 1032--1032
[]|\TU/lmr/m/n/10 INTRO_INTEGRITY_TERM_1|

Overfull \hbox (202.2005pt too wide) in paragraph at lines 1034--1035
[]|\TU/lmr/m/n/10 manuscript/config.yaml#gold_refinement.lexicon.integrity_term
s[1]|

Overfull \hbox (29.42732pt too wide) in paragraph at lines 1035--1035
[]|\TU/lmr/m/n/10 INTRO_INTEGRITY_TERM_2|

Overfull \hbox (202.2005pt too wide) in paragraph at lines 1037--1038
[]|\TU/lmr/m/n/10 manuscript/config.yaml#gold_refinement.lexicon.integrity_term
s[0]|

Overfull \hbox (12.22733pt too wide) in paragraph at lines 1038--1038
[]|\TU/lmr/m/n/10 METHOD_GATE_TERM_1|

Overfull \hbox (183.5505pt too wide) in paragraph at lines 1039--1040
[]|\TU/lmr/m/n/10 manuscript/config.yaml#gold_refinement.lexicon.gate_terms[1]|


Overfull \hbox (12.22733pt too wide) in paragraph at lines 1040--1040
[]|\TU/lmr/m/n/10 METHOD_GATE_TERM_2|

Overfull \hbox (183.5505pt too wide) in paragraph at lines 1042--1043
[]|\TU/lmr/m/n/10 manuscript/config.yaml#gold_refinement.lexicon.gate_terms[2]|


Overfull \hbox (12.22733pt too wide) in paragraph at lines 1043--1043
[]|\TU/lmr/m/n/10 METHOD_GATE_TERM_3|

Overfull \hbox (183.5505pt too wide) in paragraph at lines 1044--1045
[]|\TU/lmr/m/n/10 manuscript/config.yaml#gold_refinement.lexicon.gate_terms[3]|


Overfull \hbox (53.12733pt too wide) in paragraph at lines 1045--1045
[]|\TU/lmr/m/n/10 METHOD_MANUSCRIPT_TERM_1|

Overfull \hbox (213.9205pt too wide) in paragraph at lines 1047--1048
[]|\TU/lmr/m/n/10 manuscript/config.yaml#gold_refinement.lexicon.manuscript_ter
ms[4]|

Overfull \hbox (53.12733pt too wide) in paragraph at lines 1048--1048
[]|\TU/lmr/m/n/10 METHOD_MANUSCRIPT_TERM_2|

Overfull \hbox (213.9205pt too wide) in paragraph at lines 1050--1051
[]|\TU/lmr/m/n/10 manuscript/config.yaml#gold_refinement.lexicon.manuscript_ter
ms[4]|

Overfull \hbox (19.79733pt too wide) in paragraph at lines 1051--1051
[]|\TU/lmr/m/n/10 METHOD_METAL_TERM_1|

Overfull \hbox (221.9205pt too wide) in paragraph at lines 1052--1053
[]|\TU/lmr/m/n/10 manuscript/config.yaml#gold_refinement.lexicon.metallurgical_
terms[1]|

Overfull \hbox (19.79733pt too wide) in paragraph at lines 1053--1053
[]|\TU/lmr/m/n/10 METHOD_METAL_TERM_2|

Overfull \hbox (221.9205pt too wide) in paragraph at lines 1054--1055
[]|\TU/lmr/m/n/10 manuscript/config.yaml#gold_refinement.lexicon.metallurgical_
terms[3]|

Overfull \hbox (19.79733pt too wide) in paragraph at lines 1055--1055
[]|\TU/lmr/m/n/10 METHOD_METAL_TERM_3|

Overfull \hbox (221.9205pt too wide) in paragraph at lines 1056--1057
[]|\TU/lmr/m/n/10 manuscript/config.yaml#gold_refinement.lexicon.metallurgical_
terms[2]|

Overfull \hbox (27.29733pt too wide) in paragraph at lines 1057--1057
[]|\TU/lmr/m/n/10 REPRO_EVIDENCE_TERM_1|

Overfull \hbox (202.16052pt too wide) in paragraph at lines 1059--1060
[]|\TU/lmr/m/n/10 manuscript/config.yaml#gold_refinement.lexicon.evidence_terms
[0]|

Overfull \hbox (27.29733pt too wide) in paragraph at lines 1060--1060
[]|\TU/lmr/m/n/10 REPRO_EVIDENCE_TERM_2|

Overfull \hbox (202.16052pt too wide) in paragraph at lines 1062--1063
[]|\TU/lmr/m/n/10 manuscript/config.yaml#gold_refinement.lexicon.evidence_terms
[3]|

Overfull \hbox (36.88733pt too wide) in paragraph at lines 1063--1063
[]|\TU/lmr/m/n/10 RESULTS_EVIDENCE_TERM_1|

Overfull \hbox (202.16052pt too wide) in paragraph at lines 1065--1066
[]|\TU/lmr/m/n/10 manuscript/config.yaml#gold_refinement.lexicon.evidence_terms
[1]|

Overfull \hbox (36.88733pt too wide) in paragraph at lines 1066--1066
[]|\TU/lmr/m/n/10 RESULTS_EVIDENCE_TERM_2|

Overfull \hbox (202.16052pt too wide) in paragraph at lines 1068--1069
[]|\TU/lmr/m/n/10 manuscript/config.yaml#gold_refinement.lexicon.evidence_terms
[3]|

Overfull \hbox (36.88733pt too wide) in paragraph at lines 1069--1069
[]|\TU/lmr/m/n/10 RESULTS_EVIDENCE_TERM_3|

Overfull \hbox (202.16052pt too wide) in paragraph at lines 1071--1072
[]|\TU/lmr/m/n/10 manuscript/config.yaml#gold_refinement.lexicon.evidence_terms
[4]|

Overfull \hbox (12.70734pt too wide) in paragraph at lines 1072--1072
[]|\TU/lmr/m/n/10 RESULTS_PURITY_ADJ_1|

Overfull \hbox (209.96051pt too wide) in paragraph at lines 1073--1074
[]|\TU/lmr/m/n/10 manuscript/config.yaml#gold_refinement.lexicon.purity_adjecti
ves[0]|

Overfull \hbox (12.70734pt too wide) in paragraph at lines 1074--1074
[]|\TU/lmr/m/n/10 RESULTS_PURITY_ADJ_2|

Overfull \hbox (209.96051pt too wide) in paragraph at lines 1075--1076
[]|\TU/lmr/m/n/10 manuscript/config.yaml#gold_refinement.lexicon.purity_adjecti
ves[1]|
 [10] [11] [12]
Overfull \hbox (34.76411pt too wide) in paragraph at lines 1243--1243
[]|\TU/lmr/m/n/10 src/refinery.py::CANONICAL_STAGES|

Overfull \hbox (36.8141pt too wide) in paragraph at lines 1245--1245
[]|\TU/lmr/m/n/10 src/purity.py::assert_monotone_increase|

Overfull \hbox (30.7841pt too wide) in paragraph at lines 1247--1247
[]|\TU/lmr/m/n/10 src/purity.py::NINE_NINES_PURITY|

Overfull \hbox (11.9441pt too wide) in paragraph at lines 1249--1249
[]|\TU/lmr/m/n/10 src/composition.py::_choose_value|

Overfull \hbox (8.79411pt too wide) in paragraph at lines 1251--1251
[]|\TU/lmr/m/n/10 src/formalisms.py::FORMALISMS|

Overfull \hbox (185.19412pt too wide) in paragraph at lines 1254--1254
[]|\TU/lmr/m/n/10 scripts/refinement_analysis.py::CLAIM_SUPPORT_REGISTRY_NAME|


Overfull \hbox (114.0141pt too wide) in paragraph at lines 1259--1259
[]|\TU/lmr/m/n/10 src/figures/diagrams.py::generate_implementation_circuit|

Overfull \hbox (51.76411pt too wide) in paragraph at lines 1263--1263
[]|\TU/lmr/m/n/10 src/integrity.py::build_integrity_dimensions|
 [13]
Overfull \hbox (28.35374pt too wide) in paragraph at lines 1362--1362
[]|\TU/lmr/m/n/10 claim_evidence_assay|

Overfull \hbox (24.43375pt too wide) in paragraph at lines 1364--1364
[]|\TU/lmr/m/n/10 evidence_tier_ladder|

Overfull \hbox (30.32375pt too wide) in paragraph at lines 1366--1366
[]|\TU/lmr/m/n/10 formalism_traceability|

Overfull \hbox (33.57375pt too wide) in paragraph at lines 1368--1368
[]|\TU/lmr/m/n/10 implementation_circuit|

Overfull \hbox (29.71375pt too wide) in paragraph at lines 1370--1370
[]|\TU/lmr/m/n/10 integrity_gate_matrix|

Overfull \hbox (27.30374pt too wide) in paragraph at lines 1372--1372
[]|\TU/lmr/m/n/10 integrity_risk_matrix|

Overfull \hbox (15.56374pt too wide) in paragraph at lines 1375--1375
[]|\TU/lmr/m/n/10 provenance_sankey|

Overfull \hbox (24.76373pt too wide) in paragraph at lines 1377--1377
[]|\TU/lmr/m/n/10 purity_claim_scatter|

Overfull \hbox (13.47374pt too wide) in paragraph at lines 1379--1379
[]|\TU/lmr/m/n/10 purity_progression|
[14] [15] [16] [17] [18]
Overfull \hbox (25.95882pt too wide) in paragraph at lines 1485--1485
[]|\TU/lmr/m/n/10 test_all_manuscript_tokens_are_generated
[19] [20] [21] [22]
Overfull \hbox (5.56102pt too wide) in paragraph at lines 1617--1621
[]\TU/lmr/m/n/10 6 source-owned formalisms with equation labels: eq:purity_func
tional, eq:monotone_refinery, eq:token_digest, eq:claim_support,
[23] [24] [25] [26] [27]
Overfull \hbox (4.80272pt too wide) in paragraph at lines 1963--1964
\TU/lmr/m/n/10 put/data/refinery_results.json|

Overfull \hbox (11.95271pt too wide) in paragraph at lines 1966--1967
[]|\TU/lmr/m/n/10 output/reports/token_plan.json|

Overfull \hbox (9.77272pt too wide) in paragraph at lines 1973--1975
\TU/lmr/m/n/10 ures/integrity_risk_matrix.png|

Overfull \hbox (15.46272pt too wide) in paragraph at lines 1985--1988
[]|\TU/lmr/m/n/10 manuscript/02_methodology.md,

Overfull \hbox (3.67271pt too wide) in paragraph at lines 1985--1988
\TU/lmr/m/n/10 manuscript/04_discussion.md,

Overfull \hbox (3.51273pt too wide) in paragraph at lines 1985--1988
\TU/lmr/m/n/10 manuscript/08_evaluation.md|

Overfull \hbox (23.59273pt too wide) in paragraph at lines 1993--1998
[]|\TU/lmr/m/n/10 manuscript/06_reproducibility.md,

Overfull \hbox (4.90273pt too wide) in paragraph at lines 1993--1998
\TU/lmr/m/n/10 manuscript/08_evaluation.md,

Overfull \hbox (45.80272pt too wide) in paragraph at lines 1993--1998
\TU/lmr/m/n/10 manuscript/09_authoring_contract.md,

Overfull \hbox (25.38272pt too wide) in paragraph at lines 1993--1998
\TU/lmr/m/n/10 put/reports/evidence_registry.json,

Overfull \hbox (22.66272pt too wide) in paragraph at lines 1993--1998
\TU/lmr/m/n/10 put/reports/output_statistics.json|
 [28] [29] [30] (./_combined_manuscript.bbl [31]) [32]
(./_combined_manuscript.aux) )
(see the transcript file for additional information)
Output written on _combined_manuscript.pdf (33 pages).
Transcript written on _combined_manuscript.log.
