[2026-03-06 05:06:02,330] [INFO] Recreated pipeline log file: /Users/4d/Documents/GitHub/template/projects/cognitive_case_diagrams/output/logs/pipeline.log
[2026-03-06 05:06:02,330] [INFO] [infrastructure.core.pipeline] Recreated pipeline log file: /Users/4d/Documents/GitHub/template/projects/cognitive_case_diagrams/output/logs/pipeline.log
[2026-03-06 05:06:02,330] [INFO] ✓ Stage 1 completed successfully (0.0s)
[2026-03-06 05:06:02,330] [INFO] [infrastructure.core.pipeline] ✓ Stage 1 completed successfully (0.0s)
[2026-03-06 05:06:02,331] [INFO] 
[2026-03-06 05:06:02,331] [INFO] [infrastructure.core.pipeline] 
[2026-03-06 05:06:02,331] [INFO] [2/8] Environment Setup (25% complete)
[2026-03-06 05:06:02,331] [INFO] [infrastructure.core.pipeline] [2/8] Environment Setup (25% complete)
[2026-03-06 05:06:02,331] [INFO]   Elapsed: 0s | ETA: 0s
[2026-03-06 05:06:02,331] [INFO] [infrastructure.core.pipeline]   Elapsed: 0s | ETA: 0s
[2026-03-06 05:06:02,331] [INFO] ━━━━━━━━━━━━━━━━━━━━━━━━━━━━━━━━━━━━━━━━━━━━━━
[2026-03-06 05:06:02,331] [INFO] [infrastructure.core.pipeline] ━━━━━━━━━━━━━━━━━━━━━━━━━━━━━━━━━━━━━━━━━━━━━━
[2026-03-06 05:06:02,331] [INFO] [infrastructure.core.logging_utils] Starting: Stage 2: Environment Setup
[2026-03-06 05:06:02,331] [INFO] Running environment setup...
[2026-03-06 05:06:02,331] [INFO] [infrastructure.core.pipeline] Running environment setup...
[2026-03-06 05:06:03,279] [INFO] [infrastructure.core.logging_utils] Completed: Stage 2: Environment Setup (0.9s)
[2026-03-06 05:06:03,279] [INFO] ✓ Stage 2 completed successfully (0.9s)
[2026-03-06 05:06:03,279] [INFO] [infrastructure.core.pipeline] ✓ Stage 2 completed successfully (0.9s)
[2026-03-06 05:06:03,280] [INFO] Skipping stage: Infrastructure Tests
[2026-03-06 05:06:03,280] [INFO] [infrastructure.core.pipeline] Skipping stage: Infrastructure Tests
[2026-03-06 05:06:03,280] [INFO] 
[2026-03-06 05:06:03,280] [INFO] [infrastructure.core.pipeline] 
[2026-03-06 05:06:03,280] [INFO] [3/8] Project Tests (37% complete)
[2026-03-06 05:06:03,280] [INFO] [infrastructure.core.pipeline] [3/8] Project Tests (37% complete)
[2026-03-06 05:06:03,280] [INFO]   Elapsed: 0s | ETA: 1s
[2026-03-06 05:06:03,280] [INFO] [infrastructure.core.pipeline]   Elapsed: 0s | ETA: 1s
[2026-03-06 05:06:03,280] [INFO] ━━━━━━━━━━━━━━━━━━━━━━━━━━━━━━━━━━━━━━━━━━━━━━
[2026-03-06 05:06:03,280] [INFO] [infrastructure.core.pipeline] ━━━━━━━━━━━━━━━━━━━━━━━━━━━━━━━━━━━━━━━━━━━━━━
[2026-03-06 05:06:03,280] [INFO] [infrastructure.core.logging_utils] Starting: Stage 3: Project Tests
[2026-03-06 05:06:03,280] [INFO] Running project tests...
[2026-03-06 05:06:03,280] [INFO] [infrastructure.core.pipeline] Running project tests...
[2026-03-06 05:06:08,780] [INFO] [infrastructure.core.logging_utils] Completed: Stage 3: Project Tests (5.5s)
[2026-03-06 05:06:08,781] [INFO] ✓ Stage 3 completed successfully (5.5s)
[2026-03-06 05:06:08,781] [INFO] [infrastructure.core.pipeline] ✓ Stage 3 completed successfully (5.5s)
[2026-03-06 05:06:08,781] [INFO] 
[2026-03-06 05:06:08,781] [INFO] [infrastructure.core.pipeline] 
[2026-03-06 05:06:08,781] [INFO] [4/8] Project Analysis (50% complete)
[2026-03-06 05:06:08,781] [INFO] [infrastructure.core.pipeline] [4/8] Project Analysis (50% complete)
[2026-03-06 05:06:08,781] [INFO]   Elapsed: 6s | ETA: 6s
[2026-03-06 05:06:08,781] [INFO] [infrastructure.core.pipeline]   Elapsed: 6s | ETA: 6s
[2026-03-06 05:06:08,781] [INFO] ━━━━━━━━━━━━━━━━━━━━━━━━━━━━━━━━━━━━━━━━━━━━━━
[2026-03-06 05:06:08,781] [INFO] [infrastructure.core.pipeline] ━━━━━━━━━━━━━━━━━━━━━━━━━━━━━━━━━━━━━━━━━━━━━━
[2026-03-06 05:06:08,782] [INFO] [infrastructure.core.logging_utils] Starting: Stage 4: Project Analysis
[2026-03-06 05:06:08,782] [INFO] Running project analysis...
[2026-03-06 05:06:08,782] [INFO] [infrastructure.core.pipeline] Running project analysis...
[2026-03-06 05:06:11,524] [INFO] [infrastructure.core.logging_utils] Completed: Stage 4: Project Analysis (2.7s)
[2026-03-06 05:06:11,524] [INFO] ✓ Stage 4 completed successfully (2.7s)
[2026-03-06 05:06:11,524] [INFO] [infrastructure.core.pipeline] ✓ Stage 4 completed successfully (2.7s)
[2026-03-06 05:06:11,525] [INFO] 
[2026-03-06 05:06:11,525] [INFO] [infrastructure.core.pipeline] 
[2026-03-06 05:06:11,525] [INFO] [5/8] PDF Rendering (62% complete)
[2026-03-06 05:06:11,525] [INFO] [infrastructure.core.pipeline] [5/8] PDF Rendering (62% complete)
[2026-03-06 05:06:11,525] [INFO]   Elapsed: 9s | ETA: 5s
[2026-03-06 05:06:11,525] [INFO] [infrastructure.core.pipeline]   Elapsed: 9s | ETA: 5s
[2026-03-06 05:06:11,525] [INFO] ━━━━━━━━━━━━━━━━━━━━━━━━━━━━━━━━━━━━━━━━━━━━━━
[2026-03-06 05:06:11,525] [INFO] [infrastructure.core.pipeline] ━━━━━━━━━━━━━━━━━━━━━━━━━━━━━━━━━━━━━━━━━━━━━━
[2026-03-06 05:06:11,525] [INFO] [infrastructure.core.logging_utils] Starting: Stage 5: PDF Rendering
[2026-03-06 05:06:11,526] [INFO] Running PDF rendering...
[2026-03-06 05:06:11,526] [INFO] [infrastructure.core.pipeline] Running PDF rendering...
[2026-03-06 05:06:52,915] [INFO] [infrastructure.core.logging_utils] Completed: Stage 5: PDF Rendering (41.4s)
[2026-03-06 05:06:52,916] [INFO] ✓ Stage 5 completed successfully (41.4s)
[2026-03-06 05:06:52,916] [INFO] [infrastructure.core.pipeline] ✓ Stage 5 completed successfully (41.4s)
[2026-03-06 05:06:52,916] [INFO] 
[2026-03-06 05:06:52,916] [INFO] [infrastructure.core.pipeline] 
[2026-03-06 05:06:52,916] [INFO] [6/8] Output Validation (75% complete)
[2026-03-06 05:06:52,916] [INFO] [infrastructure.core.pipeline] [6/8] Output Validation (75% complete)
[2026-03-06 05:06:52,916] [INFO]   Elapsed: 50s | ETA: 16s
[2026-03-06 05:06:52,916] [INFO] [infrastructure.core.pipeline]   Elapsed: 50s | ETA: 16s
[2026-03-06 05:06:52,917] [INFO] ━━━━━━━━━━━━━━━━━━━━━━━━━━━━━━━━━━━━━━━━━━━━━━
[2026-03-06 05:06:52,917] [INFO] [infrastructure.core.pipeline] ━━━━━━━━━━━━━━━━━━━━━━━━━━━━━━━━━━━━━━━━━━━━━━
[2026-03-06 05:06:52,917] [INFO] [infrastructure.core.logging_utils] Starting: Stage 6: Output Validation
[2026-03-06 05:06:52,917] [INFO] Running output validation...
[2026-03-06 05:06:52,917] [INFO] [infrastructure.core.pipeline] Running output validation...
[2026-03-06 05:06:53,230] [INFO] [infrastructure.core.logging_utils] Completed: Stage 6: Output Validation (0.3s)
[2026-03-06 05:06:53,230] [INFO] ✓ Stage 6 completed successfully (0.3s)
[2026-03-06 05:06:53,230] [INFO] [infrastructure.core.pipeline] ✓ Stage 6 completed successfully (0.3s)
[2026-03-06 05:06:53,231] [INFO] 
[2026-03-06 05:06:53,231] [INFO] [infrastructure.core.pipeline] 
[2026-03-06 05:06:53,231] [INFO] [7/8] Copy Outputs (87% complete)
[2026-03-06 05:06:53,231] [INFO] [infrastructure.core.pipeline] [7/8] Copy Outputs (87% complete)
[2026-03-06 05:06:53,231] [INFO]   Elapsed: 50s | ETA: 7s
[2026-03-06 05:06:53,231] [INFO] [infrastructure.core.pipeline]   Elapsed: 50s | ETA: 7s
[2026-03-06 05:06:53,231] [INFO] ━━━━━━━━━━━━━━━━━━━━━━━━━━━━━━━━━━━━━━━━━━━━━━
[2026-03-06 05:06:53,231] [INFO] [infrastructure.core.pipeline] ━━━━━━━━━━━━━━━━━━━━━━━━━━━━━━━━━━━━━━━━━━━━━━
[2026-03-06 05:06:53,231] [INFO] [infrastructure.core.logging_utils] Starting: Stage 7: Copy Outputs
[2026-03-06 05:06:53,231] [INFO] Running output copying...
[2026-03-06 05:06:53,231] [INFO] [infrastructure.core.pipeline] Running output copying...
