[2026-05-03 15:31:06,361] [INFO] ✓ Stage 1 completed successfully (0.0s)
[2026-05-03 15:31:06,361] [INFO] 
[2026-05-03 15:31:06,362] [INFO] [2/8] Environment Setup (25% complete)
[2026-05-03 15:31:06,362] [INFO]   Elapsed: 0s | ETA: 0s
[2026-05-03 15:31:06,362] [INFO] ━━━━━━━━━━━━━━━━━━━━━━━━━━━━━━━━━━━━━━━━━━━━━━
[2026-05-03 15:31:12,127] [INFO] ✓ Stage 2 completed successfully (5.8s)
[2026-05-03 15:31:12,127] [INFO] 
[2026-05-03 15:31:12,127] [INFO] [3/8] Project Tests (37% complete)
[2026-05-03 15:31:12,127] [INFO]   Elapsed: 5s | ETA: 9s
[2026-05-03 15:31:12,127] [INFO] ━━━━━━━━━━━━━━━━━━━━━━━━━━━━━━━━━━━━━━━━━━━━━━
[2026-05-03 15:31:19,575] [INFO] ✓ Stage 3 completed successfully (7.4s)
[2026-05-03 15:31:19,576] [INFO] 
[2026-05-03 15:31:19,576] [INFO] [4/8] Project Analysis (50% complete)
[2026-05-03 15:31:19,576] [INFO]   Elapsed: 13s | ETA: 13s
[2026-05-03 15:31:19,576] [INFO] ━━━━━━━━━━━━━━━━━━━━━━━━━━━━━━━━━━━━━━━━━━━━━━
[2026-05-03 15:31:22,276] [INFO] ✓ Stage 4 completed successfully (2.7s)
[2026-05-03 15:31:22,277] [INFO] 
[2026-05-03 15:31:22,277] [INFO] [5/8] PDF Rendering (62% complete)
[2026-05-03 15:31:22,277] [INFO]   Elapsed: 15s | ETA: 9s
[2026-05-03 15:31:22,277] [INFO] ━━━━━━━━━━━━━━━━━━━━━━━━━━━━━━━━━━━━━━━━━━━━━━
[2026-05-03 15:31:57,337] [INFO] ✓ Stage 5 completed successfully (35.1s)
[2026-05-03 15:31:57,337] [INFO] 
[2026-05-03 15:31:57,337] [INFO] [6/8] Output Validation (75% complete)
[2026-05-03 15:31:57,337] [INFO]   Elapsed: 50s | ETA: 16s
[2026-05-03 15:31:57,337] [INFO] ━━━━━━━━━━━━━━━━━━━━━━━━━━━━━━━━━━━━━━━━━━━━━━
[2026-05-03 15:31:57,689] [INFO] ✓ Stage 6 completed successfully (0.4s)
[2026-05-03 15:31:57,689] [INFO] 
[2026-05-03 15:31:57,689] [INFO] [7/8] Copy Outputs (87% complete)
[2026-05-03 15:31:57,691] [INFO]   Elapsed: 51s | ETA: 7s
[2026-05-03 15:31:57,691] [INFO] ━━━━━━━━━━━━━━━━━━━━━━━━━━━━━━━━━━━━━━━━━━━━━━
[2026-05-03 15:31:58,049] [INFO] ✓ Stage 7 completed successfully (0.4s)
