This is XeTeX, Version 3.141592653-2.6-0.999998 (TeX Live 2026) (preloaded format=xelatex)
entering extended mode
(./_combined_manuscript.tex
LaTeX2e <2025-11-01>
L3 programming layer <2026-01-19>
(/usr/local/texlive/2026/texmf-dist/tex/latex/base/article.cls
Document Class: article 2025/01/22 v1.4n Standard LaTeX document class
(/usr/local/texlive/2026/texmf-dist/tex/latex/base/size10.clo))
(/usr/local/texlive/2026/texmf-dist/tex/latex/xcolor/xcolor.sty
(/usr/local/texlive/2026/texmf-dist/tex/latex/graphics-cfg/color.cfg)
(/usr/local/texlive/2026/texmf-dist/tex/latex/graphics-def/xetex.def)
(/usr/local/texlive/2026/texmf-dist/tex/latex/graphics/mathcolor.ltx))
(/usr/local/texlive/2026/texmf-dist/tex/latex/geometry/geometry.sty
(/usr/local/texlive/2026/texmf-dist/tex/latex/graphics/keyval.sty)
(/usr/local/texlive/2026/texmf-dist/tex/generic/iftex/ifvtex.sty
(/usr/local/texlive/2026/texmf-dist/tex/generic/iftex/iftex.sty)))
(/usr/local/texlive/2026/texmf-dist/tex/latex/amsmath/amsmath.sty
For additional information on amsmath, use the `?' option.
(/usr/local/texlive/2026/texmf-dist/tex/latex/amsmath/amstext.sty
(/usr/local/texlive/2026/texmf-dist/tex/latex/amsmath/amsgen.sty))
(/usr/local/texlive/2026/texmf-dist/tex/latex/amsmath/amsbsy.sty)
(/usr/local/texlive/2026/texmf-dist/tex/latex/amsmath/amsopn.sty))
(/usr/local/texlive/2026/texmf-dist/tex/latex/amsfonts/amssymb.sty
(/usr/local/texlive/2026/texmf-dist/tex/latex/amsfonts/amsfonts.sty))
(/usr/local/texlive/2026/texmf-dist/tex/latex/unicode-math/unicode-math.sty
(/usr/local/texlive/2026/texmf-dist/tex/latex/l3kernel/expl3.sty
(/usr/local/texlive/2026/texmf-dist/tex/latex/l3backend/l3backend-xetex.def))
(/usr/local/texlive/2026/texmf-dist/tex/latex/unicode-math/unicode-math-xetex.s
ty (/usr/local/texlive/2026/texmf-dist/tex/latex/l3packages/xparse/xparse.sty)
(/usr/local/texlive/2026/texmf-dist/tex/latex/l3packages/l3keys2e/l3keys2e.sty)
 (/usr/local/texlive/2026/texmf-dist/tex/latex/fontspec/fontspec.sty
(/usr/local/texlive/2026/texmf-dist/tex/latex/fontspec/fontspec-xetex.sty
(/usr/local/texlive/2026/texmf-dist/tex/latex/base/fontenc.sty)
(/usr/local/texlive/2026/texmf-dist/tex/latex/fontspec/fontspec.cfg)))
(/usr/local/texlive/2026/texmf-dist/tex/latex/base/fix-cm.sty
(/usr/local/texlive/2026/texmf-dist/tex/latex/base/ts1enc.def))
(/usr/local/texlive/2026/texmf-dist/tex/latex/unicode-math/unicode-math-table.t
ex))) (/usr/local/texlive/2026/texmf-dist/tex/latex/upquote/upquote.sty
(/usr/local/texlive/2026/texmf-dist/tex/latex/base/textcomp.sty))
(/usr/local/texlive/2026/texmf-dist/tex/latex/microtype/microtype.sty
(/usr/local/texlive/2026/texmf-dist/tex/latex/etoolbox/etoolbox.sty)
(/usr/local/texlive/2026/texmf-dist/tex/latex/microtype/microtype-xetex.def)
(/usr/local/texlive/2026/texmf-dist/tex/latex/microtype/microtype.cfg))
(/usr/local/texlive/2026/texmf-dist/tex/latex/parskip/parskip.sty
(/usr/local/texlive/2026/texmf-dist/tex/latex/kvoptions/kvoptions.sty
(/usr/local/texlive/2026/texmf-dist/tex/generic/ltxcmds/ltxcmds.sty)
(/usr/local/texlive/2026/texmf-dist/tex/latex/kvsetkeys/kvsetkeys.sty)))
(/usr/local/texlive/2026/texmf-dist/tex/latex/fancyvrb/fancyvrb.sty)
(/usr/local/texlive/2026/texmf-dist/tex/latex/tools/longtable.sty)
(/usr/local/texlive/2026/texmf-dist/tex/latex/booktabs/booktabs.sty)
(/usr/local/texlive/2026/texmf-dist/tex/latex/tools/array.sty)
(/usr/local/texlive/2026/texmf-dist/tex/latex/tools/calc.sty)
(/usr/local/texlive/2026/texmf-dist/tex/latex/footnotehyper/footnotehyper.sty)
(/usr/local/texlive/2026/texmf-dist/tex/latex/graphics/graphicx.sty
(/usr/local/texlive/2026/texmf-dist/tex/latex/graphics/graphics.sty
(/usr/local/texlive/2026/texmf-dist/tex/latex/graphics/trig.sty)
(/usr/local/texlive/2026/texmf-dist/tex/latex/graphics-cfg/graphics.cfg)))
(/usr/local/texlive/2026/texmf-dist/tex/generic/babel/babel.sty
(/usr/local/texlive/2026/texmf-dist/tex/generic/babel/xebabel.def)
(/usr/local/texlive/2026/texmf-dist/tex/generic/babel/locale/en/babel-english.t
ex) (/usr/local/texlive/2026/texmf-dist/tex/generic/babel-english/english.ldf))
 (/usr/local/texlive/2026/texmf-dist/tex/latex/natbib/natbib.sty)
(/usr/local/texlive/2026/texmf-dist/tex/latex/caption/subcaption.sty
(/usr/local/texlive/2026/texmf-dist/tex/latex/caption/caption.sty
(/usr/local/texlive/2026/texmf-dist/tex/latex/caption/caption3.sty)
(/usr/local/texlive/2026/texmf-dist/tex/latex/caption/ltcaption.sty)))
(/usr/local/texlive/2026/texmf-dist/tex/latex/float/float.sty)
(/usr/local/texlive/2026/texmf-dist/tex/latex/bookmark/bookmark.sty
(/usr/local/texlive/2026/texmf-dist/tex/latex/hyperref/hyperref.sty
(/usr/local/texlive/2026/texmf-dist/tex/generic/kvdefinekeys/kvdefinekeys.sty)
(/usr/local/texlive/2026/texmf-dist/tex/generic/pdfescape/pdfescape.sty
(/usr/local/texlive/2026/texmf-dist/tex/generic/pdftexcmds/pdftexcmds.sty
(/usr/local/texlive/2026/texmf-dist/tex/generic/infwarerr/infwarerr.sty)))
(/usr/local/texlive/2026/texmf-dist/tex/latex/hycolor/hycolor.sty)
(/usr/local/texlive/2026/texmf-dist/tex/latex/hyperref/nameref.sty
(/usr/local/texlive/2026/texmf-dist/tex/latex/refcount/refcount.sty)
(/usr/local/texlive/2026/texmf-dist/tex/generic/gettitlestring/gettitlestring.s
ty)) (/usr/local/texlive/2026/texmf-dist/tex/generic/stringenc/stringenc.sty)
(/usr/local/texlive/2026/texmf-dist/tex/latex/hyperref/pd1enc.def)
(/usr/local/texlive/2026/texmf-dist/tex/generic/intcalc/intcalc.sty)
(/usr/local/texlive/2026/texmf-dist/tex/latex/hyperref/puenc.def)
(/usr/local/texlive/2026/texmf-dist/tex/latex/url/url.sty)
(/usr/local/texlive/2026/texmf-dist/tex/generic/bitset/bitset.sty
(/usr/local/texlive/2026/texmf-dist/tex/generic/bigintcalc/bigintcalc.sty)))
(/usr/local/texlive/2026/texmf-dist/tex/latex/hyperref/hxetex.def
(/usr/local/texlive/2026/texmf-dist/tex/latex/rerunfilecheck/rerunfilecheck.sty

(/usr/local/texlive/2026/texmf-dist/tex/generic/uniquecounter/uniquecounter.sty
))) (/usr/local/texlive/2026/texmf-dist/tex/latex/bookmark/bkm-dvipdfm.def))
(/usr/local/texlive/2026/texmf-dist/tex/latex/xurl/xurl.sty)
(/usr/local/texlive/2026/texmf-dist/tex/latex/seqsplit/seqsplit.sty)
(/usr/local/texlive/2026/texmf-dist/tex/latex/fontsize/fontsize.sty
(/usr/local/texlive/2026/texmf-dist/tex/latex/xkeyval/xkeyval.sty
(/usr/local/texlive/2026/texmf-dist/tex/generic/xkeyval/xkeyval.tex
(/usr/local/texlive/2026/texmf-dist/tex/generic/xkeyval/xkvutils.tex))))
(./_combined_manuscript.aux)
*geometry* driver: auto-detecting
*geometry* detected driver: xetex

(/usr/local/texlive/2026/texmf-dist/tex/latex/microtype/mt-LatinModernRoman.cfg
) (/usr/local/texlive/2026/texmf-dist/tex/latex/amsfonts/umsa.fd)
(/usr/local/texlive/2026/texmf-dist/tex/latex/microtype/mt-msa.cfg)
(/usr/local/texlive/2026/texmf-dist/tex/latex/amsfonts/umsb.fd)
(/usr/local/texlive/2026/texmf-dist/tex/latex/microtype/mt-msb.cfg) [1]
(./_combined_manuscript.toc [2]) [3] [4] [5] [6] [7] [8] [9] [10] [11] [12]
[13] [14] [15] [16]
Overfull \hbox (24.7374pt too wide) in paragraph at lines 1207--1207
[]|\TU/lmr/m/n/9 GNN/ontology/JSON 

Overfull \hbox (2.0394pt too wide) in paragraph at lines 1216--1216
[]|\TU/lmtt/m/n/9 counterexample|  

Overfull \hbox (6.76439pt too wide) in paragraph at lines 1222--1222
[]|\TU/lmtt/m/n/9 evidence_fields|  

Overfull \hbox (2.0394pt too wide) in paragraph at lines 1225--1225
[]|\TU/lmtt/m/n/9 release_bundle|  

Overfull \hbox (6.76439pt too wide) in paragraph at lines 1229--1229
[]|\TU/lmtt/m/n/9 gate_ergonomics|  

Overfull \hbox (6.76439pt too wide) in paragraph at lines 1259--1259
[]|\TU/lmtt/m/n/9 section_figures|  

Overfull \hbox (2.0394pt too wide) in paragraph at lines 1264--1264
[]|\TU/lmtt/m/n/9 model_checking|  

Overfull \hbox (6.76439pt too wide) in paragraph at lines 1276--1276
[]|\TU/lmtt/m/n/9 causal_ablation|  

Overfull \hbox (6.76439pt too wide) in paragraph at lines 1288--1288
[]|\TU/lmtt/m/n/9 animation_delta|  
[17] [18] [19] [20] [21] [22] [23]
Overfull \hbox (25.47157pt too wide) in paragraph at lines 1344--1345
[]\TU/lmr/m/n/9 Section  

Overfull \hbox (17.30858pt too wide) in paragraph at lines 1346--1347
[]\TU/lmr/m/n/9 prose  

Overfull \hbox (36.06458pt too wide) in paragraph at lines 1348--1349
[]\TU/lmr/m/n/9 formalism  

Overfull \hbox (38.10757pt too wide) in paragraph at lines 1350--1351
[]\TU/lmr/m/n/9 simulation  

Overfull \hbox (70.54358pt too wide) in paragraph at lines 1352--1353
[]\TU/lmr/m/n/9 assumption_index  

Overfull \hbox (19.09958pt too wide) in paragraph at lines 1354--1355
[]\TU/lmr/m/n/9 layers  

Overfull \hbox (23.90558pt too wide) in paragraph at lines 1356--1357
[]\TU/lmr/m/n/9 pymdp  

Overfull \hbox (24.71558pt too wide) in paragraph at lines 1358--1359
[]\TU/lmr/m/n/9 interop  

Overfull \hbox (41.14957pt too wide) in paragraph at lines 1360--1361
[]\TU/lmr/m/n/9 provenance  

Overfull \hbox (54.55058pt too wide) in paragraph at lines 1362--1363
[]\TU/lmr/m/n/9 replay_matrix  

Overfull \hbox (59.40158pt too wide) in paragraph at lines 1364--1365
[]\TU/lmr/m/n/9 counterexample  

Overfull \hbox (67.70857pt too wide) in paragraph at lines 1366--1367
[]\TU/lmr/m/n/9 adversarial_audit  

Overfull \hbox (57.89857pt too wide) in paragraph at lines 1368--1369
[]\TU/lmr/m/n/9 evidence_fields  

Overfull \hbox (57.15158pt too wide) in paragraph at lines 1370--1371
[]\TU/lmr/m/n/9 release_bundle  

Overfull \hbox (64.85558pt too wide) in paragraph at lines 1372--1373
[]\TU/lmr/m/n/9 gate_ergonomics  

Overfull \hbox (72.32558pt too wide) in paragraph at lines 1374--1375
[]\TU/lmr/m/n/9 artifact_diffoscope  

Overfull \hbox (58.96057pt too wide) in paragraph at lines 1376--1377
[]\TU/lmr/m/n/9 artifact_license  

Overfull \hbox (40.74457pt too wide) in paragraph at lines 1378--1379
[]\TU/lmr/m/n/9 scholarship  

Overfull \hbox (64.66658pt too wide) in paragraph at lines 1380--1381
[]\TU/lmr/m/n/9 security_posture  

Overfull \hbox (36.78458pt too wide) in paragraph at lines 1382--1383
[]\TU/lmr/m/n/9 sensitivity  

Overfull \hbox (41.84258pt too wide) in paragraph at lines 1384--1385
[]\TU/lmr/m/n/9 uncertainty  

Overfull \hbox (40.39359pt too wide) in paragraph at lines 1386--1387
[]\TU/lmr/m/n/9 benchmark  

Overfull \hbox (83.24257pt too wide) in paragraph at lines 1388--1389
[]\TU/lmr/m/n/9 manuscript_staleness  

Overfull \hbox (46.61258pt too wide) in paragraph at lines 1390--1391
[]\TU/lmr/m/n/9 visualization  

Overfull \hbox (12.61957pt too wide) in paragraph at lines 1392--1393
[]\TU/lmr/m/n/9 lean  

Overfull \hbox (61.69658pt too wide) in paragraph at lines 1394--1395
[]\TU/lmr/m/n/9 model_checking  

Overfull \hbox (81.45158pt too wide) in paragraph at lines 1396--1397
[]\TU/lmr/m/n/9 theorem_traceability  

Overfull \hbox (65.08957pt too wide) in paragraph at lines 1398--1399
[]\TU/lmr/m/n/9 proof_extraction  

Overfull \hbox (80.05658pt too wide) in paragraph at lines 1400--1401
[]\TU/lmr/m/n/9 state_space_catalog  

Overfull \hbox (60.73358pt too wide) in paragraph at lines 1402--1403
[]\TU/lmr/m/n/9 causal_ablation  

Overfull \hbox (11.07158pt too wide) in paragraph at lines 1404--1405
[]\TU/lmr/m/n/9 gnn  

Overfull \hbox (30.25958pt too wide) in paragraph at lines 1406--1407
[]\TU/lmr/m/n/9 ontology  

Overfull \hbox (36.77557pt too wide) in paragraph at lines 1408--1409
[]\TU/lmr/m/n/9 animation  

Overfull \hbox (63.76657pt too wide) in paragraph at lines 1410--1411
[]\TU/lmr/m/n/9 animation_delta  

Overfull \hbox (51.03157pt too wide) in paragraph at lines 1412--1413
[]\TU/lmr/m/n/9 release_notes  

Overfull \hbox (0.10997pt too wide) in alignment at lines 1341--1415
 [] [] [] [] [] [] [] [] [] [] [] [] [] [] [] [] [] [] [] [] [] [] [] [] [] [] 
[] [] [] [] [] [] [] [] [] 

Overfull \hbox (0.10997pt too wide) in alignment at lines 1415--1417
 [] [] [] [] [] [] [] [] [] [] [] [] [] [] [] [] [] [] [] [] [] [] [] [] [] [] 
[] [] [] [] [] [] [] [] [] 

Overfull \hbox (46.81958pt too wide) in paragraph at lines 1418--1418
[]|\TU/lmr/m/n/9 Introduction 

Overfull \hbox (25.43558pt too wide) in paragraph at lines 1418--1418
\TU/lmr/m/n/9 (group)|  

Overfull \hbox (3.56557pt too wide) in paragraph at lines 1418--1418
[]|\TU/lmr/m/n/9 — 

Overfull \hbox (3.56557pt too wide) in paragraph at lines 1418--1418
[]|\TU/lmr/m/n/9 — 

Overfull \hbox (3.56557pt too wide) in paragraph at lines 1418--1418
[]|\TU/lmr/m/n/9 — 

Overfull \hbox (3.56557pt too wide) in paragraph at lines 1418--1418
[]|\TU/lmr/m/n/9 — 

Overfull \hbox (3.56557pt too wide) in paragraph at lines 1418--1418
[]|\TU/lmr/m/n/9 — 

Overfull \hbox (3.56557pt too wide) in paragraph at lines 1418--1418
[]|\TU/lmr/m/n/9 — 

Overfull \hbox (3.56557pt too wide) in paragraph at lines 1418--1418
[]|\TU/lmr/m/n/9 — 

Overfull \hbox (3.56557pt too wide) in paragraph at lines 1418--1418
[]|\TU/lmr/m/n/9 — 

Overfull \hbox (3.56557pt too wide) in paragraph at lines 1419--1419
[]|\TU/lmr/m/n/9 — 

Overfull \hbox (3.56557pt too wide) in paragraph at lines 1419--1419
[]|\TU/lmr/m/n/9 — 

Overfull \hbox (3.56557pt too wide) in paragraph at lines 1419--1419
[]|\TU/lmr/m/n/9 — 

Overfull \hbox (3.56557pt too wide) in paragraph at lines 1419--1419
[]|\TU/lmr/m/n/9 — 

Overfull \hbox (3.56557pt too wide) in paragraph at lines 1419--1419
[]|\TU/lmr/m/n/9 — 

Overfull \hbox (3.56557pt too wide) in paragraph at lines 1419--1419
[]|\TU/lmr/m/n/9 — 

Overfull \hbox (3.56557pt too wide) in paragraph at lines 1419--1419
[]|\TU/lmr/m/n/9 — 

Overfull \hbox (3.56557pt too wide) in paragraph at lines 1419--1419
[]|\TU/lmr/m/n/9 — 

Overfull \hbox (3.56557pt too wide) in paragraph at lines 1419--1419
[]|\TU/lmr/m/n/9 — 

Overfull \hbox (3.56557pt too wide) in paragraph at lines 1419--1419
[]|\TU/lmr/m/n/9 — 

Overfull \hbox (3.56557pt too wide) in paragraph at lines 1419--1419
[]|\TU/lmr/m/n/9 — 

Overfull \hbox (3.56557pt too wide) in paragraph at lines 1419--1419
[]|\TU/lmr/m/n/9 — 

Overfull \hbox (3.56557pt too wide) in paragraph at lines 1420--1420
[]|\TU/lmr/m/n/9 — 

Overfull \hbox (3.56557pt too wide) in paragraph at lines 1420--1420
[]|\TU/lmr/m/n/9 — 

Overfull \hbox (3.56557pt too wide) in paragraph at lines 1420--1420
[]|\TU/lmr/m/n/9 — 

Overfull \hbox (3.56557pt too wide) in paragraph at lines 1420--1420
[]|\TU/lmr/m/n/9 — 

Overfull \hbox (3.56557pt too wide) in paragraph at lines 1420--1420
[]|\TU/lmr/m/n/9 — 

Overfull \hbox (3.56557pt too wide) in paragraph at lines 1420--1420
[]|\TU/lmr/m/n/9 — 

Overfull \hbox (3.56557pt too wide) in paragraph at lines 1420--1420
[]|\TU/lmr/m/n/9 — 

Overfull \hbox (3.56557pt too wide) in paragraph at lines 1420--1420
[]|\TU/lmr/m/n/9 — 

Overfull \hbox (3.56557pt too wide) in paragraph at lines 1420--1420
[]|\TU/lmr/m/n/9 — 

Overfull \hbox (3.56557pt too wide) in paragraph at lines 1420--1420
[]|\TU/lmr/m/n/9 — 

Overfull \hbox (3.56557pt too wide) in paragraph at lines 1420--1420
[]|\TU/lmr/m/n/9 — 

Overfull \hbox (3.56557pt too wide) in paragraph at lines 1420--1420
[]|\TU/lmr/m/n/9 — 

Overfull \hbox (3.56557pt too wide) in paragraph at lines 1421--1421
[]|\TU/lmr/m/n/9 — 

Overfull \hbox (3.56557pt too wide) in paragraph at lines 1421--1422
[]|\TU/lmr/m/n/9 — 

Overfull \hbox (40.37558pt too wide) in paragraph at lines 1422--1422
[]|\TU/lmr/m/n/9 Motivation 

Overfull \hbox (11.07158pt too wide) in paragraph at lines 1422--1422
\TU/lmr/m/n/9 and 

Overfull \hbox (18.06458pt too wide) in paragraph at lines 1422--1422
\TU/lmr/m/n/9 scope|  

Overfull \hbox (2.45857pt too wide) in paragraph at lines 1422--1422
[]|\TU/lmr/m/n/9 P|  

Overfull \hbox (3.56557pt too wide) in paragraph at lines 1422--1422
[]|\TU/lmr/m/n/9 — 

Overfull \hbox (3.56557pt too wide) in paragraph at lines 1422--1422
[]|\TU/lmr/m/n/9 — 

Overfull \hbox (3.56557pt too wide) in paragraph at lines 1422--1422
[]|\TU/lmr/m/n/9 — 

Overfull \hbox (3.56557pt too wide) in paragraph at lines 1422--1422
[]|\TU/lmr/m/n/9 — 

Overfull \hbox (3.56557pt too wide) in paragraph at lines 1422--1422
[]|\TU/lmr/m/n/9 — 

Overfull \hbox (3.56557pt too wide) in paragraph at lines 1422--1422
[]|\TU/lmr/m/n/9 — 

Overfull \hbox (3.56557pt too wide) in paragraph at lines 1422--1422
[]|\TU/lmr/m/n/9 — 

Overfull \hbox (3.56557pt too wide) in paragraph at lines 1422--1423
[]|\TU/lmr/m/n/9 — 

Overfull \hbox (3.56557pt too wide) in paragraph at lines 1423--1423
[]|\TU/lmr/m/n/9 — 

Overfull \hbox (3.56557pt too wide) in paragraph at lines 1423--1423
[]|\TU/lmr/m/n/9 — 

Overfull \hbox (3.56557pt too wide) in paragraph at lines 1423--1423
[]|\TU/lmr/m/n/9 — 

Overfull \hbox (3.56557pt too wide) in paragraph at lines 1423--1423
[]|\TU/lmr/m/n/9 — 

Overfull \hbox (3.56557pt too wide) in paragraph at lines 1423--1423
[]|\TU/lmr/m/n/9 — 

Overfull \hbox (3.56557pt too wide) in paragraph at lines 1423--1423
[]|\TU/lmr/m/n/9 — 

Overfull \hbox (3.56557pt too wide) in paragraph at lines 1423--1423
[]|\TU/lmr/m/n/9 — 

Overfull \hbox (3.56557pt too wide) in paragraph at lines 1423--1423
[]|\TU/lmr/m/n/9 — 

Overfull \hbox (3.56557pt too wide) in paragraph at lines 1423--1423
[]|\TU/lmr/m/n/9 — 

Overfull \hbox (3.56557pt too wide) in paragraph at lines 1423--1423
[]|\TU/lmr/m/n/9 — 

Overfull \hbox (3.56557pt too wide) in paragraph at lines 1423--1423
[]|\TU/lmr/m/n/9 — 

Overfull \hbox (3.56557pt too wide) in paragraph at lines 1423--1424
[]|\TU/lmr/m/n/9 — 

Overfull \hbox (3.56557pt too wide) in paragraph at lines 1424--1424
[]|\TU/lmr/m/n/9 — 

Overfull \hbox (3.56557pt too wide) in paragraph at lines 1424--1424
[]|\TU/lmr/m/n/9 — 

Overfull \hbox (3.56557pt too wide) in paragraph at lines 1424--1424
[]|\TU/lmr/m/n/9 — 

Overfull \hbox (3.56557pt too wide) in paragraph at lines 1424--1424
[]|\TU/lmr/m/n/9 — 

Overfull \hbox (3.56557pt too wide) in paragraph at lines 1424--1424
[]|\TU/lmr/m/n/9 — 

Overfull \hbox (3.56557pt too wide) in paragraph at lines 1424--1424
[]|\TU/lmr/m/n/9 — 

Overfull \hbox (3.56557pt too wide) in paragraph at lines 1424--1424
[]|\TU/lmr/m/n/9 — 

Overfull \hbox (3.56557pt too wide) in paragraph at lines 1424--1424
[]|\TU/lmr/m/n/9 — 

Overfull \hbox (3.56557pt too wide) in paragraph at lines 1424--1424
[]|\TU/lmr/m/n/9 — 

Overfull \hbox (3.56557pt too wide) in paragraph at lines 1424--1424
[]|\TU/lmr/m/n/9 — 

Overfull \hbox (3.56557pt too wide) in paragraph at lines 1424--1424
[]|\TU/lmr/m/n/9 — 

Overfull \hbox (3.56557pt too wide) in paragraph at lines 1424--1425
[]|\TU/lmr/m/n/9 — 

Overfull \hbox (3.56557pt too wide) in paragraph at lines 1425--1426
[]|\TU/lmr/m/n/9 — 

Overfull \hbox (52.00357pt too wide) in paragraph at lines 1426--1426
[]|\TU/lmr/m/n/9 Contributions|  

Overfull \hbox (2.45857pt too wide) in paragraph at lines 1426--1426
[]|\TU/lmr/m/n/9 P|  

Overfull \hbox (3.56557pt too wide) in paragraph at lines 1426--1426
[]|\TU/lmr/m/n/9 — 

Overfull \hbox (3.56557pt too wide) in paragraph at lines 1426--1426
[]|\TU/lmr/m/n/9 — 

Overfull \hbox (3.56557pt too wide) in paragraph at lines 1426--1426
[]|\TU/lmr/m/n/9 — 

Overfull \hbox (3.56557pt too wide) in paragraph at lines 1426--1426
[]|\TU/lmr/m/n/9 — 

Overfull \hbox (3.56557pt too wide) in paragraph at lines 1426--1426
[]|\TU/lmr/m/n/9 — 

Overfull \hbox (3.56557pt too wide) in paragraph at lines 1426--1426
[]|\TU/lmr/m/n/9 — 

Overfull \hbox (3.56557pt too wide) in paragraph at lines 1426--1426
[]|\TU/lmr/m/n/9 — 

Overfull \hbox (3.56557pt too wide) in paragraph at lines 1426--1426
[]|\TU/lmr/m/n/9 — 

Overfull \hbox (3.56557pt too wide) in paragraph at lines 1426--1427
[]|\TU/lmr/m/n/9 — 

Overfull \hbox (3.56557pt too wide) in paragraph at lines 1427--1427
[]|\TU/lmr/m/n/9 — 

Overfull \hbox (3.56557pt too wide) in paragraph at lines 1427--1427
[]|\TU/lmr/m/n/9 — 

Overfull \hbox (3.56557pt too wide) in paragraph at lines 1427--1427
[]|\TU/lmr/m/n/9 — 

Overfull \hbox (3.56557pt too wide) in paragraph at lines 1427--1427
[]|\TU/lmr/m/n/9 — 

Overfull \hbox (3.56557pt too wide) in paragraph at lines 1427--1427
[]|\TU/lmr/m/n/9 — 

Overfull \hbox (3.56557pt too wide) in paragraph at lines 1427--1427
[]|\TU/lmr/m/n/9 — 

Overfull \hbox (3.56557pt too wide) in paragraph at lines 1427--1427
[]|\TU/lmr/m/n/9 — 

Overfull \hbox (3.56557pt too wide) in paragraph at lines 1427--1427
[]|\TU/lmr/m/n/9 — 

Overfull \hbox (3.56557pt too wide) in paragraph at lines 1427--1427
[]|\TU/lmr/m/n/9 — 

Overfull \hbox (3.56557pt too wide) in paragraph at lines 1427--1427
[]|\TU/lmr/m/n/9 — 

Overfull \hbox (3.56557pt too wide) in paragraph at lines 1427--1427
[]|\TU/lmr/m/n/9 — 

Overfull \hbox (3.56557pt too wide) in paragraph at lines 1427--1428
[]|\TU/lmr/m/n/9 — 

Overfull \hbox (2.45857pt too wide) in paragraph at lines 1428--1428
[]|\TU/lmr/m/n/9 P|  

Overfull \hbox (3.56557pt too wide) in paragraph at lines 1428--1428
[]|\TU/lmr/m/n/9 — 

Overfull \hbox (3.56557pt too wide) in paragraph at lines 1428--1428
[]|\TU/lmr/m/n/9 — 

Overfull \hbox (3.56557pt too wide) in paragraph at lines 1428--1428
[]|\TU/lmr/m/n/9 — 

Overfull \hbox (3.56557pt too wide) in paragraph at lines 1428--1428
[]|\TU/lmr/m/n/9 — 

Overfull \hbox (3.56557pt too wide) in paragraph at lines 1428--1428
[]|\TU/lmr/m/n/9 — 

Overfull \hbox (3.56557pt too wide) in paragraph at lines 1428--1428
[]|\TU/lmr/m/n/9 — 

Overfull \hbox (3.56557pt too wide) in paragraph at lines 1428--1428
[]|\TU/lmr/m/n/9 — 

Overfull \hbox (2.45857pt too wide) in paragraph at lines 1428--1428
[]|\TU/lmr/m/n/9 P|  

Overfull \hbox (3.56557pt too wide) in paragraph at lines 1428--1428
[]|\TU/lmr/m/n/9 — 

Overfull \hbox (3.56557pt too wide) in paragraph at lines 1428--1428
[]|\TU/lmr/m/n/9 — 

Overfull \hbox (3.56557pt too wide) in paragraph at lines 1428--1429
[]|\TU/lmr/m/n/9 — 

Overfull \hbox (31.16858pt too wide) in paragraph at lines 1429--1429
[]|\TU/lmr/m/n/9 Methods 

Overfull \hbox (25.43558pt too wide) in paragraph at lines 1429--1429
\TU/lmr/m/n/9 (group)|  

Overfull \hbox (3.56557pt too wide) in paragraph at lines 1429--1429
[]|\TU/lmr/m/n/9 — 

Overfull \hbox (3.56557pt too wide) in paragraph at lines 1429--1429
[]|\TU/lmr/m/n/9 — 

Overfull \hbox (3.56557pt too wide) in paragraph at lines 1429--1429
[]|\TU/lmr/m/n/9 — 

Overfull \hbox (3.56557pt too wide) in paragraph at lines 1429--1429
[]|\TU/lmr/m/n/9 — 

Overfull \hbox (3.56557pt too wide) in paragraph at lines 1429--1429
[]|\TU/lmr/m/n/9 — 

Overfull \hbox (3.56557pt too wide) in paragraph at lines 1429--1429
[]|\TU/lmr/m/n/9 — 

Overfull \hbox (3.56557pt too wide) in paragraph at lines 1429--1429
[]|\TU/lmr/m/n/9 — 

Overfull \hbox (3.56557pt too wide) in paragraph at lines 1429--1429
[]|\TU/lmr/m/n/9 — 

Overfull \hbox (3.56557pt too wide) in paragraph at lines 1429--1429
[]|\TU/lmr/m/n/9 — 

Overfull \hbox (3.56557pt too wide) in paragraph at lines 1430--1430
[]|\TU/lmr/m/n/9 — 

Overfull \hbox (3.56557pt too wide) in paragraph at lines 1430--1430
[]|\TU/lmr/m/n/9 — 

Overfull \hbox (3.56557pt too wide) in paragraph at lines 1430--1430
[]|\TU/lmr/m/n/9 — 

Overfull \hbox (3.56557pt too wide) in paragraph at lines 1430--1430
[]|\TU/lmr/m/n/9 — 

Overfull \hbox (3.56557pt too wide) in paragraph at lines 1430--1430
[]|\TU/lmr/m/n/9 — 

Overfull \hbox (3.56557pt too wide) in paragraph at lines 1430--1430
[]|\TU/lmr/m/n/9 — 

Overfull \hbox (3.56557pt too wide) in paragraph at lines 1430--1430
[]|\TU/lmr/m/n/9 — 

Overfull \hbox (3.56557pt too wide) in paragraph at lines 1430--1430
[]|\TU/lmr/m/n/9 — 

Overfull \hbox (3.56557pt too wide) in paragraph at lines 1430--1430
[]|\TU/lmr/m/n/9 — 

Overfull \hbox (3.56557pt too wide) in paragraph at lines 1430--1430
[]|\TU/lmr/m/n/9 — 

Overfull \hbox (3.56557pt too wide) in paragraph at lines 1430--1430
[]|\TU/lmr/m/n/9 — 

Overfull \hbox (3.56557pt too wide) in paragraph at lines 1430--1430
[]|\TU/lmr/m/n/9 — 

Overfull \hbox (3.56557pt too wide) in paragraph at lines 1431--1431
[]|\TU/lmr/m/n/9 — 

Overfull \hbox (3.56557pt too wide) in paragraph at lines 1431--1431
[]|\TU/lmr/m/n/9 — 

Overfull \hbox (3.56557pt too wide) in paragraph at lines 1431--1431
[]|\TU/lmr/m/n/9 — 

Overfull \hbox (3.56557pt too wide) in paragraph at lines 1431--1431
[]|\TU/lmr/m/n/9 — 

Overfull \hbox (3.56557pt too wide) in paragraph at lines 1431--1431
[]|\TU/lmr/m/n/9 — 

Overfull \hbox (3.56557pt too wide) in paragraph at lines 1431--1431
[]|\TU/lmr/m/n/9 — 

Overfull \hbox (3.56557pt too wide) in paragraph at lines 1431--1431
[]|\TU/lmr/m/n/9 — 

Overfull \hbox (3.56557pt too wide) in paragraph at lines 1431--1431
[]|\TU/lmr/m/n/9 — 

Overfull \hbox (3.56557pt too wide) in paragraph at lines 1431--1431
[]|\TU/lmr/m/n/9 — 

Overfull \hbox (3.56557pt too wide) in paragraph at lines 1431--1431
[]|\TU/lmr/m/n/9 — 

Overfull \hbox (3.56557pt too wide) in paragraph at lines 1431--1431
[]|\TU/lmr/m/n/9 — 

Overfull \hbox (3.56557pt too wide) in paragraph at lines 1431--1431
[]|\TU/lmr/m/n/9 — 

Overfull \hbox (3.56557pt too wide) in paragraph at lines 1432--1433
[]|\TU/lmr/m/n/9 — 

Overfull \hbox (36.31657pt too wide) in paragraph at lines 1433--1433
[]|\TU/lmr/m/n/9 Bernoulli– 

Overfull \hbox (15.49057pt too wide) in paragraph at lines 1433--1433
\TU/lmr/m/n/9 Ising 

Overfull \hbox (7.47157pt too wide) in paragraph at lines 1433--1433
\TU/lmr/m/n/9 an- 

Overfull \hbox (2.33257pt too wide) in paragraph at lines 1433--1433
\TU/lmr/m/n/9 a- 

Overfull \hbox (8.75858pt too wide) in paragraph at lines 1433--1433
\TU/lmr/m/n/9 lyt- 

Overfull \hbox (7.48058pt too wide) in paragraph at lines 1433--1433
\TU/lmr/m/n/9 cal 

Overfull \hbox (20.58458pt too wide) in paragraph at lines 1433--1433
\TU/lmr/m/n/9 model|  

Overfull \hbox (2.45857pt too wide) in paragraph at lines 1433--1433
[]|\TU/lmr/m/n/9 P|  

Overfull \hbox (2.45857pt too wide) in paragraph at lines 1433--1433
[]|\TU/lmr/m/n/9 P|  

Overfull \hbox (2.45857pt too wide) in paragraph at lines 1433--1433
[]|\TU/lmr/m/n/9 P|  

Overfull \hbox (2.45857pt too wide) in paragraph at lines 1433--1433
[]|\TU/lmr/m/n/9 P|  

Overfull \hbox (3.56557pt too wide) in paragraph at lines 1433--1433
[]|\TU/lmr/m/n/9 — 

Overfull \hbox (3.56557pt too wide) in paragraph at lines 1433--1433
[]|\TU/lmr/m/n/9 — 

Overfull \hbox (3.56557pt too wide) in paragraph at lines 1433--1433
[]|\TU/lmr/m/n/9 — 

Overfull \hbox (3.56557pt too wide) in paragraph at lines 1434--1434
[]|\TU/lmr/m/n/9 — 

Overfull \hbox (3.56557pt too wide) in paragraph at lines 1434--1434
[]|\TU/lmr/m/n/9 — 

Overfull \hbox (3.56557pt too wide) in paragraph at lines 1434--1434
[]|\TU/lmr/m/n/9 — 

Overfull \hbox (3.56557pt too wide) in paragraph at lines 1434--1434
[]|\TU/lmr/m/n/9 — 

Overfull \hbox (3.56557pt too wide) in paragraph at lines 1434--1434
[]|\TU/lmr/m/n/9 — 

Overfull \hbox (3.56557pt too wide) in paragraph at lines 1434--1434
[]|\TU/lmr/m/n/9 — 

Overfull \hbox (3.56557pt too wide) in paragraph at lines 1434--1434
[]|\TU/lmr/m/n/9 — 

Overfull \hbox (3.56557pt too wide) in paragraph at lines 1434--1434
[]|\TU/lmr/m/n/9 — 

Overfull \hbox (3.56557pt too wide) in paragraph at lines 1434--1434
[]|\TU/lmr/m/n/9 — 

Overfull \hbox (3.56557pt too wide) in paragraph at lines 1434--1434
[]|\TU/lmr/m/n/9 — 

Overfull \hbox (3.56557pt too wide) in paragraph at lines 1434--1434
[]|\TU/lmr/m/n/9 — 

Overfull \hbox (3.56557pt too wide) in paragraph at lines 1434--1434
[]|\TU/lmr/m/n/9 — 

Overfull \hbox (3.56557pt too wide) in paragraph at lines 1435--1435
[]|\TU/lmr/m/n/9 — 

Overfull \hbox (3.56557pt too wide) in paragraph at lines 1435--1435
[]|\TU/lmr/m/n/9 — 

Overfull \hbox (3.56557pt too wide) in paragraph at lines 1435--1435
[]|\TU/lmr/m/n/9 — 

Overfull \hbox (2.45857pt too wide) in paragraph at lines 1435--1435
[]|\TU/lmr/m/n/9 P|  

Overfull \hbox (3.56557pt too wide) in paragraph at lines 1435--1435
[]|\TU/lmr/m/n/9 — 

Overfull \hbox (3.56557pt too wide) in paragraph at lines 1435--1435
[]|\TU/lmr/m/n/9 — 

Overfull \hbox (3.56557pt too wide) in paragraph at lines 1435--1435
[]|\TU/lmr/m/n/9 — 

Overfull \hbox (3.56557pt too wide) in paragraph at lines 1435--1435
[]|\TU/lmr/m/n/9 — 

Overfull \hbox (3.56557pt too wide) in paragraph at lines 1435--1435
[]|\TU/lmr/m/n/9 — 

Overfull \hbox (3.56557pt too wide) in paragraph at lines 1435--1435
[]|\TU/lmr/m/n/9 — 

Overfull \hbox (2.45857pt too wide) in paragraph at lines 1435--1435
[]|\TU/lmr/m/n/9 P|  

Overfull \hbox (2.45857pt too wide) in paragraph at lines 1435--1435
[]|\TU/lmr/m/n/9 P|  

Overfull \hbox (3.56557pt too wide) in paragraph at lines 1435--1435
[]|\TU/lmr/m/n/9 — 

Overfull \hbox (3.56557pt too wide) in paragraph at lines 1436--1436
[]|\TU/lmr/m/n/9 — 

Overfull \hbox (3.56557pt too wide) in paragraph at lines 1436--1437
[]|\TU/lmr/m/n/9 — 

Overfull \hbox (23.90558pt too wide) in paragraph at lines 1437--1437
[]|\TU/lmr/m/n/9 pymdp 

Overfull \hbox (11.62956pt too wide) in paragraph at lines 1437--1437
\TU/lmr/m/n/9 sim- 

Overfull \hbox (2.84557pt too wide) in paragraph at lines 1437--1437
\TU/lmr/m/n/9 u- 

Overfull \hbox (4.90657pt too wide) in paragraph at lines 1437--1437
\TU/lmr/m/n/9 la- 

Overfull \hbox (12.10657pt too wide) in paragraph at lines 1437--1437
\TU/lmr/m/n/9 tion 

Overfull \hbox (11.08957pt too wide) in paragraph at lines 1437--1437
\TU/lmr/m/n/9 har- 

Overfull \hbox (12.70958pt too wide) in paragraph at lines 1437--1437
\TU/lmr/m/n/9 ness|  

Overfull \hbox (2.45857pt too wide) in paragraph at lines 1437--1437
[]|\TU/lmr/m/n/9 P|  

Overfull \hbox (2.45857pt too wide) in paragraph at lines 1437--1437
[]|\TU/lmr/m/n/9 P|  

Overfull \hbox (3.56557pt too wide) in paragraph at lines 1437--1437
[]|\TU/lmr/m/n/9 — 

Overfull \hbox (3.56557pt too wide) in paragraph at lines 1437--1437
[]|\TU/lmr/m/n/9 — 

Overfull \hbox (3.56557pt too wide) in paragraph at lines 1437--1437
[]|\TU/lmr/m/n/9 — 

Overfull \hbox (2.45857pt too wide) in paragraph at lines 1437--1437
[]|\TU/lmr/m/n/9 P|  

Overfull \hbox (2.45857pt too wide) in paragraph at lines 1437--1437
[]|\TU/lmr/m/n/9 P|  

Overfull \hbox (3.56557pt too wide) in paragraph at lines 1437--1437
[]|\TU/lmr/m/n/9 — 

Overfull \hbox (3.56557pt too wide) in paragraph at lines 1437--1437
[]|\TU/lmr/m/n/9 — 

Overfull \hbox (3.56557pt too wide) in paragraph at lines 1438--1438
[]|\TU/lmr/m/n/9 — 

Overfull \hbox (3.56557pt too wide) in paragraph at lines 1438--1438
[]|\TU/lmr/m/n/9 — 

Overfull \hbox (3.56557pt too wide) in paragraph at lines 1438--1438
[]|\TU/lmr/m/n/9 — 

Overfull \hbox (3.56557pt too wide) in paragraph at lines 1438--1438
[]|\TU/lmr/m/n/9 — 

Overfull \hbox (3.56557pt too wide) in paragraph at lines 1438--1438
[]|\TU/lmr/m/n/9 — 

Overfull \hbox (3.56557pt too wide) in paragraph at lines 1438--1438
[]|\TU/lmr/m/n/9 — 

Overfull \hbox (3.56557pt too wide) in paragraph at lines 1438--1438
[]|\TU/lmr/m/n/9 — 

Overfull \hbox (3.56557pt too wide) in paragraph at lines 1438--1438
[]|\TU/lmr/m/n/9 — 

Overfull \hbox (3.56557pt too wide) in paragraph at lines 1438--1438
[]|\TU/lmr/m/n/9 — 

Overfull \hbox (3.56557pt too wide) in paragraph at lines 1438--1438
[]|\TU/lmr/m/n/9 — 

Overfull \hbox (3.56557pt too wide) in paragraph at lines 1438--1438
[]|\TU/lmr/m/n/9 — 

Overfull \hbox (3.56557pt too wide) in paragraph at lines 1438--1438
[]|\TU/lmr/m/n/9 — 

Overfull \hbox (3.56557pt too wide) in paragraph at lines 1439--1439
[]|\TU/lmr/m/n/9 — 

Overfull \hbox (2.45857pt too wide) in paragraph at lines 1439--1439
[]|\TU/lmr/m/n/9 P|  

Overfull \hbox (3.56557pt too wide) in paragraph at lines 1439--1439
[]|\TU/lmr/m/n/9 — 

Overfull \hbox (3.56557pt too wide) in paragraph at lines 1439--1439
[]|\TU/lmr/m/n/9 — 

Overfull \hbox (3.56557pt too wide) in paragraph at lines 1439--1439
[]|\TU/lmr/m/n/9 — 

Overfull \hbox (3.56557pt too wide) in paragraph at lines 1439--1439
[]|\TU/lmr/m/n/9 — 

Overfull \hbox (3.56557pt too wide) in paragraph at lines 1439--1439
[]|\TU/lmr/m/n/9 — 

Overfull \hbox (3.56557pt too wide) in paragraph at lines 1439--1439
[]|\TU/lmr/m/n/9 — 

Overfull \hbox (2.45857pt too wide) in paragraph at lines 1439--1439
[]|\TU/lmr/m/n/9 P|  

Overfull \hbox (2.45857pt too wide) in paragraph at lines 1439--1439
[]|\TU/lmr/m/n/9 P|  

Overfull \hbox (3.56557pt too wide) in paragraph at lines 1439--1439
[]|\TU/lmr/m/n/9 — 

Overfull \hbox (3.56557pt too wide) in paragraph at lines 1439--1439
[]|\TU/lmr/m/n/9 — 

Overfull \hbox (3.56557pt too wide) in paragraph at lines 1439--1440
[]|\TU/lmr/m/n/9 — 

Overfull \hbox (15.82358pt too wide) in paragraph at lines 1440--1440
[]|\TU/lmr/m/n/9 Lean 

Overfull \hbox (8.77657pt too wide) in paragraph at lines 1440--1440
\TU/lmr/m/n/9 for- 

Overfull \hbox (12.61057pt too wide) in paragraph at lines 1440--1440
\TU/lmr/m/n/9 mal- 

Overfull \hbox (9.01956pt too wide) in paragraph at lines 1440--1440
\TU/lmr/m/n/9 iza- 

Overfull \hbox (12.10657pt too wide) in paragraph at lines 1440--1440
\TU/lmr/m/n/9 tion 

Overfull \hbox (23.14957pt too wide) in paragraph at lines 1440--1440
\TU/lmr/m/n/9 bound- 

Overfull \hbox (9.28957pt too wide) in paragraph at lines 1440--1440
\TU/lmr/m/n/9 ary|  

Overfull \hbox (2.45857pt too wide) in paragraph at lines 1440--1440
[]|\TU/lmr/m/n/9 P|  

Overfull \hbox (3.56557pt too wide) in paragraph at lines 1440--1440
[]|\TU/lmr/m/n/9 — 

Overfull \hbox (3.56557pt too wide) in paragraph at lines 1440--1440
[]|\TU/lmr/m/n/9 — 

Overfull \hbox (3.56557pt too wide) in paragraph at lines 1440--1440
[]|\TU/lmr/m/n/9 — 

Overfull \hbox (3.56557pt too wide) in paragraph at lines 1440--1440
[]|\TU/lmr/m/n/9 — 

Overfull \hbox (3.56557pt too wide) in paragraph at lines 1440--1440
[]|\TU/lmr/m/n/9 — 

Overfull \hbox (3.56557pt too wide) in paragraph at lines 1440--1440
[]|\TU/lmr/m/n/9 — 

Overfull \hbox (3.56557pt too wide) in paragraph at lines 1441--1441
[]|\TU/lmr/m/n/9 — 

Overfull \hbox (3.56557pt too wide) in paragraph at lines 1441--1441
[]|\TU/lmr/m/n/9 — 

Overfull \hbox (3.56557pt too wide) in paragraph at lines 1441--1441
[]|\TU/lmr/m/n/9 — 

Overfull \hbox (3.56557pt too wide) in paragraph at lines 1441--1441
[]|\TU/lmr/m/n/9 — 

Overfull \hbox (3.56557pt too wide) in paragraph at lines 1441--1441
[]|\TU/lmr/m/n/9 — 

Overfull \hbox (3.56557pt too wide) in paragraph at lines 1441--1441
[]|\TU/lmr/m/n/9 — 

Overfull \hbox (3.56557pt too wide) in paragraph at lines 1441--1441
[]|\TU/lmr/m/n/9 — 

Overfull \hbox (3.56557pt too wide) in paragraph at lines 1441--1441
[]|\TU/lmr/m/n/9 — 

Overfull \hbox (3.56557pt too wide) in paragraph at lines 1441--1441
[]|\TU/lmr/m/n/9 — 

Overfull \hbox (3.56557pt too wide) in paragraph at lines 1441--1441
[]|\TU/lmr/m/n/9 — 

Overfull \hbox (3.56557pt too wide) in paragraph at lines 1441--1441
[]|\TU/lmr/m/n/9 — 

Overfull \hbox (3.56557pt too wide) in paragraph at lines 1441--1441
[]|\TU/lmr/m/n/9 — 

Overfull \hbox (3.56557pt too wide) in paragraph at lines 1442--1442
[]|\TU/lmr/m/n/9 — 

Overfull \hbox (3.56557pt too wide) in paragraph at lines 1442--1442
[]|\TU/lmr/m/n/9 — 

Overfull \hbox (3.56557pt too wide) in paragraph at lines 1442--1442
[]|\TU/lmr/m/n/9 — 

Overfull \hbox (2.45857pt too wide) in paragraph at lines 1442--1442
[]|\TU/lmr/m/n/9 P|  

Overfull \hbox (2.45857pt too wide) in paragraph at lines 1442--1442
[]|\TU/lmr/m/n/9 P|  

Overfull \hbox (2.45857pt too wide) in paragraph at lines 1442--1442
[]|\TU/lmr/m/n/9 P|  

Overfull \hbox (2.45857pt too wide) in paragraph at lines 1442--1442
[]|\TU/lmr/m/n/9 P|  

Overfull \hbox (2.45857pt too wide) in paragraph at lines 1442--1442
[]|\TU/lmr/m/n/9 P|  

Overfull \hbox (3.56557pt too wide) in paragraph at lines 1442--1442
[]|\TU/lmr/m/n/9 — 

Overfull \hbox (3.56557pt too wide) in paragraph at lines 1442--1442
[]|\TU/lmr/m/n/9 — 

Overfull \hbox (3.56557pt too wide) in paragraph at lines 1442--1442
[]|\TU/lmr/m/n/9 — 

Overfull \hbox (3.56557pt too wide) in paragraph at lines 1442--1442
[]|\TU/lmr/m/n/9 — 

Overfull \hbox (3.56557pt too wide) in paragraph at lines 1442--1442
[]|\TU/lmr/m/n/9 — 

Overfull \hbox (3.56557pt too wide) in paragraph at lines 1442--1443
[]|\TU/lmr/m/n/9 — 

Overfull \hbox (3.56557pt too wide) in paragraph at lines 1443--1444
[]|\TU/lmr/m/n/9 — 

Overfull \hbox (18.01057pt too wide) in paragraph at lines 1444--1444
[]|\TU/lmr/m/n/9 Sheaf 

Overfull \hbox (14.14957pt too wide) in paragraph at lines 1444--1444
\TU/lmr/m/n/9 com- 

Overfull \hbox (7.73257pt too wide) in paragraph at lines 1444--1444
\TU/lmr/m/n/9 po- 

Overfull \hbox (3.92557pt too wide) in paragraph at lines 1444--1444
\TU/lmr/m/n/9 si- 

Overfull \hbox (12.10657pt too wide) in paragraph at lines 1444--1444
\TU/lmr/m/n/9 tion|  

Overfull \hbox (2.45857pt too wide) in paragraph at lines 1444--1444
[]|\TU/lmr/m/n/9 P|  

Overfull \hbox (2.45857pt too wide) in paragraph at lines 1444--1444
[]|\TU/lmr/m/n/9 P|  

Overfull \hbox (3.56557pt too wide) in paragraph at lines 1444--1444
[]|\TU/lmr/m/n/9 — 

Overfull \hbox (3.56557pt too wide) in paragraph at lines 1444--1444
[]|\TU/lmr/m/n/9 — 

Overfull \hbox (2.45857pt too wide) in paragraph at lines 1444--1444
[]|\TU/lmr/m/n/9 P|  

Overfull \hbox (3.56557pt too wide) in paragraph at lines 1444--1444
[]|\TU/lmr/m/n/9 — 

Overfull \hbox (3.56557pt too wide) in paragraph at lines 1444--1444
[]|\TU/lmr/m/n/9 — 

Overfull \hbox (2.45857pt too wide) in paragraph at lines 1444--1444
[]|\TU/lmr/m/n/9 P|  

Overfull \hbox (3.56557pt too wide) in paragraph at lines 1444--1444
[]|\TU/lmr/m/n/9 — 

Overfull \hbox (2.45857pt too wide) in paragraph at lines 1444--1444
[]|\TU/lmr/m/n/9 P|  

Overfull \hbox (2.45857pt too wide) in paragraph at lines 1444--1445
[]|\TU/lmr/m/n/9 P|  

Overfull \hbox (2.45857pt too wide) in paragraph at lines 1445--1445
[]|\TU/lmr/m/n/9 P|  

Overfull \hbox (2.45857pt too wide) in paragraph at lines 1445--1445
[]|\TU/lmr/m/n/9 P|  

Overfull \hbox (2.45857pt too wide) in paragraph at lines 1445--1445
[]|\TU/lmr/m/n/9 P|  

Overfull \hbox (2.45857pt too wide) in paragraph at lines 1445--1445
[]|\TU/lmr/m/n/9 P|  

Overfull \hbox (2.45857pt too wide) in paragraph at lines 1445--1445
[]|\TU/lmr/m/n/9 P|  

Overfull \hbox (2.45857pt too wide) in paragraph at lines 1445--1445
[]|\TU/lmr/m/n/9 P|  

Overfull \hbox (2.45857pt too wide) in paragraph at lines 1445--1445
[]|\TU/lmr/m/n/9 P|  

Overfull \hbox (3.56557pt too wide) in paragraph at lines 1445--1445
[]|\TU/lmr/m/n/9 — 

Overfull \hbox (3.56557pt too wide) in paragraph at lines 1445--1445
[]|\TU/lmr/m/n/9 — 

Overfull \hbox (3.56557pt too wide) in paragraph at lines 1445--1445
[]|\TU/lmr/m/n/9 — 

Overfull \hbox (2.45857pt too wide) in paragraph at lines 1445--1445
[]|\TU/lmr/m/n/9 P|  

Overfull \hbox (2.45857pt too wide) in paragraph at lines 1445--1445
[]|\TU/lmr/m/n/9 P|  

Overfull \hbox (3.56557pt too wide) in paragraph at lines 1445--1445
[]|\TU/lmr/m/n/9 — 

Overfull \hbox (3.56557pt too wide) in paragraph at lines 1445--1445
[]|\TU/lmr/m/n/9 — 

Overfull \hbox (3.56557pt too wide) in paragraph at lines 1445--1446
[]|\TU/lmr/m/n/9 — 

Overfull \hbox (3.56557pt too wide) in paragraph at lines 1446--1446
[]|\TU/lmr/m/n/9 — 

Overfull \hbox (3.56557pt too wide) in paragraph at lines 1446--1446
[]|\TU/lmr/m/n/9 — 

Overfull \hbox (3.56557pt too wide) in paragraph at lines 1446--1446
[]|\TU/lmr/m/n/9 — 

Overfull \hbox (3.56557pt too wide) in paragraph at lines 1446--1446
[]|\TU/lmr/m/n/9 — 

Overfull \hbox (3.56557pt too wide) in paragraph at lines 1446--1446
[]|\TU/lmr/m/n/9 — 

Overfull \hbox (3.56557pt too wide) in paragraph at lines 1446--1446
[]|\TU/lmr/m/n/9 — 

Overfull \hbox (3.56557pt too wide) in paragraph at lines 1446--1446
[]|\TU/lmr/m/n/9 — 

Overfull \hbox (3.56557pt too wide) in paragraph at lines 1446--1447
[]|\TU/lmr/m/n/9 — 

Overfull \hbox (25.68758pt too wide) in paragraph at lines 1447--1447
[]|\TU/lmr/m/n/9 Results 

Overfull \hbox (25.43558pt too wide) in paragraph at lines 1447--1447
\TU/lmr/m/n/9 (group)|  

Overfull \hbox (3.56557pt too wide) in paragraph at lines 1447--1447
[]|\TU/lmr/m/n/9 — 

Overfull \hbox (3.56557pt too wide) in paragraph at lines 1447--1447
[]|\TU/lmr/m/n/9 — 

Overfull \hbox (3.56557pt too wide) in paragraph at lines 1447--1447
[]|\TU/lmr/m/n/9 — 

Overfull \hbox (3.56557pt too wide) in paragraph at lines 1447--1447
[]|\TU/lmr/m/n/9 — 

Overfull \hbox (3.56557pt too wide) in paragraph at lines 1447--1447
[]|\TU/lmr/m/n/9 — 

Overfull \hbox (3.56557pt too wide) in paragraph at lines 1447--1447
[]|\TU/lmr/m/n/9 — 

Overfull \hbox (3.56557pt too wide) in paragraph at lines 1447--1447
[]|\TU/lmr/m/n/9 — 

Overfull \hbox (3.56557pt too wide) in paragraph at lines 1447--1447
[]|\TU/lmr/m/n/9 — 

Overfull \hbox (3.56557pt too wide) in paragraph at lines 1447--1447
[]|\TU/lmr/m/n/9 — 

Overfull \hbox (3.56557pt too wide) in paragraph at lines 1448--1448
[]|\TU/lmr/m/n/9 — 

Overfull \hbox (3.56557pt too wide) in paragraph at lines 1448--1448
[]|\TU/lmr/m/n/9 — 

Overfull \hbox (3.56557pt too wide) in paragraph at lines 1448--1448
[]|\TU/lmr/m/n/9 — 

Overfull \hbox (3.56557pt too wide) in paragraph at lines 1448--1448
[]|\TU/lmr/m/n/9 — 

Overfull \hbox (3.56557pt too wide) in paragraph at lines 1448--1448
[]|\TU/lmr/m/n/9 — 

Overfull \hbox (3.56557pt too wide) in paragraph at lines 1448--1448
[]|\TU/lmr/m/n/9 — 

Overfull \hbox (3.56557pt too wide) in paragraph at lines 1448--1448
[]|\TU/lmr/m/n/9 — 

Overfull \hbox (3.56557pt too wide) in paragraph at lines 1448--1448
[]|\TU/lmr/m/n/9 — 

Overfull \hbox (3.56557pt too wide) in paragraph at lines 1448--1448
[]|\TU/lmr/m/n/9 — 

Overfull \hbox (3.56557pt too wide) in paragraph at lines 1448--1448
[]|\TU/lmr/m/n/9 — 

Overfull \hbox (3.56557pt too wide) in paragraph at lines 1448--1448
[]|\TU/lmr/m/n/9 — 

Overfull \hbox (3.56557pt too wide) in paragraph at lines 1448--1448
[]|\TU/lmr/m/n/9 — 

Overfull \hbox (3.56557pt too wide) in paragraph at lines 1449--1449
[]|\TU/lmr/m/n/9 — 

Overfull \hbox (3.56557pt too wide) in paragraph at lines 1449--1449
[]|\TU/lmr/m/n/9 — 

Overfull \hbox (3.56557pt too wide) in paragraph at lines 1449--1449
[]|\TU/lmr/m/n/9 — 

Overfull \hbox (3.56557pt too wide) in paragraph at lines 1449--1449
[]|\TU/lmr/m/n/9 — 

Overfull \hbox (3.56557pt too wide) in paragraph at lines 1449--1449
[]|\TU/lmr/m/n/9 — 

Overfull \hbox (3.56557pt too wide) in paragraph at lines 1449--1449
[]|\TU/lmr/m/n/9 — 

Overfull \hbox (3.56557pt too wide) in paragraph at lines 1449--1449
[]|\TU/lmr/m/n/9 — 

Overfull \hbox (3.56557pt too wide) in paragraph at lines 1449--1449
[]|\TU/lmr/m/n/9 — 

Overfull \hbox (3.56557pt too wide) in paragraph at lines 1449--1449
[]|\TU/lmr/m/n/9 — 

Overfull \hbox (3.56557pt too wide) in paragraph at lines 1449--1449
[]|\TU/lmr/m/n/9 — 

Overfull \hbox (3.56557pt too wide) in paragraph at lines 1449--1449
[]|\TU/lmr/m/n/9 — 

Overfull \hbox (3.56557pt too wide) in paragraph at lines 1449--1449
[]|\TU/lmr/m/n/9 — 

Overfull \hbox (3.56557pt too wide) in paragraph at lines 1450--1451
[]|\TU/lmr/m/n/9 — 

Overfull \hbox (27.26257pt too wide) in paragraph at lines 1451--1451
[]|\TU/lmr/m/n/9 Mutual- 

Overfull \hbox (43.21957pt too wide) in paragraph at lines 1451--1451
\TU/lmr/m/n/9 information 

Overfull \hbox (7.47157pt too wide) in paragraph at lines 1451--1451
\TU/lmr/m/n/9 pa- 

Overfull \hbox (13.65457pt too wide) in paragraph at lines 1451--1451
\TU/lmr/m/n/9 ram- 

Overfull \hbox (1.81956pt too wide) in paragraph at lines 1451--1451
\TU/lmr/m/n/9 e- 

Overfull \hbox (7.31857pt too wide) in paragraph at lines 1451--1451
\TU/lmr/m/n/9 ter 

Overfull \hbox (19.59457pt too wide) in paragraph at lines 1451--1451
\TU/lmr/m/n/9 sweep|  

Overfull \hbox (2.45857pt too wide) in paragraph at lines 1451--1451
[]|\TU/lmr/m/n/9 P|  

Overfull \hbox (2.45857pt too wide) in paragraph at lines 1451--1451
[]|\TU/lmr/m/n/9 P|  

Overfull \hbox (2.45857pt too wide) in paragraph at lines 1451--1451
[]|\TU/lmr/m/n/9 P|  

Overfull \hbox (3.56557pt too wide) in paragraph at lines 1451--1451
[]|\TU/lmr/m/n/9 — 

Overfull \hbox (3.56557pt too wide) in paragraph at lines 1451--1451
[]|\TU/lmr/m/n/9 — 

Overfull \hbox (3.56557pt too wide) in paragraph at lines 1451--1451
[]|\TU/lmr/m/n/9 — 

Overfull \hbox (3.56557pt too wide) in paragraph at lines 1451--1451
[]|\TU/lmr/m/n/9 — 

Overfull \hbox (3.56557pt too wide) in paragraph at lines 1452--1452
[]|\TU/lmr/m/n/9 — 

Overfull \hbox (3.56557pt too wide) in paragraph at lines 1452--1452
[]|\TU/lmr/m/n/9 — 

Overfull \hbox (3.56557pt too wide) in paragraph at lines 1452--1452
[]|\TU/lmr/m/n/9 — 

Overfull \hbox (3.56557pt too wide) in paragraph at lines 1452--1452
[]|\TU/lmr/m/n/9 — 

Overfull \hbox (3.56557pt too wide) in paragraph at lines 1452--1452
[]|\TU/lmr/m/n/9 — 

Overfull \hbox (3.56557pt too wide) in paragraph at lines 1452--1452
[]|\TU/lmr/m/n/9 — 

Overfull \hbox (3.56557pt too wide) in paragraph at lines 1452--1452
[]|\TU/lmr/m/n/9 — 

Overfull \hbox (3.56557pt too wide) in paragraph at lines 1452--1452
[]|\TU/lmr/m/n/9 — 

Overfull \hbox (3.56557pt too wide) in paragraph at lines 1452--1452
[]|\TU/lmr/m/n/9 — 

Overfull \hbox (3.56557pt too wide) in paragraph at lines 1452--1452
[]|\TU/lmr/m/n/9 — 

Overfull \hbox (3.56557pt too wide) in paragraph at lines 1452--1452
[]|\TU/lmr/m/n/9 — 

Overfull \hbox (3.56557pt too wide) in paragraph at lines 1452--1452
[]|\TU/lmr/m/n/9 — 

Overfull \hbox (3.56557pt too wide) in paragraph at lines 1453--1453
[]|\TU/lmr/m/n/9 — 

Overfull \hbox (3.56557pt too wide) in paragraph at lines 1453--1453
[]|\TU/lmr/m/n/9 — 

Overfull \hbox (3.56557pt too wide) in paragraph at lines 1453--1453
[]|\TU/lmr/m/n/9 — 

Overfull \hbox (2.45857pt too wide) in paragraph at lines 1453--1453
[]|\TU/lmr/m/n/9 P|  

Overfull \hbox (3.56557pt too wide) in paragraph at lines 1453--1453
[]|\TU/lmr/m/n/9 — 

Overfull \hbox (3.56557pt too wide) in paragraph at lines 1453--1453
[]|\TU/lmr/m/n/9 — 

Overfull \hbox (3.56557pt too wide) in paragraph at lines 1453--1453
[]|\TU/lmr/m/n/9 — 

Overfull \hbox (3.56557pt too wide) in paragraph at lines 1453--1453
[]|\TU/lmr/m/n/9 — 

Overfull \hbox (3.56557pt too wide) in paragraph at lines 1453--1453
[]|\TU/lmr/m/n/9 — 

Overfull \hbox (3.56557pt too wide) in paragraph at lines 1453--1453
[]|\TU/lmr/m/n/9 — 

Overfull \hbox (3.56557pt too wide) in paragraph at lines 1453--1453
[]|\TU/lmr/m/n/9 — 

Overfull \hbox (3.56557pt too wide) in paragraph at lines 1453--1453
[]|\TU/lmr/m/n/9 — 

Overfull \hbox (3.56557pt too wide) in paragraph at lines 1454--1454
[]|\TU/lmr/m/n/9 — 

Overfull \hbox (3.56557pt too wide) in paragraph at lines 1454--1454
[]|\TU/lmr/m/n/9 — 

Overfull \hbox (3.56557pt too wide) in paragraph at lines 1454--1455
[]|\TU/lmr/m/n/9 — 

Overfull \hbox (14.81557pt too wide) in paragraph at lines 1455--1455
[]|\TU/lmr/m/n/9 Free- 

Overfull \hbox (22.31258pt too wide) in paragraph at lines 1455--1455
\TU/lmr/m/n/9 energy 

Overfull \hbox (6.95857pt too wide) in paragraph at lines 1455--1455
\TU/lmr/m/n/9 de- 

Overfull \hbox (14.14957pt too wide) in paragraph at lines 1455--1455
\TU/lmr/m/n/9 com- 

Overfull \hbox (7.73257pt too wide) in paragraph at lines 1455--1455
\TU/lmr/m/n/9 po- 

Overfull \hbox (3.92557pt too wide) in paragraph at lines 1455--1455
\TU/lmr/m/n/9 si- 

Overfull \hbox (12.10657pt too wide) in paragraph at lines 1455--1455
\TU/lmr/m/n/9 tion|  

Overfull \hbox (2.45857pt too wide) in paragraph at lines 1455--1455
[]|\TU/lmr/m/n/9 P|  

Overfull \hbox (3.56557pt too wide) in paragraph at lines 1455--1455
[]|\TU/lmr/m/n/9 — 

Overfull \hbox (3.56557pt too wide) in paragraph at lines 1455--1455
[]|\TU/lmr/m/n/9 — 

Overfull \hbox (3.56557pt too wide) in paragraph at lines 1455--1455
[]|\TU/lmr/m/n/9 — 

Overfull \hbox (3.56557pt too wide) in paragraph at lines 1455--1455
[]|\TU/lmr/m/n/9 — 

Overfull \hbox (3.56557pt too wide) in paragraph at lines 1455--1455
[]|\TU/lmr/m/n/9 — 

Overfull \hbox (3.56557pt too wide) in paragraph at lines 1455--1455
[]|\TU/lmr/m/n/9 — 

Overfull \hbox (3.56557pt too wide) in paragraph at lines 1455--1456
[]|\TU/lmr/m/n/9 — 

Overfull \hbox (3.56557pt too wide) in paragraph at lines 1456--1456
[]|\TU/lmr/m/n/9 — 

Overfull \hbox (3.56557pt too wide) in paragraph at lines 1456--1456
[]|\TU/lmr/m/n/9 — 

Overfull \hbox (3.56557pt too wide) in paragraph at lines 1456--1456
[]|\TU/lmr/m/n/9 — 

Overfull \hbox (3.56557pt too wide) in paragraph at lines 1456--1456
[]|\TU/lmr/m/n/9 — 

Overfull \hbox (3.56557pt too wide) in paragraph at lines 1456--1456
[]|\TU/lmr/m/n/9 — 

Overfull \hbox (3.56557pt too wide) in paragraph at lines 1456--1456
[]|\TU/lmr/m/n/9 — 

Overfull \hbox (3.56557pt too wide) in paragraph at lines 1456--1456
[]|\TU/lmr/m/n/9 — 

Overfull \hbox (3.56557pt too wide) in paragraph at lines 1456--1456
[]|\TU/lmr/m/n/9 — 

Overfull \hbox (3.56557pt too wide) in paragraph at lines 1456--1456
[]|\TU/lmr/m/n/9 — 

Overfull \hbox (3.56557pt too wide) in paragraph at lines 1456--1456
[]|\TU/lmr/m/n/9 — 

Overfull \hbox (3.56557pt too wide) in paragraph at lines 1456--1456
[]|\TU/lmr/m/n/9 — 

Overfull \hbox (3.56557pt too wide) in paragraph at lines 1456--1457
[]|\TU/lmr/m/n/9 — 

Overfull \hbox (3.56557pt too wide) in paragraph at lines 1457--1457
[]|\TU/lmr/m/n/9 — 

Overfull \hbox (3.56557pt too wide) in paragraph at lines 1457--1457
[]|\TU/lmr/m/n/9 — 

Overfull \hbox (2.45857pt too wide) in paragraph at lines 1457--1457
[]|\TU/lmr/m/n/9 P|  

Overfull \hbox (3.56557pt too wide) in paragraph at lines 1457--1457
[]|\TU/lmr/m/n/9 — 

Overfull \hbox (3.56557pt too wide) in paragraph at lines 1457--1457
[]|\TU/lmr/m/n/9 — 

Overfull \hbox (3.56557pt too wide) in paragraph at lines 1457--1457
[]|\TU/lmr/m/n/9 — 

Overfull \hbox (3.56557pt too wide) in paragraph at lines 1457--1457
[]|\TU/lmr/m/n/9 — 

Overfull \hbox (3.56557pt too wide) in paragraph at lines 1457--1457
[]|\TU/lmr/m/n/9 — 

Overfull \hbox (3.56557pt too wide) in paragraph at lines 1457--1457
[]|\TU/lmr/m/n/9 — 

Overfull \hbox (3.56557pt too wide) in paragraph at lines 1457--1457
[]|\TU/lmr/m/n/9 — 

Overfull \hbox (3.56557pt too wide) in paragraph at lines 1457--1457
[]|\TU/lmr/m/n/9 — 

Overfull \hbox (3.56557pt too wide) in paragraph at lines 1457--1457
[]|\TU/lmr/m/n/9 — 

Overfull \hbox (3.56557pt too wide) in paragraph at lines 1458--1458
[]|\TU/lmr/m/n/9 — 

Overfull \hbox (3.56557pt too wide) in paragraph at lines 1458--1459
[]|\TU/lmr/m/n/9 — 

Overfull \hbox (4.38457pt too wide) in paragraph at lines 1459--1459
[]|\TU/lmr/m/n/9 T- 

Overfull \hbox (16.72357pt too wide) in paragraph at lines 1459--1459
\TU/lmr/m/n/9 maze 

Overfull \hbox (21.34956pt too wide) in paragraph at lines 1459--1459
\TU/lmr/m/n/9 active- 

Overfull \hbox (31.91557pt too wide) in paragraph at lines 1459--1459
\TU/lmr/m/n/9 inference 

Overfull \hbox (11.09857pt too wide) in paragraph at lines 1459--1459
\TU/lmr/m/n/9 roll- 

Overfull \hbox (9.53258pt too wide) in paragraph at lines 1459--1459
\TU/lmr/m/n/9 out|  

Overfull \hbox (2.45857pt too wide) in paragraph at lines 1459--1459
[]|\TU/lmr/m/n/9 P|  

Overfull \hbox (3.56557pt too wide) in paragraph at lines 1459--1459
[]|\TU/lmr/m/n/9 — 

Overfull \hbox (3.56557pt too wide) in paragraph at lines 1459--1459
[]|\TU/lmr/m/n/9 — 

Overfull \hbox (3.56557pt too wide) in paragraph at lines 1459--1459
[]|\TU/lmr/m/n/9 — 

Overfull \hbox (3.56557pt too wide) in paragraph at lines 1459--1459
[]|\TU/lmr/m/n/9 — 

Overfull \hbox (2.45857pt too wide) in paragraph at lines 1459--1459
[]|\TU/lmr/m/n/9 P|  

Overfull \hbox (3.56557pt too wide) in paragraph at lines 1459--1459
[]|\TU/lmr/m/n/9 — 

Overfull \hbox (3.56557pt too wide) in paragraph at lines 1460--1460
[]|\TU/lmr/m/n/9 — 

Overfull \hbox (3.56557pt too wide) in paragraph at lines 1460--1460
[]|\TU/lmr/m/n/9 — 

Overfull \hbox (3.56557pt too wide) in paragraph at lines 1460--1460
[]|\TU/lmr/m/n/9 — 

Overfull \hbox (3.56557pt too wide) in paragraph at lines 1460--1460
[]|\TU/lmr/m/n/9 — 

Overfull \hbox (3.56557pt too wide) in paragraph at lines 1460--1460
[]|\TU/lmr/m/n/9 — 

Overfull \hbox (3.56557pt too wide) in paragraph at lines 1460--1460
[]|\TU/lmr/m/n/9 — 

Overfull \hbox (3.56557pt too wide) in paragraph at lines 1460--1460
[]|\TU/lmr/m/n/9 — 

Overfull \hbox (3.56557pt too wide) in paragraph at lines 1460--1460
[]|\TU/lmr/m/n/9 — 

Overfull \hbox (3.56557pt too wide) in paragraph at lines 1460--1460
[]|\TU/lmr/m/n/9 — 

Overfull \hbox (3.56557pt too wide) in paragraph at lines 1460--1460
[]|\TU/lmr/m/n/9 — 

Overfull \hbox (3.56557pt too wide) in paragraph at lines 1460--1460
[]|\TU/lmr/m/n/9 — 

Overfull \hbox (3.56557pt too wide) in paragraph at lines 1460--1460
[]|\TU/lmr/m/n/9 — 

Overfull \hbox (3.56557pt too wide) in paragraph at lines 1461--1461
[]|\TU/lmr/m/n/9 — 

Overfull \hbox (3.56557pt too wide) in paragraph at lines 1461--1461
[]|\TU/lmr/m/n/9 — 

Overfull \hbox (3.56557pt too wide) in paragraph at lines 1461--1461
[]|\TU/lmr/m/n/9 — 

Overfull \hbox (2.45857pt too wide) in paragraph at lines 1461--1461
[]|\TU/lmr/m/n/9 P|  

Overfull \hbox (3.56557pt too wide) in paragraph at lines 1461--1461
[]|\TU/lmr/m/n/9 — 

Overfull \hbox (3.56557pt too wide) in paragraph at lines 1461--1461
[]|\TU/lmr/m/n/9 — 

Overfull \hbox (3.56557pt too wide) in paragraph at lines 1461--1461
[]|\TU/lmr/m/n/9 — 

Overfull \hbox (3.56557pt too wide) in paragraph at lines 1461--1461
[]|\TU/lmr/m/n/9 — 

Overfull \hbox (3.56557pt too wide) in paragraph at lines 1461--1461
[]|\TU/lmr/m/n/9 — 

Overfull \hbox (3.56557pt too wide) in paragraph at lines 1461--1461
[]|\TU/lmr/m/n/9 — 

Overfull \hbox (3.56557pt too wide) in paragraph at lines 1461--1461
[]|\TU/lmr/m/n/9 — 

Overfull \hbox (3.56557pt too wide) in paragraph at lines 1461--1461
[]|\TU/lmr/m/n/9 — 

Overfull \hbox (3.56557pt too wide) in paragraph at lines 1462--1462
[]|\TU/lmr/m/n/9 — 

Overfull \hbox (3.56557pt too wide) in paragraph at lines 1462--1462
[]|\TU/lmr/m/n/9 — 

Overfull \hbox (3.56557pt too wide) in paragraph at lines 1462--1463
[]|\TU/lmr/m/n/9 — 

Overfull \hbox (37.81058pt too wide) in paragraph at lines 1463--1463
[]|\TU/lmr/m/n/9 Validation 

Overfull \hbox (5.41957pt too wide) in paragraph at lines 1463--1463
\TU/lmr/m/n/9 in- 

Overfull \hbox (12.64658pt too wide) in paragraph at lines 1463--1463
\TU/lmr/m/n/9 vari- 

Overfull \hbox (12.91658pt too wide) in paragraph at lines 1463--1463
\TU/lmr/m/n/9 ants|  

Overfull \hbox (2.45857pt too wide) in paragraph at lines 1463--1463
[]|\TU/lmr/m/n/9 P|  

Overfull \hbox (3.56557pt too wide) in paragraph at lines 1463--1463
[]|\TU/lmr/m/n/9 — 

Overfull \hbox (2.45857pt too wide) in paragraph at lines 1463--1463
[]|\TU/lmr/m/n/9 P|  

Overfull \hbox (3.56557pt too wide) in paragraph at lines 1463--1463
[]|\TU/lmr/m/n/9 — 

Overfull \hbox (3.56557pt too wide) in paragraph at lines 1463--1463
[]|\TU/lmr/m/n/9 — 

Overfull \hbox (3.56557pt too wide) in paragraph at lines 1463--1463
[]|\TU/lmr/m/n/9 — 

Overfull \hbox (3.56557pt too wide) in paragraph at lines 1463--1463
[]|\TU/lmr/m/n/9 — 

Overfull \hbox (3.56557pt too wide) in paragraph at lines 1463--1463
[]|\TU/lmr/m/n/9 — 

Overfull \hbox (2.45857pt too wide) in paragraph at lines 1463--1463
[]|\TU/lmr/m/n/9 P|  

Overfull \hbox (3.56557pt too wide) in paragraph at lines 1464--1464
[]|\TU/lmr/m/n/9 — 

Overfull \hbox (3.56557pt too wide) in paragraph at lines 1464--1464
[]|\TU/lmr/m/n/9 — 

Overfull \hbox (3.56557pt too wide) in paragraph at lines 1464--1464
[]|\TU/lmr/m/n/9 — 

Overfull \hbox (3.56557pt too wide) in paragraph at lines 1464--1464
[]|\TU/lmr/m/n/9 — 

Overfull \hbox (3.56557pt too wide) in paragraph at lines 1464--1464
[]|\TU/lmr/m/n/9 — 

Overfull \hbox (3.56557pt too wide) in paragraph at lines 1464--1464
[]|\TU/lmr/m/n/9 — 

Overfull \hbox (3.56557pt too wide) in paragraph at lines 1464--1464
[]|\TU/lmr/m/n/9 — 

Overfull \hbox (3.56557pt too wide) in paragraph at lines 1464--1464
[]|\TU/lmr/m/n/9 — 

Overfull \hbox (3.56557pt too wide) in paragraph at lines 1464--1464
[]|\TU/lmr/m/n/9 — 

Overfull \hbox (2.45857pt too wide) in paragraph at lines 1464--1464
[]|\TU/lmr/m/n/9 P|  

Overfull \hbox (2.45857pt too wide) in paragraph at lines 1464--1464
[]|\TU/lmr/m/n/9 P|  

Overfull \hbox (2.45857pt too wide) in paragraph at lines 1464--1464
[]|\TU/lmr/m/n/9 P|  

Overfull \hbox (3.56557pt too wide) in paragraph at lines 1464--1464
[]|\TU/lmr/m/n/9 — 

Overfull \hbox (2.45857pt too wide) in paragraph at lines 1465--1465
[]|\TU/lmr/m/n/9 P|  

Overfull \hbox (3.56557pt too wide) in paragraph at lines 1465--1465
[]|\TU/lmr/m/n/9 — 

Overfull \hbox (3.56557pt too wide) in paragraph at lines 1465--1465
[]|\TU/lmr/m/n/9 — 

Overfull \hbox (3.56557pt too wide) in paragraph at lines 1465--1465
[]|\TU/lmr/m/n/9 — 

Overfull \hbox (3.56557pt too wide) in paragraph at lines 1465--1465
[]|\TU/lmr/m/n/9 — 

Overfull \hbox (2.45857pt too wide) in paragraph at lines 1465--1465
[]|\TU/lmr/m/n/9 P|  

Overfull \hbox (2.45857pt too wide) in paragraph at lines 1465--1465
[]|\TU/lmr/m/n/9 P|  

Overfull \hbox (3.56557pt too wide) in paragraph at lines 1465--1465
[]|\TU/lmr/m/n/9 — 

Overfull \hbox (3.56557pt too wide) in paragraph at lines 1465--1465
[]|\TU/lmr/m/n/9 — 

Overfull \hbox (3.56557pt too wide) in paragraph at lines 1465--1465
[]|\TU/lmr/m/n/9 — 

Overfull \hbox (3.56557pt too wide) in paragraph at lines 1465--1465
[]|\TU/lmr/m/n/9 — 

Overfull \hbox (3.56557pt too wide) in paragraph at lines 1465--1466
[]|\TU/lmr/m/n/9 — 

Overfull \hbox (38.33258pt too wide) in paragraph at lines 1466--1466
[]|\TU/lmr/m/n/9 Discussion 

Overfull \hbox (25.43558pt too wide) in paragraph at lines 1466--1466
\TU/lmr/m/n/9 (group)|  

Overfull \hbox (3.56557pt too wide) in paragraph at lines 1466--1466
[]|\TU/lmr/m/n/9 — 

Overfull \hbox (3.56557pt too wide) in paragraph at lines 1466--1466
[]|\TU/lmr/m/n/9 — 

Overfull \hbox (3.56557pt too wide) in paragraph at lines 1466--1466
[]|\TU/lmr/m/n/9 — 

Overfull \hbox (3.56557pt too wide) in paragraph at lines 1466--1466
[]|\TU/lmr/m/n/9 — 

Overfull \hbox (3.56557pt too wide) in paragraph at lines 1466--1466
[]|\TU/lmr/m/n/9 — 

Overfull \hbox (3.56557pt too wide) in paragraph at lines 1466--1466
[]|\TU/lmr/m/n/9 — 

Overfull \hbox (3.56557pt too wide) in paragraph at lines 1466--1466
[]|\TU/lmr/m/n/9 — 

Overfull \hbox (3.56557pt too wide) in paragraph at lines 1466--1466
[]|\TU/lmr/m/n/9 — 

Overfull \hbox (3.56557pt too wide) in paragraph at lines 1466--1467
[]|\TU/lmr/m/n/9 — 

Overfull \hbox (3.56557pt too wide) in paragraph at lines 1467--1467
[]|\TU/lmr/m/n/9 — 

Overfull \hbox (3.56557pt too wide) in paragraph at lines 1467--1467
[]|\TU/lmr/m/n/9 — 

Overfull \hbox (3.56557pt too wide) in paragraph at lines 1467--1467
[]|\TU/lmr/m/n/9 — 

Overfull \hbox (3.56557pt too wide) in paragraph at lines 1467--1467
[]|\TU/lmr/m/n/9 — 

Overfull \hbox (3.56557pt too wide) in paragraph at lines 1467--1467
[]|\TU/lmr/m/n/9 — 

Overfull \hbox (3.56557pt too wide) in paragraph at lines 1467--1467
[]|\TU/lmr/m/n/9 — 

Overfull \hbox (3.56557pt too wide) in paragraph at lines 1467--1467
[]|\TU/lmr/m/n/9 — 

Overfull \hbox (3.56557pt too wide) in paragraph at lines 1467--1467
[]|\TU/lmr/m/n/9 — 

Overfull \hbox (3.56557pt too wide) in paragraph at lines 1467--1467
[]|\TU/lmr/m/n/9 — 

Overfull \hbox (3.56557pt too wide) in paragraph at lines 1467--1467
[]|\TU/lmr/m/n/9 — 

Overfull \hbox (3.56557pt too wide) in paragraph at lines 1467--1467
[]|\TU/lmr/m/n/9 — 

Overfull \hbox (3.56557pt too wide) in paragraph at lines 1467--1468
[]|\TU/lmr/m/n/9 — 

Overfull \hbox (3.56557pt too wide) in paragraph at lines 1468--1468
[]|\TU/lmr/m/n/9 — 

Overfull \hbox (3.56557pt too wide) in paragraph at lines 1468--1468
[]|\TU/lmr/m/n/9 — 

Overfull \hbox (3.56557pt too wide) in paragraph at lines 1468--1468
[]|\TU/lmr/m/n/9 — 

Overfull \hbox (3.56557pt too wide) in paragraph at lines 1468--1468
[]|\TU/lmr/m/n/9 — 

Overfull \hbox (3.56557pt too wide) in paragraph at lines 1468--1468
[]|\TU/lmr/m/n/9 — 

Overfull \hbox (3.56557pt too wide) in paragraph at lines 1468--1468
[]|\TU/lmr/m/n/9 — 

Overfull \hbox (3.56557pt too wide) in paragraph at lines 1468--1468
[]|\TU/lmr/m/n/9 — 

Overfull \hbox (3.56557pt too wide) in paragraph at lines 1468--1468
[]|\TU/lmr/m/n/9 — 

Overfull \hbox (3.56557pt too wide) in paragraph at lines 1468--1468
[]|\TU/lmr/m/n/9 — 

Overfull \hbox (3.56557pt too wide) in paragraph at lines 1468--1468
[]|\TU/lmr/m/n/9 — 

Overfull \hbox (3.56557pt too wide) in paragraph at lines 1468--1468
[]|\TU/lmr/m/n/9 — 

Overfull \hbox (3.56557pt too wide) in paragraph at lines 1468--1469
[]|\TU/lmr/m/n/9 — 

Overfull \hbox (3.56557pt too wide) in paragraph at lines 1469--1470
[]|\TU/lmr/m/n/9 — 

Overfull \hbox (42.60757pt too wide) in paragraph at lines 1470--1470
[]|\TU/lmr/m/n/9 Limitations 

Overfull \hbox (11.07158pt too wide) in paragraph at lines 1470--1470
\TU/lmr/m/n/9 and 

Overfull \hbox (11.07156pt too wide) in paragraph at lines 1470--1470
\TU/lmr/m/n/9 out- 

Overfull \hbox (13.13257pt too wide) in paragraph at lines 1470--1470
\TU/lmr/m/n/9 look|  

Overfull \hbox (2.45857pt too wide) in paragraph at lines 1470--1470
[]|\TU/lmr/m/n/9 P|  

Overfull \hbox (3.56557pt too wide) in paragraph at lines 1470--1470
[]|\TU/lmr/m/n/9 — 

Overfull \hbox (2.45857pt too wide) in paragraph at lines 1470--1470
[]|\TU/lmr/m/n/9 P|  

Overfull \hbox (3.56557pt too wide) in paragraph at lines 1470--1470
[]|\TU/lmr/m/n/9 — 

Overfull \hbox (3.56557pt too wide) in paragraph at lines 1470--1470
[]|\TU/lmr/m/n/9 — 

Overfull \hbox (3.56557pt too wide) in paragraph at lines 1470--1470
[]|\TU/lmr/m/n/9 — 

Overfull \hbox (3.56557pt too wide) in paragraph at lines 1470--1470
[]|\TU/lmr/m/n/9 — 

Overfull \hbox (3.56557pt too wide) in paragraph at lines 1470--1470
[]|\TU/lmr/m/n/9 — 

Overfull \hbox (3.56557pt too wide) in paragraph at lines 1471--1471
[]|\TU/lmr/m/n/9 — 

Overfull \hbox (3.56557pt too wide) in paragraph at lines 1471--1471
[]|\TU/lmr/m/n/9 — 

Overfull \hbox (3.56557pt too wide) in paragraph at lines 1471--1471
[]|\TU/lmr/m/n/9 — 

Overfull \hbox (3.56557pt too wide) in paragraph at lines 1471--1471
[]|\TU/lmr/m/n/9 — 

Overfull \hbox (3.56557pt too wide) in paragraph at lines 1471--1471
[]|\TU/lmr/m/n/9 — 

Overfull \hbox (3.56557pt too wide) in paragraph at lines 1471--1471
[]|\TU/lmr/m/n/9 — 

Overfull \hbox (3.56557pt too wide) in paragraph at lines 1471--1471
[]|\TU/lmr/m/n/9 — 

Overfull \hbox (3.56557pt too wide) in paragraph at lines 1471--1471
[]|\TU/lmr/m/n/9 — 

Overfull \hbox (2.45857pt too wide) in paragraph at lines 1471--1471
[]|\TU/lmr/m/n/9 P|  

Overfull \hbox (3.56557pt too wide) in paragraph at lines 1471--1471
[]|\TU/lmr/m/n/9 — 

Overfull \hbox (3.56557pt too wide) in paragraph at lines 1471--1471
[]|\TU/lmr/m/n/9 — 

Overfull \hbox (3.56557pt too wide) in paragraph at lines 1471--1471
[]|\TU/lmr/m/n/9 — 

Overfull \hbox (3.56557pt too wide) in paragraph at lines 1472--1472
[]|\TU/lmr/m/n/9 — 

Overfull \hbox (3.56557pt too wide) in paragraph at lines 1472--1472
[]|\TU/lmr/m/n/9 — 

Overfull \hbox (3.56557pt too wide) in paragraph at lines 1472--1472
[]|\TU/lmr/m/n/9 — 

Overfull \hbox (3.56557pt too wide) in paragraph at lines 1472--1472
[]|\TU/lmr/m/n/9 — 

Overfull \hbox (3.56557pt too wide) in paragraph at lines 1472--1472
[]|\TU/lmr/m/n/9 — 

Overfull \hbox (3.56557pt too wide) in paragraph at lines 1472--1472
[]|\TU/lmr/m/n/9 — 

Overfull \hbox (3.56557pt too wide) in paragraph at lines 1472--1472
[]|\TU/lmr/m/n/9 — 

Overfull \hbox (3.56557pt too wide) in paragraph at lines 1472--1472
[]|\TU/lmr/m/n/9 — 

Overfull \hbox (3.56557pt too wide) in paragraph at lines 1472--1472
[]|\TU/lmr/m/n/9 — 

Overfull \hbox (3.56557pt too wide) in paragraph at lines 1472--1472
[]|\TU/lmr/m/n/9 — 

Overfull \hbox (2.45857pt too wide) in paragraph at lines 1472--1472
[]|\TU/lmr/m/n/9 P|  

Overfull \hbox (3.56557pt too wide) in paragraph at lines 1472--1472
[]|\TU/lmr/m/n/9 — 

Overfull \hbox (3.56557pt too wide) in paragraph at lines 1473--1473
[]|\TU/lmr/m/n/9 — 

Overfull \hbox (2.45857pt too wide) in paragraph at lines 1473--1474
[]|\TU/lmr/m/n/9 P|  

Overfull \hbox (35.24557pt too wide) in paragraph at lines 1474--1474
[]|\TU/lmr/m/n/9 Appendix 

Overfull \hbox (25.43558pt too wide) in paragraph at lines 1474--1474
\TU/lmr/m/n/9 (group)|  

Overfull \hbox (3.56557pt too wide) in paragraph at lines 1474--1474
[]|\TU/lmr/m/n/9 — 

Overfull \hbox (3.56557pt too wide) in paragraph at lines 1474--1474
[]|\TU/lmr/m/n/9 — 

Overfull \hbox (3.56557pt too wide) in paragraph at lines 1474--1474
[]|\TU/lmr/m/n/9 — 

Overfull \hbox (3.56557pt too wide) in paragraph at lines 1474--1474
[]|\TU/lmr/m/n/9 — 

Overfull \hbox (3.56557pt too wide) in paragraph at lines 1474--1474
[]|\TU/lmr/m/n/9 — 

Overfull \hbox (3.56557pt too wide) in paragraph at lines 1474--1474
[]|\TU/lmr/m/n/9 — 

Overfull \hbox (3.56557pt too wide) in paragraph at lines 1474--1474
[]|\TU/lmr/m/n/9 — 

Overfull \hbox (3.56557pt too wide) in paragraph at lines 1474--1474
[]|\TU/lmr/m/n/9 — 

Overfull \hbox (3.56557pt too wide) in paragraph at lines 1474--1474
[]|\TU/lmr/m/n/9 — 

Overfull \hbox (3.56557pt too wide) in paragraph at lines 1475--1475
[]|\TU/lmr/m/n/9 — 

Overfull \hbox (3.56557pt too wide) in paragraph at lines 1475--1475
[]|\TU/lmr/m/n/9 — 

Overfull \hbox (3.56557pt too wide) in paragraph at lines 1475--1475
[]|\TU/lmr/m/n/9 — 

Overfull \hbox (3.56557pt too wide) in paragraph at lines 1475--1475
[]|\TU/lmr/m/n/9 — 

Overfull \hbox (3.56557pt too wide) in paragraph at lines 1475--1475
[]|\TU/lmr/m/n/9 — 

Overfull \hbox (3.56557pt too wide) in paragraph at lines 1475--1475
[]|\TU/lmr/m/n/9 — 

Overfull \hbox (3.56557pt too wide) in paragraph at lines 1475--1475
[]|\TU/lmr/m/n/9 — 

Overfull \hbox (3.56557pt too wide) in paragraph at lines 1475--1475
[]|\TU/lmr/m/n/9 — 

Overfull \hbox (3.56557pt too wide) in paragraph at lines 1475--1475
[]|\TU/lmr/m/n/9 — 

Overfull \hbox (3.56557pt too wide) in paragraph at lines 1475--1475
[]|\TU/lmr/m/n/9 — 

Overfull \hbox (3.56557pt too wide) in paragraph at lines 1475--1475
[]|\TU/lmr/m/n/9 — 

Overfull \hbox (3.56557pt too wide) in paragraph at lines 1475--1475
[]|\TU/lmr/m/n/9 — 

Overfull \hbox (3.56557pt too wide) in paragraph at lines 1476--1476
[]|\TU/lmr/m/n/9 — 

Overfull \hbox (3.56557pt too wide) in paragraph at lines 1476--1476
[]|\TU/lmr/m/n/9 — 

Overfull \hbox (3.56557pt too wide) in paragraph at lines 1476--1476
[]|\TU/lmr/m/n/9 — 

Overfull \hbox (3.56557pt too wide) in paragraph at lines 1476--1476
[]|\TU/lmr/m/n/9 — 

Overfull \hbox (3.56557pt too wide) in paragraph at lines 1476--1476
[]|\TU/lmr/m/n/9 — 

Overfull \hbox (3.56557pt too wide) in paragraph at lines 1476--1476
[]|\TU/lmr/m/n/9 — 

Overfull \hbox (3.56557pt too wide) in paragraph at lines 1476--1476
[]|\TU/lmr/m/n/9 — 

Overfull \hbox (3.56557pt too wide) in paragraph at lines 1476--1476
[]|\TU/lmr/m/n/9 — 

Overfull \hbox (3.56557pt too wide) in paragraph at lines 1476--1476
[]|\TU/lmr/m/n/9 — 

Overfull \hbox (3.56557pt too wide) in paragraph at lines 1476--1476
[]|\TU/lmr/m/n/9 — 

Overfull \hbox (3.56557pt too wide) in paragraph at lines 1476--1476
[]|\TU/lmr/m/n/9 — 

Overfull \hbox (3.56557pt too wide) in paragraph at lines 1476--1476
[]|\TU/lmr/m/n/9 — 

Overfull \hbox (3.56557pt too wide) in paragraph at lines 1477--1478
[]|\TU/lmr/m/n/9 — 

Overfull \hbox (36.77557pt too wide) in paragraph at lines 1478--1478
[]|\TU/lmr/m/n/9 Appendix: 

Overfull \hbox (9.28058pt too wide) in paragraph at lines 1478--1478
\TU/lmr/m/n/9 full 

Overfull \hbox (16.49858pt too wide) in paragraph at lines 1478--1478
\TU/lmr/m/n/9 track 

Overfull \hbox (11.06258pt too wide) in paragraph at lines 1478--1478
\TU/lmr/m/n/9 cov- 

Overfull \hbox (5.43756pt too wide) in paragraph at lines 1478--1478
\TU/lmr/m/n/9 er- 

Overfull \hbox (9.53258pt too wide) in paragraph at lines 1478--1478
\TU/lmr/m/n/9 age|  

Overfull \hbox (2.45857pt too wide) in paragraph at lines 1478--1478
[]|\TU/lmr/m/n/9 P|  

Overfull \hbox (2.45857pt too wide) in paragraph at lines 1478--1478
[]|\TU/lmr/m/n/9 P|  

Overfull \hbox (2.45857pt too wide) in paragraph at lines 1478--1478
[]|\TU/lmr/m/n/9 P|  

Overfull \hbox (2.45857pt too wide) in paragraph at lines 1478--1478
[]|\TU/lmr/m/n/9 P|  

Overfull \hbox (3.56557pt too wide) in paragraph at lines 1478--1478
[]|\TU/lmr/m/n/9 — 

Overfull \hbox (2.45857pt too wide) in paragraph at lines 1478--1478
[]|\TU/lmr/m/n/9 P|  

Overfull \hbox (2.45857pt too wide) in paragraph at lines 1478--1478
[]|\TU/lmr/m/n/9 P|  

Overfull \hbox (2.45857pt too wide) in paragraph at lines 1478--1478
[]|\TU/lmr/m/n/9 P|  

Overfull \hbox (2.45857pt too wide) in paragraph at lines 1478--1478
[]|\TU/lmr/m/n/9 P|  

Overfull \hbox (2.45857pt too wide) in paragraph at lines 1478--1479
[]|\TU/lmr/m/n/9 P|  

Overfull \hbox (2.45857pt too wide) in paragraph at lines 1479--1479
[]|\TU/lmr/m/n/9 P|  

Overfull \hbox (2.45857pt too wide) in paragraph at lines 1479--1479
[]|\TU/lmr/m/n/9 P|  

Overfull \hbox (2.45857pt too wide) in paragraph at lines 1479--1479
[]|\TU/lmr/m/n/9 P|  

Overfull \hbox (2.45857pt too wide) in paragraph at lines 1479--1479
[]|\TU/lmr/m/n/9 P|  

Overfull \hbox (2.45857pt too wide) in paragraph at lines 1479--1479
[]|\TU/lmr/m/n/9 P|  

Overfull \hbox (2.45857pt too wide) in paragraph at lines 1479--1479
[]|\TU/lmr/m/n/9 P|  

Overfull \hbox (2.45857pt too wide) in paragraph at lines 1479--1479
[]|\TU/lmr/m/n/9 P|  

Overfull \hbox (2.45857pt too wide) in paragraph at lines 1479--1479
[]|\TU/lmr/m/n/9 P|  

Overfull \hbox (2.45857pt too wide) in paragraph at lines 1479--1479
[]|\TU/lmr/m/n/9 P|  

Overfull \hbox (2.45857pt too wide) in paragraph at lines 1479--1479
[]|\TU/lmr/m/n/9 P|  

Overfull \hbox (2.45857pt too wide) in paragraph at lines 1479--1479
[]|\TU/lmr/m/n/9 P|  

Overfull \hbox (2.45857pt too wide) in paragraph at lines 1479--1479
[]|\TU/lmr/m/n/9 P|  

Overfull \hbox (2.45857pt too wide) in paragraph at lines 1479--1479
[]|\TU/lmr/m/n/9 P|  

Overfull \hbox (2.45857pt too wide) in paragraph at lines 1479--1479
[]|\TU/lmr/m/n/9 P|  

Overfull \hbox (2.45857pt too wide) in paragraph at lines 1479--1479
[]|\TU/lmr/m/n/9 P|  

Overfull \hbox (2.45857pt too wide) in paragraph at lines 1479--1479
[]|\TU/lmr/m/n/9 P|  

Overfull \hbox (2.45857pt too wide) in paragraph at lines 1479--1479
[]|\TU/lmr/m/n/9 P|  

Overfull \hbox (2.45857pt too wide) in paragraph at lines 1479--1480
[]|\TU/lmr/m/n/9 P|  

Overfull \hbox (2.45857pt too wide) in paragraph at lines 1480--1480
[]|\TU/lmr/m/n/9 P|  

Overfull \hbox (2.45857pt too wide) in paragraph at lines 1480--1480
[]|\TU/lmr/m/n/9 P|  

Overfull \hbox (2.45857pt too wide) in paragraph at lines 1480--1480
[]|\TU/lmr/m/n/9 P|  

Overfull \hbox (2.45857pt too wide) in paragraph at lines 1480--1480
[]|\TU/lmr/m/n/9 P|  

Overfull \hbox (2.45857pt too wide) in paragraph at lines 1480--1480
[]|\TU/lmr/m/n/9 P|  

Overfull \hbox (2.45857pt too wide) in paragraph at lines 1480--1481
[]|\TU/lmr/m/n/9 P|  

Overfull \hbox (0.10997pt too wide) in alignment at lines 1417--1481
 [] [] [] [] [] [] [] [] [] [] [] [] [] [] [] [] [] [] [] [] [] [] [] [] [] [] 
[] [] [] [] [] [] [] [] [] 
 [24]
Overfull \hbox (0.10295pt too wide) in alignment at lines 1512--1528
 [] [] [] [] [] [] 

Overfull \hbox (0.10295pt too wide) in alignment at lines 1528--1530
 [] [] [] [] [] [] 

Overfull \hbox (0.10295pt too wide) in alignment at lines 1530--1552
 [] [] [] [] [] [] 
 [25]
Overfull \hbox (5.0243pt too wide) in paragraph at lines 1597--1597
[]|\TU/lmtt/m/n/9 layers_report|  

Overfull \hbox (5.0243pt too wide) in paragraph at lines 1605--1605
[]|\TU/lmtt/m/n/9 replay_matrix|  

Overfull \hbox (9.74931pt too wide) in paragraph at lines 1607--1607
[]|\TU/lmtt/m/n/9 counterexample|  

Overfull \hbox (14.4743pt too wide) in paragraph at lines 1611--1611
[]|\TU/lmtt/m/n/9 evidence_fields|  

Overfull \hbox (9.74931pt too wide) in paragraph at lines 1613--1613
[]|\TU/lmtt/m/n/9 release_bundle|  

Overfull \hbox (14.4743pt too wide) in paragraph at lines 1615--1615
[]|\TU/lmtt/m/n/9 gate_ergonomics|  

Overfull \hbox (5.0243pt too wide) in paragraph at lines 1633--1633
[]|\TU/lmtt/m/n/9 visualization|  

Overfull \hbox (14.4743pt too wide) in paragraph at lines 1633--1633
[]|\TU/lmtt/m/n/9 section_figures|  

Overfull \hbox (9.74931pt too wide) in paragraph at lines 1636--1636
[]|\TU/lmtt/m/n/9 model_checking|  

Overfull \hbox (14.4743pt too wide) in paragraph at lines 1644--1644
[]|\TU/lmtt/m/n/9 causal_ablation|  

Overfull \hbox (5.0243pt too wide) in paragraph at lines 1647--1647
[]|\TU/lmtt/m/n/9 ontology_yaml|  

Overfull \hbox (14.4743pt too wide) in paragraph at lines 1651--1651
[]|\TU/lmtt/m/n/9 animation_delta|  

Overfull \hbox (5.0243pt too wide) in paragraph at lines 1653--1653
[]|\TU/lmtt/m/n/9 release_notes|  
 [26] [27] [28] [29]
Overfull \hbox (8.8969pt too wide) in paragraph at lines 2109--2119
\TU/lmtt/m/n/9 si_tmaze_trace|  

Overfull \hbox (8.8969pt too wide) in paragraph at lines 2142--2142
[]|\TU/lmtt/m/n/9 visualizations|  

Overfull \hbox (4.17189pt too wide) in paragraph at lines 2142--2142
[]|\TU/lmtt/m/n/9 visualization|  

Overfull \hbox (4.17189pt too wide) in paragraph at lines 2170--2170
[]|\TU/lmtt/m/n/9 replay_matrix|  

Overfull \hbox (4.17189pt too wide) in paragraph at lines 2170--2170
[]|\TU/lmtt/m/n/9 replay_matrix|  

Overfull \hbox (13.62189pt too wide) in paragraph at lines 2178--2179
[]|\TU/lmtt/m/n/9 replay_mismatch|  

Overfull \hbox (8.8969pt too wide) in paragraph at lines 2179--2179
[]|\TU/lmtt/m/n/9 counterexample|  

Overfull \hbox (8.8969pt too wide) in paragraph at lines 2179--2179
[]|\TU/lmtt/m/n/9 counterexample|  

Overfull \hbox (8.8969pt too wide) in paragraph at lines 2227--2227
[]|\TU/lmtt/m/n/9 model_checking|  

Overfull \hbox (8.8969pt too wide) in paragraph at lines 2227--2227
[]|\TU/lmtt/m/n/9 model_checking|  

Overfull \hbox (13.62189pt too wide) in paragraph at lines 2262--2262
[]|\TU/lmtt/m/n/9 evidence_fields|  

Overfull \hbox (13.62189pt too wide) in paragraph at lines 2262--2262
[]|\TU/lmtt/m/n/9 evidence_fields|  

Overfull \hbox (8.8969pt too wide) in paragraph at lines 2270--2270
[]|\TU/lmtt/m/n/9 release_bundle|  

Overfull \hbox (8.8969pt too wide) in paragraph at lines 2270--2270
[]|\TU/lmtt/m/n/9 release_bundle|  

Overfull \hbox (13.62189pt too wide) in paragraph at lines 2295--2295
[]|\TU/lmtt/m/n/9 gate_ergonomics|  

Overfull \hbox (13.62189pt too wide) in paragraph at lines 2295--2295
[]|\TU/lmtt/m/n/9 gate_ergonomics|  

Overfull \hbox (13.62189pt too wide) in paragraph at lines 2337--2337
[]|\TU/lmtt/m/n/9 causal_ablation|  

Overfull \hbox (13.62189pt too wide) in paragraph at lines 2337--2337
[]|\TU/lmtt/m/n/9 causal_ablation|  

Overfull \hbox (4.17189pt too wide) in paragraph at lines 2374--2374
[]|\TU/lmtt/m/n/9 release_notes|  

Overfull \hbox (4.17189pt too wide) in paragraph at lines 2374--2374
[]|\TU/lmtt/m/n/9 release_notes|  

Overfull \hbox (13.62189pt too wide) in paragraph at lines 2383--2383
[]|\TU/lmtt/m/n/9 animation_delta|  

Overfull \hbox (13.62189pt too wide) in paragraph at lines 2383--2383
[]|\TU/lmtt/m/n/9 animation_delta|  

Overfull \hbox (4.17189pt too wide) in paragraph at lines 2399--2399
[]|\TU/lmtt/m/n/9 visualization|  

Overfull \hbox (4.17189pt too wide) in paragraph at lines 2399--2399
[]|\TU/lmtt/m/n/9 visualization|  

Overfull \hbox (10.1839pt too wide) in paragraph at lines 2424--2458
\TU/lmtt/m/n/9 sheaf_manifest\TU/lmr/m/n/9 , 

Overfull \hbox (10.1839pt too wide) in paragraph at lines 2424--2458
\TU/lmtt/m/n/9 sheaf_registry\TU/lmr/m/n/9 , 
[30] [31] [32] [33] [34] [35] [36] [37] [38]
Overfull \vbox (431.09598pt too high) has occurred while \output is active
[39]
Overfull \hbox (50.20583pt too wide) in paragraph at lines 2499--2500
[]|\TU/lmr/m/n/9 adversarial_known_bad_passes|  

Overfull \hbox (33.66383pt too wide) in paragraph at lines 2503--2504
[]|\TU/lmr/m/n/9 missing_fragment_coverage|  

Overfull \hbox (33.66383pt too wide) in paragraph at lines 2508--2509
[]|\TU/lmr/m/n/9 missing_fragment_coverage|  

Overfull \hbox (79.79782pt too wide) in paragraph at lines 2513--2514
[]|\TU/lmr/m/n/9 artifact_diffoscope_missed_hash_drift|  

Overfull \hbox (51.43883pt too wide) in paragraph at lines 2518--2519
[]|\TU/lmr/m/n/9 artifact_license_unsafe_artifact|  

Overfull \hbox (33.66383pt too wide) in paragraph at lines 2523--2524
[]|\TU/lmr/m/n/9 missing_fragment_coverage|  

Overfull \hbox (33.66383pt too wide) in paragraph at lines 2527--2528
[]|\TU/lmr/m/n/9 missing_fragment_coverage|  

Overfull \hbox (41.42183pt too wide) in paragraph at lines 2532--2533
[]|\TU/lmr/m/n/9 causal_ablation_missing_cell|  

Overfull \hbox (71.15782pt too wide) in paragraph at lines 2537--2538
[]|\TU/lmr/m/n/9 known_bad_counterexample_passed|  

Overfull \hbox (7.94183pt too wide) in paragraph at lines 2542--2543
[]|\TU/lmr/m/n/9 missing_typed_claim|  

Overfull \hbox (33.66383pt too wide) in paragraph at lines 2545--2546
[]|\TU/lmr/m/n/9 missing_fragment_coverage|  

Overfull \hbox (36.69682pt too wide) in paragraph at lines 2550--2551
[]|\TU/lmr/m/n/9 gate_ergonomics_unindexed|  
[40] [41] [42]
Underfull \hbox (badness 1721) in paragraph at lines 2678--2690
[]\TU/lmr/m/n/9 Precision controls how sharply that expected free energy is act
ed on: the policy posterior is the softmax-weighted
[43] [44] [45] [46] [47] [48] [49] [50] [51] [52] [53] [54] [55] [56] [57]
[58] [59] (./_combined_manuscript.bbl) [60] [61] (./_combined_manuscript.aux) )
(see the transcript file for additional information)
Output written on _combined_manuscript.pdf (61 pages).
Transcript written on _combined_manuscript.log.
