This is XeTeX, Version 3.141592653-2.6-0.999994 (TeX Live 2022/Debian) (preloaded format=xelatex)
 restricted \write18 enabled.
entering extended mode
This is BibTeX, Version 0.99d (TeX Live 2022/Debian)
The top-level auxiliary file: 05_discussion.aux
The style file: unsrt.bst
I found no \bibdata command---while reading file 05_discussion.aux
Warning--I didn't find a database entry for "ruder2016"
Warning--I didn't find a database entry for "kingma2014"
Warning--I didn't find a database entry for "schmidt2017"
Warning--I didn't find a database entry for "wright2010"
Warning--I didn't find a database entry for "beck2009"
Warning--I didn't find a database entry for "parikh2014"
Warning--I didn't find a database entry for "polak1997"
(There was 1 error message)
This is XeTeX, Version 3.141592653-2.6-0.999994 (TeX Live 2022/Debian) (preloaded format=xelatex)
 restricted \write18 enabled.
entering extended mode
This is XeTeX, Version 3.141592653-2.6-0.999994 (TeX Live 2022/Debian) (preloaded format=xelatex)
 restricted \write18 enabled.
entering extended mode
