This is XeTeX, Version 3.141592653-2.6-0.999997 (TeX Live 2025) (preloaded format=xelatex 2025.3.8)  4 DEC 2025 14:09
entering extended mode
 \write18 enabled.
 %&-line parsing enabled.
**_combined_manuscript.tex
(./_combined_manuscript.tex
LaTeX2e <2024-11-01> patch level 2
L3 programming layer <2025-01-18>
(/usr/local/texlive/2025/texmf-dist/tex/latex/base/article.cls
Document Class: article 2024/06/29 v1.4n Standard LaTeX document class
(/usr/local/texlive/2025/texmf-dist/tex/latex/base/size10.clo
File: size10.clo 2024/06/29 v1.4n Standard LaTeX file (size option)
)
\c@part=\count192
\c@section=\count193
\c@subsection=\count194
\c@subsubsection=\count195
\c@paragraph=\count196
\c@subparagraph=\count197
\c@figure=\count198
\c@table=\count199
\abovecaptionskip=\skip49
\belowcaptionskip=\skip50
\bibindent=\dimen141
)
(/usr/local/texlive/2025/texmf-dist/tex/latex/xcolor/xcolor.sty
Package: xcolor 2024/09/29 v3.02 LaTeX color extensions (UK)

(/usr/local/texlive/2025/texmf-dist/tex/latex/graphics-cfg/color.cfg
File: color.cfg 2016/01/02 v1.6 sample color configuration
)
Package xcolor Info: Driver file: xetex.def on input line 274.

(/usr/local/texlive/2025/texmf-dist/tex/latex/graphics-def/xetex.def
File: xetex.def 2022/09/22 v5.0n Graphics/color driver for xetex
)
(/usr/local/texlive/2025/texmf-dist/tex/latex/graphics/mathcolor.ltx)
Package xcolor Info: Model `cmy' substituted by `cmy0' on input line 1349.
Package xcolor Info: Model `RGB' extended on input line 1365.
Package xcolor Info: Model `HTML' substituted by `rgb' on input line 1367.
Package xcolor Info: Model `Hsb' substituted by `hsb' on input line 1368.
Package xcolor Info: Model `tHsb' substituted by `hsb' on input line 1369.
Package xcolor Info: Model `HSB' substituted by `hsb' on input line 1370.
Package xcolor Info: Model `Gray' substituted by `gray' on input line 1371.
Package xcolor Info: Model `wave' substituted by `hsb' on input line 1372.
)
(/usr/local/texlive/2025/texmf-dist/tex/latex/amsmath/amsmath.sty
Package: amsmath 2024/11/05 v2.17t AMS math features
\@mathmargin=\skip51

For additional information on amsmath, use the `?' option.
(/usr/local/texlive/2025/texmf-dist/tex/latex/amsmath/amstext.sty
Package: amstext 2021/08/26 v2.01 AMS text

(/usr/local/texlive/2025/texmf-dist/tex/latex/amsmath/amsgen.sty
File: amsgen.sty 1999/11/30 v2.0 generic functions
\@emptytoks=\toks17
\ex@=\dimen142
))
(/usr/local/texlive/2025/texmf-dist/tex/latex/amsmath/amsbsy.sty
Package: amsbsy 1999/11/29 v1.2d Bold Symbols
\pmbraise@=\dimen143
)
(/usr/local/texlive/2025/texmf-dist/tex/latex/amsmath/amsopn.sty
Package: amsopn 2022/04/08 v2.04 operator names
)
\inf@bad=\count266
LaTeX Info: Redefining \frac on input line 233.
\uproot@=\count267
\leftroot@=\count268
LaTeX Info: Redefining \overline on input line 398.
LaTeX Info: Redefining \colon on input line 409.
\classnum@=\count269
\DOTSCASE@=\count270
LaTeX Info: Redefining \ldots on input line 495.
LaTeX Info: Redefining \dots on input line 498.
LaTeX Info: Redefining \cdots on input line 619.
\Mathstrutbox@=\box52
\strutbox@=\box53
LaTeX Info: Redefining \big on input line 721.
LaTeX Info: Redefining \Big on input line 722.
LaTeX Info: Redefining \bigg on input line 723.
LaTeX Info: Redefining \Bigg on input line 724.
\big@size=\dimen144
LaTeX Font Info:    Redeclaring font encoding OML on input line 742.
LaTeX Font Info:    Redeclaring font encoding OMS on input line 743.
\macc@depth=\count271
LaTeX Info: Redefining \bmod on input line 904.
LaTeX Info: Redefining \pmod on input line 909.
LaTeX Info: Redefining \smash on input line 939.
LaTeX Info: Redefining \relbar on input line 969.
LaTeX Info: Redefining \Relbar on input line 970.
\c@MaxMatrixCols=\count272
\dotsspace@=\muskip17
\c@parentequation=\count273
\dspbrk@lvl=\count274
\tag@help=\toks18
\row@=\count275
\column@=\count276
\maxfields@=\count277
\andhelp@=\toks19
\eqnshift@=\dimen145
\alignsep@=\dimen146
\tagshift@=\dimen147
\tagwidth@=\dimen148
\totwidth@=\dimen149
\lineht@=\dimen150
\@envbody=\toks20
\multlinegap=\skip52
\multlinetaggap=\skip53
\mathdisplay@stack=\toks21
LaTeX Info: Redefining \[ on input line 2953.
LaTeX Info: Redefining \] on input line 2954.
)
(/usr/local/texlive/2025/texmf-dist/tex/latex/amsfonts/amssymb.sty
Package: amssymb 2013/01/14 v3.01 AMS font symbols

(/usr/local/texlive/2025/texmf-dist/tex/latex/amsfonts/amsfonts.sty
Package: amsfonts 2013/01/14 v3.01 Basic AMSFonts support
\symAMSa=\mathgroup4
\symAMSb=\mathgroup5
LaTeX Font Info:    Redeclaring math symbol \hbar on input line 98.
LaTeX Font Info:    Overwriting math alphabet `\mathfrak' in version `bold'
(Font)                  U/euf/m/n --> U/euf/b/n on input line 106.
))
(/usr/local/texlive/2025/texmf-dist/tex/generic/iftex/iftex.sty
Package: iftex 2024/12/12 v1.0g TeX engine tests
)
(/usr/local/texlive/2025/texmf-dist/tex/latex/unicode-math/unicode-math.sty
(/usr/local/texlive/2025/texmf-dist/tex/latex/l3kernel/expl3.sty
Package: expl3 2025-01-18 L3 programming layer (loader) 

(/usr/local/texlive/2025/texmf-dist/tex/latex/l3backend/l3backend-xetex.def
File: l3backend-xetex.def 2024-05-08 L3 backend support: XeTeX
\g__graphics_track_int=\count278
\l__pdf_internal_box=\box54
\g__pdf_backend_annotation_int=\count279
\g__pdf_backend_link_int=\count280
))
Package: unicode-math 2023/08/13 v0.8r Unicode maths in XeLaTeX and LuaLaTeX

(/usr/local/texlive/2025/texmf-dist/tex/latex/unicode-math/unicode-math-xetex.s
ty
Package: unicode-math-xetex 2023/08/13 v0.8r Unicode maths in XeLaTeX and LuaLa
TeX
 (/usr/local/texlive/2025/texmf-dist/tex/latex/l3packages/xparse/xparse.sty
Package: xparse 2024-08-16 L3 Experimental document command parser
)
(/usr/local/texlive/2025/texmf-dist/tex/latex/l3packages/l3keys2e/l3keys2e.sty
Package: l3keys2e 2024-08-16 LaTeX2e option processing using LaTeX3 keys
) (/usr/local/texlive/2025/texmf-dist/tex/latex/fontspec/fontspec.sty
Package: fontspec 2024/05/11 v2.9e Font selection for XeLaTeX and LuaLaTeX

(/usr/local/texlive/2025/texmf-dist/tex/latex/fontspec/fontspec-xetex.sty
Package: fontspec-xetex 2024/05/11 v2.9e Font selection for XeLaTeX and LuaLaTe
X
\l__fontspec_script_int=\count281
\l__fontspec_language_int=\count282
\l__fontspec_strnum_int=\count283
\l__fontspec_tmp_int=\count284
\l__fontspec_tmpa_int=\count285
\l__fontspec_tmpb_int=\count286
\l__fontspec_tmpc_int=\count287
\l__fontspec_em_int=\count288
\l__fontspec_emdef_int=\count289
\l__fontspec_strong_int=\count290
\l__fontspec_strongdef_int=\count291
\l__fontspec_tmpa_dim=\dimen151
\l__fontspec_tmpb_dim=\dimen152
\l__fontspec_tmpc_dim=\dimen153

(/usr/local/texlive/2025/texmf-dist/tex/latex/base/fontenc.sty
Package: fontenc 2021/04/29 v2.0v Standard LaTeX package
)
(/usr/local/texlive/2025/texmf-dist/tex/latex/fontspec/fontspec.cfg)))
(/usr/local/texlive/2025/texmf-dist/tex/latex/base/fix-cm.sty
Package: fix-cm 2020/11/24 v1.1t fixes to LaTeX

(/usr/local/texlive/2025/texmf-dist/tex/latex/base/ts1enc.def
File: ts1enc.def 2001/06/05 v3.0e (jk/car/fm) Standard LaTeX file
LaTeX Font Info:    Redeclaring font encoding TS1 on input line 47.
))
\g__um_fam_int=\count292
\g__um_fonts_used_int=\count293
\l__um_primecount_int=\count294
\g__um_primekern_muskip=\muskip18

(/usr/local/texlive/2025/texmf-dist/tex/latex/unicode-math/unicode-math-table.t
ex))) (/usr/local/texlive/2025/texmf-dist/tex/latex/lm/lmodern.sty
Package: lmodern 2015/05/01 v1.6.1 Latin Modern Fonts
LaTeX Font Info:    Overwriting symbol font `operators' in version `normal'
(Font)                  OT1/cmr/m/n --> OT1/lmr/m/n on input line 22.
LaTeX Font Info:    Overwriting symbol font `letters' in version `normal'
(Font)                  OML/cmm/m/it --> OML/lmm/m/it on input line 23.
LaTeX Font Info:    Overwriting symbol font `symbols' in version `normal'
(Font)                  OMS/cmsy/m/n --> OMS/lmsy/m/n on input line 24.
LaTeX Font Info:    Overwriting symbol font `largesymbols' in version `normal'
(Font)                  OMX/cmex/m/n --> OMX/lmex/m/n on input line 25.
LaTeX Font Info:    Overwriting symbol font `operators' in version `bold'
(Font)                  OT1/cmr/bx/n --> OT1/lmr/bx/n on input line 26.
LaTeX Font Info:    Overwriting symbol font `letters' in version `bold'
(Font)                  OML/cmm/b/it --> OML/lmm/b/it on input line 27.
LaTeX Font Info:    Overwriting symbol font `symbols' in version `bold'
(Font)                  OMS/cmsy/b/n --> OMS/lmsy/b/n on input line 28.
LaTeX Font Info:    Overwriting symbol font `largesymbols' in version `bold'
(Font)                  OMX/cmex/m/n --> OMX/lmex/m/n on input line 29.
LaTeX Font Info:    Overwriting math alphabet `\mathbf' in version `normal'
(Font)                  OT1/cmr/bx/n --> OT1/lmr/bx/n on input line 31.
LaTeX Font Info:    Overwriting math alphabet `\mathsf' in version `normal'
(Font)                  OT1/cmss/m/n --> OT1/lmss/m/n on input line 32.
LaTeX Font Info:    Overwriting math alphabet `\mathit' in version `normal'
(Font)                  OT1/cmr/m/it --> OT1/lmr/m/it on input line 33.
LaTeX Font Info:    Overwriting math alphabet `\mathtt' in version `normal'
(Font)                  OT1/cmtt/m/n --> OT1/lmtt/m/n on input line 34.
LaTeX Font Info:    Overwriting math alphabet `\mathbf' in version `bold'
(Font)                  OT1/cmr/bx/n --> OT1/lmr/bx/n on input line 35.
LaTeX Font Info:    Overwriting math alphabet `\mathsf' in version `bold'
(Font)                  OT1/cmss/bx/n --> OT1/lmss/bx/n on input line 36.
LaTeX Font Info:    Overwriting math alphabet `\mathit' in version `bold'
(Font)                  OT1/cmr/bx/it --> OT1/lmr/bx/it on input line 37.
LaTeX Font Info:    Overwriting math alphabet `\mathtt' in version `bold'
(Font)                  OT1/cmtt/m/n --> OT1/lmtt/m/n on input line 38.
)
(/usr/local/texlive/2025/texmf-dist/tex/latex/upquote/upquote.sty
Package: upquote 2012/04/19 v1.3 upright-quote and grave-accent glyphs in verba
tim

(/usr/local/texlive/2025/texmf-dist/tex/latex/base/textcomp.sty
Package: textcomp 2024/04/24 v2.1b Standard LaTeX package
))
(/usr/local/texlive/2025/texmf-dist/tex/latex/microtype/microtype.sty
Package: microtype 2025/02/11 v3.2a Micro-typographical refinements (RS)

(/usr/local/texlive/2025/texmf-dist/tex/latex/graphics/keyval.sty
Package: keyval 2022/05/29 v1.15 key=value parser (DPC)
\KV@toks@=\toks22
)
(/usr/local/texlive/2025/texmf-dist/tex/latex/etoolbox/etoolbox.sty
Package: etoolbox 2025/02/11 v2.5l e-TeX tools for LaTeX (JAW)
\etb@tempcnta=\count295
)
\MT@toks=\toks23
\MT@tempbox=\box55
\MT@count=\count296
LaTeX Info: Redefining \noprotrusionifhmode on input line 1087.
LaTeX Info: Redefining \leftprotrusion on input line 1088.
\MT@prot@toks=\toks24
LaTeX Info: Redefining \rightprotrusion on input line 1107.
LaTeX Info: Redefining \textls on input line 1449.
\MT@outer@kern=\dimen154
LaTeX Info: Redefining \microtypecontext on input line 2053.
LaTeX Info: Redefining \textmicrotypecontext on input line 2070.
\MT@listname@count=\count297

(/usr/local/texlive/2025/texmf-dist/tex/latex/microtype/microtype-xetex.def
File: microtype-xetex.def 2025/02/11 v3.2a Definitions specific to xetex (RS)
LaTeX Info: Redefining \lsstyle on input line 443.
LaTeX Info: Redefining \lslig on input line 451.
\MT@outer@space=\skip54
)
Package microtype Info: Loading configuration file microtype.cfg.

(/usr/local/texlive/2025/texmf-dist/tex/latex/microtype/microtype.cfg
File: microtype.cfg 2025/02/11 v3.2a microtype main configuration file (RS)
)
LaTeX Info: Redefining \microtypesetup on input line 3065.
)
(/usr/local/texlive/2025/texmf-dist/tex/latex/parskip/parskip.sty
Package: parskip 2021-03-14 v2.0h non-zero parskip adjustments

(/usr/local/texlive/2025/texmf-dist/tex/latex/kvoptions/kvoptions.sty
Package: kvoptions 2022-06-15 v3.15 Key value format for package options (HO)

(/usr/local/texlive/2025/texmf-dist/tex/generic/ltxcmds/ltxcmds.sty
Package: ltxcmds 2023-12-04 v1.26 LaTeX kernel commands for general use (HO)
)
(/usr/local/texlive/2025/texmf-dist/tex/latex/kvsetkeys/kvsetkeys.sty
Package: kvsetkeys 2022-10-05 v1.19 Key value parser (HO)
)))
(/usr/local/texlive/2025/texmf-dist/tex/latex/fancyvrb/fancyvrb.sty
Package: fancyvrb 2024/01/20 4.5c verbatim text (tvz,hv)
\FV@CodeLineNo=\count298
\FV@InFile=\read2
\FV@TabBox=\box56
\c@FancyVerbLine=\count299
\FV@StepNumber=\count300
\FV@OutFile=\write3
)
(/usr/local/texlive/2025/texmf-dist/tex/latex/tools/longtable.sty
Package: longtable 2024-10-27 v4.22 Multi-page Table package (DPC)
\LTleft=\skip55
\LTright=\skip56
\LTpre=\skip57
\LTpost=\skip58
\LTchunksize=\count301
\LTcapwidth=\dimen155
\LT@head=\box57
\LT@firsthead=\box58
\LT@foot=\box59
\LT@lastfoot=\box60
\LT@gbox=\box61
\LT@cols=\count302
\LT@rows=\count303
\c@LT@tables=\count304
\c@LT@chunks=\count305
\LT@p@ftn=\toks25
)
(/usr/local/texlive/2025/texmf-dist/tex/latex/booktabs/booktabs.sty
Package: booktabs 2020/01/12 v1.61803398 Publication quality tables
\heavyrulewidth=\dimen156
\lightrulewidth=\dimen157
\cmidrulewidth=\dimen158
\belowrulesep=\dimen159
\belowbottomsep=\dimen160
\aboverulesep=\dimen161
\abovetopsep=\dimen162
\cmidrulesep=\dimen163
\cmidrulekern=\dimen164
\defaultaddspace=\dimen165
\@cmidla=\count306
\@cmidlb=\count307
\@aboverulesep=\dimen166
\@belowrulesep=\dimen167
\@thisruleclass=\count308
\@lastruleclass=\count309
\@thisrulewidth=\dimen168
)
(/usr/local/texlive/2025/texmf-dist/tex/latex/tools/array.sty
Package: array 2024/10/17 v2.6g Tabular extension package (FMi)
\col@sep=\dimen169
\ar@mcellbox=\box62
\extrarowheight=\dimen170
\NC@list=\toks26
\extratabsurround=\skip59
\backup@length=\skip60
\ar@cellbox=\box63
)
\c@none=\count310

(/usr/local/texlive/2025/texmf-dist/tex/latex/tools/calc.sty
Package: calc 2023/07/08 v4.3 Infix arithmetic (KKT,FJ)
\calc@Acount=\count311
\calc@Bcount=\count312
\calc@Adimen=\dimen171
\calc@Bdimen=\dimen172
\calc@Askip=\skip61
\calc@Bskip=\skip62
LaTeX Info: Redefining \setlength on input line 80.
LaTeX Info: Redefining \addtolength on input line 81.
\calc@Ccount=\count313
\calc@Cskip=\skip63
)
(/usr/local/texlive/2025/texmf-dist/tex/latex/footnotehyper/footnotehyper.sty
Package: footnotehyper 2021/08/13 v1.1e hyperref aware footnote.sty (JFB)
\FNH@notes=\box64
\FNH@width=\dimen173
\FNH@toks=\toks27
)
(/usr/local/texlive/2025/texmf-dist/tex/latex/natbib/natbib.sty
Package: natbib 2010/09/13 8.31b (PWD, AO)
\bibhang=\skip64
\bibsep=\skip65
LaTeX Info: Redefining \cite on input line 694.
\c@NAT@ctr=\count314
)
(/usr/local/texlive/2025/texmf-dist/tex/latex/bookmark/bookmark.sty
Package: bookmark 2023-12-10 v1.31 PDF bookmarks (HO)

(/usr/local/texlive/2025/texmf-dist/tex/latex/hyperref/hyperref.sty
Package: hyperref 2024-11-05 v7.01l Hypertext links for LaTeX

(/usr/local/texlive/2025/texmf-dist/tex/generic/kvdefinekeys/kvdefinekeys.sty
Package: kvdefinekeys 2019-12-19 v1.6 Define keys (HO)
)
(/usr/local/texlive/2025/texmf-dist/tex/generic/pdfescape/pdfescape.sty
Package: pdfescape 2019/12/09 v1.15 Implements pdfTeX's escape features (HO)

(/usr/local/texlive/2025/texmf-dist/tex/generic/pdftexcmds/pdftexcmds.sty
Package: pdftexcmds 2020-06-27 v0.33 Utility functions of pdfTeX for LuaTeX (HO
)

(/usr/local/texlive/2025/texmf-dist/tex/generic/infwarerr/infwarerr.sty
Package: infwarerr 2019/12/03 v1.5 Providing info/warning/error messages (HO)
)
Package pdftexcmds Info: \pdf@primitive is available.
Package pdftexcmds Info: \pdf@ifprimitive is available.
Package pdftexcmds Info: \pdfdraftmode not found.
))
(/usr/local/texlive/2025/texmf-dist/tex/latex/hycolor/hycolor.sty
Package: hycolor 2020-01-27 v1.10 Color options for hyperref/bookmark (HO)
)
(/usr/local/texlive/2025/texmf-dist/tex/latex/hyperref/nameref.sty
Package: nameref 2023-11-26 v2.56 Cross-referencing by name of section

(/usr/local/texlive/2025/texmf-dist/tex/latex/refcount/refcount.sty
Package: refcount 2019/12/15 v3.6 Data extraction from label references (HO)
)
(/usr/local/texlive/2025/texmf-dist/tex/generic/gettitlestring/gettitlestring.s
ty
Package: gettitlestring 2019/12/15 v1.6 Cleanup title references (HO)
)
\c@section@level=\count315
) (/usr/local/texlive/2025/texmf-dist/tex/generic/stringenc/stringenc.sty
Package: stringenc 2019/11/29 v1.12 Convert strings between diff. encodings (HO
)
)
\@linkdim=\dimen174
\Hy@linkcounter=\count316
\Hy@pagecounter=\count317

(/usr/local/texlive/2025/texmf-dist/tex/latex/hyperref/pd1enc.def
File: pd1enc.def 2024-11-05 v7.01l Hyperref: PDFDocEncoding definition (HO)
)
(/usr/local/texlive/2025/texmf-dist/tex/generic/intcalc/intcalc.sty
Package: intcalc 2019/12/15 v1.3 Expandable calculations with integers (HO)
)
\Hy@SavedSpaceFactor=\count318

(/usr/local/texlive/2025/texmf-dist/tex/latex/hyperref/puenc.def
File: puenc.def 2024-11-05 v7.01l Hyperref: PDF Unicode definition (HO)
)
Package hyperref Info: Option `unicode' set `true' on input line 4040.
Package hyperref Info: Hyper figures OFF on input line 4157.
Package hyperref Info: Link nesting OFF on input line 4162.
Package hyperref Info: Hyper index ON on input line 4165.
Package hyperref Info: Plain pages OFF on input line 4172.
Package hyperref Info: Backreferencing OFF on input line 4177.
Package hyperref Info: Implicit mode ON; LaTeX internals redefined.
Package hyperref Info: Bookmarks ON on input line 4424.
\c@Hy@tempcnt=\count319

(/usr/local/texlive/2025/texmf-dist/tex/latex/url/url.sty
\Urlmuskip=\muskip19
Package: url 2013/09/16  ver 3.4  Verb mode for urls, etc.
)
LaTeX Info: Redefining \url on input line 4763.
\XeTeXLinkMargin=\dimen175

(/usr/local/texlive/2025/texmf-dist/tex/generic/bitset/bitset.sty
Package: bitset 2019/12/09 v1.3 Handle bit-vector datatype (HO)

(/usr/local/texlive/2025/texmf-dist/tex/generic/bigintcalc/bigintcalc.sty
Package: bigintcalc 2019/12/15 v1.5 Expandable calculations on big integers (HO
)
))
\Fld@menulength=\count320
\Field@Width=\dimen176
\Fld@charsize=\dimen177
Package hyperref Info: Hyper figures OFF on input line 6042.
Package hyperref Info: Link nesting OFF on input line 6047.
Package hyperref Info: Hyper index ON on input line 6050.
Package hyperref Info: backreferencing OFF on input line 6057.
Package hyperref Info: Link coloring OFF on input line 6062.
Package hyperref Info: Link coloring with OCG OFF on input line 6067.
Package hyperref Info: PDF/A mode OFF on input line 6072.

(/usr/local/texlive/2025/texmf-dist/tex/latex/base/atbegshi-ltx.sty
Package: atbegshi-ltx 2021/01/10 v1.0c Emulation of the original atbegshi
package with kernel methods
)
\Hy@abspage=\count321
\c@Item=\count322
\c@Hfootnote=\count323
)
Package hyperref Info: Driver (autodetected): hxetex.

(/usr/local/texlive/2025/texmf-dist/tex/latex/hyperref/hxetex.def
File: hxetex.def 2024-11-05 v7.01l Hyperref driver for XeTeX
\pdfm@box=\box65
\c@Hy@AnnotLevel=\count324
\HyField@AnnotCount=\count325
\Fld@listcount=\count326
\c@bookmark@seq@number=\count327

(/usr/local/texlive/2025/texmf-dist/tex/latex/rerunfilecheck/rerunfilecheck.sty
Package: rerunfilecheck 2022-07-10 v1.10 Rerun checks for auxiliary files (HO)
(/usr/local/texlive/2025/texmf-dist/tex/latex/base/atveryend-ltx.sty
Package: atveryend-ltx 2020/08/19 v1.0a Emulation of the original atveryend pac
kage
with kernel methods
)
(/usr/local/texlive/2025/texmf-dist/tex/generic/uniquecounter/uniquecounter.sty
Package: uniquecounter 2019/12/15 v1.4 Provide unlimited unique counter (HO)
)
Package uniquecounter Info: New unique counter `rerunfilecheck' on input line 2
85.
)
\Hy@SectionHShift=\skip66
) (/usr/local/texlive/2025/texmf-dist/tex/latex/bookmark/bkm-dvipdfm.def
File: bkm-dvipdfm.def 2023-12-10 v1.31 bookmark driver for dvipdfm (HO)
\BKM@id=\count328
))
(/usr/local/texlive/2025/texmf-dist/tex/latex/xurl/xurl.sty
Package: xurl 2022/01/09 v 0.10 modify URL breaks
)
(/usr/local/texlive/2025/texmf-dist/tex/latex/amscls/amsthm.sty
Package: amsthm 2020/05/29 v2.20.6
\thm@style=\toks28
\thm@bodyfont=\toks29
\thm@headfont=\toks30
\thm@notefont=\toks31
\thm@headpunct=\toks32
\thm@preskip=\skip67
\thm@postskip=\skip68
\thm@headsep=\skip69
\dth@everypar=\toks33
)
(/usr/local/texlive/2025/texmf-dist/tex/latex/graphics/graphicx.sty
Package: graphicx 2021/09/16 v1.2d Enhanced LaTeX Graphics (DPC,SPQR)

(/usr/local/texlive/2025/texmf-dist/tex/latex/graphics/graphics.sty
Package: graphics 2024/08/06 v1.4g Standard LaTeX Graphics (DPC,SPQR)

(/usr/local/texlive/2025/texmf-dist/tex/latex/graphics/trig.sty
Package: trig 2023/12/02 v1.11 sin cos tan (DPC)
)
(/usr/local/texlive/2025/texmf-dist/tex/latex/graphics-cfg/graphics.cfg
File: graphics.cfg 2016/06/04 v1.11 sample graphics configuration
)
Package graphics Info: Driver file: xetex.def on input line 106.
)
\Gin@req@height=\dimen178
\Gin@req@width=\dimen179
)
(/usr/local/texlive/2025/texmf-dist/tex/latex/geometry/geometry.sty
Package: geometry 2020/01/02 v5.9 Page Geometry

(/usr/local/texlive/2025/texmf-dist/tex/generic/iftex/ifvtex.sty
Package: ifvtex 2019/10/25 v1.7 ifvtex legacy package. Use iftex instead.
)
\Gm@cnth=\count329
\Gm@cntv=\count330
\c@Gm@tempcnt=\count331
\Gm@bindingoffset=\dimen180
\Gm@wd@mp=\dimen181
\Gm@odd@mp=\dimen182
\Gm@even@mp=\dimen183
\Gm@layoutwidth=\dimen184
\Gm@layoutheight=\dimen185
\Gm@layouthoffset=\dimen186
\Gm@layoutvoffset=\dimen187
\Gm@dimlist=\toks34
)
(/usr/local/texlive/2025/texmf-dist/tex/latex/float/float.sty
Package: float 2001/11/08 v1.3d Float enhancements (AL)
\c@float@type=\count332
\float@exts=\toks35
\float@box=\box66
\@float@everytoks=\toks36
\@floatcapt=\box67
)
(/usr/local/texlive/2025/texmf-dist/tex/latex/multirow/multirow.sty
Package: multirow 2024/11/12 v2.9 Span multiple rows of a table
\multirow@colwidth=\skip70
\multirow@cntb=\count333
\multirow@dima=\skip71
\bigstrutjot=\dimen188
)
(/usr/local/texlive/2025/texmf-dist/tex/latex/caption/caption.sty
Package: caption 2023/08/05 v3.6o Customizing captions (AR)

(/usr/local/texlive/2025/texmf-dist/tex/latex/caption/caption3.sty
Package: caption3 2023/07/31 v2.4d caption3 kernel (AR)
\caption@tempdima=\dimen189
\captionmargin=\dimen190
\caption@leftmargin=\dimen191
\caption@rightmargin=\dimen192
\caption@width=\dimen193
\caption@indent=\dimen194
\caption@parindent=\dimen195
\caption@hangindent=\dimen196
Package caption Info: Standard document class detected.
)
\c@caption@flags=\count334
\c@continuedfloat=\count335
Package caption Info: float package is loaded.
Package caption Info: hyperref package is loaded.
Package caption Info: longtable package is loaded.

(/usr/local/texlive/2025/texmf-dist/tex/latex/caption/ltcaption.sty
Package: ltcaption 2021/01/08 v1.4c longtable captions (AR)
))
(/usr/local/texlive/2025/texmf-dist/tex/latex/caption/subcaption.sty
Package: subcaption 2023/07/28 v1.6b Sub-captions (AR)
Package caption Info: New subtype `subfigure' on input line 238.
\c@subfigure=\count336
Package caption Info: New subtype `subtable' on input line 238.
\c@subtable=\count337
)
(/usr/local/texlive/2025/texmf-dist/tex/latex/tools/bm.sty
Package: bm 2023/12/19 v1.2f Bold Symbol Support (DPC/FMi)
\symboldoperators=\mathgroup6
\symboldletters=\mathgroup7
\symboldsymbols=\mathgroup8
Package bm Info: No bold for \OMX/lmex/m/n, using \pmb.
Package bm Info: No bold for \U/msa/m/n, using \pmb.
Package bm Info: No bold for \U/msb/m/n, using \pmb.
LaTeX Font Info:    Redeclaring math alphabet \mathbf on input line 149.
)
(/usr/local/texlive/2025/texmf-dist/tex/latex/cleveref/cleveref.sty
Package: cleveref 2018/03/27 v0.21.4 Intelligent cross-referencing
Package cleveref Info: `hyperref' support loaded on input line 2370.
LaTeX Info: Redefining \cref on input line 2370.
LaTeX Info: Redefining \Cref on input line 2370.
LaTeX Info: Redefining \crefrange on input line 2370.
LaTeX Info: Redefining \Crefrange on input line 2370.
LaTeX Info: Redefining \cpageref on input line 2370.
LaTeX Info: Redefining \Cpageref on input line 2370.
LaTeX Info: Redefining \cpagerefrange on input line 2370.
LaTeX Info: Redefining \Cpagerefrange on input line 2370.
LaTeX Info: Redefining \labelcref on input line 2370.
LaTeX Info: Redefining \labelcpageref on input line 2370.
Package cleveref Info: `amsthm' support loaded on input line 3026.
)

! LaTeX Error: Option clash for package cleveref.

See the LaTeX manual or LaTeX Companion for explanation.
Type  H <return>  for immediate help.
 ...                                              
                                                  
l.121 \usepackage
                 {natbib}                   % Bibliography support
The package cleveref has already been loaded with options:
  []
There has now been an attempt to load it with options
  [capitalise]
Adding the global options:
  ,capitalise
to your \documentclass declaration may fix this.
Try typing  <return>  to proceed.

(/usr/local/texlive/2025/texmf-dist/tex/latex/doi/doi.sty
Package: doi 2018/09/09 handle doi numbers
)
Package hyperref Info: Option `colorlinks' set `true' on input line 168.


Package hyperref Warning: Option `bookmarks' has already been used,
(hyperref)                setting the option has no effect on input line 168.

Package hyperref Info: Option `bookmarksnumbered' set `true' on input line 168.


Package hyperref Warning: Token not allowed in a PDF string (Unicode):
(hyperref)                removing `subscript' on input line 168.


(/usr/local/texlive/2025/texmf-dist/tex/latex/newunicodechar/newunicodechar.sty
Package: newunicodechar 2018/04/08 v1.2 Defining Unicode characters
) (/usr/local/texlive/2025/texmf-dist/tex/latex/base/fontenc.sty
Package: fontenc 2021/04/29 v2.0v Standard LaTeX package
LaTeX Font Info:    Trying to load font information for T1+lmr on input line 11
6.

(/usr/local/texlive/2025/texmf-dist/tex/latex/lm/t1lmr.fd
File: t1lmr.fd 2015/05/01 v1.6.1 Font defs for Latin Modern
))
(/usr/local/texlive/2025/texmf-dist/tex/latex/listings/listings.sty
\lst@mode=\count338
\lst@gtempboxa=\box68
\lst@token=\toks37
\lst@length=\count339
\lst@currlwidth=\dimen197
\lst@column=\count340
\lst@pos=\count341
\lst@lostspace=\dimen198
\lst@width=\dimen199
\lst@newlines=\count342
\lst@lineno=\count343
\lst@maxwidth=\dimen256

(/usr/local/texlive/2025/texmf-dist/tex/latex/listings/lstpatch.sty
File: lstpatch.sty 2024/09/23 1.10c (Carsten Heinz)
)
(/usr/local/texlive/2025/texmf-dist/tex/latex/listings/lstmisc.sty
File: lstmisc.sty 2024/09/23 1.10c (Carsten Heinz)
\c@lstnumber=\count344
\lst@skipnumbers=\count345
\lst@framebox=\box69
)
(/usr/local/texlive/2025/texmf-dist/tex/latex/listings/listings.cfg
File: listings.cfg 2024/09/23 1.10c listings configuration
))
Package: listings 2024/09/23 1.10c (Carsten Heinz)

(/usr/local/texlive/2025/texmf-dist/tex/latex/listings/lstlang1.sty
File: lstlang1.sty 2024/09/23 1.10c listings language file
)
(./_combined_manuscript.aux)
\openout1 = `_combined_manuscript.aux'.

LaTeX Font Info:    Checking defaults for OML/cmm/m/it on input line 294.
LaTeX Font Info:    ... okay on input line 294.
LaTeX Font Info:    Checking defaults for OMS/cmsy/m/n on input line 294.
LaTeX Font Info:    ... okay on input line 294.
LaTeX Font Info:    Checking defaults for OT1/cmr/m/n on input line 294.
LaTeX Font Info:    ... okay on input line 294.
LaTeX Font Info:    Checking defaults for T1/cmr/m/n on input line 294.
LaTeX Font Info:    ... okay on input line 294.
LaTeX Font Info:    Checking defaults for TS1/cmr/m/n on input line 294.
LaTeX Font Info:    ... okay on input line 294.
LaTeX Font Info:    Checking defaults for TU/lmr/m/n on input line 294.
LaTeX Font Info:    ... okay on input line 294.
LaTeX Font Info:    Checking defaults for OMX/cmex/m/n on input line 294.
LaTeX Font Info:    ... okay on input line 294.
LaTeX Font Info:    Checking defaults for U/cmr/m/n on input line 294.
LaTeX Font Info:    ... okay on input line 294.
LaTeX Font Info:    Checking defaults for PD1/pdf/m/n on input line 294.
LaTeX Font Info:    ... okay on input line 294.
LaTeX Font Info:    Checking defaults for PU/pdf/m/n on input line 294.
LaTeX Font Info:    ... okay on input line 294.
LaTeX Font Info:    Overwriting math alphabet `\mathrm' in version `normal'
(Font)                  OT1/lmr/m/n --> TU/lmr/m/n on input line 294.
LaTeX Font Info:    Overwriting math alphabet `\mathit' in version `normal'
(Font)                  OT1/lmr/m/it --> TU/lmr/m/it on input line 294.
LaTeX Font Info:    Overwriting math alphabet `\mathbf' in version `normal'
(Font)                  OT1/lmr/bx/n --> TU/lmr/bx/n on input line 294.
LaTeX Font Info:    Overwriting math alphabet `\mathsf' in version `normal'
(Font)                  OT1/lmss/m/n --> TU/lmss/m/n on input line 294.
LaTeX Font Info:    Overwriting math alphabet `\mathsf' in version `bold'
(Font)                  OT1/lmss/bx/n --> TU/lmss/bx/n on input line 294.
LaTeX Font Info:    Overwriting math alphabet `\mathtt' in version `normal'
(Font)                  OT1/lmtt/m/n --> TU/lmtt/m/n on input line 294.
LaTeX Font Info:    Overwriting math alphabet `\mathtt' in version `bold'
(Font)                  OT1/lmtt/m/n --> TU/lmtt/bx/n on input line 294.

Package fontspec Info: 
(fontspec)             latinmodern-math scale = 0.9989520677190833.


Package fontspec Info: 
(fontspec)             latinmodern-math scale = 0.9989520677190833.


Package fontspec Info: 
(fontspec)             latinmodern-math scale = 0.9989520677190833.


Package fontspec Info: 
(fontspec)             Font family 'latinmodern-math.otf(0)' created for font
(fontspec)             'latinmodern-math.otf' with options
(fontspec)             [Scale=MatchLowercase,BoldItalicFont={},ItalicFont={},Sm
allCapsFont={},Script=Math,BoldFont={latinmodern-math.otf}].
(fontspec)              
(fontspec)              This font family consists of the following NFSS
(fontspec)             series/shapes:
(fontspec)              
(fontspec)             - 'normal' (m/n) with NFSS spec.:
(fontspec)             <->s*[0.9989520677190833]"[latinmodern-math.otf]/OT:scri
pt=math;language=dflt;"
(fontspec)             - 'bold' (b/n) with NFSS spec.:
(fontspec)             <->s*[0.9989520677190833]"[latinmodern-math.otf]/OT:scri
pt=math;language=dflt;"

LaTeX Font Info:    Trying to load font information for T1+latinmodern-math.otf
(0) on input line 294.
LaTeX Font Info:    No file T1latinmodern-math.otf(0).fd. on input line 294.


LaTeX Font Warning: Font shape `T1/latinmodern-math.otf(0)/m/n' undefined
(Font)              using `T1/lmr/m/n' instead on input line 294.


Package unicode-math Warning: The first font loaded by unicode-math must be an
(unicode-math)                OpenType Math font (with script=math). If you
(unicode-math)                simply want ‘the default’ before loading
(unicode-math)                supplementary fonts over the top for certain
(unicode-math)                ranges, use: 
(unicode-math)                  \setmathfont{latinmodern-math.otf}


Package fontspec Info: 
(fontspec)             latinmodern-math scale = 0.9989520677190833.


Package fontspec Info: 
(fontspec)             latinmodern-math scale = 0.9989520677190833.


Package fontspec Info: 
(fontspec)             latinmodern-math scale = 0.9989520677190833.


Package fontspec Info: 
(fontspec)             latinmodern-math scale = 0.9989520677190833.


Package fontspec Info: 
(fontspec)             latinmodern-math scale = 0.9989520677190833.


Package fontspec Info: 
(fontspec)             Font family 'latinmodern-math.otf(1)' created for font
(fontspec)             'latinmodern-math.otf' with options
(fontspec)             [Scale=MatchLowercase,BoldItalicFont={},ItalicFont={},Sm
allCapsFont={},Script=Math,SizeFeatures={{Size=0-},{Size=0-0,Font=latinmodern-m
ath.otf,Style=MathScript},{Size=-0,Font=latinmodern-math.otf,Style=MathScriptSc
ript}},BoldFont={latinmodern-math.otf}].
(fontspec)              
(fontspec)              This font family consists of the following NFSS
(fontspec)             series/shapes:
(fontspec)              
(fontspec)             - 'normal' (m/n) with NFSS spec.:
(fontspec)             <0->s*[0.9989520677190833]"[latinmodern-math.otf]/OT:scr
ipt=math;language=dflt;"<0-0>s*[0.9989520677190833]"[latinmodern-math.otf]/OT:s
cript=math;language=dflt;+ssty=0;"<-0>s*[0.9989520677190833]"[latinmodern-math.
otf]/OT:script=math;language=dflt;+ssty=1;"
(fontspec)             - 'bold' (b/n) with NFSS spec.:
(fontspec)             <->s*[0.9989520677190833]"[latinmodern-math.otf]/OT:scri
pt=math;language=dflt;"

LaTeX Font Info:    Trying to load font information for T1+latinmodern-math.otf
(1) on input line 294.
LaTeX Font Info:    No file T1latinmodern-math.otf(1).fd. on input line 294.

LaTeX Font Warning: Font shape `T1/latinmodern-math.otf(1)/m/n' undefined
(Font)              using `T1/lmr/m/n' instead on input line 294.

LaTeX Font Info:    Encoding `OT1' has changed to `T1' for symbol font
(Font)              `operators' in the math version `normal' on input line 294.

LaTeX Font Info:    Overwriting symbol font `operators' in version `normal'
(Font)                  OT1/lmr/m/n --> T1/latinmodern-math.otf(1)/m/n on input
 line 294.
LaTeX Font Info:    Encoding `OT1' has changed to `T1' for symbol font
(Font)              `operators' in the math version `bold' on input line 294.
LaTeX Font Info:    Overwriting symbol font `operators' in version `bold'
(Font)                  OT1/lmr/bx/n --> T1/latinmodern-math.otf(1)/b/n on inpu
t line 294.
LaTeX Info: Redefining \microtypecontext on input line 294.
Package microtype Info: Applying patch `item' on input line 294.
Package microtype Info: Applying patch `toc' on input line 294.
Package microtype Info: Applying patch `eqnum' on input line 294.
Package microtype Info: Applying patch `footnote' on input line 294.
Package microtype Info: Applying patch `verbatim' on input line 294.
LaTeX Info: Redefining \microtypesetup on input line 294.
Package microtype Info: Character protrusion enabled (level 2).
Package microtype Info: Using protrusion set `basicmath'.
Package microtype Info: No adjustment of tracking.
Package microtype Info: No adjustment of spacing.
Package microtype Info: No adjustment of kerning.

(/usr/local/texlive/2025/texmf-dist/tex/latex/microtype/mt-LatinModernRoman.cfg
File: mt-LatinModernRoman.cfg 2021/02/21 v1.1 microtype config. file: Latin Mod
ern Roman (RS)
)
Package microtype Info: Loading generic protrusion settings for font family
(microtype)             `lmr' (encoding: T1).
(microtype)             For optimal results, create family-specific settings.
(microtype)             See the microtype manual for details.
Package footnotehyper Info: Using the \@makefntext{} approach (see doc).
(footnotehyper)    In case of dysfunctional footnote environments, you can
(footnotehyper)    try sending the author a small illustrative document.
(footnotehyper)    To turn off this message, add \footnotehyperwarnfalse
(footnotehyper)    to the preamble.
Package hyperref Info: Link coloring ON on input line 294.

*geometry* driver: auto-detecting
*geometry* detected driver: xetex
*geometry* verbose mode - [ preamble ] result:
* driver: xetex
* paper: <default>
* layout: <same size as paper>
* layoutoffset:(h,v)=(0.0pt,0.0pt)
* modes: 
* h-part:(L,W,R)=(72.26999pt, 469.75502pt, 72.26999pt)
* v-part:(T,H,B)=(72.26999pt, 650.43001pt, 72.26999pt)
* \paperwidth=614.295pt
* \paperheight=794.96999pt
* \textwidth=469.75502pt
* \textheight=650.43001pt
* \oddsidemargin=0.0pt
* \evensidemargin=0.0pt
* \topmargin=-37.0pt
* \headheight=12.0pt
* \headsep=25.0pt
* \topskip=10.0pt
* \footskip=30.0pt
* \marginparwidth=65.0pt
* \marginparsep=11.0pt
* \columnsep=10.0pt
* \skip\footins=9.0pt plus 4.0pt minus 2.0pt
* \hoffset=0.0pt
* \voffset=0.0pt
* \mag=1000
* \@twocolumnfalse
* \@twosidefalse
* \@mparswitchfalse
* \@reversemarginfalse
* (1in=72.27pt=25.4mm, 1cm=28.453pt)

Package caption Info: Begin \AtBeginDocument code.
Package caption Info: listings package is loaded.
Package caption Info: End \AtBeginDocument code.
\c@lstlisting=\count346
LaTeX Font Info:    Trying to load font information for OML+lmm on input line 2
97.
(/usr/local/texlive/2025/texmf-dist/tex/latex/lm/omllmm.fd
File: omllmm.fd 2015/05/01 v1.6.1 Font defs for Latin Modern
)
LaTeX Font Info:    Trying to load font information for OMS+lmsy on input line 
297.

(/usr/local/texlive/2025/texmf-dist/tex/latex/lm/omslmsy.fd
File: omslmsy.fd 2015/05/01 v1.6.1 Font defs for Latin Modern
)
LaTeX Font Info:    Trying to load font information for OMX+lmex on input line 
297.

(/usr/local/texlive/2025/texmf-dist/tex/latex/lm/omxlmex.fd
File: omxlmex.fd 2015/05/01 v1.6.1 Font defs for Latin Modern
)
LaTeX Font Info:    External font `lmex10' loaded for size
(Font)              <12> on input line 297.
LaTeX Font Info:    External font `lmex10' loaded for size
(Font)              <8> on input line 297.
LaTeX Font Info:    External font `lmex10' loaded for size
(Font)              <6> on input line 297.
LaTeX Font Info:    Trying to load font information for U+msa on input line 297
.

(/usr/local/texlive/2025/texmf-dist/tex/latex/amsfonts/umsa.fd
File: umsa.fd 2013/01/14 v3.01 AMS symbols A
)
(/usr/local/texlive/2025/texmf-dist/tex/latex/microtype/mt-msa.cfg
File: mt-msa.cfg 2006/02/04 v1.1 microtype config. file: AMS symbols (a) (RS)
)
LaTeX Font Info:    Trying to load font information for U+msb on input line 297
.

(/usr/local/texlive/2025/texmf-dist/tex/latex/amsfonts/umsb.fd
File: umsb.fd 2013/01/14 v3.01 AMS symbols B
)
(/usr/local/texlive/2025/texmf-dist/tex/latex/microtype/mt-msb.cfg
File: mt-msb.cfg 2005/06/01 v1.0 microtype config. file: AMS symbols (b) (RS)
)
LaTeX Font Info:    Trying to load font information for OT1+lmr on input line 2
97.

(/usr/local/texlive/2025/texmf-dist/tex/latex/lm/ot1lmr.fd
File: ot1lmr.fd 2015/05/01 v1.6.1 Font defs for Latin Modern
)
(./_combined_manuscript.toc
LaTeX Font Info:    External font `lmex10' loaded for size
(Font)              <10> on input line 3.
LaTeX Font Info:    External font `lmex10' loaded for size
(Font)              <7> on input line 3.
LaTeX Font Info:    External font `lmex10' loaded for size
(Font)              <5> on input line 3.


[1

]

[2]

[3]

[4])
\tf@toc=\write4
\openout4 = `_combined_manuscript.toc'.


Missing character: There is no 𝜌 ("1D70C) in font ec-lmr10!
Missing character: There is no ∈ ("2208) in font ec-lmr10!

Package microtype Warning: Unknown slot number of character
(microtype)                `² (= \textsuperscript {2})'
(microtype)                in font encoding `TU'.
(microtype)                Make sure it's a single character
(microtype)                (or a number) in protrusion list
(microtype)                `LMR-default'.

Missing character: There is no ∑ ("2211) in font ec-lmr10!
Missing character: There is no 𝜙 ("1D719) in font ec-lmr10!
Missing character: There is no 𝜆 ("1D706) in font ec-lmr10!
Missing character: There is no ≈ ("2248) in font ec-lmr10!
Missing character: There is no 𝜌 ("1D70C) in font ec-lmr10!
Missing character: There is no ≈ ("2248) in font ec-lmr10!


[5]
LaTeX Font Info:    Trying to load font information for T1+lmtt on input line 3
61.
 (/usr/local/texlive/2025/texmf-dist/tex/latex/lm/t1lmtt.fd
File: t1lmtt.fd 2015/05/01 v1.6.1 Font defs for Latin Modern
)
LaTeX Font Info:    Font shape `T1/lmtt/bx/n' in size <10> not available
(Font)              Font shape `T1/lmtt/b/n' tried instead on input line 361.


[6]
File: ../figures/example_figure.png Graphic file (type bmp)
<../figures/example_figure.png>


[7]

[8]
Missing character: There is no ∑ ("2211) in font ec-lmr10!
Missing character: There is no 𝜙 ("1D719) in font ec-lmr10!
Missing character: There is no 𝜆 ("1D706) in font ec-lmr10!
Missing character: There is no ∈ ("2208) in font ec-lmr10!
Missing character: There is no 𝜙 ("1D719) in font ec-lmr10!
Missing character: There is no 𝜆 ("1D706) in font ec-lmr10!
Missing character: There is no ∈ ("2208) in font ec-lmr7!
Missing character: There is no ≤ ("2264) in font ec-lmr10!
Missing character: There is no … ("2026) in font ec-lmr10!
Missing character: There is no − ("2212) in font ec-lmr10!
Missing character: There is no 𝛼 ("1D6FC) in font ec-lmr10!
Missing character: There is no ∇ ("2207) in font ec-lmr10!
Missing character: There is no 𝛽 ("1D6FD) in font ec-lmr10!
Missing character: There is no − ("2212) in font ec-lmr10!
Missing character: There is no − ("2212) in font ec-lmr7!
Missing character: There is no 𝛼 ("1D6FC) in font ec-lmr10!
Missing character: There is no 𝛽 ("1D6FD) in font ec-lmr10!
Missing character: There is no ‖ ("2016) in font ec-lmr10!
Missing character: There is no − ("2212) in font ec-lmr10!
Missing character: There is no ∗ ("2217) in font ec-lmr7!
Missing character: There is no ‖ ("2016) in font ec-lmr10!
Missing character: There is no ≤ ("2264) in font ec-lmr10!
Missing character: There is no 𝜌 ("1D70C) in font ec-lmr10!
Missing character: There is no ∗ ("2217) in font ec-lmr7!
Missing character: There is no 𝜌 ("1D70C) in font ec-lmr10!
Missing character: There is no ∈ ("2208) in font ec-lmr10!
File: ../figures/experimental_setup.png Graphic file (type bmp)
<../figures/experimental_setup.png>

LaTeX Warning: `h' float specifier changed to `ht'.

Missing character: There is no 𝛼 ("1D6FC) in font ec-lmr10!
Missing character: There is no 𝛼 ("1D6FC) in font ec-lmr10!
Missing character: There is no ∑ ("2211) in font ec-lmr10!
Missing character: There is no ‖ ("2016) in font ec-lmr10!
Missing character: There is no ∇ ("2207) in font ec-lmr10!
Missing character: There is no ‖ ("2016) in font ec-lmr10!
File: ../figures/data_structure.png Graphic file (type bmp)
<../figures/data_structure.png>


[9]

LaTeX Warning: `h' float specifier changed to `ht'.

Missing character: There is no ⋅ ("22C5) in font ec-lmr10!
Missing character: There is no ∑ ("2211) in font ec-lmr10!
Missing character: There is no ≤ ("2264) in font ec-lmr10!
Missing character: There is no ∗ ("2217) in font ec-lmr7!
Missing character: There is no 𝜖 ("1D716) in font ec-lmr10!
Missing character: There is no ⋅ ("22C5) in font ec-lmr10!
Missing character: There is no 𝜖 ("1D716) in font ec-lmr10!


[10]
Missing character: There is no ≥ ("2265) in font ec-lmr10!

LaTeX Warning: `h' float specifier changed to `ht'.

Missing character: There is no ≈ ("2248) in font ec-lmr10!
Missing character: There is no 𝜌 ("1D70C) in font ec-lmr10!
Missing character: There is no ≈ ("2248) in font ec-lmr10!


[11]
File: ../figures/convergence_plot.png Graphic file (type bmp)
<../figures/convergence_plot.png>
File: ../figures/step_size_analysis.png Graphic file (type bmp)
<../figures/step_size_analysis.png>


LaTeX Warning: `h' float specifier changed to `ht'.

File: ../figures/scalability_analysis.png Graphic file (type bmp)
<../figures/scalability_analysis.png>

LaTeX Warning: `h' float specifier changed to `ht'.


LaTeX Warning: `h' float specifier changed to `ht'.

File: ../figures/ablation_study.png Graphic file (type bmp)
<../figures/ablation_study.png>


[12]

LaTeX Warning: `h' float specifier changed to `ht'.

Missing character: There is no 𝛼 ("1D6FC) in font ec-lmr10!
Missing character: There is no 𝛽 ("1D6FD) in font ec-lmr10!
File: ../figures/hyperparameter_sensitivity.png Graphic file (type bmp)
<../figures/hyperparameter_sensitivity.png>

LaTeX Warning: `h' float specifier changed to `ht'.



[13]
File: ../figures/image_classification_results.png Graphic file (type bmp)
<../figures/image_classification_results.png>


LaTeX Warning: `h' float specifier changed to `ht'.

File: ../figures/recommendation_scalability.png Graphic file (type bmp)
<../figures/recommendation_scalability.png>

LaTeX Warning: `h' float specifier changed to `ht'.



[14]
File: ../figures/convergence_analysis.png Graphic file (type bmp)
<../figures/convergence_analysis.png>


LaTeX Warning: `h' float specifier changed to `ht'.

File: ../figures/time_series_analysis.png Graphic file (type bmp)
<../figures/time_series_analysis.png>

LaTeX Warning: `h' float specifier changed to `ht'.

File: ../figures/statistical_comparison.png Graphic file (type bmp)
<../figures/statistical_comparison.png>

LaTeX Warning: `h' float specifier changed to `ht'.

File: ../figures/scatter_correlation.png Graphic file (type bmp)
<../figures/scatter_correlation.png>

LaTeX Warning: `h' float specifier changed to `ht'.



[15]
Missing character: There is no ≈ ("2248) in font ec-lmr10!
Missing character: There is no 𝜌 ("1D70C) in font ec-lmr10!
Missing character: There is no ≈ ("2248) in font ec-lmr10!


[16]
Missing character: There is no − ("2212) in font ec-lmr10!


[17]

[18]
Missing character: There is no ⋅ ("22C5) in font ec-lmr10!
Missing character: There is no 𝜖 ("1D716) in font ec-lmr10!
Missing character: There is no 𝜖 ("1D716) in font ec-lmr10!


[19]

[20]
Missing character: There is no 𝜌 ("1D70C) in font ec-lmr10!
Missing character: There is no ∈ ("2208) in font ec-lmr10!


[21]
Missing character: There is no ≈ ("2248) in font ec-lmr10!
Missing character: There is no 𝜌 ("1D70C) in font ec-lmr10!
Missing character: There is no ≈ ("2248) in font ec-lmr10!
Missing character: There is no − ("2212) in font ec-lmr10!


[22]

[23]

[24]
Missing character: There is no − ("2212) in font ec-lmr10!
Missing character: There is no 𝛼 ("1D6FC) in font ec-lmr10!
Missing character: There is no ∇ ("2207) in font ec-lmr10!
Missing character: There is no 𝛽 ("1D6FD) in font ec-lmr10!
Missing character: There is no − ("2212) in font ec-lmr10!
Missing character: There is no − ("2212) in font ec-lmr7!
Missing character: There is no ∇ ("2207) in font ec-lmr10!
Missing character: There is no ‖ ("2016) in font ec-lmr10!
Missing character: There is no ∇ ("2207) in font ec-lmr10!
Missing character: There is no − ("2212) in font ec-lmr10!
Missing character: There is no ∇ ("2207) in font ec-lmr10!
Missing character: There is no ‖ ("2016) in font ec-lmr10!
Missing character: There is no ≤ ("2264) in font ec-lmr10!
Missing character: There is no ‖ ("2016) in font ec-lmr10!
Missing character: There is no − ("2212) in font ec-lmr10!
Missing character: There is no ‖ ("2016) in font ec-lmr10!
Missing character: There is no ∀ ("2200) in font ec-lmr10!
Missing character: There is no ∈ ("2208) in font ec-lmr10!
Missing character: There is no 𝜇 ("1D707) in font ec-lmr10!
Missing character: There is no ≥ ("2265) in font ec-lmr10!
Missing character: There is no ∇ ("2207) in font ec-lmr10!
Missing character: There is no − ("2212) in font ec-lmr10!
Missing character: There is no 𝜇 ("1D707) in font ec-lmr10!
Missing character: There is no ‖ ("2016) in font ec-lmr10!
Missing character: There is no − ("2212) in font ec-lmr10!
Missing character: There is no ‖ ("2016) in font ec-lmr10!
Missing character: There is no 𝜌 ("1D70C) in font ec-lmr10!
Missing character: There is no − ("2212) in font ec-lmr10!
Missing character: There is no 𝜇 ("1D707) in font ec-lmr10!
Missing character: There is no 𝛼 ("1D6FC) in font ec-lmr10!
Missing character: There is no 𝛽 ("1D6FD) in font ec-lmr10!
Missing character: There is no 𝜆 ("1D706) in font ec-lmr10!
Missing character: There is no 𝜖 ("1D716) in font ec-lmr10!
Missing character: There is no − ("2212) in font ec-lmr7!
Missing character: There is no − ("2212) in font ec-lmr7!
Missing character: There is no − ("2212) in font ec-lmr7!

LaTeX Warning: `h' float specifier changed to `ht'.



[25]
Missing character: There is no ̃ ("303) in font ec-lmr10!
Missing character: There is no − ("2212) in font ec-lmr10!
Missing character: There is no 𝜇 ("1D707) in font ec-lmr10!
Missing character: There is no 𝜎 ("1D70E) in font ec-lmr10!
Missing character: There is no 𝜇 ("1D707) in font ec-lmr10!
Missing character: There is no 𝜎 ("1D70E) in font ec-lmr10!
Missing character: There is no − ("2212) in font ec-lmr7!
Missing character: There is no − ("2212) in font ec-lmr7!
Missing character: There is no − ("2212) in font ec-lmr7!
Missing character: There is no − ("2212) in font ec-lmr7!

! Package keyval Error: bgcolor undefined.

See the keyval package documentation for explanation.
Type  H <return>  for immediate help.
 ...                                              
                                                  
l.1486 \begin{Highlighting}[]
                             
Try typing  <return>  to proceed.
If that doesn't work, type  X <return>  to quit.


! Package keyval Error: fgcolor undefined.

See the keyval package documentation for explanation.
Type  H <return>  for immediate help.
 ...                                              
                                                  
l.1486 \begin{Highlighting}[]
                             
Try typing  <return>  to proceed.
If that doesn't work, type  X <return>  to quit.



[26]

[27]
Missing character: There is no − ("2212) in font ec-lmr10!
Missing character: There is no 𝛼 ("1D6FC) in font ec-lmr10!
Missing character: There is no ∇ ("2207) in font ec-lmr10!
Missing character: There is no 𝛽 ("1D6FD) in font ec-lmr10!
Missing character: There is no − ("2212) in font ec-lmr10!
Missing character: There is no − ("2212) in font ec-lmr7!
Missing character: There is no … ("2026) in font ec-lmr10!
Missing character: There is no − ("2212) in font ec-lmr10!
Missing character: There is no 𝛼 ("1D6FC) in font ec-lmr10!
Missing character: There is no ∑ ("2211) in font ec-lmr10!
Missing character: There is no ∈ ("2208) in font ec-lmr7!
Missing character: There is no ∇ ("2207) in font ec-lmr10!
Missing character: There is no 𝛽 ("1D6FD) in font ec-lmr10!
Missing character: There is no − ("2212) in font ec-lmr10!
Missing character: There is no − ("2212) in font ec-lmr7!
Missing character: There is no ⊂ ("2282) in font ec-lmr10!
Missing character: There is no … ("2026) in font ec-lmr10!
Missing character: There is no ≥ ("2265) in font ec-lmr10!
Missing character: There is no ∇ ("2207) in font ec-lmr10!
Missing character: There is no − ("2212) in font ec-lmr10!
Missing character: There is no 𝜇 ("1D707) in font ec-lmr10!
Missing character: There is no ‖ ("2016) in font ec-lmr10!
Missing character: There is no − ("2212) in font ec-lmr10!
Missing character: There is no ‖ ("2016) in font ec-lmr10!
Missing character: There is no ∀ ("2200) in font ec-lmr10!
Missing character: There is no ∈ ("2208) in font ec-lmr10!
Missing character: There is no 𝜇 ("1D707) in font ec-lmr10!
Missing character: There is no ‖ ("2016) in font ec-lmr10!
Missing character: There is no ∇ ("2207) in font ec-lmr10!
Missing character: There is no − ("2212) in font ec-lmr10!
Missing character: There is no ∇ ("2207) in font ec-lmr10!
Missing character: There is no ‖ ("2016) in font ec-lmr10!
Missing character: There is no ≤ ("2264) in font ec-lmr10!
Missing character: There is no ‖ ("2016) in font ec-lmr10!
Missing character: There is no − ("2212) in font ec-lmr10!
Missing character: There is no ‖ ("2016) in font ec-lmr10!
Missing character: There is no ∀ ("2200) in font ec-lmr10!
Missing character: There is no ∈ ("2208) in font ec-lmr10!
Missing character: There is no 𝜅 ("1D705) in font ec-lmr10!
Missing character: There is no 𝜇 ("1D707) in font ec-lmr10!
Missing character: There is no 𝜌 ("1D70C) in font ec-lmr10!
Missing character: There is no − ("2212) in font ec-lmr10!
Missing character: There is no 𝜅 ("1D705) in font ec-lmr10!
Missing character: There is no 𝜅 ("1D705) in font ec-lmr10!
Missing character: There is no 𝜖 ("1D716) in font ec-lmr10!
Missing character: There is no 𝜖 ("1D716) in font ec-lmr10!


[28]
Missing character: There is no ‖ ("2016) in font ec-lmr10!
Missing character: There is no − ("2212) in font ec-lmr10!
Missing character: There is no ∗ ("2217) in font ec-lmr7!
Missing character: There is no ‖ ("2016) in font ec-lmr10!
Missing character: There is no ≤ ("2264) in font ec-lmr10!
Missing character: There is no 𝜌 ("1D70C) in font ec-lmr10!
Missing character: There is no ≤ ("2264) in font ec-lmr10!
Missing character: There is no 𝜖 ("1D716) in font ec-lmr10!
Missing character: There is no ⇒ ("21D2) in font ec-lmr10!
Missing character: There is no ≥ ("2265) in font ec-lmr10!
Missing character: There is no 𝜖 ("1D716) in font ec-lmr10!
Missing character: There is no 𝜌 ("1D70C) in font ec-lmr10!
Missing character: There is no 𝜅 ("1D705) in font ec-lmr10!
Missing character: There is no 𝜖 ("1D716) in font ec-lmr10!
Missing character: There is no 𝜌 ("1D70C) in font ec-lmr10!
Missing character: There is no ≈ ("2248) in font ec-lmr10!
Missing character: There is no 𝜅 ("1D705) in font ec-lmr10!
Missing character: There is no 𝜅 ("1D705) in font ec-lmr10!
Missing character: There is no ‖ ("2016) in font ec-lmr10!
Missing character: There is no − ("2212) in font ec-lmr10!
Missing character: There is no ∗ ("2217) in font ec-lmr7!
Missing character: There is no ‖ ("2016) in font ec-lmr10!
Missing character: There is no ≤ ("2264) in font ec-lmr10!
Missing character: There is no 𝜎 ("1D70E) in font ec-lmr10!
Missing character: There is no 𝜎 ("1D70E) in font ec-lmr10!
Missing character: There is no ∇ ("2207) in font ec-lmr10!
Missing character: There is no ← ("2190) in font ec-lmr10!
Missing character: There is no 𝜃 ("1D703) in font ec-lmr10!
Missing character: There is no ‖ ("2016) in font ec-lmr10!
Missing character: There is no ∇ ("2207) in font ec-lmr10!
Missing character: There is no ‖ ("2016) in font ec-lmr10!
Missing character: There is no ∇ ("2207) in font ec-lmr10!
Missing character: There is no 𝛼 ("1D6FC) in font ec-lmr10!
Missing character: There is no ≤ ("2264) in font ec-lmr10!
Missing character: There is no 𝛼 ("1D6FC) in font ec-lmr10!
Missing character: There is no ≤ ("2264) in font ec-lmr10!
Missing character: There is no 𝛼 ("1D6FC) in font ec-lmr10!
Missing character: There is no ≤ ("2264) in font ec-lmr10!
Missing character: There is no 𝛽 ("1D6FD) in font ec-lmr10!
Missing character: There is no ≤ ("2264) in font ec-lmr10!
Missing character: There is no 𝛽 ("1D6FD) in font ec-lmr10!
Missing character: There is no ∼ ("223C) in font ec-lmr10!
Missing character: There is no ∑ ("2211) in font ec-lmr10!
Missing character: There is no 𝜙 ("1D719) in font ec-lmr10!
Missing character: There is no ∑ ("2211) in font ec-lmr10!
Missing character: There is no 𝜆 ("1D706) in font ec-lmr10!
Missing character: There is no ∑ ("2211) in font ec-lmr10!
Missing character: There is no 𝛾 ("1D6FE) in font ec-lmr10!
Missing character: There is no 𝜙 ("1D719) in font ec-lmr10!
Missing character: There is no ℓ ("2113) in font ec-lmr10!
Missing character: There is no ℓ ("2113) in font ec-lmr10!


[29]
Missing character: There is no ⋅ ("22C5) in font ec-lmr10!
Missing character: There is no − ("2212) in font ec-lmr10!
Missing character: There is no 𝛾 ("1D6FE) in font ec-lmr10!
Missing character: There is no 𝜙 ("1D719) in font ec-lmr10!
Missing character: There is no 𝜙 ("1D719) in font ec-lmr10!
Missing character: There is no ‖ ("2016) in font ec-lmr10!
Missing character: There is no ∇ ("2207) in font ec-lmr10!
Missing character: There is no ‖ ("2016) in font ec-lmr10!
Missing character: There is no 𝜖 ("1D716) in font ec-lmr10!
Missing character: There is no ‖ ("2016) in font ec-lmr10!
Missing character: There is no − ("2212) in font ec-lmr10!
Missing character: There is no ‖ ("2016) in font ec-lmr10!
Missing character: There is no 𝜖 ("1D716) in font ec-lmr10!
Missing character: There is no − ("2212) in font ec-lmr10!
Missing character: There is no 𝜖 ("1D716) in font ec-lmr10!
Missing character: There is no − ("2212) in font ec-lmr10!
Missing character: There is no 𝜖 ("1D716) in font ec-lmr10!
Missing character: There is no 𝛼 ("1D6FC) in font ec-lmr10!
Missing character: There is no 𝛼 ("1D6FC) in font ec-lmr10!
Missing character: There is no 𝛼 ("1D6FC) in font ec-lmr10!
Missing character: There is no 𝛽 ("1D6FD) in font ec-lmr10!
Missing character: There is no 𝜆 ("1D706) in font ec-lmr10!
Missing character: There is no 𝛼 ("1D6FC) in font ec-lmr10!
Missing character: There is no 𝜆 ("1D706) in font ec-lmr10!


[30]

[31]
Missing character: There is no 𝜎 ("1D70E) in font ec-lmr10!
Missing character: There is no 𝜎 ("1D70E) in font ec-lmr10!
Missing character: There is no 𝜎 ("1D70E) in font ec-lmr10!
Missing character: There is no − ("2212) in font ec-lmr10!


[32]
Missing character: There is no − ("2212) in font ec-lmr7!


[33]

[34]
Missing character: There is no Ł ("141) in font ec-lmr10!
Missing character: There is no ‖ ("2016) in font ec-lmr10!
Missing character: There is no ∇ ("2207) in font ec-lmr10!
Missing character: There is no ‖ ("2016) in font ec-lmr10!
Missing character: There is no ≥ ("2265) in font ec-lmr10!
Missing character: There is no 𝜇 ("1D707) in font ec-lmr10!
Missing character: There is no − ("2212) in font ec-lmr10!
Missing character: There is no ∗ ("2217) in font ec-lmr7!
Missing character: There is no ∗ ("2217) in font ec-lmr7!
Missing character: There is no − ("2212) in font ec-lmr10!
Missing character: There is no ∗ ("2217) in font ec-lmr7!
Missing character: There is no ≤ ("2264) in font ec-lmr10!
Missing character: There is no 𝜎 ("1D70E) in font ec-lmr10!
Missing character: There is no 𝜎 ("1D70E) in font ec-lmr10!


[35]
Missing character: There is no ⋅ ("22C5) in font ec-lmr10!
Missing character: There is no 𝜌 ("1D70C) in font ec-lmr10!
Missing character: There is no 𝜅 ("1D705) in font ec-lmr10!
Missing character: There is no 𝜖 ("1D716) in font ec-lmr10!
Missing character: There is no 𝜖 ("1D716) in font ec-lmr10!
Missing character: There is no 𝜌 ("1D70C) in font ec-lmr10!
Missing character: There is no 𝜖 ("1D716) in font ec-lmr10!
Missing character: There is no 𝜖 ("1D716) in font ec-lmr10!
Missing character: There is no 𝛼 ("1D6FC) in font ec-lmr10!
Missing character: There is no 𝛽 ("1D6FD) in font ec-lmr10!
Missing character: There is no 𝜆 ("1D706) in font ec-lmr10!
Missing character: There is no 𝛾 ("1D6FE) in font ec-lmr10!


[36]
Missing character: There is no 𝜆 ("1D706) in font ec-lmr10!
Missing character: There is no ∇ ("2207) in font ec-lmr10!
Missing character: There is no 𝜆 ("1D706) in font ec-lmr10!
Missing character: There is no ∇ ("2207) in font ec-lmr10!
Missing character: There is no 𝜅 ("1D705) in font ec-lmr10!
Missing character: There is no 𝜅 ("1D705) in font ec-lmr10!
Missing character: There is no 𝜅 ("1D705) in font ec-lmr10!


[37]

[38]
Missing character: There is no ‖ ("2016) in font ec-lmr10!
Missing character: There is no − ("2212) in font ec-lmr10!
Missing character: There is no ‖ ("2016) in font ec-lmr10!
Missing character: There is no 𝜆 ("1D706) in font ec-lmr10!
Missing character: There is no ‖ ("2016) in font ec-lmr10!
Missing character: There is no ‖ ("2016) in font ec-lmr10!
Missing character: There is no 𝜆 ("1D706) in font ec-lmr10!


[39]
Missing character: There is no 𝜃 ("1D703) in font ec-lmr7!
Missing character: There is no 𝜃 ("1D703) in font ec-lmr10!
Missing character: There is no 𝜃 ("1D703) in font ec-lmr10!
Missing character: There is no 𝜃 ("1D703) in font ec-lmr10!
Missing character: There is no 𝜃 ("1D703) in font ec-lmr10!
Missing character: There is no 𝜃 ("1D703) in font ec-lmr10!
Missing character: There is no ℓ ("2113) in font ec-lmr10!


[40]
Missing character: There is no 𝛴 ("1D6F4) in font ec-lmr10!
Missing character: There is no − ("2212) in font ec-lmr10!
Missing character: There is no 𝜇 ("1D707) in font ec-lmr10!
Missing character: There is no 𝜇 ("1D707) in font ec-lmr10!
Missing character: There is no 𝜆 ("1D706) in font ec-lmr10!
Missing character: There is no ‖ ("2016) in font ec-lmr10!
Missing character: There is no ‖ ("2016) in font ec-lmr10!
Missing character: There is no ∑ ("2211) in font ec-lmr10!
Missing character: There is no ≥ ("2265) in font ec-lmr10!
Missing character: There is no 𝛴 ("1D6F4) in font ec-lmr10!
Missing character: There is no 𝜇 ("1D707) in font ec-lmr10!
Missing character: There is no ≤ ("2264) in font ec-lmr10!
Missing character: There is no 𝜎 ("1D70E) in font ec-lmr10!
Missing character: There is no ≤ ("2264) in font ec-lmr10!


[41]

[42]

[43]
Overfull \hbox (60.31078pt too wide) in paragraph at lines 2755--2755
[]|[][][][][][]|  
 []


Overfull \hbox (23.56088pt too wide) in paragraph at lines 2757--2757
[]|[][][][][][]|  
 []


Overfull \hbox (18.3109pt too wide) in paragraph at lines 2759--2759
[]|[][][][][][]|  
 []


Overfull \hbox (2.56094pt too wide) in paragraph at lines 2761--2761
[]|[][][][][][]|  
 []


Overfull \hbox (34.06085pt too wide) in paragraph at lines 2769--2769
[]|[][][][][][]|  
 []


Overfull \hbox (7.81093pt too wide) in paragraph at lines 2801--2801
[]|[][][][][][]|  
 []


Overfull \hbox (49.8108pt too wide) in paragraph at lines 2803--2803
[]|[][][][][][]|  
 []


Overfull \hbox (7.81093pt too wide) in paragraph at lines 2805--2805
[]|[][][][][][]|  
 []


Overfull \hbox (60.31078pt too wide) in paragraph at lines 2807--2807
[]|[][][][][][]|  
 []


Overfull \hbox (49.8108pt too wide) in paragraph at lines 2809--2809
[]|[][][][][][]|  
 []


Overfull \hbox (2.56094pt too wide) in paragraph at lines 2831--2831
[]|[][][][][][]|  
 []


Overfull \hbox (2.56094pt too wide) in paragraph at lines 2833--2833
[]|[][][][][][]|  
 []


Overfull \hbox (55.06079pt too wide) in paragraph at lines 2837--2837
[]|[][][][][][]|  
 []


Overfull \hbox (49.8108pt too wide) in paragraph at lines 2865--2865
[]|[][][][][][]|  
 []


Overfull \hbox (7.81093pt too wide) in paragraph at lines 2867--2867
[]|[][][][][][]|  
 []


Overfull \hbox (39.31084pt too wide) in paragraph at lines 2869--2869
[]|[][][][][][]|  
 []


Overfull \hbox (28.81087pt too wide) in paragraph at lines 2880--2880
[]|[][][][][][]|  
 []

[44] [45] [46]

[47] (./_combined_manuscript.bbl)

[48] (./_combined_manuscript.aux)
 ***********
LaTeX2e <2024-11-01> patch level 2
L3 programming layer <2025-01-18>
 ***********


LaTeX Font Warning: Some font shapes were not available, defaults substituted.

 ) 
Here is how much of TeX's memory you used:
 25280 strings out of 473832
 470119 string characters out of 5729482
 1158229 words of memory out of 5000000
 47996 multiletter control sequences out of 15000+600000
 632198 words of font info for 105 fonts, out of 8000000 for 9000
 1348 hyphenation exceptions out of 8191
 90i,10n,113p,1017b,551s stack positions out of 10000i,1000n,20000p,200000b,200000s

Output written on _combined_manuscript.pdf (48 pages).
