This is XeTeX, Version 3.141592653-2.6-0.999997 (TeX Live 2025) (preloaded format=xelatex)
 restricted \write18 enabled.
entering extended mode
This is BibTeX, Version 0.99d (TeX Live 2025)
The top-level auxiliary file: 03_methodology.aux
The style file: unsrt.bst
I found no \bibdata command---while reading file 03_methodology.aux
Warning--I didn't find a database entry for "boyd2004"
Warning--I didn't find a database entry for "nesterov2018"
Warning--I didn't find a database entry for "kingma2014"
Warning--I didn't find a database entry for "duchi2011"
Warning--I didn't find a database entry for "beck2009"
Warning--I didn't find a database entry for "parikh2014"
Warning--I didn't find a database entry for "schmidt2017"
Warning--I didn't find a database entry for "wright2010"
(There was 1 error message)
This is XeTeX, Version 3.141592653-2.6-0.999997 (TeX Live 2025) (preloaded format=xelatex)
 restricted \write18 enabled.
entering extended mode
This is XeTeX, Version 3.141592653-2.6-0.999997 (TeX Live 2025) (preloaded format=xelatex)
 restricted \write18 enabled.
entering extended mode
