This is XeTeX, Version 3.141592653-2.6-0.999997 (TeX Live 2025) (preloaded format=xelatex)
 restricted \write18 enabled.
entering extended mode
This is BibTeX, Version 0.99d (TeX Live 2025)
The top-level auxiliary file: S03_supplemental_analysis.aux
The style file: unsrt.bst
I found no \bibdata command---while reading file S03_supplemental_analysis.aux
Warning--I didn't find a database entry for "nesterov2018"
Warning--I didn't find a database entry for "beck2009"
Warning--I didn't find a database entry for "kingma2014"
Warning--I didn't find a database entry for "ruder2016"
Warning--I didn't find a database entry for "boyd2004"
Warning--I didn't find a database entry for "schmidt2017"
Warning--I didn't find a database entry for "duchi2011"
Warning--I didn't find a database entry for "bertsekas2015"
Warning--I didn't find a database entry for "polak1997"
Warning--I didn't find a database entry for "reddi2018"
(There was 1 error message)
This is XeTeX, Version 3.141592653-2.6-0.999997 (TeX Live 2025) (preloaded format=xelatex)
 restricted \write18 enabled.
entering extended mode
This is XeTeX, Version 3.141592653-2.6-0.999997 (TeX Live 2025) (preloaded format=xelatex)
 restricted \write18 enabled.
entering extended mode
