This is XeTeX, Version 3.141592653-2.6-0.999998 (TeX Live 2026) (preloaded format=xelatex)
entering extended mode
(./_combined_manuscript.tex
LaTeX2e <2025-11-01>
L3 programming layer <2026-01-19>
(/usr/local/texlive/2026basic/texmf-dist/tex/latex/base/article.cls
Document Class: article 2025/01/22 v1.4n Standard LaTeX document class
(/usr/local/texlive/2026basic/texmf-dist/tex/latex/base/size10.clo))
(/usr/local/texlive/2026basic/texmf-dist/tex/latex/xcolor/xcolor.sty
(/usr/local/texlive/2026basic/texmf-dist/tex/latex/graphics-cfg/color.cfg)
(/usr/local/texlive/2026basic/texmf-dist/tex/latex/graphics-def/xetex.def)
(/usr/local/texlive/2026basic/texmf-dist/tex/latex/graphics/mathcolor.ltx))
(/usr/local/texlive/2026basic/texmf-dist/tex/latex/amsmath/amsmath.sty
For additional information on amsmath, use the `?' option.
(/usr/local/texlive/2026basic/texmf-dist/tex/latex/amsmath/amstext.sty
(/usr/local/texlive/2026basic/texmf-dist/tex/latex/amsmath/amsgen.sty))
(/usr/local/texlive/2026basic/texmf-dist/tex/latex/amsmath/amsbsy.sty)
(/usr/local/texlive/2026basic/texmf-dist/tex/latex/amsmath/amsopn.sty))
(/usr/local/texlive/2026basic/texmf-dist/tex/latex/amsfonts/amssymb.sty
(/usr/local/texlive/2026basic/texmf-dist/tex/latex/amsfonts/amsfonts.sty))
(/usr/local/texlive/2026basic/texmf-dist/tex/generic/iftex/iftex.sty)
(/usr/local/texlive/2026basic/texmf-dist/tex/latex/unicode-math/unicode-math.st
y (/usr/local/texlive/2026basic/texmf-dist/tex/latex/l3kernel/expl3.sty
(/usr/local/texlive/2026basic/texmf-dist/tex/latex/l3backend/l3backend-xetex.de
f))
(/usr/local/texlive/2026basic/texmf-dist/tex/latex/unicode-math/unicode-math-xe
tex.sty
(/usr/local/texlive/2026basic/texmf-dist/tex/latex/l3packages/xparse/xparse.sty
)
(/usr/local/texlive/2026basic/texmf-dist/tex/latex/l3packages/l3keys2e/l3keys2e
.sty) (/usr/local/texlive/2026basic/texmf-dist/tex/latex/fontspec/fontspec.sty
(/usr/local/texlive/2026basic/texmf-dist/tex/latex/fontspec/fontspec-xetex.sty
(/usr/local/texlive/2026basic/texmf-dist/tex/latex/base/fontenc.sty)
(/usr/local/texlive/2026basic/texmf-dist/tex/latex/fontspec/fontspec.cfg)))
(/usr/local/texlive/2026basic/texmf-dist/tex/latex/base/fix-cm.sty
(/usr/local/texlive/2026basic/texmf-dist/tex/latex/base/ts1enc.def))
(/usr/local/texlive/2026basic/texmf-dist/tex/latex/unicode-math/unicode-math-ta
ble.tex)))
(/usr/local/texlive/2026basic/texmf-dist/tex/latex/upquote/upquote.sty
(/usr/local/texlive/2026basic/texmf-dist/tex/latex/base/textcomp.sty))
(/usr/local/texlive/2026basic/texmf-dist/tex/latex/microtype/microtype.sty
(/usr/local/texlive/2026basic/texmf-dist/tex/latex/graphics/keyval.sty)
(/usr/local/texlive/2026basic/texmf-dist/tex/latex/etoolbox/etoolbox.sty)
(/usr/local/texlive/2026basic/texmf-dist/tex/latex/microtype/microtype-xetex.de
f) (/usr/local/texlive/2026basic/texmf-dist/tex/latex/microtype/microtype.cfg))
 (/usr/local/texlive/2026basic/texmf-dist/tex/latex/parskip/parskip.sty
(/usr/local/texlive/2026basic/texmf-dist/tex/latex/kvoptions/kvoptions.sty
(/usr/local/texlive/2026basic/texmf-dist/tex/generic/ltxcmds/ltxcmds.sty)
(/usr/local/texlive/2026basic/texmf-dist/tex/latex/kvsetkeys/kvsetkeys.sty)))
(/usr/local/texlive/2026basic/texmf-dist/tex/latex/fancyvrb/fancyvrb.sty)
(/usr/local/texlive/2026basic/texmf-dist/tex/latex/tools/longtable.sty)
(/usr/local/texlive/2026basic/texmf-dist/tex/latex/booktabs/booktabs.sty)
(/usr/local/texlive/2026basic/texmf-dist/tex/latex/tools/array.sty)
(/usr/local/texlive/2026basic/texmf-dist/tex/latex/tools/calc.sty)
(/usr/local/texlive/2026basic/texmf-dist/tex/latex/footnotehyper/footnotehyper.
sty) (/usr/local/texlive/2026basic/texmf-dist/tex/latex/graphics/graphicx.sty
(/usr/local/texlive/2026basic/texmf-dist/tex/latex/graphics/graphics.sty
(/usr/local/texlive/2026basic/texmf-dist/tex/latex/graphics/trig.sty)
(/usr/local/texlive/2026basic/texmf-dist/tex/latex/graphics-cfg/graphics.cfg)))
(/usr/local/texlive/2026basic/texmf-dist/tex/generic/babel/babel.sty
(/usr/local/texlive/2026basic/texmf-dist/tex/generic/babel/xebabel.def)
(/usr/local/texlive/2026basic/texmf-dist/tex/generic/babel/locale/en/babel-engl
ish.tex)
(/usr/local/texlive/2026basic/texmf-dist/tex/generic/babel-english/english.ldf)
) (/usr/local/texlive/2026basic/texmf-dist/tex/latex/natbib/natbib.sty)
(/usr/local/texlive/2026basic/texmf-dist/tex/latex/caption/subcaption.sty
(/usr/local/texlive/2026basic/texmf-dist/tex/latex/caption/caption.sty
(/usr/local/texlive/2026basic/texmf-dist/tex/latex/caption/caption3.sty)
(/usr/local/texlive/2026basic/texmf-dist/tex/latex/caption/ltcaption.sty)))
(/usr/local/texlive/2026basic/texmf-dist/tex/latex/float/float.sty)
(/usr/local/texlive/2026basic/texmf-dist/tex/latex/bookmark/bookmark.sty
(/usr/local/texlive/2026basic/texmf-dist/tex/latex/hyperref/hyperref.sty
(/usr/local/texlive/2026basic/texmf-dist/tex/generic/kvdefinekeys/kvdefinekeys.
sty)
(/usr/local/texlive/2026basic/texmf-dist/tex/generic/pdfescape/pdfescape.sty
(/usr/local/texlive/2026basic/texmf-dist/tex/generic/pdftexcmds/pdftexcmds.sty
(/usr/local/texlive/2026basic/texmf-dist/tex/generic/infwarerr/infwarerr.sty)))
 (/usr/local/texlive/2026basic/texmf-dist/tex/latex/hycolor/hycolor.sty)
(/usr/local/texlive/2026basic/texmf-dist/tex/latex/hyperref/nameref.sty
(/usr/local/texlive/2026basic/texmf-dist/tex/latex/refcount/refcount.sty)
(/usr/local/texlive/2026basic/texmf-dist/tex/generic/gettitlestring/gettitlestr
ing.sty))
(/usr/local/texlive/2026basic/texmf-dist/tex/generic/stringenc/stringenc.sty)
(/usr/local/texlive/2026basic/texmf-dist/tex/latex/hyperref/pd1enc.def)
(/usr/local/texlive/2026basic/texmf-dist/tex/generic/intcalc/intcalc.sty)
(/usr/local/texlive/2026basic/texmf-dist/tex/latex/hyperref/puenc.def)
(/usr/local/texlive/2026basic/texmf-dist/tex/latex/url/url.sty)
(/usr/local/texlive/2026basic/texmf-dist/tex/generic/bitset/bitset.sty
(/usr/local/texlive/2026basic/texmf-dist/tex/generic/bigintcalc/bigintcalc.sty)
)) (/usr/local/texlive/2026basic/texmf-dist/tex/latex/hyperref/hxetex.def
(/usr/local/texlive/2026basic/texmf-dist/tex/latex/rerunfilecheck/rerunfilechec
k.sty
(/usr/local/texlive/2026basic/texmf-dist/tex/generic/uniquecounter/uniquecounte
r.sty)))
(/usr/local/texlive/2026basic/texmf-dist/tex/latex/bookmark/bkm-dvipdfm.def))
(<home>/Library/texmf/tex/latex/seqsplit/seqsplit.sty)
(/usr/local/texlive/2026basic/texmf-dist/tex/latex/amscls/amsthm.sty)
(/usr/local/texlive/2026basic/texmf-dist/tex/latex/geometry/geometry.sty
(/usr/local/texlive/2026basic/texmf-dist/tex/generic/iftex/ifvtex.sty))
(<home>/Library/texmf/tex/latex/placeins/placeins.sty)
(<home>/Library/texmf/tex/latex/multirow/multirow.sty)
(/usr/local/texlive/2026basic/texmf-dist/tex/latex/listings/listings.sty
(/usr/local/texlive/2026basic/texmf-dist/tex/latex/listings/lstpatch.sty)
(/usr/local/texlive/2026basic/texmf-dist/tex/latex/listings/lstmisc.sty)
(/usr/local/texlive/2026basic/texmf-dist/tex/latex/listings/listings.cfg))
==> First Aid for listings.sty no longer applied!
    Expected:
        2024/09/23 1.10c (Carsten Heinz)
    but found:
        2025/11/14 1.11b (Carsten Heinz)
    so I'm assuming it got fixed.
(<home>/Library/texmf/tex/latex/cleveref/cleveref.sty)
==> First Aid for cleveref.sty applied!
(<home>/Library/texmf/tex/latex/algorithm2e/algorithm2e.sty)
(./_combined_manuscript.aux)
(/usr/local/texlive/2026basic/texmf-dist/tex/latex/microtype/mt-LatinModernRoma
n.cfg)
*geometry* driver: auto-detecting
*geometry* detected driver: xetex
[1] (./_combined_manuscript.toc
(/usr/local/texlive/2026basic/texmf-dist/tex/latex/amsfonts/umsa.fd)
(/usr/local/texlive/2026basic/texmf-dist/tex/latex/microtype/mt-msa.cfg)
(/usr/local/texlive/2026basic/texmf-dist/tex/latex/amsfonts/umsb.fd)
(/usr/local/texlive/2026basic/texmf-dist/tex/latex/microtype/mt-msb.cfg)
[1]) [2] [3] [4] [5] [6] [7] [8] [9] [10] [11]
Overfull \hbox (138.22491pt too wide) in paragraph at lines 1016--1017
[][]\TU/lmr/m/n/10 {{#fig:hypothesis_dashboard}} 
[12] [13]
Overfull \hbox (100.84279pt too wide) in paragraph at lines 1029--1030
[][]\TU/lmr/m/n/10 {{#fig:growth_curve}} 
[14]
Overfull \hbox (105.87073pt too wide) in paragraph at lines 1092--1093
[][]\TU/lmr/m/n/10 {{#fig:field_summary}} 

Overfull \hbox (131.79898pt too wide) in paragraph at lines 1094--1095
[][]\TU/lmr/m/n/10 {{#fig:subfield_distribution}} 
[15]
Overfull \hbox (115.5728pt too wide) in paragraph at lines 1096--1097
[][]\TU/lmr/m/n/10 {{#fig:subfield_timeline}} 
[16]
Overfull \hbox (131.7369pt too wide) in paragraph at lines 1135--1136
[][]\TU/lmr/m/n/10 {{#fig:citation_distribution}} 
[17]
Overfull \hbox (90.28279pt too wide) in paragraph at lines 1160--1161
[][]\TU/lmr/m/n/10 {{#fig:top_venues}} 
[18]
Overfull \hbox (130.04279pt too wide) in paragraph at lines 1185--1186
[][]\TU/lmr/m/n/10 {{#fig:author_productivity}} 
[19] [20] [21]
Overfull \hbox (115.3261pt too wide) in paragraph at lines 1293--1294
[][]\TU/lmr/m/n/10 {{#fig:topic_term_bars}} 

Overfull \hbox (113.6228pt too wide) in paragraph at lines 1303--1304
[][]\TU/lmr/m/n/10 {{#fig:pca_embeddings}} 
[22]
Overfull \hbox (91.96689pt too wide) in paragraph at lines 1305--1306
[][]\TU/lmr/m/n/10 {{#fig:dendrogram}} 
[23]
Overfull \hbox (105.5369pt too wide) in paragraph at lines 1313--1314
[][]\TU/lmr/m/n/10 {{#fig:term_heatmap}} 
[24]
Overfull \hbox (116.9628pt too wide) in paragraph at lines 1349--1350
[][]\TU/lmr/m/n/10 {{#fig:entity_bar_chart}} 
[25] [26]
Overfull \hbox (126.15279pt too wide) in paragraph at lines 1424--1425
[][]\TU/lmr/m/n/10 {{#fig:similarity_heatmap}} 

Overfull \hbox (91.9399pt too wide) in paragraph at lines 1426--1427
[][]\TU/lmr/m/n/10 {{#fig:word_cloud}} 
[27]
Overfull \hbox (132.52747pt too wide) in paragraph at lines 1428--1429
[][]\TU/lmr/m/n/10 {{#fig:cooccurrence_matrix}} 
[28] [29]
Overfull \hbox (115.25436pt too wide) in paragraph at lines 1522--1523
[][]\TU/lmr/m/n/10 {{#fig:citation_network}} 
[30]
Overfull \hbox (126.20071pt too wide) in paragraph at lines 1524--1525
[][]\TU/lmr/m/n/10 {{#fig:degree_distribution}} 
[31] [32] [33] [34] [35] [36] [37] [38] [39] [40] [41] [42]
(./_combined_manuscript.bbl)

Package caption Warning: Unused \captionsetup[sub] on input line 219.
See the caption package documentation for explanation.

[43] (./_combined_manuscript.aux) )
(see the transcript file for additional information)
Output written on _combined_manuscript.pdf (44 pages).
Transcript written on _combined_manuscript.log.
