This is XeTeX, Version 3.141592653-2.6-0.999998 (TeX Live 2026) (preloaded format=xelatex)
entering extended mode
(./_combined_manuscript.tex
LaTeX2e <2025-11-01>
L3 programming layer <2026-01-19>
(/usr/local/texlive/2026/texmf-dist/tex/latex/base/article.cls
Document Class: article 2025/01/22 v1.4n Standard LaTeX document class
(/usr/local/texlive/2026/texmf-dist/tex/latex/base/size10.clo))
(/usr/local/texlive/2026/texmf-dist/tex/latex/xcolor/xcolor.sty
(/usr/local/texlive/2026/texmf-dist/tex/latex/graphics-cfg/color.cfg)
(/usr/local/texlive/2026/texmf-dist/tex/latex/graphics-def/xetex.def)
(/usr/local/texlive/2026/texmf-dist/tex/latex/graphics/mathcolor.ltx))
(/usr/local/texlive/2026/texmf-dist/tex/latex/amsmath/amsmath.sty
For additional information on amsmath, use the `?' option.
(/usr/local/texlive/2026/texmf-dist/tex/latex/amsmath/amstext.sty
(/usr/local/texlive/2026/texmf-dist/tex/latex/amsmath/amsgen.sty))
(/usr/local/texlive/2026/texmf-dist/tex/latex/amsmath/amsbsy.sty)
(/usr/local/texlive/2026/texmf-dist/tex/latex/amsmath/amsopn.sty))
(/usr/local/texlive/2026/texmf-dist/tex/latex/amsfonts/amssymb.sty
(/usr/local/texlive/2026/texmf-dist/tex/latex/amsfonts/amsfonts.sty))
(/usr/local/texlive/2026/texmf-dist/tex/generic/iftex/iftex.sty)
(/usr/local/texlive/2026/texmf-dist/tex/latex/unicode-math/unicode-math.sty
(/usr/local/texlive/2026/texmf-dist/tex/latex/l3kernel/expl3.sty
(/usr/local/texlive/2026/texmf-dist/tex/latex/l3backend/l3backend-xetex.def))
(/usr/local/texlive/2026/texmf-dist/tex/latex/unicode-math/unicode-math-xetex.s
ty (/usr/local/texlive/2026/texmf-dist/tex/latex/l3packages/xparse/xparse.sty)
(/usr/local/texlive/2026/texmf-dist/tex/latex/l3packages/l3keys2e/l3keys2e.sty)
 (/usr/local/texlive/2026/texmf-dist/tex/latex/fontspec/fontspec.sty
(/usr/local/texlive/2026/texmf-dist/tex/latex/fontspec/fontspec-xetex.sty
(/usr/local/texlive/2026/texmf-dist/tex/latex/base/fontenc.sty)
(/usr/local/texlive/2026/texmf-dist/tex/latex/fontspec/fontspec.cfg)))
(/usr/local/texlive/2026/texmf-dist/tex/latex/base/fix-cm.sty
(/usr/local/texlive/2026/texmf-dist/tex/latex/base/ts1enc.def))
(/usr/local/texlive/2026/texmf-dist/tex/latex/unicode-math/unicode-math-table.t
ex))) (/usr/local/texlive/2026/texmf-dist/tex/latex/upquote/upquote.sty
(/usr/local/texlive/2026/texmf-dist/tex/latex/base/textcomp.sty))
(/usr/local/texlive/2026/texmf-dist/tex/latex/microtype/microtype.sty
(/usr/local/texlive/2026/texmf-dist/tex/latex/graphics/keyval.sty)
(/usr/local/texlive/2026/texmf-dist/tex/latex/etoolbox/etoolbox.sty)
(/usr/local/texlive/2026/texmf-dist/tex/latex/microtype/microtype-xetex.def)
(/usr/local/texlive/2026/texmf-dist/tex/latex/microtype/microtype.cfg))
(/usr/local/texlive/2026/texmf-dist/tex/latex/parskip/parskip.sty
(/usr/local/texlive/2026/texmf-dist/tex/latex/kvoptions/kvoptions.sty
(/usr/local/texlive/2026/texmf-dist/tex/generic/ltxcmds/ltxcmds.sty)
(/usr/local/texlive/2026/texmf-dist/tex/latex/kvsetkeys/kvsetkeys.sty)))
(/usr/local/texlive/2026/texmf-dist/tex/latex/fancyvrb/fancyvrb.sty)
(/usr/local/texlive/2026/texmf-dist/tex/latex/tools/longtable.sty)
(/usr/local/texlive/2026/texmf-dist/tex/latex/booktabs/booktabs.sty)
(/usr/local/texlive/2026/texmf-dist/tex/latex/tools/array.sty)
(/usr/local/texlive/2026/texmf-dist/tex/latex/tools/calc.sty)
(/usr/local/texlive/2026/texmf-dist/tex/latex/footnotehyper/footnotehyper.sty)
(/usr/local/texlive/2026/texmf-dist/tex/latex/graphics/graphicx.sty
(/usr/local/texlive/2026/texmf-dist/tex/latex/graphics/graphics.sty
(/usr/local/texlive/2026/texmf-dist/tex/latex/graphics/trig.sty)
(/usr/local/texlive/2026/texmf-dist/tex/latex/graphics-cfg/graphics.cfg)))
(/usr/local/texlive/2026/texmf-dist/tex/generic/babel/babel.sty
(/usr/local/texlive/2026/texmf-dist/tex/generic/babel/xebabel.def)
(/usr/local/texlive/2026/texmf-dist/tex/generic/babel/locale/en/babel-english.t
ex) (/usr/local/texlive/2026/texmf-dist/tex/generic/babel-english/english.ldf))
 (/usr/local/texlive/2026/texmf-dist/tex/latex/natbib/natbib.sty)
(/usr/local/texlive/2026/texmf-dist/tex/latex/caption/subcaption.sty
(/usr/local/texlive/2026/texmf-dist/tex/latex/caption/caption.sty
(/usr/local/texlive/2026/texmf-dist/tex/latex/caption/caption3.sty)
(/usr/local/texlive/2026/texmf-dist/tex/latex/caption/ltcaption.sty)))
(/usr/local/texlive/2026/texmf-dist/tex/latex/float/float.sty)
(/usr/local/texlive/2026/texmf-dist/tex/latex/bookmark/bookmark.sty
(/usr/local/texlive/2026/texmf-dist/tex/latex/hyperref/hyperref.sty
(/usr/local/texlive/2026/texmf-dist/tex/generic/kvdefinekeys/kvdefinekeys.sty)
(/usr/local/texlive/2026/texmf-dist/tex/generic/pdfescape/pdfescape.sty
(/usr/local/texlive/2026/texmf-dist/tex/generic/pdftexcmds/pdftexcmds.sty
(/usr/local/texlive/2026/texmf-dist/tex/generic/infwarerr/infwarerr.sty)))
(/usr/local/texlive/2026/texmf-dist/tex/latex/hycolor/hycolor.sty)
(/usr/local/texlive/2026/texmf-dist/tex/latex/hyperref/nameref.sty
(/usr/local/texlive/2026/texmf-dist/tex/latex/refcount/refcount.sty)
(/usr/local/texlive/2026/texmf-dist/tex/generic/gettitlestring/gettitlestring.s
ty)) (/usr/local/texlive/2026/texmf-dist/tex/generic/stringenc/stringenc.sty)
(/usr/local/texlive/2026/texmf-dist/tex/latex/hyperref/pd1enc.def)
(/usr/local/texlive/2026/texmf-dist/tex/generic/intcalc/intcalc.sty)
(/usr/local/texlive/2026/texmf-dist/tex/latex/hyperref/puenc.def)
(/usr/local/texlive/2026/texmf-dist/tex/latex/url/url.sty)
(/usr/local/texlive/2026/texmf-dist/tex/generic/bitset/bitset.sty
(/usr/local/texlive/2026/texmf-dist/tex/generic/bigintcalc/bigintcalc.sty)))
(/usr/local/texlive/2026/texmf-dist/tex/latex/hyperref/hxetex.def
(/usr/local/texlive/2026/texmf-dist/tex/latex/rerunfilecheck/rerunfilecheck.sty

(/usr/local/texlive/2026/texmf-dist/tex/generic/uniquecounter/uniquecounter.sty
))) (/usr/local/texlive/2026/texmf-dist/tex/latex/bookmark/bkm-dvipdfm.def))
(/usr/local/texlive/2026/texmf-dist/tex/latex/xurl/xurl.sty)
(/usr/local/texlive/2026/texmf-dist/tex/latex/seqsplit/seqsplit.sty)
(/usr/local/texlive/2026/texmf-dist/tex/latex/geometry/geometry.sty
(/usr/local/texlive/2026/texmf-dist/tex/generic/iftex/ifvtex.sty))
(/usr/local/texlive/2026/texmf-dist/tex/latex/cleveref/cleveref.sty)
==> First Aid for cleveref.sty applied!
(/usr/local/texlive/2026/texmf-dist/tex/latex/listings/listings.sty
(/usr/local/texlive/2026/texmf-dist/tex/latex/listings/lstpatch.sty)
(/usr/local/texlive/2026/texmf-dist/tex/latex/listings/lstmisc.sty)
(/usr/local/texlive/2026/texmf-dist/tex/latex/listings/listings.cfg))
==> First Aid for listings.sty no longer applied!
    Expected:
        2024/09/23 1.10c (Carsten Heinz)
    but found:
        2025/11/14 1.11b (Carsten Heinz)
    so I'm assuming it got fixed.
(./_combined_manuscript.aux)
(/usr/local/texlive/2026/texmf-dist/tex/latex/microtype/mt-LatinModernRoman.cfg
)
*geometry* driver: auto-detecting
*geometry* detected driver: xetex
[1] (./_combined_manuscript.toc
(/usr/local/texlive/2026/texmf-dist/tex/latex/amsfonts/umsa.fd)
(/usr/local/texlive/2026/texmf-dist/tex/latex/microtype/mt-msa.cfg)
(/usr/local/texlive/2026/texmf-dist/tex/latex/amsfonts/umsb.fd)
(/usr/local/texlive/2026/texmf-dist/tex/latex/microtype/mt-msb.cfg)) [1]
[2] [3]
Underfull \hbox (badness 1533) in paragraph at lines 455--460
[]\TU/lmtt/m/n/10 AbstractFetcher \TU/lmr/m/n/10 — currently fetches arXiv abst
racts via the export API, writes them to
[4] [5] [6] [7] [8] [9] [10]
Underfull \hbox (badness 10000) in paragraph at lines 897--900
[]\TU/lmtt/m/n/10 ../figures/{papers_per_source,year_histogram,score_distributi
on}.png \TU/lmr/m/n/10 — diagnostic
[11] [12] [13] [14] [15] [16] [17] [18]
Overfull \hbox (34.97742pt too wide) in paragraph at lines 1431--1434
\TU/lmr/m/n/10 10.1017/cbo9780511804441.005 

Overfull \hbox (34.87741pt too wide) in paragraph at lines 1434--1437
\TU/lmr/m/n/10 10.1017/cbo9780511804441.004 

Overfull \hbox (18.66742pt too wide) in paragraph at lines 1440--1443
\TU/lmr/m/n/10 10.1561/9781638280538.ch1 

Overfull \hbox (19.69742pt too wide) in paragraph at lines 1443--1446
\TU/lmr/m/n/10 10.1017/9781108699211.006 

Overfull \hbox (19.69742pt too wide) in paragraph at lines 1447--1449
\TU/lmr/m/n/10 10.1017/9781108699211.015 

Overfull \hbox (34.97742pt too wide) in paragraph at lines 1458--1461
\TU/lmr/m/n/10 10.1017/cbo9780511804441.003 

Overfull \hbox (19.44742pt too wide) in paragraph at lines 1470--1473
\TU/lmr/m/n/10 10.1515/9783110361629.117 

Overfull \hbox (19.69742pt too wide) in paragraph at lines 1497--1500
\TU/lmr/m/n/10 10.1017/9781009510561.012 

Overfull \hbox (21.91742pt too wide) in paragraph at lines 1506--1509
\TU/lmr/m/n/10 10.1080/02331930500096270 

Overfull \hbox (18.94742pt too wide) in paragraph at lines 1510--1512
\TU/lmr/m/n/10 10.1017/9781009510561.021 

Overfull \hbox (34.97742pt too wide) in paragraph at lines 1516--1518
\TU/lmr/m/n/10 10.1017/cbo9780511804458.002 

Overfull \hbox (3.82742pt too wide) in paragraph at lines 1529--1532
\TU/lmr/m/n/10 10.1515/9780691200316- 

Overfull \hbox (14.69742pt too wide) in paragraph at lines 1532--1535
\TU/lmr/m/n/10 10.1515/9783110361629.30 

Overfull \hbox (19.69742pt too wide) in paragraph at lines 1535--1538
\TU/lmr/m/n/10 10.1017/9781108980647.012 

Overfull \hbox (3.82742pt too wide) in paragraph at lines 1538--1541
\TU/lmr/m/n/10 10.1201/9781315366920- 

Overfull \hbox (19.59741pt too wide) in paragraph at lines 1548--1550
\TU/lmr/m/n/10 10.1017/9781009510561.024 

Overfull \hbox (19.41742pt too wide) in paragraph at lines 1550--1553
\TU/lmr/m/n/10 10.1002/9781119804093.ch3 

Overfull \hbox (19.69742pt too wide) in paragraph at lines 1560--1562
\TU/lmr/m/n/10 10.1017/9781108377447.033 

Overfull \hbox (34.22742pt too wide) in paragraph at lines 1565--1568
\TU/lmr/m/n/10 10.1017/cbo9780511804441.001 

Overfull \hbox (19.69742pt too wide) in paragraph at lines 1568--1571
\TU/lmr/m/n/10 10.1017/9781009510561.003 

Overfull \hbox (19.41742pt too wide) in paragraph at lines 1571--1574
\TU/lmr/m/n/10 10.1002/9781119804093.ch2 

Overfull \hbox (34.97742pt too wide) in paragraph at lines 1577--1580
\TU/lmr/m/n/10 10.1017/cbo9780511804441.002 

Overfull \hbox (21.91742pt too wide) in paragraph at lines 1582--1584
\TU/lmr/m/n/10 10.1080/02331939908844436 

Overfull \hbox (19.69742pt too wide) in paragraph at lines 1585--1587
\TU/lmr/m/n/10 10.1017/9781009510561.013 

Overfull \hbox (34.97742pt too wide) in paragraph at lines 1591--1594
\TU/lmr/m/n/10 10.1017/cbo9780511804441.016 

Overfull \hbox (19.69742pt too wide) in paragraph at lines 1601--1603
\TU/lmr/m/n/10 10.1017/9781009510561.020 

Overfull \hbox (19.69742pt too wide) in paragraph at lines 1607--1609
\TU/lmr/m/n/10 10.1017/9781009510561.023 

Overfull \hbox (19.69742pt too wide) in paragraph at lines 1610--1612
\TU/lmr/m/n/10 10.1017/9781009510561.015 

Overfull \hbox (22.07742pt too wide) in paragraph at lines 1613--1616
\TU/lmr/m/n/10 10.1016/j.disopt.2014.12.001 

Overfull \hbox (23.89743pt too wide) in paragraph at lines 1617--1619
\TU/lmr/m/n/10 ton/9780691197296.001.0001 

Overfull \hbox (9.69742pt too wide) in paragraph at lines 1624--1626
\TU/lmr/m/n/10 10.1023/a:1021792726715 

Overfull \hbox (34.97742pt too wide) in paragraph at lines 1629--1632
\TU/lmr/m/n/10 10.1017/cbo9780511804441.010 

Overfull \hbox (9.69742pt too wide) in paragraph at lines 1633--1635
\TU/lmr/m/n/10 10.1023/a:1017532225395 

Overfull \hbox (34.97742pt too wide) in paragraph at lines 1635--1638
\TU/lmr/m/n/10 10.1017/cbo9780511804441.008 

Overfull \hbox (34.97742pt too wide) in paragraph at lines 1638--1641
\TU/lmr/m/n/10 10.1017/cbo9780511804441.013 

Overfull \hbox (34.97742pt too wide) in paragraph at lines 1641--1644
\TU/lmr/m/n/10 10.1017/cbo9780511804441.009 

Overfull \hbox (19.69742pt too wide) in paragraph at lines 1648--1650
\TU/lmr/m/n/10 10.1017/9781009510561.025 

Overfull \hbox (61.41742pt too wide) in paragraph at lines 1650--1653
\TU/lmr/m/n/10 10.1093/oso/9780195100563.003.0006 

Overfull \hbox (34.97742pt too wide) in paragraph at lines 1654--1656
\TU/lmr/m/n/10 10.1017/cbo9780511804458.010 

Overfull \hbox (19.31741pt too wide) in paragraph at lines 1660--1662
\TU/lmr/m/n/10 10.1002/9781119804093.ch4 

Overfull \hbox (9.59741pt too wide) in paragraph at lines 1662--1665
\TU/lmr/m/n/10 10.2478/9783110426045.4 

Overfull \hbox (19.69742pt too wide) in paragraph at lines 1665--1668
\TU/lmr/m/n/10 10.1017/9781009493512.006 

Overfull \hbox (19.69742pt too wide) in paragraph at lines 1669--1671
\TU/lmr/m/n/10 10.1017/9781009510561.009 

Overfull \hbox (21.91742pt too wide) in paragraph at lines 1672--1674
\TU/lmr/m/n/10 10.1080/02331939208843789 

Overfull \hbox (18.94742pt too wide) in paragraph at lines 1677--1680
\TU/lmr/m/n/10 10.1017/9781009428095.021 

Overfull \hbox (34.22742pt too wide) in paragraph at lines 1688--1690
\TU/lmr/m/n/10 10.1017/cbo9780511804441.011 

Overfull \hbox (34.72742pt too wide) in paragraph at lines 1690--1693
\TU/lmr/m/n/10 10.1017/cbo9780511804441.007 

Overfull \hbox (37.47742pt too wide) in paragraph at lines 1698--1700
\TU/lmr/m/n/10 10.1080/02331934.2024.2388200 

Overfull \hbox (34.97742pt too wide) in paragraph at lines 1706--1709
\TU/lmr/m/n/10 10.1017/cbo9780511804441.006 

Overfull \hbox (34.97742pt too wide) in paragraph at lines 1709--1712
\TU/lmr/m/n/10 10.1017/cbo9781139924672.002 

Overfull \hbox (34.97742pt too wide) in paragraph at lines 1719--1722
\TU/lmr/m/n/10 10.1017/cbo9781139924672.003 

Overfull \hbox (34.22742pt too wide) in paragraph at lines 1722--1724
\TU/lmr/m/n/10 10.1017/cbo9781139924672.001 

Overfull \hbox (34.72742pt too wide) in paragraph at lines 1728--1731
\TU/lmr/m/n/10 10.1017/cbo9781139924672.007 
 [19] [20] [21] [22] [23] [24]
Overfull \hbox (40.16742pt too wide) in paragraph at lines 1767--1770
\TU/lmr/m/n/10 10.7490/f1000research.1115776.1 

Overfull \hbox (41.14742pt too wide) in paragraph at lines 1773--1776
\TU/lmr/m/n/10 10.32614/cran.package.coxphsgd 

Overfull \hbox (34.97742pt too wide) in paragraph at lines 1785--1788
\TU/lmr/m/n/10 10.1017/cbo9781107298019.015 

Overfull \hbox (53.22742pt too wide) in paragraph at lines 1789--1789
[]|\TU/lmr/m/n/10 10.1117/12.2305101.5783306294001|  

Overfull \hbox (51.72742pt too wide) in paragraph at lines 1789--1792
\TU/lmr/m/n/10 10.1117/12.2305101.5783306294001 

Overfull \hbox (53.22742pt too wide) in paragraph at lines 1796--1796
[]|\TU/lmr/m/n/10 10.1117/12.2512817.6013939792001|  

Overfull \hbox (51.72742pt too wide) in paragraph at lines 1796--1799
\TU/lmr/m/n/10 10.1117/12.2512817.6013939792001 

Overfull \hbox (53.22742pt too wide) in paragraph at lines 1800--1800
[]|\TU/lmr/m/n/10 10.1117/12.2643564.6314793833112|  

Overfull \hbox (52.47742pt too wide) in paragraph at lines 1800--1803
\TU/lmr/m/n/10 10.1117/12.2643564.6314793833112 

Overfull \hbox (4.14743pt too wide) in paragraph at lines 1804--1807
\TU/lmr/m/n/10 10.25148/etd.fidc009555 

Overfull \hbox (113.04742pt too wide) in paragraph at lines 1818--1820
\TU/lmr/m/n/10 10.70675/f938eaabz37fcz4483zba85z57f0849e7747 

Overfull \hbox (16.91742pt too wide) in paragraph at lines 1821--1823
\TU/lmr/m/n/10 10.5220/0012687400003702 

Overfull \hbox (8.65742pt too wide) in paragraph at lines 1827--1830
\TU/lmr/m/n/10 10.3329/dujs.v64i2.54490 

Overfull \hbox (36.77742pt too wide) in paragraph at lines 1832--1834
\TU/lmr/m/n/10 10.1109/tsp.2025.3546574/mm1 

Overfull \hbox (32.31741pt too wide) in paragraph at lines 1835--1838
\TU/lmr/m/n/10 10.36227/techrxiv.19350536.v1 

Overfull \hbox (82.31741pt too wide) in paragraph at lines 1839--1842
\TU/lmr/m/n/10 10.36227/techrxiv.176162233.33076025/v1 

Overfull \hbox (20.00743pt too wide) in paragraph at lines 1843--1846
\TU/lmr/m/n/10 10.36227/techrxiv.19350536 

Overfull \hbox (27.38742pt too wide) in paragraph at lines 1847--1847
[]|\TU/lmr/m/n/10 10.1117/12.3028105.e628af96- 

Overfull \hbox (26.88742pt too wide) in paragraph at lines 1847--1850
\TU/lmr/m/n/10 10.1117/12.3028105.e628af96- 

Overfull \hbox (47.62743pt too wide) in paragraph at lines 1851--1854
\TU/lmr/m/n/10 10.32614/cran.package.bigsurvsgd 

Overfull \hbox (43.07742pt too wide) in paragraph at lines 1855--1857
\TU/lmr/m/n/10 10.1109/wsc60868.2023.10408023 

Overfull \hbox (16.16742pt too wide) in paragraph at lines 1878--1881
\TU/lmr/m/n/10 10.5220/0011795500003411 

Overfull \hbox (53.22742pt too wide) in paragraph at lines 1889--1889
[]|\TU/lmr/m/n/10 10.1117/12.2599744.6269411057001|  

Overfull \hbox (51.72742pt too wide) in paragraph at lines 1889--1892
\TU/lmr/m/n/10 10.1117/12.2599744.6269411057001 

Overfull \hbox (119.92741pt too wide) in paragraph at lines 1894--1896
\TU/lmr/m/n/10 10.70675/674d4873zb009z425cz9c8ezb792c820253d 

Overfull \hbox (19.69742pt too wide) in paragraph at lines 1903--1906
\TU/lmr/m/n/10 10.1017/9781108860604.006 

Overfull \hbox (38.42741pt too wide) in paragraph at lines 1919--1922
\TU/lmr/m/n/10 10.1109/icpr48806.2021.9412831 

Overfull \hbox (5.11743pt too wide) in paragraph at lines 1935--1938
\TU/lmr/m/n/10 10.15607/rss.2015.xi.002 

Overfull \hbox (48.94742pt too wide) in paragraph at lines 1957--1960
\TU/lmr/m/n/10 10.1109/tpami.2025.3610169/mm1 

Overfull \hbox (11.91742pt too wide) in paragraph at lines 1977--1980
\TU/lmr/m/n/10 10.3788/col202018.101403 

Overfull \hbox (9.69742pt too wide) in paragraph at lines 1998--2000
\TU/lmr/m/n/10 10.1145/3411408.3411436 

Overfull \hbox (27.74742pt too wide) in paragraph at lines 2005--2007
\TU/lmr/m/n/10 10.53759/7669/jmc202404032 

Overfull \hbox (53.22742pt too wide) in paragraph at lines 2011--2011
[]|\TU/lmr/m/n/10 10.1117/12.2525953.6062680904001|  

Overfull \hbox (51.72742pt too wide) in paragraph at lines 2011--2014
\TU/lmr/m/n/10 10.1117/12.2525953.6062680904001 

Overfull \hbox (16.87741pt too wide) in paragraph at lines 2026--2028
\TU/lmr/m/n/10 10.1016/j.asoc.2021.107084 

Overfull \hbox (16.10742pt too wide) in paragraph at lines 2029--2032
\TU/lmr/m/n/10 10.23919/acc.2017.7963007 

Overfull \hbox (35.86742pt too wide) in paragraph at lines 2033--2036
\TU/lmr/m/n/10 10.1109/isit44484.2020.9174363 

Overfull \hbox (16.35742pt too wide) in paragraph at lines 2037--2039
\TU/lmr/m/n/10 10.23919/acc.2019.8814666 

Overfull \hbox (29.06743pt too wide) in paragraph at lines 2040--2040
[]|\TU/lmr/m/n/10 10.1117/12.3026153.0df877b5- 

Overfull \hbox (28.56743pt too wide) in paragraph at lines 2040--2043
\TU/lmr/m/n/10 10.1117/12.3026153.0df877b5- 

Overfull \hbox (12.57742pt too wide) in paragraph at lines 2057--2059
\TU/lmr/m/n/10 10.1109/ssci.2016.7849933 

Overfull \hbox (36.77742pt too wide) in paragraph at lines 2068--2071
\TU/lmr/m/n/10 10.1109/tsp.2023.3297053/mm1 

Overfull \hbox (4.42743pt too wide) in paragraph at lines 2072--2074
\TU/lmr/m/n/10 10.1109/mlhpc.2016.010 

Overfull \hbox (15.29742pt too wide) in paragraph at lines 2082--2084
\TU/lmr/m/n/10 10.21437/interspeech.2019- 

Overfull \hbox (15.79742pt too wide) in paragraph at lines 2085--2088
\TU/lmr/m/n/10 10.23919/ecc.2019.8796130 

Overfull \hbox (13.61743pt too wide) in paragraph at lines 2089--2091
\TU/lmr/m/n/10 10.1109/icra.2014.6907482 

Overfull \hbox (14.75743pt too wide) in paragraph at lines 2095--2097
\TU/lmr/m/n/10 10.1016/j.asoc.2018.09.038 

Overfull \hbox (14.13742pt too wide) in paragraph at lines 2105--2107
\TU/lmr/m/n/10 10.1109/icca.2009.5410612 

Overfull \hbox (19.69742pt too wide) in paragraph at lines 2108--2110
\TU/lmr/m/n/10 10.1017/9781009509435.009 

Overfull \hbox (36.35742pt too wide) in paragraph at lines 2111--2114
\TU/lmr/m/n/10 10.1109/cac53003.2021.9727635 

Overfull \hbox (24.41742pt too wide) in paragraph at lines 2115--2118
\TU/lmr/m/n/10 10.1016/j.sigpro.2020.107494 

Overfull \hbox (1.35742pt too wide) in paragraph at lines 2120--2122
\TU/lmr/m/n/10 10.1162/neco_a_01668 
 [25] [26] [27] [28] [29] [30] [31] [32] [33] [34]
Overfull \hbox (3.82742pt too wide) in paragraph at lines 2154--2156
\TU/lmr/m/n/10 10.1201/9781315382548- 

Overfull \hbox (3.82742pt too wide) in paragraph at lines 2157--2159
\TU/lmr/m/n/10 10.1201/9780429031854- 

Overfull \hbox (3.82742pt too wide) in paragraph at lines 2160--2162
\TU/lmr/m/n/10 10.1201/9781315382548- 

Overfull \hbox (3.82742pt too wide) in paragraph at lines 2163--2165
\TU/lmr/m/n/10 10.1201/9780429031854- 

Overfull \hbox (3.82742pt too wide) in paragraph at lines 2166--2168
\TU/lmr/m/n/10 10.1201/9781315373461- 

Overfull \hbox (3.82742pt too wide) in paragraph at lines 2169--2171
\TU/lmr/m/n/10 10.1201/9781315373461- 

Overfull \hbox (65.85742pt too wide) in paragraph at lines 2171--2174
\TU/lmr/m/n/10 10.1093/hesc/9780192896599.003.0019 

Overfull \hbox (0.82742pt too wide) in paragraph at lines 2177--2180
\TU/lmr/m/n/10 10.2307/j.ctvpb3xkg.16 

Overfull \hbox (3.82742pt too wide) in paragraph at lines 2181--2183
\TU/lmr/m/n/10 10.1201/9781315373461- 

Overfull \hbox (3.82742pt too wide) in paragraph at lines 2184--2186
\TU/lmr/m/n/10 10.1201/9781315373461- 

Overfull \hbox (3.82742pt too wide) in paragraph at lines 2186--2189
\TU/lmr/m/n/10 10.1525/9780520969230- 

Overfull \hbox (3.82742pt too wide) in paragraph at lines 2190--2192
\TU/lmr/m/n/10 10.1201/9781315373461- 

Overfull \hbox (57.91742pt too wide) in paragraph at lines 2199--2201
\TU/lmr/m/n/10 10.12688/f1000research.channels.908 

Overfull \hbox (3.82742pt too wide) in paragraph at lines 2206--2208
\TU/lmr/m/n/10 10.1201/9781315373461- 

Overfull \hbox (38.03741pt too wide) in paragraph at lines 2212--2214
\TU/lmr/m/n/10 10.32614/cran.package.pewdata 

Overfull \hbox (42.93741pt too wide) in paragraph at lines 2215--2217
\TU/lmr/m/n/10 10.22541/au.151460905.57485984 

Overfull \hbox (61.31741pt too wide) in paragraph at lines 2223--2226
\TU/lmr/m/n/10 10.1093/oso/9780198798170.003.0004 

Overfull \hbox (3.82742pt too wide) in paragraph at lines 2242--2244
\TU/lmr/m/n/10 10.1525/9780520967779- 

Overfull \hbox (1.81741pt too wide) in paragraph at lines 2245--2247
\TU/lmr/m/n/10 10.1201/9780429031854 

Overfull \hbox (22.84743pt too wide) in paragraph at lines 2251--2253
\TU/lmr/m/n/10 10.15200/winn.146397.78741 

Overfull \hbox (1.91742pt too wide) in paragraph at lines 2254--2256
\TU/lmr/m/n/10 10.1201/9781315382548 

Overfull \hbox (40.16742pt too wide) in paragraph at lines 2257--2259
\TU/lmr/m/n/10 10.7490/f1000research.1112876.1 

Overfull \hbox (3.82742pt too wide) in paragraph at lines 2266--2268
\TU/lmr/m/n/10 10.1525/9780520967779- 

Overfull \hbox (40.16742pt too wide) in paragraph at lines 2271--2273
\TU/lmr/m/n/10 10.7490/f1000research.1115901.1 

Overfull \hbox (10.12743pt too wide) in paragraph at lines 2274--2276
\TU/lmr/m/n/10 10.31235/osf.io/yx7af_v1 

Overfull \hbox (31.91742pt too wide) in paragraph at lines 2277--2279
\TU/lmr/m/n/10 10.4135/9781526421036926480 

Overfull \hbox (1.66742pt too wide) in paragraph at lines 2294--2296
\TU/lmr/m/n/10 10.4135/9781036230647 

Overfull \hbox (18.30742pt too wide) in paragraph at lines 2306--2308
\TU/lmr/m/n/10 10.21428/1192f2f8.fb1a1b7f 

Overfull \hbox (1.16742pt too wide) in paragraph at lines 2311--2313
\TU/lmr/m/n/10 10.1201/9781315373461 

Overfull \hbox (57.56741pt too wide) in paragraph at lines 2314--2316
\TU/lmr/m/n/10 10.22541/au.169627960.06669688/v1 

Overfull \hbox (3.82742pt too wide) in paragraph at lines 2326--2329
\TU/lmr/m/n/10 10.1525/9780520967779- 

Overfull \hbox (3.82742pt too wide) in paragraph at lines 2332--2335
\TU/lmr/m/n/10 10.1201/9780429031854- 

Overfull \hbox (26.09743pt too wide) in paragraph at lines 2336--2338
\TU/lmr/m/n/10 10.61700/pdeaaefq62n681556 

Overfull \hbox (40.16742pt too wide) in paragraph at lines 2342--2345
\TU/lmr/m/n/10 10.7490/f1000research.1113332.1 

Overfull \hbox (3.82742pt too wide) in paragraph at lines 2345--2348
\TU/lmr/m/n/10 10.1201/9781315382548- 

Overfull \hbox (108.81741pt too wide) in paragraph at lines 2351--2354
\TU/lmr/m/n/10 10.70675/d17fee18z3990z46f0z8820zb7fa496e2ffc 

Overfull \hbox (3.82742pt too wide) in paragraph at lines 2358--2360
\TU/lmr/m/n/10 10.1525/9780520967779- 

Overfull \hbox (41.17741pt too wide) in paragraph at lines 2361--2363
\TU/lmr/m/n/10 10.32614/cran.package.icpsrdata 

Overfull \hbox (11.69742pt too wide) in paragraph at lines 2364--2367
\TU/lmr/m/n/10 10.7554/elife.108089.2.sa3 

Overfull \hbox (10.94742pt too wide) in paragraph at lines 2369--2371
\TU/lmr/m/n/10 10.7554/elife.108089.1.sa1 

Overfull \hbox (1.91742pt too wide) in paragraph at lines 2372--2374
\TU/lmr/m/n/10 10.4135/9781036216696 

Overfull \hbox (11.69742pt too wide) in paragraph at lines 2388--2391
\TU/lmr/m/n/10 10.7554/elife.108089.1.sa2 

Overfull \hbox (10.94742pt too wide) in paragraph at lines 2403--2405
\TU/lmr/m/n/10 10.7554/elife.108089.2.sa1 

Overfull \hbox (11.69742pt too wide) in paragraph at lines 2407--2409
\TU/lmr/m/n/10 10.7554/elife.108089.1.sa0 

Overfull \hbox (3.82742pt too wide) in paragraph at lines 2409--2412
\TU/lmr/m/n/10 10.1201/9780429275067- 

Overfull \hbox (3.82742pt too wide) in paragraph at lines 2421--2424
\TU/lmr/m/n/10 10.1201/9781003226642- 

Overfull \hbox (11.69742pt too wide) in paragraph at lines 2426--2428
\TU/lmr/m/n/10 10.7554/elife.108089.2.sa2 

Overfull \hbox (82.31741pt too wide) in paragraph at lines 2435--2438
\TU/lmr/m/n/10 10.36227/techrxiv.175617187.78775647/v1 

Overfull \hbox (40.16742pt too wide) in paragraph at lines 2439--2442
\TU/lmr/m/n/10 10.7490/f1000research.1110170.1 

Overfull \hbox (3.82742pt too wide) in paragraph at lines 2454--2456
\TU/lmr/m/n/10 10.1525/9780520969230- 

Overfull \hbox (3.82742pt too wide) in paragraph at lines 2457--2460
\TU/lmr/m/n/10 10.1525/9780520967779- 
 [35] [36] [37] [38] [39] [40] [41] [42] [43] (./_combined_manuscript.bbl
[44] [45]
Missing character: There is no ★ (U+2605) in font [lmroman10-italic]:mapping=te
x-text;!
Missing character: There is no ★ (U+2605) in font [lmroman10-italic]:mapping=te
x-text;!
[46] [47] [48] [49]
Missing character: There is no О (U+041E) in font [lmroman10-italic]:mapping=te
x-text;!
Missing character: There is no п (U+043F) in font [lmroman10-italic]:mapping=te
x-text;!
Missing character: There is no т (U+0442) in font [lmroman10-italic]:mapping=te
x-text;!
Missing character: There is no и (U+0438) in font [lmroman10-italic]:mapping=te
x-text;!
Missing character: There is no ч (U+0447) in font [lmroman10-italic]:mapping=te
x-text;!
Missing character: There is no е (U+0435) in font [lmroman10-italic]:mapping=te
x-text;!
Missing character: There is no с (U+0441) in font [lmroman10-italic]:mapping=te
x-text;!
Missing character: There is no к (U+043A) in font [lmroman10-italic]:mapping=te
x-text;!
Missing character: There is no и (U+0438) in font [lmroman10-italic]:mapping=te
x-text;!
Missing character: There is no й (U+0439) in font [lmroman10-italic]:mapping=te
x-text;!
Missing character: There is no ж (U+0436) in font [lmroman10-italic]:mapping=te
x-text;!
Missing character: There is no у (U+0443) in font [lmroman10-italic]:mapping=te
x-text;!
Missing character: There is no р (U+0440) in font [lmroman10-italic]:mapping=te
x-text;!
Missing character: There is no н (U+043D) in font [lmroman10-italic]:mapping=te
x-text;!
Missing character: There is no а (U+0430) in font [lmroman10-italic]:mapping=te
x-text;!
Missing character: There is no л (U+043B) in font [lmroman10-italic]:mapping=te
x-text;!
[50]
Missing character: There is no α (U+03B1) in font [lmroman10-italic]:mapping=te
x-text;!
[51] [52]
Underfull \hbox (badness 1024) in paragraph at lines 1403--1408
[]\TU/lmr/m/n/10 Yurii Nesterov.  \TU/lmr/m/it/10 Smooth Convex Optimization\TU
/lmr/m/n/10 .  Springer International Publishing, 2018b.  ISBN
[53] [54] [55]
Underfull \hbox (badness 1038) in paragraph at lines 1770--1775
[]\TU/lmr/m/n/10 Victoria Stodden.  \TU/lmr/m/it/10 Implementing Reproducible R
esearch\TU/lmr/m/n/10 .  Chapman and Hall/CRC, 2014.  ISBN
[56] [57]) [58] (./_combined_manuscript.aux) )
(see the transcript file for additional information)
Output written on _combined_manuscript.pdf (59 pages).
Transcript written on _combined_manuscript.log.
