This is XeTeX, Version 3.141592653-2.6-0.999997 (TeX Live 2025) (preloaded format=xelatex 2025.3.8)  24 FEB 2026 15:07
entering extended mode
 restricted \write18 enabled.
 %&-line parsing enabled.
**ento_linguistics_combined
(./ento_linguistics_combined.tex
LaTeX2e <2024-11-01> patch level 2
L3 programming layer <2025-01-18>
(/usr/local/texlive/2025/texmf-dist/tex/latex/base/article.cls
Document Class: article 2024/06/29 v1.4n Standard LaTeX document class
(/usr/local/texlive/2025/texmf-dist/tex/latex/base/size10.clo
File: size10.clo 2024/06/29 v1.4n Standard LaTeX file (size option)
)
\c@part=\count192
\c@section=\count193
\c@subsection=\count194
\c@subsubsection=\count195
\c@paragraph=\count196
\c@subparagraph=\count197
\c@figure=\count198
\c@table=\count199
\abovecaptionskip=\skip49
\belowcaptionskip=\skip50
\bibindent=\dimen141
)
(/usr/local/texlive/2025/texmf-dist/tex/latex/xcolor/xcolor.sty
Package: xcolor 2024/09/29 v3.02 LaTeX color extensions (UK)

(/usr/local/texlive/2025/texmf-dist/tex/latex/graphics-cfg/color.cfg
File: color.cfg 2016/01/02 v1.6 sample color configuration
)
Package xcolor Info: Driver file: xetex.def on input line 274.

(/usr/local/texlive/2025/texmf-dist/tex/latex/graphics-def/xetex.def
File: xetex.def 2022/09/22 v5.0n Graphics/color driver for xetex
)
(/usr/local/texlive/2025/texmf-dist/tex/latex/graphics/mathcolor.ltx)
Package xcolor Info: Model `cmy' substituted by `cmy0' on input line 1349.
Package xcolor Info: Model `RGB' extended on input line 1365.
Package xcolor Info: Model `HTML' substituted by `rgb' on input line 1367.
Package xcolor Info: Model `Hsb' substituted by `hsb' on input line 1368.
Package xcolor Info: Model `tHsb' substituted by `hsb' on input line 1369.
Package xcolor Info: Model `HSB' substituted by `hsb' on input line 1370.
Package xcolor Info: Model `Gray' substituted by `gray' on input line 1371.
Package xcolor Info: Model `wave' substituted by `hsb' on input line 1372.
)
(/usr/local/texlive/2025/texmf-dist/tex/latex/geometry/geometry.sty
Package: geometry 2020/01/02 v5.9 Page Geometry

(/usr/local/texlive/2025/texmf-dist/tex/latex/graphics/keyval.sty
Package: keyval 2022/05/29 v1.15 key=value parser (DPC)
\KV@toks@=\toks17
)
(/usr/local/texlive/2025/texmf-dist/tex/generic/iftex/ifvtex.sty
Package: ifvtex 2019/10/25 v1.7 ifvtex legacy package. Use iftex instead.

(/usr/local/texlive/2025/texmf-dist/tex/generic/iftex/iftex.sty
Package: iftex 2024/12/12 v1.0g TeX engine tests
))
\Gm@cnth=\count266
\Gm@cntv=\count267
\c@Gm@tempcnt=\count268
\Gm@bindingoffset=\dimen142
\Gm@wd@mp=\dimen143
\Gm@odd@mp=\dimen144
\Gm@even@mp=\dimen145
\Gm@layoutwidth=\dimen146
\Gm@layoutheight=\dimen147
\Gm@layouthoffset=\dimen148
\Gm@layoutvoffset=\dimen149
\Gm@dimlist=\toks18
)
(/usr/local/texlive/2025/texmf-dist/tex/latex/amsmath/amsmath.sty
Package: amsmath 2024/11/05 v2.17t AMS math features
\@mathmargin=\skip51

For additional information on amsmath, use the `?' option.
(/usr/local/texlive/2025/texmf-dist/tex/latex/amsmath/amstext.sty
Package: amstext 2021/08/26 v2.01 AMS text

(/usr/local/texlive/2025/texmf-dist/tex/latex/amsmath/amsgen.sty
File: amsgen.sty 1999/11/30 v2.0 generic functions
\@emptytoks=\toks19
\ex@=\dimen150
))
(/usr/local/texlive/2025/texmf-dist/tex/latex/amsmath/amsbsy.sty
Package: amsbsy 1999/11/29 v1.2d Bold Symbols
\pmbraise@=\dimen151
)
(/usr/local/texlive/2025/texmf-dist/tex/latex/amsmath/amsopn.sty
Package: amsopn 2022/04/08 v2.04 operator names
)
\inf@bad=\count269
LaTeX Info: Redefining \frac on input line 233.
\uproot@=\count270
\leftroot@=\count271
LaTeX Info: Redefining \overline on input line 398.
LaTeX Info: Redefining \colon on input line 409.
\classnum@=\count272
\DOTSCASE@=\count273
LaTeX Info: Redefining \ldots on input line 495.
LaTeX Info: Redefining \dots on input line 498.
LaTeX Info: Redefining \cdots on input line 619.
\Mathstrutbox@=\box52
\strutbox@=\box53
LaTeX Info: Redefining \big on input line 721.
LaTeX Info: Redefining \Big on input line 722.
LaTeX Info: Redefining \bigg on input line 723.
LaTeX Info: Redefining \Bigg on input line 724.
\big@size=\dimen152
LaTeX Font Info:    Redeclaring font encoding OML on input line 742.
LaTeX Font Info:    Redeclaring font encoding OMS on input line 743.
\macc@depth=\count274
LaTeX Info: Redefining \bmod on input line 904.
LaTeX Info: Redefining \pmod on input line 909.
LaTeX Info: Redefining \smash on input line 939.
LaTeX Info: Redefining \relbar on input line 969.
LaTeX Info: Redefining \Relbar on input line 970.
\c@MaxMatrixCols=\count275
\dotsspace@=\muskip17
\c@parentequation=\count276
\dspbrk@lvl=\count277
\tag@help=\toks20
\row@=\count278
\column@=\count279
\maxfields@=\count280
\andhelp@=\toks21
\eqnshift@=\dimen153
\alignsep@=\dimen154
\tagshift@=\dimen155
\tagwidth@=\dimen156
\totwidth@=\dimen157
\lineht@=\dimen158
\@envbody=\toks22
\multlinegap=\skip52
\multlinetaggap=\skip53
\mathdisplay@stack=\toks23
LaTeX Info: Redefining \[ on input line 2953.
LaTeX Info: Redefining \] on input line 2954.
)
(/usr/local/texlive/2025/texmf-dist/tex/latex/amsfonts/amssymb.sty
Package: amssymb 2013/01/14 v3.01 AMS font symbols

(/usr/local/texlive/2025/texmf-dist/tex/latex/amsfonts/amsfonts.sty
Package: amsfonts 2013/01/14 v3.01 Basic AMSFonts support
\symAMSa=\mathgroup4
\symAMSb=\mathgroup5
LaTeX Font Info:    Redeclaring math symbol \hbar on input line 98.
LaTeX Font Info:    Overwriting math alphabet `\mathfrak' in version `bold'
(Font)                  U/euf/m/n --> U/euf/b/n on input line 106.
))
(/usr/local/texlive/2025/texmf-dist/tex/latex/unicode-math/unicode-math.sty
(/usr/local/texlive/2025/texmf-dist/tex/latex/l3kernel/expl3.sty
Package: expl3 2025-01-18 L3 programming layer (loader) 

(/usr/local/texlive/2025/texmf-dist/tex/latex/l3backend/l3backend-xetex.def
File: l3backend-xetex.def 2024-05-08 L3 backend support: XeTeX
\g__graphics_track_int=\count281
\l__pdf_internal_box=\box54
\g__pdf_backend_annotation_int=\count282
\g__pdf_backend_link_int=\count283
))
Package: unicode-math 2023/08/13 v0.8r Unicode maths in XeLaTeX and LuaLaTeX

(/usr/local/texlive/2025/texmf-dist/tex/latex/unicode-math/unicode-math-xetex.s
ty
Package: unicode-math-xetex 2023/08/13 v0.8r Unicode maths in XeLaTeX and LuaLa
TeX
 (/usr/local/texlive/2025/texmf-dist/tex/latex/l3packages/xparse/xparse.sty
Package: xparse 2024-08-16 L3 Experimental document command parser
)
(/usr/local/texlive/2025/texmf-dist/tex/latex/l3packages/l3keys2e/l3keys2e.sty
Package: l3keys2e 2024-08-16 LaTeX2e option processing using LaTeX3 keys
) (/usr/local/texlive/2025/texmf-dist/tex/latex/fontspec/fontspec.sty
Package: fontspec 2024/05/11 v2.9e Font selection for XeLaTeX and LuaLaTeX

(/usr/local/texlive/2025/texmf-dist/tex/latex/fontspec/fontspec-xetex.sty
Package: fontspec-xetex 2024/05/11 v2.9e Font selection for XeLaTeX and LuaLaTe
X
\l__fontspec_script_int=\count284
\l__fontspec_language_int=\count285
\l__fontspec_strnum_int=\count286
\l__fontspec_tmp_int=\count287
\l__fontspec_tmpa_int=\count288
\l__fontspec_tmpb_int=\count289
\l__fontspec_tmpc_int=\count290
\l__fontspec_em_int=\count291
\l__fontspec_emdef_int=\count292
\l__fontspec_strong_int=\count293
\l__fontspec_strongdef_int=\count294
\l__fontspec_tmpa_dim=\dimen159
\l__fontspec_tmpb_dim=\dimen160
\l__fontspec_tmpc_dim=\dimen161

(/usr/local/texlive/2025/texmf-dist/tex/latex/base/fontenc.sty
Package: fontenc 2021/04/29 v2.0v Standard LaTeX package
)
(/usr/local/texlive/2025/texmf-dist/tex/latex/fontspec/fontspec.cfg)))
(/usr/local/texlive/2025/texmf-dist/tex/latex/base/fix-cm.sty
Package: fix-cm 2020/11/24 v1.1t fixes to LaTeX

(/usr/local/texlive/2025/texmf-dist/tex/latex/base/ts1enc.def
File: ts1enc.def 2001/06/05 v3.0e (jk/car/fm) Standard LaTeX file
LaTeX Font Info:    Redeclaring font encoding TS1 on input line 47.
))
\g__um_fam_int=\count295
\g__um_fonts_used_int=\count296
\l__um_primecount_int=\count297
\g__um_primekern_muskip=\muskip18

(/usr/local/texlive/2025/texmf-dist/tex/latex/unicode-math/unicode-math-table.t
ex))) (/usr/local/texlive/2025/texmf-dist/tex/latex/lm/lmodern.sty
Package: lmodern 2015/05/01 v1.6.1 Latin Modern Fonts
LaTeX Font Info:    Overwriting symbol font `operators' in version `normal'
(Font)                  OT1/cmr/m/n --> OT1/lmr/m/n on input line 22.
LaTeX Font Info:    Overwriting symbol font `letters' in version `normal'
(Font)                  OML/cmm/m/it --> OML/lmm/m/it on input line 23.
LaTeX Font Info:    Overwriting symbol font `symbols' in version `normal'
(Font)                  OMS/cmsy/m/n --> OMS/lmsy/m/n on input line 24.
LaTeX Font Info:    Overwriting symbol font `largesymbols' in version `normal'
(Font)                  OMX/cmex/m/n --> OMX/lmex/m/n on input line 25.
LaTeX Font Info:    Overwriting symbol font `operators' in version `bold'
(Font)                  OT1/cmr/bx/n --> OT1/lmr/bx/n on input line 26.
LaTeX Font Info:    Overwriting symbol font `letters' in version `bold'
(Font)                  OML/cmm/b/it --> OML/lmm/b/it on input line 27.
LaTeX Font Info:    Overwriting symbol font `symbols' in version `bold'
(Font)                  OMS/cmsy/b/n --> OMS/lmsy/b/n on input line 28.
LaTeX Font Info:    Overwriting symbol font `largesymbols' in version `bold'
(Font)                  OMX/cmex/m/n --> OMX/lmex/m/n on input line 29.
LaTeX Font Info:    Overwriting math alphabet `\mathbf' in version `normal'
(Font)                  OT1/cmr/bx/n --> OT1/lmr/bx/n on input line 31.
LaTeX Font Info:    Overwriting math alphabet `\mathsf' in version `normal'
(Font)                  OT1/cmss/m/n --> OT1/lmss/m/n on input line 32.
LaTeX Font Info:    Overwriting math alphabet `\mathit' in version `normal'
(Font)                  OT1/cmr/m/it --> OT1/lmr/m/it on input line 33.
LaTeX Font Info:    Overwriting math alphabet `\mathtt' in version `normal'
(Font)                  OT1/cmtt/m/n --> OT1/lmtt/m/n on input line 34.
LaTeX Font Info:    Overwriting math alphabet `\mathbf' in version `bold'
(Font)                  OT1/cmr/bx/n --> OT1/lmr/bx/n on input line 35.
LaTeX Font Info:    Overwriting math alphabet `\mathsf' in version `bold'
(Font)                  OT1/cmss/bx/n --> OT1/lmss/bx/n on input line 36.
LaTeX Font Info:    Overwriting math alphabet `\mathit' in version `bold'
(Font)                  OT1/cmr/bx/it --> OT1/lmr/bx/it on input line 37.
LaTeX Font Info:    Overwriting math alphabet `\mathtt' in version `bold'
(Font)                  OT1/cmtt/m/n --> OT1/lmtt/m/n on input line 38.
)
(/usr/local/texlive/2025/texmf-dist/tex/latex/upquote/upquote.sty
Package: upquote 2012/04/19 v1.3 upright-quote and grave-accent glyphs in verba
tim

(/usr/local/texlive/2025/texmf-dist/tex/latex/base/textcomp.sty
Package: textcomp 2024/04/24 v2.1b Standard LaTeX package
))
(/usr/local/texlive/2025/texmf-dist/tex/latex/microtype/microtype.sty
Package: microtype 2025/02/11 v3.2a Micro-typographical refinements (RS)

(/usr/local/texlive/2025/texmf-dist/tex/latex/etoolbox/etoolbox.sty
Package: etoolbox 2025/02/11 v2.5l e-TeX tools for LaTeX (JAW)
\etb@tempcnta=\count298
)
\MT@toks=\toks24
\MT@tempbox=\box55
\MT@count=\count299
LaTeX Info: Redefining \noprotrusionifhmode on input line 1087.
LaTeX Info: Redefining \leftprotrusion on input line 1088.
\MT@prot@toks=\toks25
LaTeX Info: Redefining \rightprotrusion on input line 1107.
LaTeX Info: Redefining \textls on input line 1449.
\MT@outer@kern=\dimen162
LaTeX Info: Redefining \microtypecontext on input line 2053.
LaTeX Info: Redefining \textmicrotypecontext on input line 2070.
\MT@listname@count=\count300

(/usr/local/texlive/2025/texmf-dist/tex/latex/microtype/microtype-xetex.def
File: microtype-xetex.def 2025/02/11 v3.2a Definitions specific to xetex (RS)
LaTeX Info: Redefining \lsstyle on input line 443.
LaTeX Info: Redefining \lslig on input line 451.
\MT@outer@space=\skip54
)
Package microtype Info: Loading configuration file microtype.cfg.

(/usr/local/texlive/2025/texmf-dist/tex/latex/microtype/microtype.cfg
File: microtype.cfg 2025/02/11 v3.2a microtype main configuration file (RS)
)
LaTeX Info: Redefining \microtypesetup on input line 3065.
)
(/usr/local/texlive/2025/texmf-dist/tex/latex/parskip/parskip.sty
Package: parskip 2021-03-14 v2.0h non-zero parskip adjustments

(/usr/local/texlive/2025/texmf-dist/tex/latex/kvoptions/kvoptions.sty
Package: kvoptions 2022-06-15 v3.15 Key value format for package options (HO)

(/usr/local/texlive/2025/texmf-dist/tex/generic/ltxcmds/ltxcmds.sty
Package: ltxcmds 2023-12-04 v1.26 LaTeX kernel commands for general use (HO)
)
(/usr/local/texlive/2025/texmf-dist/tex/latex/kvsetkeys/kvsetkeys.sty
Package: kvsetkeys 2022-10-05 v1.19 Key value parser (HO)
)))
(/usr/local/texlive/2025/texmf-dist/tex/latex/fancyvrb/fancyvrb.sty
Package: fancyvrb 2024/01/20 4.5c verbatim text (tvz,hv)
\FV@CodeLineNo=\count301
\FV@InFile=\read2
\FV@TabBox=\box56
\c@FancyVerbLine=\count302
\FV@StepNumber=\count303
\FV@OutFile=\write3
)
(/usr/local/texlive/2025/texmf-dist/tex/latex/tools/longtable.sty
Package: longtable 2024-10-27 v4.22 Multi-page Table package (DPC)
\LTleft=\skip55
\LTright=\skip56
\LTpre=\skip57
\LTpost=\skip58
\LTchunksize=\count304
\LTcapwidth=\dimen163
\LT@head=\box57
\LT@firsthead=\box58
\LT@foot=\box59
\LT@lastfoot=\box60
\LT@gbox=\box61
\LT@cols=\count305
\LT@rows=\count306
\c@LT@tables=\count307
\c@LT@chunks=\count308
\LT@p@ftn=\toks26
)
(/usr/local/texlive/2025/texmf-dist/tex/latex/booktabs/booktabs.sty
Package: booktabs 2020/01/12 v1.61803398 Publication quality tables
\heavyrulewidth=\dimen164
\lightrulewidth=\dimen165
\cmidrulewidth=\dimen166
\belowrulesep=\dimen167
\belowbottomsep=\dimen168
\aboverulesep=\dimen169
\abovetopsep=\dimen170
\cmidrulesep=\dimen171
\cmidrulekern=\dimen172
\defaultaddspace=\dimen173
\@cmidla=\count309
\@cmidlb=\count310
\@aboverulesep=\dimen174
\@belowrulesep=\dimen175
\@thisruleclass=\count311
\@lastruleclass=\count312
\@thisrulewidth=\dimen176
)
(/usr/local/texlive/2025/texmf-dist/tex/latex/tools/array.sty
Package: array 2024/10/17 v2.6g Tabular extension package (FMi)
\col@sep=\dimen177
\ar@mcellbox=\box62
\extrarowheight=\dimen178
\NC@list=\toks27
\extratabsurround=\skip59
\backup@length=\skip60
\ar@cellbox=\box63
)
\c@none=\count313

(/usr/local/texlive/2025/texmf-dist/tex/latex/tools/calc.sty
Package: calc 2023/07/08 v4.3 Infix arithmetic (KKT,FJ)
\calc@Acount=\count314
\calc@Bcount=\count315
\calc@Adimen=\dimen179
\calc@Bdimen=\dimen180
\calc@Askip=\skip61
\calc@Bskip=\skip62
LaTeX Info: Redefining \setlength on input line 80.
LaTeX Info: Redefining \addtolength on input line 81.
\calc@Ccount=\count316
\calc@Cskip=\skip63
)
(/usr/local/texlive/2025/texmf-dist/tex/latex/footnotehyper/footnotehyper.sty
Package: footnotehyper 2021/08/13 v1.1e hyperref aware footnote.sty (JFB)
\FNH@notes=\box64
\FNH@width=\dimen181
\FNH@toks=\toks28
)
(/usr/local/texlive/2025/texmf-dist/tex/latex/natbib/natbib.sty
Package: natbib 2010/09/13 8.31b (PWD, AO)
\bibhang=\skip64
\bibsep=\skip65
LaTeX Info: Redefining \cite on input line 694.
\c@NAT@ctr=\count317
)
(/usr/local/texlive/2025/texmf-dist/tex/latex/amscls/amsthm.sty
Package: amsthm 2020/05/29 v2.20.6
\thm@style=\toks29
\thm@bodyfont=\toks30
\thm@headfont=\toks31
\thm@notefont=\toks32
\thm@headpunct=\toks33
\thm@preskip=\skip66
\thm@postskip=\skip67
\thm@headsep=\skip68
\dth@everypar=\toks34
)
(/usr/local/texlive/2025/texmf-dist/tex/latex/graphics/graphicx.sty
Package: graphicx 2021/09/16 v1.2d Enhanced LaTeX Graphics (DPC,SPQR)

(/usr/local/texlive/2025/texmf-dist/tex/latex/graphics/graphics.sty
Package: graphics 2024/08/06 v1.4g Standard LaTeX Graphics (DPC,SPQR)

(/usr/local/texlive/2025/texmf-dist/tex/latex/graphics/trig.sty
Package: trig 2023/12/02 v1.11 sin cos tan (DPC)
)
(/usr/local/texlive/2025/texmf-dist/tex/latex/graphics-cfg/graphics.cfg
File: graphics.cfg 2016/06/04 v1.11 sample graphics configuration
)
Package graphics Info: Driver file: xetex.def on input line 106.
)
\Gin@req@height=\dimen182
\Gin@req@width=\dimen183
)
(/usr/local/texlive/2025/texmf-dist/tex/latex/float/float.sty
Package: float 2001/11/08 v1.3d Float enhancements (AL)
\c@float@type=\count318
\float@exts=\toks35
\float@box=\box65
\@float@everytoks=\toks36
\@floatcapt=\box66
)
(/usr/local/texlive/2025/texmf-dist/tex/latex/url/url.sty
\Urlmuskip=\muskip19
Package: url 2013/09/16  ver 3.4  Verb mode for urls, etc.
)
(/usr/local/texlive/2025/texmf-dist/tex/latex/hyperref/hyperref.sty
Package: hyperref 2024-11-05 v7.01l Hypertext links for LaTeX

(/usr/local/texlive/2025/texmf-dist/tex/generic/kvdefinekeys/kvdefinekeys.sty
Package: kvdefinekeys 2019-12-19 v1.6 Define keys (HO)
)
(/usr/local/texlive/2025/texmf-dist/tex/generic/pdfescape/pdfescape.sty
Package: pdfescape 2019/12/09 v1.15 Implements pdfTeX's escape features (HO)

(/usr/local/texlive/2025/texmf-dist/tex/generic/pdftexcmds/pdftexcmds.sty
Package: pdftexcmds 2020-06-27 v0.33 Utility functions of pdfTeX for LuaTeX (HO
)

(/usr/local/texlive/2025/texmf-dist/tex/generic/infwarerr/infwarerr.sty
Package: infwarerr 2019/12/03 v1.5 Providing info/warning/error messages (HO)
)
Package pdftexcmds Info: \pdf@primitive is available.
Package pdftexcmds Info: \pdf@ifprimitive is available.
Package pdftexcmds Info: \pdfdraftmode not found.
))
(/usr/local/texlive/2025/texmf-dist/tex/latex/hycolor/hycolor.sty
Package: hycolor 2020-01-27 v1.10 Color options for hyperref/bookmark (HO)
)
(/usr/local/texlive/2025/texmf-dist/tex/latex/hyperref/nameref.sty
Package: nameref 2023-11-26 v2.56 Cross-referencing by name of section

(/usr/local/texlive/2025/texmf-dist/tex/latex/refcount/refcount.sty
Package: refcount 2019/12/15 v3.6 Data extraction from label references (HO)
)
(/usr/local/texlive/2025/texmf-dist/tex/generic/gettitlestring/gettitlestring.s
ty
Package: gettitlestring 2019/12/15 v1.6 Cleanup title references (HO)
)
\c@section@level=\count319
) (/usr/local/texlive/2025/texmf-dist/tex/generic/stringenc/stringenc.sty
Package: stringenc 2019/11/29 v1.12 Convert strings between diff. encodings (HO
)
)
\@linkdim=\dimen184
\Hy@linkcounter=\count320
\Hy@pagecounter=\count321

(/usr/local/texlive/2025/texmf-dist/tex/latex/hyperref/pd1enc.def
File: pd1enc.def 2024-11-05 v7.01l Hyperref: PDFDocEncoding definition (HO)
)
(/usr/local/texlive/2025/texmf-dist/tex/generic/intcalc/intcalc.sty
Package: intcalc 2019/12/15 v1.3 Expandable calculations with integers (HO)
)
\Hy@SavedSpaceFactor=\count322

(/usr/local/texlive/2025/texmf-dist/tex/latex/hyperref/puenc.def
File: puenc.def 2024-11-05 v7.01l Hyperref: PDF Unicode definition (HO)
)
Package hyperref Info: Option `unicode' set `true' on input line 4040.
Package hyperref Info: Hyper figures OFF on input line 4157.
Package hyperref Info: Link nesting OFF on input line 4162.
Package hyperref Info: Hyper index ON on input line 4165.
Package hyperref Info: Plain pages OFF on input line 4172.
Package hyperref Info: Backreferencing OFF on input line 4177.
Package hyperref Info: Implicit mode ON; LaTeX internals redefined.
Package hyperref Info: Bookmarks ON on input line 4424.
\c@Hy@tempcnt=\count323
LaTeX Info: Redefining \url on input line 4763.
\XeTeXLinkMargin=\dimen185

(/usr/local/texlive/2025/texmf-dist/tex/generic/bitset/bitset.sty
Package: bitset 2019/12/09 v1.3 Handle bit-vector datatype (HO)

(/usr/local/texlive/2025/texmf-dist/tex/generic/bigintcalc/bigintcalc.sty
Package: bigintcalc 2019/12/15 v1.5 Expandable calculations on big integers (HO
)
))
\Fld@menulength=\count324
\Field@Width=\dimen186
\Fld@charsize=\dimen187
Package hyperref Info: Hyper figures OFF on input line 6042.
Package hyperref Info: Link nesting OFF on input line 6047.
Package hyperref Info: Hyper index ON on input line 6050.
Package hyperref Info: backreferencing OFF on input line 6057.
Package hyperref Info: Link coloring OFF on input line 6062.
Package hyperref Info: Link coloring with OCG OFF on input line 6067.
Package hyperref Info: PDF/A mode OFF on input line 6072.

(/usr/local/texlive/2025/texmf-dist/tex/latex/base/atbegshi-ltx.sty
Package: atbegshi-ltx 2021/01/10 v1.0c Emulation of the original atbegshi
package with kernel methods
)
\Hy@abspage=\count325
\c@Item=\count326
\c@Hfootnote=\count327
)
Package hyperref Info: Driver (autodetected): hxetex.

(/usr/local/texlive/2025/texmf-dist/tex/latex/hyperref/hxetex.def
File: hxetex.def 2024-11-05 v7.01l Hyperref driver for XeTeX
\pdfm@box=\box67
\c@Hy@AnnotLevel=\count328
\HyField@AnnotCount=\count329
\Fld@listcount=\count330
\c@bookmark@seq@number=\count331

(/usr/local/texlive/2025/texmf-dist/tex/latex/rerunfilecheck/rerunfilecheck.sty
Package: rerunfilecheck 2022-07-10 v1.10 Rerun checks for auxiliary files (HO)
(/usr/local/texlive/2025/texmf-dist/tex/latex/base/atveryend-ltx.sty
Package: atveryend-ltx 2020/08/19 v1.0a Emulation of the original atveryend pac
kage
with kernel methods
)
(/usr/local/texlive/2025/texmf-dist/tex/generic/uniquecounter/uniquecounter.sty
Package: uniquecounter 2019/12/15 v1.4 Provide unlimited unique counter (HO)
)
Package uniquecounter Info: New unique counter `rerunfilecheck' on input line 2
85.
)
\Hy@SectionHShift=\skip69
) (/usr/local/texlive/2025/texmf-dist/tex/latex/multirow/multirow.sty
Package: multirow 2024/11/12 v2.9 Span multiple rows of a table
\multirow@colwidth=\skip70
\multirow@cntb=\count332
\multirow@dima=\skip71
\bigstrutjot=\dimen188
)
(/usr/local/texlive/2025/texmf-dist/tex/latex/caption/caption.sty
Package: caption 2023/08/05 v3.6o Customizing captions (AR)

(/usr/local/texlive/2025/texmf-dist/tex/latex/caption/caption3.sty
Package: caption3 2023/07/31 v2.4d caption3 kernel (AR)
\caption@tempdima=\dimen189
\captionmargin=\dimen190
\caption@leftmargin=\dimen191
\caption@rightmargin=\dimen192
\caption@width=\dimen193
\caption@indent=\dimen194
\caption@parindent=\dimen195
\caption@hangindent=\dimen196
Package caption Info: Standard document class detected.
)
\c@caption@flags=\count333
\c@continuedfloat=\count334
Package caption Info: float package is loaded.
Package caption Info: hyperref package is loaded.
Package caption Info: longtable package is loaded.

(/usr/local/texlive/2025/texmf-dist/tex/latex/caption/ltcaption.sty
Package: ltcaption 2021/01/08 v1.4c longtable captions (AR)
))
(/usr/local/texlive/2025/texmf-dist/tex/latex/caption/subcaption.sty
Package: subcaption 2023/07/28 v1.6b Sub-captions (AR)
Package caption Info: New subtype `subfigure' on input line 238.
\c@subfigure=\count335
Package caption Info: New subtype `subtable' on input line 238.
\c@subtable=\count336
)
(/usr/local/texlive/2025/texmf-dist/tex/latex/tools/bm.sty
Package: bm 2023/12/19 v1.2f Bold Symbol Support (DPC/FMi)
\symboldoperators=\mathgroup6
\symboldletters=\mathgroup7
\symboldsymbols=\mathgroup8
Package bm Info: No bold for \OMX/lmex/m/n, using \pmb.
Package bm Info: No bold for \U/msa/m/n, using \pmb.
Package bm Info: No bold for \U/msb/m/n, using \pmb.
LaTeX Font Info:    Redeclaring math alphabet \mathbf on input line 149.
)
(/usr/local/texlive/2025/texmf-dist/tex/latex/cleveref/cleveref.sty
Package: cleveref 2018/03/27 v0.21.4 Intelligent cross-referencing
Package cleveref Info: `hyperref' support loaded on input line 2370.
LaTeX Info: Redefining \cref on input line 2370.
LaTeX Info: Redefining \Cref on input line 2370.
LaTeX Info: Redefining \crefrange on input line 2370.
LaTeX Info: Redefining \Crefrange on input line 2370.
LaTeX Info: Redefining \cpageref on input line 2370.
LaTeX Info: Redefining \Cpageref on input line 2370.
LaTeX Info: Redefining \cpagerefrange on input line 2370.
LaTeX Info: Redefining \Cpagerefrange on input line 2370.
LaTeX Info: Redefining \labelcref on input line 2370.
LaTeX Info: Redefining \labelcpageref on input line 2370.
Package cleveref Info: `amsthm' support loaded on input line 3026.
)
(/usr/local/texlive/2025/texmf-dist/tex/latex/doi/doi.sty
Package: doi 2018/09/09 handle doi numbers
)
Package hyperref Info: Option `colorlinks' set `true' on input line 178.


Package hyperref Warning: Option `bookmarks' has already been used,
(hyperref)                setting the option has no effect on input line 178.

Package hyperref Info: Option `bookmarksnumbered' set `true' on input line 178.


Package hyperref Warning: Token not allowed in a PDF string (Unicode):
(hyperref)                removing `subscript' on input line 178.


(/usr/local/texlive/2025/texmf-dist/tex/latex/newunicodechar/newunicodechar.sty
Package: newunicodechar 2018/04/08 v1.2 Defining Unicode characters
) (/usr/local/texlive/2025/texmf-dist/tex/latex/base/fontenc.sty
Package: fontenc 2021/04/29 v2.0v Standard LaTeX package
LaTeX Font Info:    Trying to load font information for T1+lmr on input line 11
6.

(/usr/local/texlive/2025/texmf-dist/tex/latex/lm/t1lmr.fd
File: t1lmr.fd 2015/05/01 v1.6.1 Font defs for Latin Modern
))
(/usr/local/texlive/2025/texmf-dist/tex/latex/fvextra/fvextra.sty
Package: fvextra 2025/03/04 v1.12.0 fvextra - extensions and patches for fancyv
rb

(/usr/local/texlive/2025/texmf-dist/tex/latex/lineno/lineno.sty
Package: lineno 2025/01/29 line numbers on paragraphs v5.4
\linenopenalty=\count337
\output=\toks37
\linenoprevgraf=\count338
\linenumbersep=\dimen197
\linenumberwidth=\dimen198
\c@linenumber=\count339
\c@pagewiselinenumber=\count340
\c@LN@truepage=\count341
\c@internallinenumber=\count342
\c@internallinenumbers=\count343
\quotelinenumbersep=\dimen199
\bframerule=\dimen256
\bframesep=\dimen257
\bframebox=\box68
\@LN@amsmath@ams@eqpen=\count344
LaTeX Info: Redefining \\ on input line 3187.
)
\c@FancyVerbWriteLine=\count345
\c@FancyVerbBufferLine=\count346
\c@FV@TrueTabGroupLevel=\count347
\c@FV@TrueTabCounter=\count348
\FV@TabBox@Group=\box69
\FV@bgcolorstructbox=\box70
\FV@TmpLength=\skip72
\c@FV@HighlightLinesStart=\count349
\c@FV@HighlightLinesStop=\count350
\FV@LoopCount=\count351
\FV@NCharsBox=\box71
\FV@BreakIndent=\dimen258
\FV@BreakIndentNChars=\count352
\FV@BreakSymbolSepLeft=\dimen259
\FV@BreakSymbolSepLeftNChars=\count353
\FV@BreakSymbolSepRight=\dimen260
\FV@BreakSymbolSepRightNChars=\count354
\FV@BreakSymbolIndentLeft=\dimen261
\FV@BreakSymbolIndentLeftNChars=\count355
\FV@BreakSymbolIndentRight=\dimen262
\FV@BreakSymbolIndentRightNChars=\count356
\c@FancyVerbLineBreakLast=\count357
\FV@LineBox=\box72
\FV@LineIndentBox=\box73
\c@FV@BreakBufferDepth=\count358
\FV@LineWidth=\dimen263
)
(/usr/local/texlive/2025/texmf-dist/tex/latex/listings/listings.sty
\lst@mode=\count359
\lst@gtempboxa=\box74
\lst@token=\toks38
\lst@length=\count360
\lst@currlwidth=\dimen264
\lst@column=\count361
\lst@pos=\count362
\lst@lostspace=\dimen265
\lst@width=\dimen266
\lst@newlines=\count363
\lst@lineno=\count364
\lst@maxwidth=\dimen267

(/usr/local/texlive/2025/texmf-dist/tex/latex/listings/lstpatch.sty
File: lstpatch.sty 2024/09/23 1.10c (Carsten Heinz)
)
(/usr/local/texlive/2025/texmf-dist/tex/latex/listings/lstmisc.sty
File: lstmisc.sty 2024/09/23 1.10c (Carsten Heinz)
\c@lstnumber=\count365
\lst@skipnumbers=\count366
\lst@framebox=\box75
)
(/usr/local/texlive/2025/texmf-dist/tex/latex/listings/listings.cfg
File: listings.cfg 2024/09/23 1.10c listings configuration
))
Package: listings 2024/09/23 1.10c (Carsten Heinz)

(/usr/local/texlive/2025/texmf-dist/tex/latex/listings/lstlang1.sty
File: lstlang1.sty 2024/09/23 1.10c listings language file
)
(/usr/local/texlive/2025/texmf-dist/tex/latex/bookmark/bookmark.sty
Package: bookmark 2023-12-10 v1.31 PDF bookmarks (HO)

(/usr/local/texlive/2025/texmf-dist/tex/latex/bookmark/bkm-dvipdfm.def
File: bkm-dvipdfm.def 2023-12-10 v1.31 bookmark driver for dvipdfm (HO)
\BKM@id=\count367
))
(/usr/local/texlive/2025/texmf-dist/tex/latex/xurl/xurl.sty
Package: xurl 2022/01/09 v 0.10 modify URL breaks
)
LaTeX Info: Redefining \href on input line 328.

(./ento_linguistics_combined.aux)
\openout1 = `ento_linguistics_combined.aux'.

LaTeX Font Info:    Checking defaults for OML/cmm/m/it on input line 348.
LaTeX Font Info:    ... okay on input line 348.
LaTeX Font Info:    Checking defaults for OMS/cmsy/m/n on input line 348.
LaTeX Font Info:    ... okay on input line 348.
LaTeX Font Info:    Checking defaults for OT1/cmr/m/n on input line 348.
LaTeX Font Info:    ... okay on input line 348.
LaTeX Font Info:    Checking defaults for T1/cmr/m/n on input line 348.
LaTeX Font Info:    ... okay on input line 348.
LaTeX Font Info:    Checking defaults for TS1/cmr/m/n on input line 348.
LaTeX Font Info:    ... okay on input line 348.
LaTeX Font Info:    Checking defaults for TU/lmr/m/n on input line 348.
LaTeX Font Info:    ... okay on input line 348.
LaTeX Font Info:    Checking defaults for OMX/cmex/m/n on input line 348.
LaTeX Font Info:    ... okay on input line 348.
LaTeX Font Info:    Checking defaults for U/cmr/m/n on input line 348.
LaTeX Font Info:    ... okay on input line 348.
LaTeX Font Info:    Checking defaults for PD1/pdf/m/n on input line 348.
LaTeX Font Info:    ... okay on input line 348.
LaTeX Font Info:    Checking defaults for PU/pdf/m/n on input line 348.
LaTeX Font Info:    ... okay on input line 348.

*geometry* driver: auto-detecting
*geometry* detected driver: xetex
*geometry* verbose mode - [ preamble ] result:
* driver: xetex
* paper: <default>
* layout: <same size as paper>
* layoutoffset:(h,v)=(0.0pt,0.0pt)
* modes: 
* h-part:(L,W,R)=(72.26999pt, 469.75502pt, 72.26999pt)
* v-part:(T,H,B)=(72.26999pt, 650.43001pt, 72.26999pt)
* \paperwidth=614.295pt
* \paperheight=794.96999pt
* \textwidth=469.75502pt
* \textheight=650.43001pt
* \oddsidemargin=0.0pt
* \evensidemargin=0.0pt
* \topmargin=-37.0pt
* \headheight=12.0pt
* \headsep=25.0pt
* \topskip=10.0pt
* \footskip=30.0pt
* \marginparwidth=65.0pt
* \marginparsep=11.0pt
* \columnsep=10.0pt
* \skip\footins=9.0pt plus 4.0pt minus 2.0pt
* \hoffset=0.0pt
* \voffset=0.0pt
* \mag=1000
* \@twocolumnfalse
* \@twosidefalse
* \@mparswitchfalse
* \@reversemarginfalse
* (1in=72.27pt=25.4mm, 1cm=28.453pt)

LaTeX Font Info:    Overwriting math alphabet `\mathrm' in version `normal'
(Font)                  OT1/lmr/m/n --> TU/lmr/m/n on input line 348.
LaTeX Font Info:    Overwriting math alphabet `\mathit' in version `normal'
(Font)                  OT1/lmr/m/it --> TU/lmr/m/it on input line 348.
LaTeX Font Info:    Overwriting math alphabet `\mathbf' in version `normal'
(Font)                  OT1/lmr/bx/n --> TU/lmr/bx/n on input line 348.
LaTeX Font Info:    Overwriting math alphabet `\mathsf' in version `normal'
(Font)                  OT1/lmss/m/n --> TU/lmss/m/n on input line 348.
LaTeX Font Info:    Overwriting math alphabet `\mathsf' in version `bold'
(Font)                  OT1/lmss/bx/n --> TU/lmss/bx/n on input line 348.
LaTeX Font Info:    Overwriting math alphabet `\mathtt' in version `normal'
(Font)                  OT1/lmtt/m/n --> TU/lmtt/m/n on input line 348.
LaTeX Font Info:    Overwriting math alphabet `\mathtt' in version `bold'
(Font)                  OT1/lmtt/m/n --> TU/lmtt/bx/n on input line 348.

Package fontspec Info: 
(fontspec)             latinmodern-math scale = 0.9989520677190833.


Package fontspec Info: 
(fontspec)             latinmodern-math scale = 0.9989520677190833.


Package fontspec Info: 
(fontspec)             latinmodern-math scale = 0.9989520677190833.


Package fontspec Info: 
(fontspec)             Font family 'latinmodern-math.otf(0)' created for font
(fontspec)             'latinmodern-math.otf' with options
(fontspec)             [Scale=MatchLowercase,BoldItalicFont={},ItalicFont={},Sm
allCapsFont={},Script=Math,BoldFont={latinmodern-math.otf}].
(fontspec)              
(fontspec)              This font family consists of the following NFSS
(fontspec)             series/shapes:
(fontspec)              
(fontspec)             - 'normal' (m/n) with NFSS spec.:
(fontspec)             <->s*[0.9989520677190833]"[latinmodern-math.otf]/OT:scri
pt=math;language=dflt;"
(fontspec)             - 'bold' (b/n) with NFSS spec.:
(fontspec)             <->s*[0.9989520677190833]"[latinmodern-math.otf]/OT:scri
pt=math;language=dflt;"

LaTeX Font Info:    Trying to load font information for T1+latinmodern-math.otf
(0) on input line 348.
LaTeX Font Info:    No file T1latinmodern-math.otf(0).fd. on input line 348.

LaTeX Font Warning: Font shape `T1/latinmodern-math.otf(0)/m/n' undefined
(Font)              using `T1/lmr/m/n' instead on input line 348.


Package unicode-math Warning: The first font loaded by unicode-math must be an
(unicode-math)                OpenType Math font (with script=math). If you
(unicode-math)                simply want ‘the default’ before loading
(unicode-math)                supplementary fonts over the top for certain
(unicode-math)                ranges, use: 
(unicode-math)                  \setmathfont{latinmodern-math.otf}


Package fontspec Info: 
(fontspec)             latinmodern-math scale = 0.9989520677190833.


Package fontspec Info: 
(fontspec)             latinmodern-math scale = 0.9989520677190833.


Package fontspec Info: 
(fontspec)             latinmodern-math scale = 0.9989520677190833.


Package fontspec Info: 
(fontspec)             latinmodern-math scale = 0.9989520677190833.


Package fontspec Info: 
(fontspec)             latinmodern-math scale = 0.9989520677190833.


Package fontspec Info: 
(fontspec)             Font family 'latinmodern-math.otf(1)' created for font
(fontspec)             'latinmodern-math.otf' with options
(fontspec)             [Scale=MatchLowercase,BoldItalicFont={},ItalicFont={},Sm
allCapsFont={},Script=Math,SizeFeatures={{Size=0-},{Size=0-0,Font=latinmodern-m
ath.otf,Style=MathScript},{Size=-0,Font=latinmodern-math.otf,Style=MathScriptSc
ript}},BoldFont={latinmodern-math.otf}].
(fontspec)              
(fontspec)              This font family consists of the following NFSS
(fontspec)             series/shapes:
(fontspec)              
(fontspec)             - 'normal' (m/n) with NFSS spec.:
(fontspec)             <0->s*[0.9989520677190833]"[latinmodern-math.otf]/OT:scr
ipt=math;language=dflt;"<0-0>s*[0.9989520677190833]"[latinmodern-math.otf]/OT:s
cript=math;language=dflt;+ssty=0;"<-0>s*[0.9989520677190833]"[latinmodern-math.
otf]/OT:script=math;language=dflt;+ssty=1;"
(fontspec)             - 'bold' (b/n) with NFSS spec.:
(fontspec)             <->s*[0.9989520677190833]"[latinmodern-math.otf]/OT:scri
pt=math;language=dflt;"

LaTeX Font Info:    Trying to load font information for T1+latinmodern-math.otf
(1) on input line 348.
LaTeX Font Info:    No file T1latinmodern-math.otf(1).fd. on input line 348.

LaTeX Font Warning: Font shape `T1/latinmodern-math.otf(1)/m/n' undefined
(Font)              using `T1/lmr/m/n' instead on input line 348.

LaTeX Font Info:    Encoding `OT1' has changed to `T1' for symbol font
(Font)              `operators' in the math version `normal' on input line 348.

LaTeX Font Info:    Overwriting symbol font `operators' in version `normal'
(Font)                  OT1/lmr/m/n --> T1/latinmodern-math.otf(1)/m/n on input
 line 348.
LaTeX Font Info:    Encoding `OT1' has changed to `T1' for symbol font
(Font)              `operators' in the math version `bold' on input line 348.
LaTeX Font Info:    Overwriting symbol font `operators' in version `bold'
(Font)                  OT1/lmr/bx/n --> T1/latinmodern-math.otf(1)/b/n on inpu
t line 348.
LaTeX Info: Redefining \microtypecontext on input line 348.
Package microtype Info: Applying patch `item' on input line 348.
Package microtype Info: Applying patch `toc' on input line 348.
Package microtype Info: Applying patch `eqnum' on input line 348.
Package microtype Info: Applying patch `footnote' on input line 348.
Package microtype Info: Applying patch `verbatim' on input line 348.
LaTeX Info: Redefining \microtypesetup on input line 348.
Package microtype Info: Character protrusion enabled (level 2).
Package microtype Info: Using protrusion set `basicmath'.
Package microtype Info: No adjustment of tracking.
Package microtype Info: No adjustment of spacing.
Package microtype Info: No adjustment of kerning.

(/usr/local/texlive/2025/texmf-dist/tex/latex/microtype/mt-LatinModernRoman.cfg
File: mt-LatinModernRoman.cfg 2021/02/21 v1.1 microtype config. file: Latin Mod
ern Roman (RS)
)
Package microtype Info: Loading generic protrusion settings for font family
(microtype)             `lmr' (encoding: T1).
(microtype)             For optimal results, create family-specific settings.
(microtype)             See the microtype manual for details.
Package footnotehyper Info: Using the \@makefntext{} approach (see doc).
(footnotehyper)    In case of dysfunctional footnote environments, you can
(footnotehyper)    try sending the author a small illustrative document.
(footnotehyper)    To turn off this message, add \footnotehyperwarnfalse
(footnotehyper)    to the preamble.
Package hyperref Info: Link coloring OFF on input line 348.
Package caption Info: Begin \AtBeginDocument code.
Package caption Info: listings package is loaded.
Package caption Info: End \AtBeginDocument code.
\c@lstlisting=\count368
LaTeX Font Info:    Trying to load font information for OML+lmm on input line 3
50.
 (/usr/local/texlive/2025/texmf-dist/tex/latex/lm/omllmm.fd
File: omllmm.fd 2015/05/01 v1.6.1 Font defs for Latin Modern
)
LaTeX Font Info:    Trying to load font information for OMS+lmsy on input line 
350.

(/usr/local/texlive/2025/texmf-dist/tex/latex/lm/omslmsy.fd
File: omslmsy.fd 2015/05/01 v1.6.1 Font defs for Latin Modern
)
LaTeX Font Info:    Trying to load font information for OMX+lmex on input line 
350.

(/usr/local/texlive/2025/texmf-dist/tex/latex/lm/omxlmex.fd
File: omxlmex.fd 2015/05/01 v1.6.1 Font defs for Latin Modern
)
LaTeX Font Info:    External font `lmex10' loaded for size
(Font)              <12> on input line 350.
LaTeX Font Info:    External font `lmex10' loaded for size
(Font)              <8> on input line 350.
LaTeX Font Info:    External font `lmex10' loaded for size
(Font)              <6> on input line 350.
LaTeX Font Info:    Trying to load font information for U+msa on input line 350
.

(/usr/local/texlive/2025/texmf-dist/tex/latex/amsfonts/umsa.fd
File: umsa.fd 2013/01/14 v3.01 AMS symbols A
)
(/usr/local/texlive/2025/texmf-dist/tex/latex/microtype/mt-msa.cfg
File: mt-msa.cfg 2006/02/04 v1.1 microtype config. file: AMS symbols (a) (RS)
)
LaTeX Font Info:    Trying to load font information for U+msb on input line 350
.

(/usr/local/texlive/2025/texmf-dist/tex/latex/amsfonts/umsb.fd
File: umsb.fd 2013/01/14 v3.01 AMS symbols B
)
(/usr/local/texlive/2025/texmf-dist/tex/latex/microtype/mt-msb.cfg
File: mt-msb.cfg 2005/06/01 v1.0 microtype config. file: AMS symbols (b) (RS)
)
LaTeX Font Info:    Trying to load font information for OT1+lmr on input line 3
50.

(/usr/local/texlive/2025/texmf-dist/tex/latex/lm/ot1lmr.fd
File: ot1lmr.fd 2015/05/01 v1.6.1 Font defs for Latin Modern
)
(./ento_linguistics_combined.toc
LaTeX Font Info:    External font `lmex10' loaded for size
(Font)              <10> on input line 3.
LaTeX Font Info:    External font `lmex10' loaded for size
(Font)              <7> on input line 3.
LaTeX Font Info:    External font `lmex10' loaded for size
(Font)              <5> on input line 3.


[1

]
LaTeX Font Info:    Trying to load font information for T1+lmtt on input line 7
0.
 (/usr/local/texlive/2025/texmf-dist/tex/latex/lm/t1lmtt.fd
File: t1lmtt.fd 2015/05/01 v1.6.1 Font defs for Latin Modern
)

[2])
\tf@toc=\write4
\openout4 = `ento_linguistics_combined.toc'.


Missing character: There is no → ("2192) in font ec-lmr10!


[3]

[4]

[5]
File: /Users/4d/Documents/GitHub/template/projects/ento_linguistics/output/figu
res/concept_map.png Graphic file (type bmp)
</Users/4d/Documents/GitHub/template/projects/ento_linguistics/output/figures/c
oncept_map.png>


LaTeX Warning: `h' float specifier changed to `ht'.



[6]

[7]

[8]
Missing character: There is no ≥ ("2265) in font ec-lmr10!

Package microtype Warning: Unknown slot number of character
(microtype)                `² (= \textsuperscript {2})'
(microtype)                in font encoding `TU'.
(microtype)                Make sure it's a single character
(microtype)                (or a number) in protrusion list
(microtype)                `LMR-default'.

Missing character: There is no − ("2212) in font ec-lmr10!
Missing character: There is no ∑ ("2211) in font ec-lmr10!
Missing character: There is no ∗ ("2217) in font ec-lmr7!

Underfull \hbox (badness 3713) in paragraph at lines 793--804
\T1/lmr/m/it/10 trophal-laxis\T1/latinmodern-math.otf(1)/m/n/10 ). Im-ple-men-t
a-tion: [][][][][][];
 []



[9]
Underfull \hbox (badness 3557) in paragraph at lines 808--810
\T1/latinmodern-math.otf(1)/m/n/10 Cross-domain en-tropy com-par-isons use the 
fol-low-ing bat-tery, all im-ple-mented from scratch in
 []


Overfull \hbox (4.55196pt too wide) in paragraph at lines 832--832
[]|[][][][][][]|  
 []

Missing character: There is no → ("2192) in font ec-lmr10!
Missing character: There is no → ("2192) in font ec-lmr10!
Missing character: There is no ∩ ("2229) in font ec-lmr10!
Missing character: There is no → ("2192) in font ec-lmr10!
Missing character: There is no ≥ ("2265) in font ec-lmr10!


[10]
Underfull \hbox (badness 1776) in paragraph at lines 887--890
[][][][][][] \T1/latinmodern-math.otf(1)/m/n/10 ([][][][][][]) de-tects four st
rat-egy
 []


Overfull \hbox (2.47554pt too wide) in paragraph at lines 915--917
[]|[][][][][][] 
 []


Overfull \hbox (75.55565pt too wide) in paragraph at lines 935--937
\T1/latinmodern-math.otf(1)/m/n/10 Each term is scored on four bounded $[0, 1]$
 di-men-sions con-sti-tut-ing the \T1/lmr/bx/n/10 CACE \T1/latinmodern-math.otf
(1)/m/n/10 frame-work ([][][][][][]): 
 []

Missing character: There is no − ("2212) in font ec-lmr10!
Missing character: There is no ∈ ("2208) in font ec-lmr10!
Missing character: There is no ∝ ("221D) in font ec-lmr10!
Missing character: There is no − ("2212) in font ec-lmr10!
Missing character: There is no ∋ ("220B) in font ec-lmr10!
Missing character: There is no 𝜅 ("1D705) in font ec-lmr10!


[11]
Underfull \hbox (badness 2460) in paragraph at lines 975--982
\T1/latinmodern-math.otf(1)/m/n/10 and recre-ated on ev-ery run ([][][][][][]),
 en-sur-ing
 []



[12]
Missing character: There is no – ("2013) in font ec-lmr9!
Missing character: There is no – ("2013) in font ec-lmr9!

Overfull \hbox (47.29724pt too wide) in paragraph at lines 1041--1053
 [][] 
 []


LaTeX Warning: `h' float specifier changed to `ht'.



[13]
File: /Users/4d/Documents/GitHub/template/projects/ento_linguistics/output/figu
res/terminology_network.png Graphic file (type bmp)
</Users/4d/Documents/GitHub/template/projects/ento_linguistics/output/figures/t
erminology_network.png>


LaTeX Warning: `h' float specifier changed to `ht'.


LaTeX Warning: `h' float specifier changed to `ht'.

File: /Users/4d/Documents/GitHub/template/projects/ento_linguistics/output/figu
res/domain_overlap_heatmap.png Graphic file (type bmp)
</Users/4d/Documents/GitHub/template/projects/ento_linguistics/output/figures/d
omain_overlap_heatmap.png>

LaTeX Warning: `h' float specifier changed to `ht'.

Missing character: There is no ↔ ("2194) in font ec-lmr10!
Missing character: There is no ↔ ("2194) in font ec-lmr10!
Missing character: There is no ↔ ("2194) in font ec-lmr10!
File: /Users/4d/Documents/GitHub/template/projects/ento_linguistics/output/figu
res/domain_comparison.png Graphic file (type bmp)
</Users/4d/Documents/GitHub/template/projects/ento_linguistics/output/figures/d
omain_comparison.png>

Package microtype Warning: Unknown slot number of character
(microtype)                `² (= \textsuperscript {2})'
(microtype)                in font encoding `TU'.
(microtype)                Make sure it's a single character
(microtype)                (or a number) in protrusion list
(microtype)                `LMR-default'.

LaTeX Font Info:    External font `lmex10' loaded for size
(Font)              <9> on input line 1167.

LaTeX Warning: `h' float specifier changed to `ht'.



[14]
LaTeX Font Info:    Trying to load font information for TS1+lmtt on input line 
1185.
 (/usr/local/texlive/2025/texmf-dist/tex/latex/lm/ts1lmtt.fd
File: ts1lmtt.fd 2015/05/01 v1.6.1 Font defs for Latin Modern
)
File: /Users/4d/Documents/GitHub/template/projects/ento_linguistics/output/figu
res/domain_overview_grid.png Graphic file (type bmp)
</Users/4d/Documents/GitHub/template/projects/ento_linguistics/output/figures/d
omain_overview_grid.png>


LaTeX Warning: `h' float specifier changed to `ht'.

File: /Users/4d/Documents/GitHub/template/projects/ento_linguistics/output/figu
res/domain_patterns_grid.png Graphic file (type bmp)
</Users/4d/Documents/GitHub/template/projects/ento_linguistics/output/figures/d
omain_patterns_grid.png>
Missing character: There is no — ("2014) in font ec-lmr9!
Missing character: There is no — ("2014) in font ec-lmr9!
Missing character: There is no — ("2014) in font ec-lmr9!
Missing character: There is no — ("2014) in font ec-lmr9!

LaTeX Warning: Float too large for page by 85.96178pt on input line 1204.


LaTeX Warning: `h' float specifier changed to `ht'.

File: /Users/4d/Documents/GitHub/template/projects/ento_linguistics/output/figu
res/unit_of_individuality_patterns.png Graphic file (type bmp)
</Users/4d/Documents/GitHub/template/projects/ento_linguistics/output/figures/u
nit_of_individuality_patterns.png>

LaTeX Warning: `h' float specifier changed to `ht'.



[15]
File: /Users/4d/Documents/GitHub/template/projects/ento_linguistics/output/figu
res/concept_hierarchy.png Graphic file (type bmp)
</Users/4d/Documents/GitHub/template/projects/ento_linguistics/output/figures/c
oncept_hierarchy.png>


LaTeX Warning: `h' float specifier changed to `ht'.

File: /Users/4d/Documents/GitHub/template/projects/ento_linguistics/output/figu
res/power_and_labor_term_frequencies.png Graphic file (type bmp)
</Users/4d/Documents/GitHub/template/projects/ento_linguistics/output/figures/p
ower_and_labor_term_frequencies.png>

LaTeX Warning: `h' float specifier changed to `ht'.

File: /Users/4d/Documents/GitHub/template/projects/ento_linguistics/output/figu
res/power_and_labor_ambiguities.png Graphic file (type bmp)
</Users/4d/Documents/GitHub/template/projects/ento_linguistics/output/figures/p
ower_and_labor_ambiguities.png>

LaTeX Warning: `h' float specifier changed to `ht'.



[16]

[17]
Overfull \hbox (1310.51952pt too wide) in paragraph at lines 1323--1334
[]\T1/latinmodern-math.otf(1)/m/n/10 Hub terms such as [][][][][][]relatedness,
'' and [][][][][][]kin
 []


Overfull \hbox (26.74667pt too wide) in paragraph at lines 1323--1334
\T1/latinmodern-math.otf(1)/m/n/10 se-lec-tion'' co-occurs with [][][][][][]coo
peration'' far more fre-quently than with [][][][][][]policing,''
 []

File: /Users/4d/Documents/GitHub/template/projects/ento_linguistics/output/figu
res/anthropomorphic_framing.png Graphic file (type bmp)
</Users/4d/Documents/GitHub/template/projects/ento_linguistics/output/figures/a
nthropomorphic_framing.png>
Missing character: There is no – ("2013) in font ec-lmr9!
Missing character: There is no – ("2013) in font ec-lmr9!

LaTeX Warning: `h' float specifier changed to `ht'.


LaTeX Warning: `h' float specifier changed to `ht'.



[18]
Overfull \hbox (16.86006pt too wide) in paragraph at lines 1445--1456
 [][] 
 []



[19]

[20]

[21]

[22]

[23]

[24]
Missing character: There is no → ("2192) in font ec-lmr10!
Missing character: There is no → ("2192) in font ec-lmr10!


[25]
Underfull \hbox (badness 1210) in paragraph at lines 1908--1914
[]\T1/lmr/bx/n/10 Educational and Ed-i-to-rial Tools. \T1/latinmodern-math.otf(
1)/m/n/10 The CACE frame-work could be im-ple-mented as in-ter-ac-tive
 []


Underfull \hbox (badness 1048) in paragraph at lines 1908--1914
\T1/latinmodern-math.otf(1)/m/n/10 tools for grad-u-ate train-ing, peer re-view
, and ed-i-to-rial work-flows. A ter-mi-nol-ogy checker mod-elled
 []


Underfull \hbox (badness 1005) in paragraph at lines 1908--1914
\T1/latinmodern-math.otf(1)/m/n/10 on grammar-checking soft-ware, for in-stance
, could flag high-ambiguity terms and sug-gest qual-i-fied
 []



[26]

[27]

[28]

[29]

[30]
Missing character: There is no 𝜃 ("1D703) in font ec-lmr10!
Missing character: There is no 𝜙 ("1D719) in font ec-lmr10!
Missing character: There is no 𝛥 ("1D6E5) in font ec-lmr10!
[31]
Overfull \hbox (46.8108pt too wide) in paragraph at lines 2297--2297
[]|[][][][][][]|  
 []


Overfull \hbox (57.31078pt too wide) in paragraph at lines 2299--2299
[]|[][][][][][]|  
 []


Overfull \hbox (57.31078pt too wide) in paragraph at lines 2301--2301
[]|[][][][][][]|  
 []


Overfull \hbox (73.06073pt too wide) in paragraph at lines 2303--2303
[]|[][][][][][]|  
 []


Overfull \hbox (73.06073pt too wide) in paragraph at lines 2305--2305
[]|[][][][][][]|  
 []


Overfull \hbox (31.06085pt too wide) in paragraph at lines 2307--2307
[]|[][][][][][]|  
 []


Overfull \hbox (115.06061pt too wide) in paragraph at lines 2309--2309
[]|[][][][][][]|  
 []



[32]

[33]
Missing character: There is no ├ ("251C) in font ec-lmtt10!
Missing character: There is no ─ ("2500) in font ec-lmtt10!
Missing character: There is no ─ ("2500) in font ec-lmtt10!
Missing character: There is no │ ("2502) in font ec-lmtt10!
Missing character: There is no │ ("2502) in font ec-lmtt10!
Missing character: There is no ├ ("251C) in font ec-lmtt10!
Missing character: There is no ─ ("2500) in font ec-lmtt10!
Missing character: There is no ─ ("2500) in font ec-lmtt10!
Missing character: There is no │ ("2502) in font ec-lmtt10!
Missing character: There is no │ ("2502) in font ec-lmtt10!
Missing character: There is no ├ ("251C) in font ec-lmtt10!
Missing character: There is no ─ ("2500) in font ec-lmtt10!
Missing character: There is no ─ ("2500) in font ec-lmtt10!
Missing character: There is no │ ("2502) in font ec-lmtt10!
Missing character: There is no │ ("2502) in font ec-lmtt10!
Missing character: There is no ├ ("251C) in font ec-lmtt10!
Missing character: There is no ─ ("2500) in font ec-lmtt10!
Missing character: There is no ─ ("2500) in font ec-lmtt10!
Missing character: There is no │ ("2502) in font ec-lmtt10!
Missing character: There is no │ ("2502) in font ec-lmtt10!
Missing character: There is no ├ ("251C) in font ec-lmtt10!
Missing character: There is no ─ ("2500) in font ec-lmtt10!
Missing character: There is no ─ ("2500) in font ec-lmtt10!
Missing character: There is no │ ("2502) in font ec-lmtt10!
Missing character: There is no │ ("2502) in font ec-lmtt10!
Missing character: There is no ├ ("251C) in font ec-lmtt10!
Missing character: There is no ─ ("2500) in font ec-lmtt10!
Missing character: There is no ─ ("2500) in font ec-lmtt10!
Missing character: There is no │ ("2502) in font ec-lmtt10!
Missing character: There is no │ ("2502) in font ec-lmtt10!
Missing character: There is no ├ ("251C) in font ec-lmtt10!
Missing character: There is no ─ ("2500) in font ec-lmtt10!
Missing character: There is no ─ ("2500) in font ec-lmtt10!
Missing character: There is no │ ("2502) in font ec-lmtt10!
Missing character: There is no │ ("2502) in font ec-lmtt10!
Missing character: There is no ├ ("251C) in font ec-lmtt10!
Missing character: There is no ─ ("2500) in font ec-lmtt10!
Missing character: There is no ─ ("2500) in font ec-lmtt10!
Missing character: There is no │ ("2502) in font ec-lmtt10!
Missing character: There is no │ ("2502) in font ec-lmtt10!
Missing character: There is no ├ ("251C) in font ec-lmtt10!
Missing character: There is no ─ ("2500) in font ec-lmtt10!
Missing character: There is no ─ ("2500) in font ec-lmtt10!
Missing character: There is no │ ("2502) in font ec-lmtt10!
Missing character: There is no │ ("2502) in font ec-lmtt10!
Missing character: There is no ├ ("251C) in font ec-lmtt10!
Missing character: There is no ─ ("2500) in font ec-lmtt10!
Missing character: There is no ─ ("2500) in font ec-lmtt10!
Missing character: There is no │ ("2502) in font ec-lmtt10!
Missing character: There is no │ ("2502) in font ec-lmtt10!
Missing character: There is no ├ ("251C) in font ec-lmtt10!
Missing character: There is no ─ ("2500) in font ec-lmtt10!
Missing character: There is no ─ ("2500) in font ec-lmtt10!
Missing character: There is no │ ("2502) in font ec-lmtt10!
Missing character: There is no │ ("2502) in font ec-lmtt10!
Missing character: There is no ├ ("251C) in font ec-lmtt10!
Missing character: There is no ─ ("2500) in font ec-lmtt10!
Missing character: There is no ─ ("2500) in font ec-lmtt10!
Missing character: There is no │ ("2502) in font ec-lmtt10!
Missing character: There is no │ ("2502) in font ec-lmtt10!
Missing character: There is no └ ("2514) in font ec-lmtt10!
Missing character: There is no ─ ("2500) in font ec-lmtt10!
Missing character: There is no ─ ("2500) in font ec-lmtt10!
Missing character: There is no ├ ("251C) in font ec-lmtt10!
Missing character: There is no ─ ("2500) in font ec-lmtt10!
Missing character: There is no ├ ("251C) in font ec-lmtt10!
Missing character: There is no ─ ("2500) in font ec-lmtt10!
Missing character: There is no ├ ("251C) in font ec-lmtt10!
Missing character: There is no ─ ("2500) in font ec-lmtt10!
Missing character: There is no ─ ("2500) in font ec-lmtt10!
Missing character: There is no │ ("2502) in font ec-lmtt10!
Missing character: There is no │ ("2502) in font ec-lmtt10!
Missing character: There is no ├ ("251C) in font ec-lmtt10!
Missing character: There is no ─ ("2500) in font ec-lmtt10!
Missing character: There is no ─ ("2500) in font ec-lmtt10!
Missing character: There is no │ ("2502) in font ec-lmtt10!
Missing character: There is no │ ("2502) in font ec-lmtt10!
Missing character: There is no ├ ("251C) in font ec-lmtt10!
Missing character: There is no ─ ("2500) in font ec-lmtt10!
Missing character: There is no ─ ("2500) in font ec-lmtt10!
Missing character: There is no │ ("2502) in font ec-lmtt10!
Missing character: There is no │ ("2502) in font ec-lmtt10!
Missing character: There is no ├ ("251C) in font ec-lmtt10!
Missing character: There is no ─ ("2500) in font ec-lmtt10!
Missing character: There is no ─ ("2500) in font ec-lmtt10!
Missing character: There is no │ ("2502) in font ec-lmtt10!
Missing character: There is no │ ("2502) in font ec-lmtt10!
Missing character: There is no ├ ("251C) in font ec-lmtt10!
Missing character: There is no ─ ("2500) in font ec-lmtt10!
Missing character: There is no ─ ("2500) in font ec-lmtt10!
Missing character: There is no │ ("2502) in font ec-lmtt10!
Missing character: There is no │ ("2502) in font ec-lmtt10!
Missing character: There is no ├ ("251C) in font ec-lmtt10!
Missing character: There is no ─ ("2500) in font ec-lmtt10!
Missing character: There is no ─ ("2500) in font ec-lmtt10!
Missing character: There is no │ ("2502) in font ec-lmtt10!
Missing character: There is no │ ("2502) in font ec-lmtt10!
Missing character: There is no ├ ("251C) in font ec-lmtt10!
Missing character: There is no ─ ("2500) in font ec-lmtt10!
Missing character: There is no ─ ("2500) in font ec-lmtt10!
Missing character: There is no │ ("2502) in font ec-lmtt10!
Missing character: There is no │ ("2502) in font ec-lmtt10!
Missing character: There is no └ ("2514) in font ec-lmtt10!
Missing character: There is no ─ ("2500) in font ec-lmtt10!
Missing character: There is no ─ ("2500) in font ec-lmtt10!
Missing character: There is no ├ ("251C) in font ec-lmtt10!
Missing character: There is no ─ ("2500) in font ec-lmtt10!
Missing character: There is no ├ ("251C) in font ec-lmtt10!
Missing character: There is no ─ ("2500) in font ec-lmtt10!
Missing character: There is no ├ ("251C) in font ec-lmtt10!
Missing character: There is no ─ ("2500) in font ec-lmtt10!
Missing character: There is no ─ ("2500) in font ec-lmtt10!
Missing character: There is no │ ("2502) in font ec-lmtt10!
Missing character: There is no │ ("2502) in font ec-lmtt10!
Missing character: There is no ├ ("251C) in font ec-lmtt10!
Missing character: There is no ─ ("2500) in font ec-lmtt10!
Missing character: There is no ─ ("2500) in font ec-lmtt10!
Missing character: There is no │ ("2502) in font ec-lmtt10!
Missing character: There is no │ ("2502) in font ec-lmtt10!
Missing character: There is no ├ ("251C) in font ec-lmtt10!
Missing character: There is no ─ ("2500) in font ec-lmtt10!
Missing character: There is no ─ ("2500) in font ec-lmtt10!
Missing character: There is no │ ("2502) in font ec-lmtt10!
Missing character: There is no │ ("2502) in font ec-lmtt10!
Missing character: There is no ├ ("251C) in font ec-lmtt10!
Missing character: There is no ─ ("2500) in font ec-lmtt10!
Missing character: There is no ─ ("2500) in font ec-lmtt10!
Missing character: There is no │ ("2502) in font ec-lmtt10!
Missing character: There is no │ ("2502) in font ec-lmtt10!
Missing character: There is no └ ("2514) in font ec-lmtt10!
Missing character: There is no ─ ("2500) in font ec-lmtt10!
Missing character: There is no ─ ("2500) in font ec-lmtt10!
Missing character: There is no ├ ("251C) in font ec-lmtt10!
Missing character: There is no ─ ("2500) in font ec-lmtt10!
Missing character: There is no ├ ("251C) in font ec-lmtt10!
Missing character: There is no ─ ("2500) in font ec-lmtt10!
Missing character: There is no ├ ("251C) in font ec-lmtt10!
Missing character: There is no ─ ("2500) in font ec-lmtt10!
Missing character: There is no ─ ("2500) in font ec-lmtt10!
Missing character: There is no │ ("2502) in font ec-lmtt10!
Missing character: There is no │ ("2502) in font ec-lmtt10!
Missing character: There is no ├ ("251C) in font ec-lmtt10!
Missing character: There is no ─ ("2500) in font ec-lmtt10!
Missing character: There is no ─ ("2500) in font ec-lmtt10!
Missing character: There is no │ ("2502) in font ec-lmtt10!
Missing character: There is no │ ("2502) in font ec-lmtt10!
Missing character: There is no └ ("2514) in font ec-lmtt10!
Missing character: There is no ─ ("2500) in font ec-lmtt10!
Missing character: There is no ─ ("2500) in font ec-lmtt10!
Missing character: There is no └ ("2514) in font ec-lmtt10!
Missing character: There is no ─ ("2500) in font ec-lmtt10!
Missing character: There is no └ ("2514) in font ec-lmtt10!
Missing character: There is no ─ ("2500) in font ec-lmtt10!
Missing character: There is no └ ("2514) in font ec-lmtt10!
Missing character: There is no ─ ("2500) in font ec-lmtt10!
Missing character: There is no ─ ("2500) in font ec-lmtt10!
Missing character: There is no ├ ("251C) in font ec-lmtt10!
Missing character: There is no ─ ("2500) in font ec-lmtt10!
Missing character: There is no ─ ("2500) in font ec-lmtt10!
Missing character: There is no ├ ("251C) in font ec-lmtt10!
Missing character: There is no ─ ("2500) in font ec-lmtt10!
Missing character: There is no ─ ("2500) in font ec-lmtt10!
Missing character: There is no ├ ("251C) in font ec-lmtt10!
Missing character: There is no ─ ("2500) in font ec-lmtt10!
Missing character: There is no ─ ("2500) in font ec-lmtt10!
Missing character: There is no ├ ("251C) in font ec-lmtt10!
Missing character: There is no ─ ("2500) in font ec-lmtt10!
Missing character: There is no ─ ("2500) in font ec-lmtt10!
Missing character: There is no └ ("2514) in font ec-lmtt10!
Missing character: There is no ─ ("2500) in font ec-lmtt10!
Missing character: There is no ─ ("2500) in font ec-lmtt10!


[34]
LaTeX Font Info:    Font shape `T1/lmtt/bx/n' in size <12> not available
(Font)              Font shape `T1/lmtt/b/n' tried instead on input line 2377.
LaTeX Font Info:    Font shape `T1/lmtt/bx/n' in size <10> not available
(Font)              Font shape `T1/lmtt/b/n' tried instead on input line 2380.

Overfull \hbox (33.7911pt too wide) in paragraph at lines 2406--2406
[]|[][][][][][]|  
 []

Missing character: There is no ∪ ("222A) in font ec-lmr10!
Missing character: There is no → ("2192) in font ec-lmr10!
Missing character: There is no → ("2192) in font ec-lmr10!
Missing character: There is no → ("2192) in font ec-lmr10!
Missing character: There is no → ("2192) in font ec-lmr10!

Overfull \hbox (1.34023pt too wide) in paragraph at lines 2448--2448
[]|[][][][][][]|  
 []

Missing character: There is no → ("2192) in font ec-lmr10!
Missing character: There is no → ("2192) in font ec-lmr10!

Overfull \hbox (126.91983pt too wide) in paragraph at lines 2451--2451
[]|[][][][][][]|  
 []


Overfull \hbox (1.34023pt too wide) in paragraph at lines 2454--2454
[]|[][][][][][]|  
 []

Missing character: There is no → ("2192) in font ec-lmr10!

Overfull \hbox (27.17012pt too wide) in paragraph at lines 2455--2455
[]|[][][][][][]|  
 []

Missing character: There is no → ("2192) in font ec-lmr10!

Overfull \hbox (27.17012pt too wide) in paragraph at lines 2459--2459
[]|[][][][][][]|  
 []

Missing character: There is no → ("2192) in font ec-lmr10!

Overfull \hbox (27.17012pt too wide) in paragraph at lines 2462--2462
[]|[][][][][][]|  
 []


Overfull \hbox (60.99991pt too wide) in paragraph at lines 2463--2464
[][][][][][]|  
 []

Missing character: There is no → ("2192) in font ec-lmr10!

Overfull \hbox (168.91971pt too wide) in paragraph at lines 2465--2466
[]|[][][][][][]|  
 []

Missing character: There is no → ("2192) in font ec-lmr10!
Missing character: There is no → ("2192) in font ec-lmr10!
Missing character: There is no → ("2192) in font ec-lmr10!
Missing character: There is no → ("2192) in font ec-lmr10!
Missing character: There is no → ("2192) in font ec-lmr10!

Overfull \hbox (79.66997pt too wide) in paragraph at lines 2469--2469
[]|[][][][][][]|  
 []


Overfull \hbox (11.8402pt too wide) in paragraph at lines 2471--2471
[]|[][][][][][]|  
 []

Missing character: There is no → ("2192) in font ec-lmr10!

Overfull \hbox (13.91649pt too wide) in paragraph at lines 2472--2475
\T1/latinmodern-math.otf(1)/m/n/10 most_common_tokens 
 []

[35]
Overfull \hbox (105.02455pt too wide) in paragraph at lines 2514--2520
[]\T1/lmr/bx/n/10 Anthropomorphic \T1/latinmodern-math.otf(1)/m/n/10 (4 pat-ter
ns): [][][][][][], [][][][][][],
 []


Overfull \hbox (112.86432pt too wide) in paragraph at lines 2520--2526
[]\T1/lmr/bx/n/10 Hierarchical \T1/latinmodern-math.otf(1)/m/n/10 (4 pat-terns)
: [][][][][][], [][][][][][],
 []


Overfull \hbox (53.24706pt too wide) in paragraph at lines 2526--2531
[]\T1/lmr/bx/n/10 Economic \T1/latinmodern-math.otf(1)/m/n/10 (4 pat-terns): []
[][][][][], [][][][][][],
 []

Missing character: There is no → ("2192) in font ec-lmr10!
Missing character: There is no → ("2192) in font ec-lmr10!
Missing character: There is no ≥ ("2265) in font ec-lmr10!
Missing character: There is no → ("2192) in font ec-lmr10!


[36]
Missing character: There is no → ("2192) in font ec-lmr10!
Missing character: There is no → ("2192) in font ec-lmr10!
Missing character: There is no → ("2192) in font ec-lmr10!
Missing character: There is no → ("2192) in font ec-lmr10!
Missing character: There is no → ("2192) in font ec-lmr10!

Overfull \hbox (42.55743pt too wide) in paragraph at lines 2603--2608
\T1/latinmodern-math.otf(1)/m/n/10 win-dow) $$ dedu-pli-cate con-texts $$ as-si
gn con-fi-dence. [][][][][][]
 []



[37]

Package microtype Warning: Unknown slot number of character
(microtype)                `² (= \textsuperscript {2})'
(microtype)                in font encoding `TU'.
(microtype)                Make sure it's a single character
(microtype)                (or a number) in protrusion list
(microtype)                `LMR-default'.

Missing character: There is no ≥ ("2265) in font ec-lmr8!
Missing character: There is no ≥ ("2265) in font ec-lmr10!


[38]
Missing character: There is no → ("2192) in font ec-lmr10!
Missing character: There is no → ("2192) in font ec-lmr10!

Overfull \hbox (102.95088pt too wide) in paragraph at lines 2734--2734
[]|[][][][][][]|  
 []


Overfull \hbox (48.65132pt too wide) in paragraph at lines 2735--2735
[]|[][][][][][]|  
 []


Overfull \hbox (29.4511pt too wide) in paragraph at lines 2737--2737
[]|[][][][][][]|  
 []


Overfull \hbox (22.4014pt too wide) in paragraph at lines 2738--2738
[]|[][][][][][]|  
 []

Missing character: There is no → ("2192) in font ec-lmr10!

Overfull \hbox (109.27553pt too wide) in paragraph at lines 2755--2757
[][][][][][] $$ [][][][][][]\T1/latinmodern-math.otf(1)/m/n/10 . 
 []

Missing character: There is no ̄ ("304) in font ec-lmr10!
Missing character: There is no − ("2212) in font ec-lmr10!
Missing character: There is no 𝜇 ("1D707) in font ec-lmr10!
Missing character: There is no − ("2212) in font ec-lmr10!
Missing character: There is no ̄ ("304) in font ec-lmr10!
Missing character: There is no − ("2212) in font ec-lmr10!
Missing character: There is no ̄ ("304) in font ec-lmr10!
Missing character: There is no → ("2192) in font ec-lmr10!

Overfull \hbox (31.34529pt too wide) in paragraph at lines 2790--2792
[][][][][][]\T1/latinmodern-math.otf(1)/m/n/10 : [][][][][][] + t-distribution 
p-value. [][][][][][]: [][][][][][]. 
 []

Missing character: There is no ̄ ("304) in font ec-lmr10!
Missing character: There is no − ("2212) in font ec-lmr7!
Missing character: There is no ⋅ ("22C5) in font ec-lmr10!
Missing character: There is no μ ("3BC) in font ec-lmr10!
Missing character: There is no σ ("3C3) in font ec-lmr10!
Missing character: There is no λ ("3BB) in font ec-lmr10!


[39]
Overfull \hbox (116.80542pt too wide) in paragraph at lines 2813--2822
\T1/latinmodern-math.otf(1)/m/n/10 Fields: [][][][][][], [][][][][][] (top-10 b
y fre-quency), [][][][][][] (com-pound/-multi_word/capitalized/abbreviation/num
eric
 []


Underfull \hbox (badness 3884) in paragraph at lines 2813--2822
\T1/latinmodern-math.otf(1)/m/n/10 counts), [][][][][][], [][][][][][] (do-main
 on-tol-ogy), [][][][][][] (ter-
 []


Underfull \hbox (badness 10000) in paragraph at lines 2813--2822
\T1/latinmodern-math.otf(1)/m/n/10 m/-con-texts/is-sue triplets), [][][][][][],
 [][][][][][] (mean/-me-di-an/S-D/his-togram),
 []


Underfull \hbox (badness 10000) in paragraph at lines 2813--2822
[][][][][][]\T1/latinmodern-math.otf(1)/m/n/10 , [][][][][][], [][][][][][], []
[][][][][],
 []


Underfull \hbox (badness 8000) in paragraph at lines 2833--2836
[][][][][][][]\T1/latinmodern-math.otf(1)/m/n/10 : NumPy [][][][][][]; top-10 t
erm--
 []

Missing character: There is no 𝜒 ("1D712) in font ec-lmr10!

Underfull \hbox (badness 2126) in paragraph at lines 2857--2862
[][][][][][]\T1/latinmodern-math.otf(1)/m/n/10 : name, de-scrip-tion, terms (Se
t), do-mains (Set), par-ent_concepts, child_concepts, con-fi-
 []


Underfull \hbox (badness 2096) in paragraph at lines 2857--2862
\T1/latinmodern-math.otf(1)/m/n/10 dence. [][][][][][]: [][][][][][], [][][][][
][],
 []

Missing character: There is no ≥ ("2265) in font ec-lmr10!

Underfull \hbox (badness 1769) in paragraph at lines 2870--2878
[][][][][][][]\T1/latinmodern-math.otf(1)/m/n/10 : Net-workX de-gree/-be-tween-
ness/-close-ness/eigen-vec-tor cen-tral-ity (pure-
 []


Underfull \hbox (badness 10000) in paragraph at lines 2870--2878
\T1/latinmodern-math.otf(1)/m/n/10 + do-main_overlap×0.2 + hi-er-ar-chi-cal×0.1
. [][][][][][]: con-cepts span-
 []


Underfull \hbox (badness 2269) in paragraph at lines 2870--2878
\T1/latinmodern-math.otf(1)/m/n/10 ning $$2 do-mains. [][][][][][]: Jac-card + 
do-main over-lap bonus (max 0.3).
 []


Overfull \hbox (70.08626pt too wide) in paragraph at lines 2870--2878
[][][][][][]\T1/latinmodern-math.otf(1)/m/n/10 : 5 in-di-ca-tor cat-e-gories (a
gen-cy/-com-mu-ni-ca-tion/-so-cial_contract/cognition/hierarchy). 
 []



[40]
Missing character: There is no ∈ ("2208) in font ec-lmtt10!
Missing character: There is no → ("2192) in font ec-lmr10!

Underfull \hbox (badness 1960) in paragraph at lines 2946--2957
\T1/latinmodern-math.otf(1)/m/n/10 cov-ery/-com-plex-ity), keyword-presence cla
s-si-fier. [][][][][][]: to-tal_occurrences,
 []


Overfull \hbox (24.58884pt too wide) in paragraph at lines 2946--2957
\T1/latinmodern-math.otf(1)/m/n/10 text_coverage, ef-fec-tive-ness = min(occurr
ences/n_texts, 1), per-sua-sive-ness. [][][][][][]:
 []


Overfull \hbox (61.33478pt too wide) in paragraph at lines 2946--2957
\T1/latinmodern-math.otf(1)/m/n/10 claim_strength + ev-i-dence_quality + rea-so
n-ing_coherence (mean) + con-fi-dence_score. [][][][][][]:
 []



[41]
Overfull \hbox (24.10916pt too wide) in paragraph at lines 2977--2986
[][][][][][]\T1/latinmodern-math.otf(1)/m/n/10 : [][][][][][] --- con-fig-urabl
e [][][][][][], [][][][][][], [][][][][][],
 []


Underfull \hbox (badness 5133) in paragraph at lines 2996--3001
[]\T1/lmr/bx/n/10 Clean-slate\T1/latinmodern-math.otf(1)/m/n/10 : [][][][][][] 
and [][][][][][] wiped and recre-ated on ev-ery run
 []


Overfull \hbox (61.4933pt too wide) in paragraph at lines 3001--3006
[]\T1/lmr/bx/n/10 Live statis-tics\T1/latinmodern-math.otf(1)/m/n/10 : all cor-
pus met-rics read from [][][][][][], [][][][][][],
 []



[42]
Missing character: There is no ≈ ("2248) in font ec-lmr10!
Missing character: There is no ≈ ("2248) in font ec-lmr10!
Missing character: There is no ≥ ("2265) in font ec-lmr10!
Missing character: There is no − ("2212) in font ec-lmr9!
Missing character: There is no − ("2212) in font ec-lmr9!
Missing character: There is no − ("2212) in font ec-lmr9!
Missing character: There is no − ("2212) in font ec-lmr9!

LaTeX Warning: `h' float specifier changed to `ht'.


LaTeX Warning: `h' float specifier changed to `ht'.

Missing character: There is no − ("2212) in font ec-lmr9!
Missing character: There is no − ("2212) in font ec-lmr9!

LaTeX Warning: `h' float specifier changed to `ht'.



[43]
Missing character: There is no 𝜇 ("1D707) in font ec-lmr10!
Missing character: There is no 𝜂 ("1D702) in font ec-lmr10!
Missing character: There is no 𝜇 ("1D707) in font ec-lmr10!
Missing character: There is no 𝜂 ("1D702) in font ec-lmr10!
Missing character: There is no 𝜇 ("1D707) in font ec-lmr10!


[44]
Missing character: There is no ∑ ("2211) in font ec-lmr10!
Missing character: There is no ∈ ("2208) in font ec-lmr7!
Missing character: There is no ⋅ ("22C5) in font ec-lmr10!
Missing character: There is no ⋅ ("22C5) in font ec-lmr10!


[45]
Missing character: There is no ∩ ("2229) in font ec-lmr10!
Missing character: There is no ∑ ("2211) in font ec-lmr10!
Missing character: There is no ∈ ("2208) in font ec-lmr7!
Missing character: There is no ∩ ("2229) in font ec-lmr7!
Missing character: There is no → ("2192) in font ec-lmr10!
Missing character: There is no → ("2192) in font ec-lmr10!
Missing character: There is no → ("2192) in font ec-lmr10!
Missing character: There is no 𝛥 ("1D6E5) in font ec-lmr10!
Missing character: There is no − ("2212) in font ec-lmr10!
Missing character: There is no ∑ ("2211) in font ec-lmr10!
Missing character: There is no ∈ ("2208) in font ec-lmr7!
Missing character: There is no 𝛿 ("1D6FF) in font ec-lmr10!
Missing character: There is no ∑ ("2211) in font ec-lmr10!
Missing character: There is no ∈ ("2208) in font ec-lmr7!
Missing character: There is no 𝛿 ("1D6FF) in font ec-lmr10!
Missing character: There is no 𝛿 ("1D6FF) in font ec-lmr10!
Missing character: There is no 𝛿 ("1D6FF) in font ec-lmr10!


[46]

[47]
Overfull \hbox (77.08173pt too wide) in paragraph at lines 3399--3411
 [][] 
 []



[48]
Missing character: There is no → ("2192) in font ec-lmr10!
Missing character: There is no → ("2192) in font ec-lmr10!
Missing character: There is no → ("2192) in font ec-lmr10!


[49]
Overfull \hbox (73.16035pt too wide) in paragraph at lines 3542--3554
[]\T1/lmr/bx/n/10 Worked ex-am-ple --- Motor-control ter-mi-nol-ogy. \T1/latinm
odern-math.otf(1)/m/n/10 Ap-ply-ing the [][][][][][]
 []



[50]

[51]

[52] (./ento_linguistics_combined.bbl

[53]
Underfull \hbox (badness 1533) in paragraph at lines 124--128
[]\T1/latinmodern-math.otf(1)/m/n/10 Deborah M. Gor-don.  The ecol-ogy of col-l
ec-tive be-hav-ior.  \T1/lmr/m/it/10 PLoS Bi-ol-ogy\T1/latinmodern-math.otf(1)/
m/n/10 , 17(2):e3000129, 2019.
 []



[54])

[55]

[56]

[57]

[58]

[59]

[60]

[61] (./ento_linguistics_combined.aux)
 ***********
LaTeX2e <2024-11-01> patch level 2
L3 programming layer <2025-01-18>
 ***********


LaTeX Font Warning: Some font shapes were not available, defaults substituted.

 ) 
Here is how much of TeX's memory you used:
 26193 strings out of 473832
 495549 string characters out of 5729482
 1150164 words of memory out of 5000000
 48878 multiletter control sequences out of 15000+600000
 642137 words of font info for 124 fonts, out of 8000000 for 9000
 1348 hyphenation exceptions out of 8191
 90i,10n,113p,1018b,614s stack positions out of 10000i,1000n,20000p,200000b,200000s

Output written on ento_linguistics_combined.pdf (61 pages).
