[2026-03-22 15:39:20,993] [INFO] Recreated pipeline log file: /Users/4d/Documents/GitHub/template/projects/area_handbook/output/logs/pipeline.log
[2026-03-22 15:39:20,993] [INFO] ✓ Stage 1 completed successfully (0.0s)
[2026-03-22 15:39:20,994] [INFO] 
[2026-03-22 15:39:20,994] [INFO] [2/8] Environment Setup (25% complete)
[2026-03-22 15:39:20,994] [INFO]   Elapsed: 0s | ETA: 0s
[2026-03-22 15:39:20,994] [INFO] ━━━━━━━━━━━━━━━━━━━━━━━━━━━━━━━━━━━━━━━━━━━━━━
[2026-03-22 15:39:23,607] [INFO] ✓ Stage 2 completed successfully (2.6s)
[2026-03-22 15:39:23,609] [INFO] 
[2026-03-22 15:39:23,609] [INFO] [3/8] Project Tests (37% complete)
[2026-03-22 15:39:23,609] [INFO]   Elapsed: 2s | ETA: 4s
[2026-03-22 15:39:23,609] [INFO] ━━━━━━━━━━━━━━━━━━━━━━━━━━━━━━━━━━━━━━━━━━━━━━
[2026-03-22 15:39:36,761] [INFO] ✓ Stage 3 completed successfully (13.2s)
[2026-03-22 15:39:36,763] [INFO] 
[2026-03-22 15:39:36,763] [INFO] [4/8] Project Analysis (50% complete)
[2026-03-22 15:39:36,763] [INFO]   Elapsed: 15s | ETA: 15s
[2026-03-22 15:39:36,763] [INFO] ━━━━━━━━━━━━━━━━━━━━━━━━━━━━━━━━━━━━━━━━━━━━━━
[2026-03-22 15:39:38,641] [INFO] ✓ Stage 4 completed successfully (1.9s)
[2026-03-22 15:39:38,642] [INFO] 
[2026-03-22 15:39:38,642] [INFO] [5/8] PDF Rendering (62% complete)
[2026-03-22 15:39:38,642] [INFO]   Elapsed: 17s | ETA: 10s
[2026-03-22 15:39:38,642] [INFO] ━━━━━━━━━━━━━━━━━━━━━━━━━━━━━━━━━━━━━━━━━━━━━━
[2026-03-22 15:41:39,349] [INFO] ✓ Stage 5 completed successfully (120.7s)
[2026-03-22 15:41:39,353] [INFO] 
[2026-03-22 15:41:39,353] [INFO] [6/8] Output Validation (75% complete)
[2026-03-22 15:41:39,353] [INFO]   Elapsed: 2m 18s | ETA: 46s
[2026-03-22 15:41:39,353] [INFO] ━━━━━━━━━━━━━━━━━━━━━━━━━━━━━━━━━━━━━━━━━━━━━━
[2026-03-22 15:41:40,581] [INFO] ✓ Stage 6 completed successfully (1.2s)
[2026-03-22 15:41:40,582] [INFO] 
[2026-03-22 15:41:40,582] [INFO] [7/8] Copy Outputs (87% complete)
[2026-03-22 15:41:40,582] [INFO]   Elapsed: 2m 19s | ETA: 19s
[2026-03-22 15:41:40,582] [INFO] ━━━━━━━━━━━━━━━━━━━━━━━━━━━━━━━━━━━━━━━━━━━━━━
[2026-03-22 15:41:40,582] [INFO] Running output copying...
[2026-03-22 15:41:41,256] [INFO] ✓ Stage 7 completed successfully (0.7s)
