[2026-02-24 14:14:51,732] [INFO] Recreated pipeline log file: /Users/4d/Documents/GitHub/template/projects/ento_linguistics/output/logs/pipeline.log
[2026-02-24 14:14:51,732] [INFO] [infrastructure.core.pipeline] Recreated pipeline log file: /Users/4d/Documents/GitHub/template/projects/ento_linguistics/output/logs/pipeline.log
[2026-02-24 14:14:51,732] [INFO] ✓ Stage 1 completed successfully (0.0s)
[2026-02-24 14:14:51,732] [INFO] [infrastructure.core.pipeline] ✓ Stage 1 completed successfully (0.0s)
[2026-02-24 14:14:51,732] [INFO] 
[2026-02-24 14:14:51,732] [INFO] [infrastructure.core.pipeline] 
[2026-02-24 14:14:51,732] [INFO] [2/8] Environment Setup (25% complete)
[2026-02-24 14:14:51,732] [INFO] [infrastructure.core.pipeline] [2/8] Environment Setup (25% complete)
[2026-02-24 14:14:51,732] [INFO]   Elapsed: 0s | ETA: 0s
[2026-02-24 14:14:51,732] [INFO] [infrastructure.core.pipeline]   Elapsed: 0s | ETA: 0s
[2026-02-24 14:14:51,732] [INFO] ━━━━━━━━━━━━━━━━━━━━━━━━━━━━━━━━━━━━━━━━━━━━━━
[2026-02-24 14:14:51,732] [INFO] [infrastructure.core.pipeline] ━━━━━━━━━━━━━━━━━━━━━━━━━━━━━━━━━━━━━━━━━━━━━━
[2026-02-24 14:14:51,733] [INFO] [infrastructure.core.logging_utils] Starting: Stage 2: Environment Setup
[2026-02-24 14:14:51,733] [INFO] Running environment setup...
[2026-02-24 14:14:51,733] [INFO] [infrastructure.core.pipeline] Running environment setup...
[2026-02-24 14:14:52,709] [INFO] [infrastructure.core.logging_utils] Completed: Stage 2: Environment Setup (1.0s)
[2026-02-24 14:14:52,709] [INFO] ✓ Stage 2 completed successfully (1.0s)
[2026-02-24 14:14:52,709] [INFO] [infrastructure.core.pipeline] ✓ Stage 2 completed successfully (1.0s)
[2026-02-24 14:14:52,710] [INFO] Skipping stage: Infrastructure Tests
[2026-02-24 14:14:52,710] [INFO] [infrastructure.core.pipeline] Skipping stage: Infrastructure Tests
[2026-02-24 14:14:52,710] [INFO] 
[2026-02-24 14:14:52,710] [INFO] [infrastructure.core.pipeline] 
[2026-02-24 14:14:52,710] [INFO] [3/8] Project Tests (37% complete)
[2026-02-24 14:14:52,710] [INFO] [infrastructure.core.pipeline] [3/8] Project Tests (37% complete)
[2026-02-24 14:14:52,710] [INFO]   Elapsed: 0s | ETA: 1s
[2026-02-24 14:14:52,710] [INFO] [infrastructure.core.pipeline]   Elapsed: 0s | ETA: 1s
[2026-02-24 14:14:52,710] [INFO] ━━━━━━━━━━━━━━━━━━━━━━━━━━━━━━━━━━━━━━━━━━━━━━
[2026-02-24 14:14:52,710] [INFO] [infrastructure.core.pipeline] ━━━━━━━━━━━━━━━━━━━━━━━━━━━━━━━━━━━━━━━━━━━━━━
[2026-02-24 14:14:52,710] [INFO] [infrastructure.core.logging_utils] Starting: Stage 3: Project Tests
[2026-02-24 14:14:52,710] [INFO] Running project tests...
[2026-02-24 14:14:52,710] [INFO] [infrastructure.core.pipeline] Running project tests...
[2026-02-24 14:18:49,355] [INFO] [infrastructure.core.logging_utils] Completed: Stage 3: Project Tests (236.6s)
[2026-02-24 14:18:49,361] [INFO] ✓ Stage 3 completed successfully (236.7s)
[2026-02-24 14:18:49,361] [INFO] [infrastructure.core.pipeline] ✓ Stage 3 completed successfully (236.7s)
[2026-02-24 14:18:49,368] [INFO] 
[2026-02-24 14:18:49,368] [INFO] [infrastructure.core.pipeline] 
[2026-02-24 14:18:49,368] [INFO] [4/8] Project Analysis (50% complete)
[2026-02-24 14:18:49,368] [INFO] [infrastructure.core.pipeline] [4/8] Project Analysis (50% complete)
[2026-02-24 14:18:49,368] [INFO]   Elapsed: 3m 57s | ETA: 3m 57s
[2026-02-24 14:18:49,368] [INFO] [infrastructure.core.pipeline]   Elapsed: 3m 57s | ETA: 3m 57s
[2026-02-24 14:18:49,368] [INFO] ━━━━━━━━━━━━━━━━━━━━━━━━━━━━━━━━━━━━━━━━━━━━━━
[2026-02-24 14:18:49,368] [INFO] [infrastructure.core.pipeline] ━━━━━━━━━━━━━━━━━━━━━━━━━━━━━━━━━━━━━━━━━━━━━━
[2026-02-24 14:18:49,383] [INFO] [infrastructure.core.logging_utils] Starting: Stage 4: Project Analysis
[2026-02-24 14:18:49,383] [INFO] Running project analysis...
[2026-02-24 14:18:49,383] [INFO] [infrastructure.core.pipeline] Running project analysis...
[2026-02-24 14:20:07,091] [INFO] [infrastructure.core.logging_utils] Completed: Stage 4: Project Analysis (77.7s)
[2026-02-24 14:20:07,092] [INFO] ✓ Stage 4 completed successfully (77.7s)
[2026-02-24 14:20:07,092] [INFO] [infrastructure.core.pipeline] ✓ Stage 4 completed successfully (77.7s)
[2026-02-24 14:20:07,094] [INFO] 
[2026-02-24 14:20:07,094] [INFO] [infrastructure.core.pipeline] 
[2026-02-24 14:20:07,094] [INFO] [5/8] PDF Rendering (62% complete)
[2026-02-24 14:20:07,094] [INFO] [infrastructure.core.pipeline] [5/8] PDF Rendering (62% complete)
[2026-02-24 14:20:07,094] [INFO]   Elapsed: 5m 15s | ETA: 3m 9s
[2026-02-24 14:20:07,094] [INFO] [infrastructure.core.pipeline]   Elapsed: 5m 15s | ETA: 3m 9s
[2026-02-24 14:20:07,094] [INFO] ━━━━━━━━━━━━━━━━━━━━━━━━━━━━━━━━━━━━━━━━━━━━━━
[2026-02-24 14:20:07,094] [INFO] [infrastructure.core.pipeline] ━━━━━━━━━━━━━━━━━━━━━━━━━━━━━━━━━━━━━━━━━━━━━━
[2026-02-24 14:20:07,095] [INFO] [infrastructure.core.logging_utils] Starting: Stage 5: PDF Rendering
[2026-02-24 14:20:07,095] [INFO] Running PDF rendering...
[2026-02-24 14:20:07,095] [INFO] [infrastructure.core.pipeline] Running PDF rendering...
[2026-02-24 14:20:36,899] [INFO] [infrastructure.core.logging_utils] Completed: Stage 5: PDF Rendering (29.8s)
[2026-02-24 14:20:36,900] [INFO] ✓ Stage 5 completed successfully (29.8s)
[2026-02-24 14:20:36,900] [INFO] [infrastructure.core.pipeline] ✓ Stage 5 completed successfully (29.8s)
[2026-02-24 14:20:36,901] [INFO] 
[2026-02-24 14:20:36,901] [INFO] [infrastructure.core.pipeline] 
[2026-02-24 14:20:36,901] [INFO] [6/8] Output Validation (75% complete)
[2026-02-24 14:20:36,901] [INFO] [infrastructure.core.pipeline] [6/8] Output Validation (75% complete)
[2026-02-24 14:20:36,901] [INFO]   Elapsed: 5m 45s | ETA: 1m 55s
[2026-02-24 14:20:36,901] [INFO] [infrastructure.core.pipeline]   Elapsed: 5m 45s | ETA: 1m 55s
[2026-02-24 14:20:36,901] [INFO] ━━━━━━━━━━━━━━━━━━━━━━━━━━━━━━━━━━━━━━━━━━━━━━
[2026-02-24 14:20:36,901] [INFO] [infrastructure.core.pipeline] ━━━━━━━━━━━━━━━━━━━━━━━━━━━━━━━━━━━━━━━━━━━━━━
[2026-02-24 14:20:36,903] [INFO] [infrastructure.core.logging_utils] Starting: Stage 6: Output Validation
[2026-02-24 14:20:36,903] [INFO] Running output validation...
[2026-02-24 14:20:36,903] [INFO] [infrastructure.core.pipeline] Running output validation...
[2026-02-24 14:20:37,375] [INFO] [infrastructure.core.logging_utils] Completed: Stage 6: Output Validation (0.5s)
[2026-02-24 14:20:37,375] [INFO] ✓ Stage 6 completed successfully (0.5s)
[2026-02-24 14:20:37,375] [INFO] [infrastructure.core.pipeline] ✓ Stage 6 completed successfully (0.5s)
[2026-02-24 14:20:37,376] [INFO] 
[2026-02-24 14:20:37,376] [INFO] [infrastructure.core.pipeline] 
[2026-02-24 14:20:37,376] [INFO] [7/8] Copy Outputs (87% complete)
[2026-02-24 14:20:37,376] [INFO] [infrastructure.core.pipeline] [7/8] Copy Outputs (87% complete)
[2026-02-24 14:20:37,376] [INFO]   Elapsed: 5m 45s | ETA: 49s
[2026-02-24 14:20:37,376] [INFO] [infrastructure.core.pipeline]   Elapsed: 5m 45s | ETA: 49s
[2026-02-24 14:20:37,376] [INFO] ━━━━━━━━━━━━━━━━━━━━━━━━━━━━━━━━━━━━━━━━━━━━━━
[2026-02-24 14:20:37,376] [INFO] [infrastructure.core.pipeline] ━━━━━━━━━━━━━━━━━━━━━━━━━━━━━━━━━━━━━━━━━━━━━━
[2026-02-24 14:20:37,377] [INFO] [infrastructure.core.logging_utils] Starting: Stage 7: Copy Outputs
[2026-02-24 14:20:37,377] [INFO] Running output copying...
[2026-02-24 14:20:37,377] [INFO] [infrastructure.core.pipeline] Running output copying...
