[2026-01-08 14:56:14,815] [INFO] Recreated pipeline log file: /Users/4d/Documents/GitHub/template/projects/active_inference_meta_pragmatic/output/logs/pipeline.log
[2026-01-08 14:56:14,816] [INFO] ✓ Stage 1 completed successfully (0.0s)
[2026-01-08 14:56:14,816] [INFO] 
[2026-01-08 14:56:14,816] [INFO] [2/7] Environment Setup (28% complete)
[2026-01-08 14:56:14,816] [INFO]   Elapsed: 0s | ETA: 0s
[2026-01-08 14:56:14,816] [INFO] ━━━━━━━━━━━━━━━━━━━━━━━━━━━━━━━━━━━━━━━━━━━━━━
[2026-01-08 14:56:14,816] [INFO] Running environment setup...
[2026-01-08 14:56:15,372] [INFO] ✓ Stage 2 completed successfully (0.6s)
[2026-01-08 14:56:15,372] [INFO] Skipping stage: Infrastructure Tests
[2026-01-08 14:56:15,372] [INFO] 
[2026-01-08 14:56:15,372] [INFO] [3/7] Project Tests (42% complete)
[2026-01-08 14:56:15,372] [INFO]   Elapsed: 0s | ETA: 0s
[2026-01-08 14:56:15,372] [INFO] ━━━━━━━━━━━━━━━━━━━━━━━━━━━━━━━━━━━━━━━━━━━━━━
[2026-01-08 14:56:15,373] [INFO] Running project tests...
[2026-01-08 14:56:21,681] [INFO] ✓ Stage 3 completed successfully (6.3s)
[2026-01-08 14:56:21,682] [INFO] 
[2026-01-08 14:56:21,682] [INFO] [4/7] Project Analysis (57% complete)
[2026-01-08 14:56:21,682] [INFO]   Elapsed: 6s | ETA: 5s
[2026-01-08 14:56:21,682] [INFO] ━━━━━━━━━━━━━━━━━━━━━━━━━━━━━━━━━━━━━━━━━━━━━━
[2026-01-08 14:56:21,682] [INFO] Running project analysis...
[2026-01-08 14:56:27,907] [INFO] ✓ Stage 4 completed successfully (6.2s)
[2026-01-08 14:56:27,908] [INFO] 
[2026-01-08 14:56:27,908] [INFO] [5/7] PDF Rendering (71% complete)
[2026-01-08 14:56:27,908] [INFO]   Elapsed: 13s | ETA: 5s
[2026-01-08 14:56:27,908] [INFO] ━━━━━━━━━━━━━━━━━━━━━━━━━━━━━━━━━━━━━━━━━━━━━━
[2026-01-08 14:56:27,908] [INFO] Running PDF rendering...
[2026-01-08 14:57:32,091] [INFO] ✓ Stage 5 completed successfully (64.2s)
[2026-01-08 14:57:32,091] [INFO] 
[2026-01-08 14:57:32,091] [INFO] [6/7] Output Validation (85% complete)
[2026-01-08 14:57:32,092] [INFO]   Elapsed: 1m 17s | ETA: 12s
[2026-01-08 14:57:32,092] [INFO] ━━━━━━━━━━━━━━━━━━━━━━━━━━━━━━━━━━━━━━━━━━━━━━
[2026-01-08 14:57:32,092] [INFO] Running output validation...
[2026-01-08 14:57:32,516] [INFO] ✓ Stage 6 completed successfully (0.4s)
[2026-01-08 14:57:32,517] [INFO] 
[2026-01-08 14:57:32,517] [INFO] [7/7] Copy Outputs (100% complete)
[2026-01-08 14:57:32,517] [INFO]   Elapsed: 1m 17s | ETA: 0s
[2026-01-08 14:57:32,517] [INFO] ━━━━━━━━━━━━━━━━━━━━━━━━━━━━━━━━━━━━━━━━━━━━━━
[2026-01-08 14:57:32,517] [INFO] Running output copying...
