[2026-02-24 14:14:51,732] [INFO] Recreated pipeline log file: /Users/4d/Documents/GitHub/template/projects/ento_linguistics/output/logs/pipeline.log
[2026-02-24 14:14:51,732] [INFO] [infrastructure.core.pipeline] Recreated pipeline log file: /Users/4d/Documents/GitHub/template/projects/ento_linguistics/output/logs/pipeline.log
[2026-02-24 14:14:51,732] [INFO] ✓ Stage 1 completed successfully (0.0s)
[2026-02-24 14:14:51,732] [INFO] [infrastructure.core.pipeline] ✓ Stage 1 completed successfully (0.0s)
[2026-02-24 14:14:51,732] [INFO] 
[2026-02-24 14:14:51,732] [INFO] [infrastructure.core.pipeline] 
[2026-02-24 14:14:51,732] [INFO] [2/8] Environment Setup (25% complete)
[2026-02-24 14:14:51,732] [INFO] [infrastructure.core.pipeline] [2/8] Environment Setup (25% complete)
[2026-02-24 14:14:51,732] [INFO]   Elapsed: 0s | ETA: 0s
[2026-02-24 14:14:51,732] [INFO] [infrastructure.core.pipeline]   Elapsed: 0s | ETA: 0s
[2026-02-24 14:14:51,732] [INFO] ━━━━━━━━━━━━━━━━━━━━━━━━━━━━━━━━━━━━━━━━━━━━━━
[2026-02-24 14:14:51,732] [INFO] [infrastructure.core.pipeline] ━━━━━━━━━━━━━━━━━━━━━━━━━━━━━━━━━━━━━━━━━━━━━━
[2026-02-24 14:14:51,733] [INFO] [infrastructure.core.logging_utils] Starting: Stage 2: Environment Setup
[2026-02-24 14:14:51,733] [INFO] Running environment setup...
[2026-02-24 14:14:51,733] [INFO] [infrastructure.core.pipeline] Running environment setup...
[2026-02-24 14:14:52,709] [INFO] [infrastructure.core.logging_utils] Completed: Stage 2: Environment Setup (1.0s)
[2026-02-24 14:14:52,709] [INFO] ✓ Stage 2 completed successfully (1.0s)
[2026-02-24 14:14:52,709] [INFO] [infrastructure.core.pipeline] ✓ Stage 2 completed successfully (1.0s)
[2026-02-24 14:14:52,710] [INFO] Skipping stage: Infrastructure Tests
[2026-02-24 14:14:52,710] [INFO] [infrastructure.core.pipeline] Skipping stage: Infrastructure Tests
[2026-02-24 14:14:52,710] [INFO] 
[2026-02-24 14:14:52,710] [INFO] [infrastructure.core.pipeline] 
[2026-02-24 14:14:52,710] [INFO] [3/8] Project Tests (37% complete)
[2026-02-24 14:14:52,710] [INFO] [infrastructure.core.pipeline] [3/8] Project Tests (37% complete)
[2026-02-24 14:14:52,710] [INFO]   Elapsed: 0s | ETA: 1s
[2026-02-24 14:14:52,710] [INFO] [infrastructure.core.pipeline]   Elapsed: 0s | ETA: 1s
[2026-02-24 14:14:52,710] [INFO] ━━━━━━━━━━━━━━━━━━━━━━━━━━━━━━━━━━━━━━━━━━━━━━
[2026-02-24 14:14:52,710] [INFO] [infrastructure.core.pipeline] ━━━━━━━━━━━━━━━━━━━━━━━━━━━━━━━━━━━━━━━━━━━━━━
[2026-02-24 14:14:52,710] [INFO] [infrastructure.core.logging_utils] Starting: Stage 3: Project Tests
[2026-02-24 14:14:52,710] [INFO] Running project tests...
[2026-02-24 14:14:52,710] [INFO] [infrastructure.core.pipeline] Running project tests...
[2026-02-24 14:18:49,355] [INFO] [infrastructure.core.logging_utils] Completed: Stage 3: Project Tests (236.6s)
[2026-02-24 14:18:49,361] [INFO] ✓ Stage 3 completed successfully (236.7s)
[2026-02-24 14:18:49,361] [INFO] [infrastructure.core.pipeline] ✓ Stage 3 completed successfully (236.7s)
[2026-02-24 14:18:49,368] [INFO] 
[2026-02-24 14:18:49,368] [INFO] [infrastructure.core.pipeline] 
[2026-02-24 14:18:49,368] [INFO] [4/8] Project Analysis (50% complete)
[2026-02-24 14:18:49,368] [INFO] [infrastructure.core.pipeline] [4/8] Project Analysis (50% complete)
[2026-02-24 14:18:49,368] [INFO]   Elapsed: 3m 57s | ETA: 3m 57s
[2026-02-24 14:18:49,368] [INFO] [infrastructure.core.pipeline]   Elapsed: 3m 57s | ETA: 3m 57s
[2026-02-24 14:18:49,368] [INFO] ━━━━━━━━━━━━━━━━━━━━━━━━━━━━━━━━━━━━━━━━━━━━━━
[2026-02-24 14:18:49,368] [INFO] [infrastructure.core.pipeline] ━━━━━━━━━━━━━━━━━━━━━━━━━━━━━━━━━━━━━━━━━━━━━━
[2026-02-24 14:18:49,383] [INFO] [infrastructure.core.logging_utils] Starting: Stage 4: Project Analysis
[2026-02-24 14:18:49,383] [INFO] Running project analysis...
[2026-02-24 14:18:49,383] [INFO] [infrastructure.core.pipeline] Running project analysis...
[2026-02-24 14:20:07,091] [INFO] [infrastructure.core.logging_utils] Completed: Stage 4: Project Analysis (77.7s)
[2026-02-24 14:20:07,092] [INFO] ✓ Stage 4 completed successfully (77.7s)
[2026-02-24 14:20:07,092] [INFO] [infrastructure.core.pipeline] ✓ Stage 4 completed successfully (77.7s)
[2026-02-24 14:20:07,094] [INFO] 
[2026-02-24 14:20:07,094] [INFO] [infrastructure.core.pipeline] 
[2026-02-24 14:20:07,094] [INFO] [5/8] PDF Rendering (62% complete)
[2026-02-24 14:20:07,094] [INFO] [infrastructure.core.pipeline] [5/8] PDF Rendering (62% complete)
[2026-02-24 14:20:07,094] [INFO]   Elapsed: 5m 15s | ETA: 3m 9s
[2026-02-24 14:20:07,094] [INFO] [infrastructure.core.pipeline]   Elapsed: 5m 15s | ETA: 3m 9s
[2026-02-24 14:20:07,094] [INFO] ━━━━━━━━━━━━━━━━━━━━━━━━━━━━━━━━━━━━━━━━━━━━━━
[2026-02-24 14:20:07,094] [INFO] [infrastructure.core.pipeline] ━━━━━━━━━━━━━━━━━━━━━━━━━━━━━━━━━━━━━━━━━━━━━━
[2026-02-24 14:20:07,095] [INFO] [infrastructure.core.logging_utils] Starting: Stage 5: PDF Rendering
[2026-02-24 14:20:07,095] [INFO] Running PDF rendering...
[2026-02-24 14:20:07,095] [INFO] [infrastructure.core.pipeline] Running PDF rendering...
[2026-02-24 14:20:36,899] [INFO] [infrastructure.core.logging_utils] Completed: Stage 5: PDF Rendering (29.8s)
[2026-02-24 14:20:36,900] [INFO] ✓ Stage 5 completed successfully (29.8s)
[2026-02-24 14:20:36,900] [INFO] [infrastructure.core.pipeline] ✓ Stage 5 completed successfully (29.8s)
[2026-02-24 14:20:36,901] [INFO] 
[2026-02-24 14:20:36,901] [INFO] [infrastructure.core.pipeline] 
[2026-02-24 14:20:36,901] [INFO] [6/8] Output Validation (75% complete)
[2026-02-24 14:20:36,901] [INFO] [infrastructure.core.pipeline] [6/8] Output Validation (75% complete)
[2026-02-24 14:20:36,901] [INFO]   Elapsed: 5m 45s | ETA: 1m 55s
[2026-02-24 14:20:36,901] [INFO] [infrastructure.core.pipeline]   Elapsed: 5m 45s | ETA: 1m 55s
[2026-02-24 14:20:36,901] [INFO] ━━━━━━━━━━━━━━━━━━━━━━━━━━━━━━━━━━━━━━━━━━━━━━
[2026-02-24 14:20:36,901] [INFO] [infrastructure.core.pipeline] ━━━━━━━━━━━━━━━━━━━━━━━━━━━━━━━━━━━━━━━━━━━━━━
[2026-02-24 14:20:36,903] [INFO] [infrastructure.core.logging_utils] Starting: Stage 6: Output Validation
[2026-02-24 14:20:36,903] [INFO] Running output validation...
[2026-02-24 14:20:36,903] [INFO] [infrastructure.core.pipeline] Running output validation...
[2026-02-24 14:20:37,375] [INFO] [infrastructure.core.logging_utils] Completed: Stage 6: Output Validation (0.5s)
[2026-02-24 14:20:37,375] [INFO] ✓ Stage 6 completed successfully (0.5s)
[2026-02-24 14:20:37,375] [INFO] [infrastructure.core.pipeline] ✓ Stage 6 completed successfully (0.5s)
[2026-02-24 14:20:37,376] [INFO] 
[2026-02-24 14:20:37,376] [INFO] [infrastructure.core.pipeline] 
[2026-02-24 14:20:37,376] [INFO] [7/8] Copy Outputs (87% complete)
[2026-02-24 14:20:37,376] [INFO] [infrastructure.core.pipeline] [7/8] Copy Outputs (87% complete)
[2026-02-24 14:20:37,376] [INFO]   Elapsed: 5m 45s | ETA: 49s
[2026-02-24 14:20:37,376] [INFO] [infrastructure.core.pipeline]   Elapsed: 5m 45s | ETA: 49s
[2026-02-24 14:20:37,376] [INFO] ━━━━━━━━━━━━━━━━━━━━━━━━━━━━━━━━━━━━━━━━━━━━━━
[2026-02-24 14:20:37,376] [INFO] [infrastructure.core.pipeline] ━━━━━━━━━━━━━━━━━━━━━━━━━━━━━━━━━━━━━━━━━━━━━━
[2026-02-24 14:20:37,377] [INFO] [infrastructure.core.logging_utils] Starting: Stage 7: Copy Outputs
[2026-02-24 14:20:37,377] [INFO] Running output copying...
[2026-02-24 14:20:37,377] [INFO] [infrastructure.core.pipeline] Running output copying...
[2026-02-24 14:20:37,817] [INFO] [infrastructure.core.logging_utils] Completed: Stage 7: Copy Outputs (0.4s)
[2026-02-24 14:20:37,817] [INFO] ✓ Stage 7 completed successfully (0.4s)
[2026-02-24 14:20:37,817] [INFO] [infrastructure.core.pipeline] ✓ Stage 7 completed successfully (0.4s)
[2026-02-24 14:20:37,826] [INFO] [infrastructure.reporting.pipeline_reporter] Pipeline report (JSON) saved: /Users/4d/Documents/GitHub/template/projects/ento_linguistics/output/reports/pipeline_report.json
[2026-02-24 14:20:37,828] [INFO] [infrastructure.reporting.pipeline_reporter] Pipeline report (Markdown) saved: /Users/4d/Documents/GitHub/template/projects/ento_linguistics/output/reports/pipeline_report.md
[2026-02-24 14:20:37,830] [INFO] [infrastructure.reporting.pipeline_reporter] Pipeline report (HTML) saved: /Users/4d/Documents/GitHub/template/projects/ento_linguistics/output/reports/pipeline_report.html
[2026-02-24 14:20:37,830] [INFO] [infrastructure.core.logging_utils] Completed: Pipeline execution for ento_linguistics (346.1s)
[2026-02-24 14:20:37,833] [INFO] [infrastructure.reporting] Starting multi-project reporting for 2 projects...
[2026-02-24 14:20:37,833] [INFO] [infrastructure.reporting.executive_reporter] Generating executive summary for 2 project(s)
[2026-02-24 14:20:37,834] [INFO] [infrastructure.reporting.executive_reporter] Collecting metrics for project: code_project
[2026-02-24 14:20:37,875] [INFO] [infrastructure.reporting.executive_reporter] Collecting metrics for project: ento_linguistics
[2026-02-24 14:20:37,957] [INFO] [infrastructure.reporting.executive_reporter] Executive summary generated successfully
[2026-02-24 14:20:37,958] [INFO] [infrastructure.reporting.executive_reporter] Saved JSON report: /Users/4d/Documents/GitHub/template/output/executive_summary/json/consolidated_report.json
[2026-02-24 14:20:37,958] [INFO] [infrastructure.reporting.executive_reporter] Saved Markdown report: /Users/4d/Documents/GitHub/template/output/executive_summary/md/consolidated_report.md
[2026-02-24 14:20:37,959] [INFO] [infrastructure.reporting.executive_reporter] Saved HTML report: /Users/4d/Documents/GitHub/template/output/executive_summary/html/consolidated_report.html
[2026-02-24 14:20:37,959] [INFO] [infrastructure.reporting.dashboard_generator] Generating all dashboard formats...
[2026-02-24 14:20:37,959] [INFO] [infrastructure.reporting.dashboard_generator] Generating matplotlib dashboard...
[2026-02-24 14:20:38,631] [INFO] [infrastructure.reporting.dashboard_generator] Saved PNG dashboard: /Users/4d/Documents/GitHub/template/output/executive_summary/png/dashboard.png
[2026-02-24 14:20:38,956] [INFO] [infrastructure.reporting.dashboard_generator] Saved PDF dashboard: /Users/4d/Documents/GitHub/template/output/executive_summary/pdf/dashboard.pdf
[2026-02-24 14:20:38,956] [INFO] [infrastructure.reporting.dashboard_generator] Generating health score radar chart...
[2026-02-24 14:20:39,120] [INFO] [infrastructure.reporting.dashboard_generator] Health radar chart (PNG) saved: /Users/4d/Documents/GitHub/template/output/executive_summary/png/health_scores_radar.png
[2026-02-24 14:20:39,161] [INFO] [infrastructure.reporting.dashboard_generator] Health radar chart (PDF) saved: /Users/4d/Documents/GitHub/template/output/executive_summary/pdf/health_scores_radar.pdf
[2026-02-24 14:20:39,161] [INFO] [infrastructure.reporting.dashboard_generator] Generating health score comparison chart...
[2026-02-24 14:20:39,343] [INFO] [infrastructure.reporting.dashboard_generator] Health comparison chart (PNG) saved: /Users/4d/Documents/GitHub/template/output/executive_summary/png/health_scores_comparison.png
[2026-02-24 14:20:39,396] [INFO] [infrastructure.reporting.dashboard_generator] Health comparison chart (PDF) saved: /Users/4d/Documents/GitHub/template/output/executive_summary/pdf/health_scores_comparison.pdf
[2026-02-24 14:20:39,397] [INFO] [infrastructure.reporting.dashboard_generator] Generating individual project dashboards...
[2026-02-24 14:20:39,683] [INFO] [infrastructure.reporting.dashboard_generator] Project dashboard (code_project PNG) saved: /Users/4d/Documents/GitHub/template/output/executive_summary/png/project_dashboard_codeproject.png
[2026-02-24 14:20:39,763] [INFO] [infrastructure.reporting.dashboard_generator] Project dashboard (code_project PDF) saved: /Users/4d/Documents/GitHub/template/output/executive_summary/pdf/project_dashboard_codeproject.pdf
[2026-02-24 14:20:40,059] [INFO] [infrastructure.reporting.dashboard_generator] Project dashboard (ento_linguistics PNG) saved: /Users/4d/Documents/GitHub/template/output/executive_summary/png/project_dashboard_entolinguistics.png
[2026-02-24 14:20:40,142] [INFO] [infrastructure.reporting.dashboard_generator] Project dashboard (ento_linguistics PDF) saved: /Users/4d/Documents/GitHub/template/output/executive_summary/pdf/project_dashboard_entolinguistics.pdf
[2026-02-24 14:20:40,143] [INFO] [infrastructure.reporting.dashboard_generator] Generating pipeline efficiency analysis chart...
[2026-02-24 14:20:40,457] [INFO] [infrastructure.reporting.dashboard_generator] Pipeline efficiency chart (PNG) saved: /Users/4d/Documents/GitHub/template/output/executive_summary/png/pipeline_efficiency.png
[2026-02-24 14:20:40,538] [INFO] [infrastructure.reporting.dashboard_generator] Pipeline efficiency chart (PDF) saved: /Users/4d/Documents/GitHub/template/output/executive_summary/pdf/pipeline_efficiency.pdf
[2026-02-24 14:20:40,538] [INFO] [infrastructure.reporting.dashboard_generator] Generating pipeline bottlenecks chart...
[2026-02-24 14:20:40,719] [INFO] [infrastructure.reporting.dashboard_generator] Pipeline bottlenecks chart (PNG) saved: /Users/4d/Documents/GitHub/template/output/executive_summary/png/pipeline_bottlenecks.png
[2026-02-24 14:20:40,763] [INFO] [infrastructure.reporting.dashboard_generator] Pipeline bottlenecks chart (PDF) saved: /Users/4d/Documents/GitHub/template/output/executive_summary/pdf/pipeline_bottlenecks.pdf
[2026-02-24 14:20:40,763] [INFO] [infrastructure.reporting.dashboard_generator] Generating output distribution charts...
[2026-02-24 14:20:41,079] [INFO] [infrastructure.reporting.dashboard_generator] Output distribution chart (PNG) saved: /Users/4d/Documents/GitHub/template/output/executive_summary/png/output_distribution.png
[2026-02-24 14:20:41,167] [INFO] [infrastructure.reporting.dashboard_generator] Output distribution chart (PDF) saved: /Users/4d/Documents/GitHub/template/output/executive_summary/pdf/output_distribution.pdf
[2026-02-24 14:20:41,167] [INFO] [infrastructure.reporting.dashboard_generator] Generating output comparison chart...
[2026-02-24 14:20:41,309] [INFO] [infrastructure.reporting.dashboard_generator] Output comparison chart (PNG) saved: /Users/4d/Documents/GitHub/template/output/executive_summary/png/output_comparison.png
[2026-02-24 14:20:41,346] [INFO] [infrastructure.reporting.dashboard_generator] Output comparison chart (PDF) saved: /Users/4d/Documents/GitHub/template/output/executive_summary/pdf/output_comparison.pdf
[2026-02-24 14:20:41,346] [INFO] [infrastructure.reporting.dashboard_generator] Generating codebase complexity chart...
[2026-02-24 14:20:41,680] [INFO] [infrastructure.reporting.dashboard_generator] Codebase complexity chart (PNG) saved: /Users/4d/Documents/GitHub/template/output/executive_summary/png/codebase_complexity.png
[2026-02-24 14:20:41,772] [INFO] [infrastructure.reporting.dashboard_generator] Codebase complexity chart (PDF) saved: /Users/4d/Documents/GitHub/template/output/executive_summary/pdf/codebase_complexity.pdf
[2026-02-24 14:20:41,772] [INFO] [infrastructure.reporting.dashboard_generator] Generating codebase comparison chart...
[2026-02-24 14:20:42,027] [INFO] [infrastructure.reporting.dashboard_generator] Codebase comparison chart (PNG) saved: /Users/4d/Documents/GitHub/template/output/executive_summary/png/codebase_comparison.png
[2026-02-24 14:20:42,105] [INFO] [infrastructure.reporting.dashboard_generator] Codebase comparison chart (PDF) saved: /Users/4d/Documents/GitHub/template/output/executive_summary/pdf/codebase_comparison.pdf
[2026-02-24 14:20:42,148] [INFO] [infrastructure.reporting.dashboard_generator] Generating interactive plotly dashboard...
[2026-02-24 14:20:42,294] [INFO] [infrastructure.reporting.dashboard_generator] Saved interactive HTML dashboard: /Users/4d/Documents/GitHub/template/output/executive_summary/dashboard.html
[2026-02-24 14:20:42,294] [INFO] [infrastructure.reporting.dashboard_generator] Generated CSV metrics table: /Users/4d/Documents/GitHub/template/output/executive_summary/csv/project_metrics.csv
[2026-02-24 14:20:42,294] [INFO] [infrastructure.reporting.dashboard_generator] Generated CSV aggregates table: /Users/4d/Documents/GitHub/template/output/executive_summary/csv/aggregate_metrics.csv
[2026-02-24 14:20:42,294] [INFO] [infrastructure.reporting.dashboard_generator] Generated CSV health scores table: /Users/4d/Documents/GitHub/template/output/executive_summary/csv/health_scores.csv
[2026-02-24 14:20:42,295] [INFO] [infrastructure.reporting.dashboard_generator] Detailed project breakdown CSV saved: /Users/4d/Documents/GitHub/template/output/executive_summary/csv/detailed_project_breakdown.csv
[2026-02-24 14:20:42,295] [INFO] [infrastructure.reporting.dashboard_generator] Comparative analysis CSV saved: /Users/4d/Documents/GitHub/template/output/executive_summary/csv/comparative_analysis.csv
[2026-02-24 14:20:42,295] [INFO] [infrastructure.reporting.dashboard_generator] Prioritized recommendations CSV saved: /Users/4d/Documents/GitHub/template/output/executive_summary/csv/recommendations_prioritized.csv
[2026-02-24 14:20:42,295] [INFO] [infrastructure.reporting.manuscript_overview] Generating manuscript overview for code_project
[2026-02-24 14:20:42,295] [INFO] [infrastructure.reporting.manuscript_overview] Generating manuscript overview for code_project
[2026-02-24 14:20:42,358] [INFO] [infrastructure.reporting.manuscript_overview] Extracting 18 pages from code_project_combined.pdf
[2026-02-24 14:20:42,896] [INFO] [infrastructure.reporting.manuscript_overview] Extracted 18 page images
[2026-02-24 14:20:43,092] [INFO] [infrastructure.reporting.manuscript_overview] Saved PNG overview: /Users/4d/Documents/GitHub/template/output/executive_summary/manuscript_overview_code_project.png
[2026-02-24 14:20:43,388] [INFO] [infrastructure.reporting.manuscript_overview] Saved PDF overview: /Users/4d/Documents/GitHub/template/output/executive_summary/manuscript_overview_code_project.pdf
[2026-02-24 14:20:43,388] [INFO] [infrastructure.reporting.manuscript_overview] Generated overview files for code_project: ['manuscript_overview_code_project.png', 'manuscript_overview_code_project.pdf']
[2026-02-24 14:20:43,388] [INFO] [infrastructure.reporting.manuscript_overview] Generating manuscript overview for ento_linguistics
[2026-02-24 14:20:43,388] [INFO] [infrastructure.reporting.manuscript_overview] Generating manuscript overview for ento_linguistics
[2026-02-24 14:20:43,403] [INFO] [infrastructure.reporting.manuscript_overview] Extracting 63 pages from ento_linguistics_combined.pdf
[2026-02-24 14:20:45,323] [INFO] [infrastructure.reporting.manuscript_overview] Extracted 63 page images
[2026-02-24 14:20:45,998] [INFO] [infrastructure.reporting.manuscript_overview] Saved PNG overview: /Users/4d/Documents/GitHub/template/output/executive_summary/manuscript_overview_ento_linguistics.png
[2026-02-24 14:20:47,201] [INFO] [infrastructure.reporting.manuscript_overview] Saved PDF overview: /Users/4d/Documents/GitHub/template/output/executive_summary/manuscript_overview_ento_linguistics.pdf
[2026-02-24 14:20:47,211] [INFO] [infrastructure.reporting.manuscript_overview] Generated overview files for ento_linguistics: ['manuscript_overview_ento_linguistics.png', 'manuscript_overview_ento_linguistics.pdf']
[2026-02-24 14:20:47,211] [INFO] [infrastructure.reporting.dashboard_generator] Generated 17 dashboard and data file(s)
[2026-02-24 14:20:47,211] [INFO] [infrastructure.reporting] Multi-project reporting complete. Generated 19 files.
[2026-02-24 14:20:47,212] [INFO] [infrastructure.reporting]   JSON: consolidated_report.json
[2026-02-24 14:20:47,212] [INFO] [infrastructure.reporting]   MARKDOWN: consolidated_report.md
[2026-02-24 14:20:47,212] [INFO] [infrastructure.reporting]   HTML: dashboard.html
[2026-02-24 14:20:47,212] [INFO] [infrastructure.reporting]   PNG: codebase_comparison.png
[2026-02-24 14:20:47,212] [INFO] [infrastructure.reporting]   PDF: codebase_comparison.pdf
[2026-02-24 14:20:47,212] [INFO] [infrastructure.reporting]   CODEPROJECT_PNG: project_dashboard_codeproject.png
[2026-02-24 14:20:47,212] [INFO] [infrastructure.reporting]   CODEPROJECT_PDF: project_dashboard_codeproject.pdf
[2026-02-24 14:20:47,212] [INFO] [infrastructure.reporting]   ENTOLINGUISTICS_PNG: project_dashboard_entolinguistics.png
[2026-02-24 14:20:47,212] [INFO] [infrastructure.reporting]   ENTOLINGUISTICS_PDF: project_dashboard_entolinguistics.pdf
[2026-02-24 14:20:47,212] [INFO] [infrastructure.reporting]   METRICS: project_metrics.csv
[2026-02-24 14:20:47,212] [INFO] [infrastructure.reporting]   AGGREGATES: aggregate_metrics.csv
[2026-02-24 14:20:47,212] [INFO] [infrastructure.reporting]   HEALTH: health_scores.csv
[2026-02-24 14:20:47,212] [INFO] [infrastructure.reporting]   DETAILED_BREAKDOWN_CSV: detailed_project_breakdown.csv
[2026-02-24 14:20:47,212] [INFO] [infrastructure.reporting]   COMPARATIVE_ANALYSIS_CSV: comparative_analysis.csv
[2026-02-24 14:20:47,212] [INFO] [infrastructure.reporting]   RECOMMENDATIONS_CSV: recommendations_prioritized.csv
[2026-02-24 14:20:47,212] [INFO] [infrastructure.reporting]   MANUSCRIPT_OVERVIEW_CODE_PROJECT.PNG: manuscript_overview_code_project.png
[2026-02-24 14:20:47,212] [INFO] [infrastructure.reporting]   MANUSCRIPT_OVERVIEW_CODE_PROJECT.PDF: manuscript_overview_code_project.pdf
[2026-02-24 14:20:47,212] [INFO] [infrastructure.reporting]   MANUSCRIPT_OVERVIEW_ENTO_LINGUISTICS.PNG: manuscript_overview_ento_linguistics.png
[2026-02-24 14:20:47,212] [INFO] [infrastructure.reporting]   MANUSCRIPT_OVERVIEW_ENTO_LINGUISTICS.PDF: manuscript_overview_ento_linguistics.pdf
[2026-02-24 14:20:47,213] [INFO] [infrastructure.reporting.pipeline_reporter] For project code_project, proj_result type: <class 'list'>, len: 7
[2026-02-24 14:20:47,213] [INFO] [infrastructure.reporting.pipeline_reporter] For project ento_linguistics, proj_result type: <class 'list'>, len: 7
[2026-02-24 14:20:47,213] [INFO] [infrastructure.reporting.pipeline_reporter] Multi-project summary saved: /Users/4d/Documents/GitHub/template/output/multi_project_summary/multi_project_summary.json
[2026-02-24 14:20:47,213] [INFO] [infrastructure.reporting.pipeline_reporter] Multi-project summary saved: /Users/4d/Documents/GitHub/template/output/multi_project_summary/multi_project_summary.md
