This is XeTeX, Version 3.141592653-2.6-0.999998 (TeX Live 2026) (preloaded format=xelatex)
 \write18 enabled.
entering extended mode
(./_combined_manuscript.tex
LaTeX2e <2025-11-01>
L3 programming layer <2026-01-19>
(/usr/local/texlive/2026/texmf-dist/tex/latex/base/article.cls
Document Class: article 2025/01/22 v1.4n Standard LaTeX document class
(/usr/local/texlive/2026/texmf-dist/tex/latex/base/size10.clo))
(/usr/local/texlive/2026/texmf-dist/tex/latex/xcolor/xcolor.sty
(/usr/local/texlive/2026/texmf-dist/tex/latex/graphics-cfg/color.cfg)
(/usr/local/texlive/2026/texmf-dist/tex/latex/graphics-def/xetex.def)
(/usr/local/texlive/2026/texmf-dist/tex/latex/graphics/mathcolor.ltx))
(/usr/local/texlive/2026/texmf-dist/tex/latex/amsmath/amsmath.sty
For additional information on amsmath, use the `?' option.
(/usr/local/texlive/2026/texmf-dist/tex/latex/amsmath/amstext.sty
(/usr/local/texlive/2026/texmf-dist/tex/latex/amsmath/amsgen.sty))
(/usr/local/texlive/2026/texmf-dist/tex/latex/amsmath/amsbsy.sty)
(/usr/local/texlive/2026/texmf-dist/tex/latex/amsmath/amsopn.sty))
(/usr/local/texlive/2026/texmf-dist/tex/latex/amsfonts/amssymb.sty
(/usr/local/texlive/2026/texmf-dist/tex/latex/amsfonts/amsfonts.sty))
(/usr/local/texlive/2026/texmf-dist/tex/generic/iftex/iftex.sty)
(/usr/local/texlive/2026/texmf-dist/tex/latex/unicode-math/unicode-math.sty
(/usr/local/texlive/2026/texmf-dist/tex/latex/l3kernel/expl3.sty
(/usr/local/texlive/2026/texmf-dist/tex/latex/l3backend/l3backend-xetex.def))
(/usr/local/texlive/2026/texmf-dist/tex/latex/unicode-math/unicode-math-xetex.s
ty (/usr/local/texlive/2026/texmf-dist/tex/latex/l3packages/xparse/xparse.sty)
(/usr/local/texlive/2026/texmf-dist/tex/latex/l3packages/l3keys2e/l3keys2e.sty)
 (/usr/local/texlive/2026/texmf-dist/tex/latex/fontspec/fontspec.sty
(/usr/local/texlive/2026/texmf-dist/tex/latex/fontspec/fontspec-xetex.sty
(/usr/local/texlive/2026/texmf-dist/tex/latex/base/fontenc.sty)
(/usr/local/texlive/2026/texmf-dist/tex/latex/fontspec/fontspec.cfg)))
(/usr/local/texlive/2026/texmf-dist/tex/latex/base/fix-cm.sty
(/usr/local/texlive/2026/texmf-dist/tex/latex/base/ts1enc.def))
(/usr/local/texlive/2026/texmf-dist/tex/latex/unicode-math/unicode-math-table.t
ex))) (/usr/local/texlive/2026/texmf-dist/tex/latex/upquote/upquote.sty
(/usr/local/texlive/2026/texmf-dist/tex/latex/base/textcomp.sty))
(/usr/local/texlive/2026/texmf-dist/tex/latex/microtype/microtype.sty
(/usr/local/texlive/2026/texmf-dist/tex/latex/graphics/keyval.sty)
(/usr/local/texlive/2026/texmf-dist/tex/latex/etoolbox/etoolbox.sty)
(/usr/local/texlive/2026/texmf-dist/tex/latex/microtype/microtype-xetex.def)
(/usr/local/texlive/2026/texmf-dist/tex/latex/microtype/microtype.cfg))
(/usr/local/texlive/2026/texmf-dist/tex/latex/parskip/parskip.sty
(/usr/local/texlive/2026/texmf-dist/tex/latex/kvoptions/kvoptions.sty
(/usr/local/texlive/2026/texmf-dist/tex/generic/ltxcmds/ltxcmds.sty)
(/usr/local/texlive/2026/texmf-dist/tex/latex/kvsetkeys/kvsetkeys.sty)))
(/usr/local/texlive/2026/texmf-dist/tex/latex/fancyvrb/fancyvrb.sty)
(/usr/local/texlive/2026/texmf-dist/tex/latex/tools/longtable.sty)
(/usr/local/texlive/2026/texmf-dist/tex/latex/booktabs/booktabs.sty)
(/usr/local/texlive/2026/texmf-dist/tex/latex/tools/array.sty)
(/usr/local/texlive/2026/texmf-dist/tex/latex/tools/calc.sty)
(/usr/local/texlive/2026/texmf-dist/tex/latex/footnotehyper/footnotehyper.sty)
(/usr/local/texlive/2026/texmf-dist/tex/latex/graphics/graphicx.sty
(/usr/local/texlive/2026/texmf-dist/tex/latex/graphics/graphics.sty
(/usr/local/texlive/2026/texmf-dist/tex/latex/graphics/trig.sty)
(/usr/local/texlive/2026/texmf-dist/tex/latex/graphics-cfg/graphics.cfg)))
(/usr/local/texlive/2026/texmf-dist/tex/latex/natbib/natbib.sty)
(/usr/local/texlive/2026/texmf-dist/tex/latex/caption/subcaption.sty
(/usr/local/texlive/2026/texmf-dist/tex/latex/caption/caption.sty
(/usr/local/texlive/2026/texmf-dist/tex/latex/caption/caption3.sty)
(/usr/local/texlive/2026/texmf-dist/tex/latex/caption/ltcaption.sty)))
(/usr/local/texlive/2026/texmf-dist/tex/latex/float/float.sty)
(/usr/local/texlive/2026/texmf-dist/tex/latex/bookmark/bookmark.sty
(/usr/local/texlive/2026/texmf-dist/tex/latex/hyperref/hyperref.sty
(/usr/local/texlive/2026/texmf-dist/tex/generic/kvdefinekeys/kvdefinekeys.sty)
(/usr/local/texlive/2026/texmf-dist/tex/generic/pdfescape/pdfescape.sty
(/usr/local/texlive/2026/texmf-dist/tex/generic/pdftexcmds/pdftexcmds.sty
(/usr/local/texlive/2026/texmf-dist/tex/generic/infwarerr/infwarerr.sty)))
(/usr/local/texlive/2026/texmf-dist/tex/latex/hycolor/hycolor.sty)
(/usr/local/texlive/2026/texmf-dist/tex/latex/hyperref/nameref.sty
(/usr/local/texlive/2026/texmf-dist/tex/latex/refcount/refcount.sty)
(/usr/local/texlive/2026/texmf-dist/tex/generic/gettitlestring/gettitlestring.s
ty)) (/usr/local/texlive/2026/texmf-dist/tex/generic/stringenc/stringenc.sty)
(/usr/local/texlive/2026/texmf-dist/tex/latex/hyperref/pd1enc.def)
(/usr/local/texlive/2026/texmf-dist/tex/generic/intcalc/intcalc.sty)
(/usr/local/texlive/2026/texmf-dist/tex/latex/hyperref/puenc.def)
(/usr/local/texlive/2026/texmf-dist/tex/latex/url/url.sty)
(/usr/local/texlive/2026/texmf-dist/tex/generic/bitset/bitset.sty
(/usr/local/texlive/2026/texmf-dist/tex/generic/bigintcalc/bigintcalc.sty)))
(/usr/local/texlive/2026/texmf-dist/tex/latex/hyperref/hxetex.def
(/usr/local/texlive/2026/texmf-dist/tex/latex/rerunfilecheck/rerunfilecheck.sty

(/usr/local/texlive/2026/texmf-dist/tex/generic/uniquecounter/uniquecounter.sty
))) (/usr/local/texlive/2026/texmf-dist/tex/latex/bookmark/bkm-dvipdfm.def))
(/usr/local/texlive/2026/texmf-dist/tex/latex/xurl/xurl.sty)
(/usr/local/texlive/2026/texmf-dist/tex/latex/amscls/amsthm.sty)
(/usr/local/texlive/2026/texmf-dist/tex/latex/geometry/geometry.sty
(/usr/local/texlive/2026/texmf-dist/tex/generic/iftex/ifvtex.sty))
(/usr/local/texlive/2026/texmf-dist/tex/latex/algorithm2e/algorithm2e.sty
(/usr/local/texlive/2026/texmf-dist/tex/latex/base/ifthen.sty)
(/usr/local/texlive/2026/texmf-dist/tex/latex/ifoddpage/ifoddpage.sty)
(/usr/local/texlive/2026/texmf-dist/tex/latex/tools/xspace.sty)
(/usr/local/texlive/2026/texmf-dist/tex/latex/relsize/relsize.sty))
(/usr/local/texlive/2026/texmf-dist/tex/latex/listings/listings.sty
(/usr/local/texlive/2026/texmf-dist/tex/latex/listings/lstpatch.sty)
(/usr/local/texlive/2026/texmf-dist/tex/latex/listings/lstmisc.sty)
(/usr/local/texlive/2026/texmf-dist/tex/latex/listings/listings.cfg))
==> First Aid for listings.sty no longer applied!
    Expected:
        2024/09/23 1.10c (Carsten Heinz)
    but found:
        2025/11/14 1.11b (Carsten Heinz)
    so I'm assuming it got fixed.
(/usr/local/texlive/2026/texmf-dist/tex/latex/siunitx/siunitx.sty
(/usr/local/texlive/2026/texmf-dist/tex/latex/translations/translations.sty)

Package siunitx Warning: Option "binary-units" has been removed in this
(siunitx)                release.

) (/usr/local/texlive/2026/texmf-dist/tex/latex/cleveref/cleveref.sty)
==> First Aid for cleveref.sty applied!
(./_combined_manuscript.aux)
(/usr/local/texlive/2026/texmf-dist/tex/latex/microtype/mt-LatinModernRoman.cfg
)
*geometry* driver: auto-detecting
*geometry* detected driver: xetex

(/usr/local/texlive/2026/texmf-dist/tex/latex/translations/translations-basic-d
ictionary-english.trsl)
(/usr/local/texlive/2026/texmf-dist/tex/latex/amsfonts/umsa.fd)
(/usr/local/texlive/2026/texmf-dist/tex/latex/microtype/mt-msa.cfg)
(/usr/local/texlive/2026/texmf-dist/tex/latex/amsfonts/umsb.fd)
(/usr/local/texlive/2026/texmf-dist/tex/latex/microtype/mt-msb.cfg)
(./_combined_manuscript.toc [1] [2]) [3]
Underfull \hbox (badness 1286) in paragraph at lines 223--234
\TU/lmr/m/n/10 This paper presents a convergence study of \TU/lmr/bx/n/10 fixed
-step gradient descent \TU/lmr/m/n/10 on a convex

Underfull \hbox (badness 2150) in paragraph at lines 223--234
\TU/lmr/m/n/10 orchestrated by \TU/JuliaMono-Regular(0)/m/n/10 projects/code_pr
oject/scripts/optimization_analysis.py \TU/lmr/m/n/10 and hydrated into
[4]
Underfull \hbox (badness 2150) in paragraph at lines 332--337
[]\TU/lmr/bx/n/10 Scientific Utilities\TU/lmr/m/n/10 : Utilizing \TU/JuliaMono-
Regular(0)/m/n/10 infrastructure.scientific.stability \TU/lmr/m/n/10 and \TU/Ju
liaMono-Regular(0)/m/n/10 infrastruc-

Overfull \hbox (11.92036pt too wide) in paragraph at lines 337--342
[]\TU/lmr/bx/n/10 Hermetic Validation\TU/lmr/m/n/10 : Deploying \TU/JuliaMono-R
egular(0)/m/n/10 infrastructure.validation \TU/lmr/m/n/10 components (\TU/Julia
Mono-Regular(0)/m/n/10 markdown_validator\TU/lmr/m/n/10 ,
[5] [6]
Overfull \hbox (132.08609pt too wide) in paragraph at lines 494--502
\TU/lmr/m/n/10 Rather than writing ad-hoc validation code, the project imports 
\TU/JuliaMono-Regular(0)/m/n/10 infrastructure.scientific.stability.check_numer
ical_stability\TU/lmr/m/n/10 .
[7]
Underfull \hbox (badness 2384) in paragraph at lines 531--535
\TU/lmr/m/n/10 in \TU/JuliaMono-Regular(0)/m/n/10 manuscript/config.yaml \TU/lm
r/m/n/10 and passed through \TU/JuliaMono-Regular(0)/m/n/10 run_convergence_exp
eriment() \TU/lmr/m/n/10 in \TU/JuliaMono-Regular(0)/m/n/10 optimiza-
[8]
Underfull \hbox (badness 4144) in paragraph at lines 605--616
\TU/lmr/m/n/10 Each figure in \TU/JuliaMono-Regular(0)/m/n/10 03_results.md \TU
/lmr/m/n/10 maps to a single generator in \TU/JuliaMono-Regular(0)/m/n/10 optim
ization_analysis.py

Overfull \hbox (7.70978pt too wide) in paragraph at lines 605--616
\TU/lmr/m/n/10 (\TU/JuliaMono-Regular(0)/m/n/10 generate_convergence_plot\TU/lm
r/m/n/10 , \TU/JuliaMono-Regular(0)/m/n/10 generate_step_size_sensitivity_plot\
TU/lmr/m/n/10 , \TU/JuliaMono-Regular(0)/m/n/10 generate_convergence_rate_plot\
TU/lmr/m/n/10 ,

Overfull \hbox (41.23225pt too wide) in paragraph at lines 605--616
\TU/JuliaMono-Regular(0)/m/n/10 generate_complexity_visualization\TU/lmr/m/n/10
 , \TU/JuliaMono-Regular(0)/m/n/10 generate_stability_visualization\TU/lmr/m/n/
10 , \TU/JuliaMono-Regular(0)/m/n/10 generate_benchmark_visualization\TU/lmr/m/
n/10 ).
[9] [10]
Overfull \hbox (821.17511pt too wide) in paragraph at lines 766--767
\TU/lmr/m/n/10 1233840596906177455240913358131801868905057899753059079921866755
5409910008960556039568852130152776011678834551589497989620754880563800936176875
2272295676536457470613583575384064.0000|  
[11] [12] [13] [14] [15] [16] [17] [18]
Overfull \hbox (66.435pt too wide) in paragraph at lines 1166--1171
[]\TU/lmr/bx/n/10 Visual Cryptography\TU/lmr/m/n/10 : Publication-ready graphic
s compiled by \TU/JuliaMono-Regular(0)/m/n/10 infrastructure.rendering.pdf_rend
erer.py
[19]
Underfull \hbox (badness 1565) in paragraph at lines 1228--1231
[]\TU/lmr/bx/n/10 Agentic Generation Systems\TU/lmr/m/n/10 : Extending validati
on tools built over \TU/JuliaMono-Regular(0)/m/n/10 infrastruc-
[20] [21]
Underfull \hbox (badness 10000) in paragraph at lines 1334--1339
[]\TU/JuliaMono-Regular(0)/m/n/10 optimization_analysis.py \TU/lmr/m/n/10 — wri
tes \TU/JuliaMono-Regular(0)/m/n/10 output/data/optimization_results.csv\TU/lmr
/m/n/10 , \TU/JuliaMono-Regular(0)/m/n/10 ../fig-

Overfull \hbox (86.87082pt too wide) in paragraph at lines 1339--1344
[]\TU/JuliaMono-Regular(0)/m/n/10 z_generate_manuscript_variables.py \TU/lmr/m/
n/10 — reads the CSV and YAML, emits \TU/JuliaMono-Regular(0)/m/n/10 output/dat
a/manuscript_variables.json\TU/lmr/m/n/10 ,
[22]
Underfull \hbox (badness 4001) in paragraph at lines 1428--1430
\TU/lmr/m/n/10 The analysis pipeline produced the following artifacts, each val
idated by \TU/JuliaMono-Regular(0)/m/n/10 infrastruc-
[23] [24] [25] [26] [27] [28] (./_combined_manuscript.bbl) [29]
(./_combined_manuscript.aux) )
(see the transcript file for additional information)
Output written on _combined_manuscript.pdf (29 pages).
Transcript written on _combined_manuscript.log.
