[2026-02-12 13:17:38,975] [INFO] Recreated pipeline log file: /Users/4d/Documents/GitHub/template/projects/blake_active_inference/output/logs/pipeline.log
[2026-02-12 13:17:38,975] [INFO] ✓ Stage 1 completed successfully (0.0s)
[2026-02-12 13:17:38,975] [INFO] 
[2026-02-12 13:17:38,975] [INFO] [2/8] Environment Setup (25% complete)
[2026-02-12 13:17:38,975] [INFO]   Elapsed: 0s | ETA: 0s
[2026-02-12 13:17:38,975] [INFO] ━━━━━━━━━━━━━━━━━━━━━━━━━━━━━━━━━━━━━━━━━━━━━━
[2026-02-12 13:17:38,975] [INFO] Running environment setup...
[2026-02-12 13:17:40,046] [INFO] ✓ Stage 2 completed successfully (1.1s)
[2026-02-12 13:17:40,046] [INFO] Skipping stage: Infrastructure Tests
[2026-02-12 13:17:40,046] [INFO] 
[2026-02-12 13:17:40,046] [INFO] [3/8] Project Tests (37% complete)
[2026-02-12 13:17:40,046] [INFO]   Elapsed: 1s | ETA: 1s
[2026-02-12 13:17:40,046] [INFO] ━━━━━━━━━━━━━━━━━━━━━━━━━━━━━━━━━━━━━━━━━━━━━━
[2026-02-12 13:17:40,046] [INFO] Running project tests...
[2026-02-12 13:17:49,689] [INFO] ✓ Stage 3 completed successfully (9.6s)
[2026-02-12 13:17:49,689] [INFO] 
[2026-02-12 13:17:49,689] [INFO] [4/8] Project Analysis (50% complete)
[2026-02-12 13:17:49,689] [INFO]   Elapsed: 10s | ETA: 10s
[2026-02-12 13:17:49,689] [INFO] ━━━━━━━━━━━━━━━━━━━━━━━━━━━━━━━━━━━━━━━━━━━━━━
[2026-02-12 13:17:49,690] [INFO] Running project analysis...
[2026-02-12 13:17:51,779] [INFO] ✓ Stage 4 completed successfully (2.1s)
[2026-02-12 13:17:51,780] [INFO] 
[2026-02-12 13:17:51,780] [INFO] [5/8] PDF Rendering (62% complete)
[2026-02-12 13:17:51,780] [INFO]   Elapsed: 12s | ETA: 7s
[2026-02-12 13:17:51,780] [INFO] ━━━━━━━━━━━━━━━━━━━━━━━━━━━━━━━━━━━━━━━━━━━━━━
[2026-02-12 13:17:51,780] [INFO] Running PDF rendering...
[2026-02-12 13:18:52,904] [INFO] ✓ Stage 5 completed successfully (61.1s)
[2026-02-12 13:18:52,905] [INFO] 
[2026-02-12 13:18:52,905] [INFO] [6/8] Output Validation (75% complete)
[2026-02-12 13:18:52,905] [INFO]   Elapsed: 1m 13s | ETA: 24s
[2026-02-12 13:18:52,905] [INFO] ━━━━━━━━━━━━━━━━━━━━━━━━━━━━━━━━━━━━━━━━━━━━━━
[2026-02-12 13:18:52,906] [INFO] Running output validation...
[2026-02-12 13:18:53,367] [INFO] ✓ Stage 6 completed successfully (0.5s)
[2026-02-12 13:18:53,367] [INFO] 
[2026-02-12 13:18:53,367] [INFO] [7/8] Copy Outputs (87% complete)
[2026-02-12 13:18:53,367] [INFO]   Elapsed: 1m 14s | ETA: 10s
[2026-02-12 13:18:53,367] [INFO] ━━━━━━━━━━━━━━━━━━━━━━━━━━━━━━━━━━━━━━━━━━━━━━
[2026-02-12 13:18:53,368] [INFO] Running output copying...
